<?xml version="1.1" encoding="UTF-8"?>
<testsuite name="com.junbo.langur.processor.test.CompileTest" tests="1" failures="0" errors="0" timestamp="2014-03-31T07:56:26" hostname="XumengChendeMacBook-Pro.local" time="0.002">
  <properties/>
  <testcase name="testCompile" classname="com.junbo.langur.processor.test.CompileTest" time="0.002"/>
  <system-out><![CDATA[]]></system-out>
  <system-err><![CDATA[]]></system-err>
</testsuite>
