<?xml version="1.1" encoding="UTF-8"?>
<testsuite name="com.junbo.identity.data.UserDAOTest" tests="2" failures="0" errors="0" timestamp="2014-03-31T07:57:19" hostname="XumengChendeMacBook-Pro.local" time="0.158">
  <properties/>
  <testcase name="testUserDAO" classname="com.junbo.identity.data.UserDAOTest" time="0.007"/>
  <testcase name="testUserProfileDAO" classname="com.junbo.identity.data.UserDAOTest" time="0.086"/>
  <system-out><![CDATA[15:57:19.875 [Test worker] DEBUG o.h.e.i.AbstractSaveEventListener - Generated identifier: 889225216, using strategy: org.hibernate.id.Assigned
15:57:19.876 [Test worker] DEBUG o.h.e.i.AbstractSaveEventListener - Generated identifier: 889241600, using strategy: org.hibernate.id.Assigned
15:57:19.979 [bitronix-async-jmx-worker] DEBUG b.tm.utils.ManagementRegistrar - Calling ManagementUnregisterCommand on object with name bitronix.tm:type=Transaction,Gtrid=737072696E672D62746D000001451724811200000002
15:57:19.979 [bitronix-async-jmx-worker] DEBUG b.tm.utils.ManagementRegistrar - Calling ManagementUnregisterCommand on object with name bitronix.tm:type=Transaction,Gtrid=737072696E672D62746D00000145172480F600000001
15:57:19.979 [bitronix-async-jmx-worker] DEBUG b.tm.utils.ManagementRegistrar - Calling ManagementRegisterCommand on object with name bitronix.tm:type=Transaction,Gtrid=737072696E672D62746D00000145172482C500000007
15:57:20.026 [Test worker] DEBUG o.h.e.i.AbstractSaveEventListener - Generated identifier: 889290752, using strategy: org.hibernate.id.Assigned
]]></system-out>
  <system-err><![CDATA[]]></system-err>
</testsuite>
