<?xml version="1.1" encoding="UTF-8"?>
<testsuite name="com.junbo.catalog.db.dao.PromotionDraftDaoTest" tests="4" failures="0" errors="0" timestamp="2014-03-31T07:58:47" hostname="XumengChendeMacBook-Pro.local" time="0.176">
  <properties/>
  <testcase name="testCreatePromotion" classname="com.junbo.catalog.db.dao.PromotionDraftDaoTest" time="0.028"/>
  <testcase name="testGetAllEffectivePromotions" classname="com.junbo.catalog.db.dao.PromotionDraftDaoTest" time="0.078"/>
  <testcase name="testGetPromotion" classname="com.junbo.catalog.db.dao.PromotionDraftDaoTest" time="0.024"/>
  <testcase name="testUpdatePromotion" classname="com.junbo.catalog.db.dao.PromotionDraftDaoTest" time="0.024"/>
  <system-out><![CDATA[15:58:47.081 [Test worker] DEBUG bitronix.tm.BitronixTransaction - registering synchronization org.hibernate.engine.transaction.synchronization.internal.RegisteredSynchronization@60702c95
15:58:47.081 [Test worker] DEBUG bitronix.tm.BitronixTransaction - registering synchronization org.hibernate.context.internal.JTASessionContext$CleanupSynch@812886f
15:58:47.118 [Test worker] DEBUG bitronix.tm.BitronixTransaction - registering synchronization org.hibernate.engine.transaction.synchronization.internal.RegisteredSynchronization@3de2f652
15:58:47.118 [Test worker] DEBUG bitronix.tm.BitronixTransaction - registering synchronization org.hibernate.context.internal.JTASessionContext$CleanupSynch@2324a1e3
15:58:47.129 [Test worker] DEBUG b.tm.resource.jdbc.PoolingDataSource - acquiring connection from a PoolingDataSource containing an XAPool of resource jdbc/catalog_ds1 with 3 connection(s) (3 still available)
15:58:47.129 [Test worker] DEBUG bitronix.tm.resource.common.XAPool - trying to recycle a NOT_ACCESSIBLE connection of an XAPool of resource jdbc/catalog_ds1 with 3 connection(s) (3 still available)
15:58:47.129 [Test worker] DEBUG bitronix.tm.resource.common.XAPool - current transaction GTRID is [737072696E672D62746D000001451725D73500000011]
15:58:47.129 [Test worker] DEBUG bitronix.tm.resource.common.XAPool - no NOT_ACCESSIBLE connection enlisted in this transaction
15:58:47.129 [Test worker] DEBUG bitronix.tm.resource.common.XAPool - getting IN_POOL connection from an XAPool of resource jdbc/catalog_ds1 with 3 connection(s) (3 still available), waiting if necessary
15:58:47.130 [Test worker] DEBUG bitronix.tm.resource.common.XAPool - checking if connection can be closed: a JdbcPooledConnection from datasource jdbc/catalog_ds1 in state IN_POOL with usage count 0 wrapping org.postgresql.xa.PGXAConnection@22c6c4c6 - closing time: 1396252785386, now time: 1396252727130
15:58:47.130 [Test worker] DEBUG bitronix.tm.resource.common.XAPool - found IN_POOL connection a JdbcPooledConnection from datasource jdbc/catalog_ds1 in state IN_POOL with usage count 0 wrapping org.postgresql.xa.PGXAConnection@22c6c4c6 from an XAPool of resource jdbc/catalog_ds1 with 3 connection(s) (2 still available)
15:58:47.130 [Test worker] DEBUG b.t.r.jdbc.JdbcPooledConnection - getting connection handle from a JdbcPooledConnection from datasource jdbc/catalog_ds1 in state IN_POOL with usage count 0 wrapping org.postgresql.xa.PGXAConnection@22c6c4c6
15:58:47.130 [Test worker] DEBUG b.t.r.c.AbstractXAStatefulHolder - notifying 2 stateChangeEventListener(s) about state changing from IN_POOL to ACCESSIBLE in a JdbcPooledConnection from datasource jdbc/catalog_ds1 in state IN_POOL with usage count 1 wrapping org.postgresql.xa.PGXAConnection@22c6c4c6
15:58:47.130 [Test worker] DEBUG b.t.r.c.AbstractXAStatefulHolder - state changing from IN_POOL to ACCESSIBLE in a JdbcPooledConnection from datasource jdbc/catalog_ds1 in state IN_POOL with usage count 1 wrapping org.postgresql.xa.PGXAConnection@22c6c4c6
15:58:47.130 [Test worker] DEBUG b.t.r.c.AbstractXAStatefulHolder - notifying 2 stateChangeEventListener(s) about state changed from IN_POOL to ACCESSIBLE in a JdbcPooledConnection from datasource jdbc/catalog_ds1 in state ACCESSIBLE with usage count 1 wrapping org.postgresql.xa.PGXAConnection@22c6c4c6
15:58:47.130 [Test worker] DEBUG bitronix.tm.resource.common.XAPool - added a JdbcPooledConnection from datasource jdbc/catalog_ds1 in state ACCESSIBLE with usage count 1 wrapping org.postgresql.xa.PGXAConnection@22c6c4c6 to the accessible pool
15:58:47.130 [Test worker] DEBUG b.t.r.jdbc.JdbcPooledConnection - connection org.postgresql.xa.PGXAConnection@22c6c4c6 was in state IN_POOL, testing it
15:58:47.130 [Test worker] DEBUG b.t.r.jdbc.JdbcPooledConnection - no query to test connection of a JdbcPooledConnection from datasource jdbc/catalog_ds1 in state ACCESSIBLE with usage count 1 wrapping org.postgresql.xa.PGXAConnection@22c6c4c6, skipping test
15:58:47.130 [Test worker] DEBUG b.t.r.jdbc.JdbcPooledConnection - got connection handle from a JdbcPooledConnection from datasource jdbc/catalog_ds1 in state ACCESSIBLE with usage count 1 wrapping org.postgresql.xa.PGXAConnection@22c6c4c6
15:58:47.130 [Test worker] DEBUG b.tm.resource.jdbc.PoolingDataSource - acquired connection from a PoolingDataSource containing an XAPool of resource jdbc/catalog_ds1 with 3 connection(s) (2 still available)
15:58:47.130 [Test worker] DEBUG b.t.r.c.TransactionContextHelper - enlisting a JdbcPooledConnection from datasource jdbc/catalog_ds1 in state ACCESSIBLE with usage count 1 wrapping org.postgresql.xa.PGXAConnection@22c6c4c6 into a Bitronix Transaction with GTRID [737072696E672D62746D000001451725D73500000011], status=ACTIVE, 0 resource(s) enlisted (started Mon Mar 31 15:58:47 CST 2014)
15:58:47.130 [Test worker] DEBUG b.tm.resource.ResourceRegistrar - XAResource org.postgresql.xa.PGXAConnection@22c6c4c6 does not belong to any resource of a PoolingDataSource containing an XAPool of resource jdbc/sharding with 3 connection(s) (3 still available)
15:58:47.130 [Test worker] DEBUG b.tm.resource.ResourceRegistrar - XAResource org.postgresql.xa.PGXAConnection@22c6c4c6 belongs to a JdbcPooledConnection from datasource jdbc/catalog_ds1 in state ACCESSIBLE with usage count 1 wrapping org.postgresql.xa.PGXAConnection@22c6c4c6 that itself belongs to a PoolingDataSource containing an XAPool of resource jdbc/catalog_ds1 with 3 connection(s) (2 still available)
15:58:47.130 [Test worker] DEBUG b.tm.internal.XAResourceManager - creating new branch with a Bitronix XID [737072696E672D62746D000001451725D73500000011 : 737072696E672D62746D000001451725D75A00000012]
15:58:47.130 [Test worker] DEBUG b.tm.internal.XAResourceHolderState - assigning <a Bitronix XID [737072696E672D62746D000001451725D73500000011 : 737072696E672D62746D000001451725D75A00000012]> to <an XAResourceHolderState with uniqueName=jdbc/catalog_ds1 XAResource=org.postgresql.xa.PGXAConnection@22c6c4c6 with XID null>
15:58:47.130 [Test worker] DEBUG b.tm.internal.XAResourceHolderState - starting an XAResourceHolderState with uniqueName=jdbc/catalog_ds1 XAResource=org.postgresql.xa.PGXAConnection@22c6c4c6 with XID a Bitronix XID [737072696E672D62746D000001451725D73500000011 : 737072696E672D62746D000001451725D75A00000012] with NOFLAGS
15:58:47.131 [Test worker] DEBUG b.tm.internal.XAResourceHolderState - started an XAResourceHolderState with uniqueName=jdbc/catalog_ds1 XAResource=org.postgresql.xa.PGXAConnection@22c6c4c6 (started) with XID a Bitronix XID [737072696E672D62746D000001451725D73500000011 : 737072696E672D62746D000001451725D75A00000012] with NOFLAGS
15:58:47.131 [Test worker] DEBUG b.t.r.c.AbstractXAResourceHolder - putting XAResourceHolderState [an XAResourceHolderState with uniqueName=jdbc/catalog_ds1 XAResource=org.postgresql.xa.PGXAConnection@22c6c4c6 (started) with XID a Bitronix XID [737072696E672D62746D000001451725D73500000011 : 737072696E672D62746D000001451725D75A00000012]] on a JdbcPooledConnection from datasource jdbc/catalog_ds1 in state ACCESSIBLE with usage count 1 wrapping org.postgresql.xa.PGXAConnection@22c6c4c6
15:58:47.131 [Test worker] DEBUG b.t.r.c.AbstractXAResourceHolder - GTRID [737072696E672D62746D000001451725D73500000011] previously unknown to a JdbcPooledConnection from datasource jdbc/catalog_ds1 in state ACCESSIBLE with usage count 1 wrapping org.postgresql.xa.PGXAConnection@22c6c4c6, adding it to the resource's transactions list
Hibernate: insert into promotion_draft (created_by, created_time, updated_by, updated_time, status, timestamp, end_date, promotion_name, payload, start_date, type, promotion_id) values (?, ?, ?, ?, ?, ?, ?, ?, ?, ?, ?, ?)
15:58:47.157 [bitronix-async-jmx-worker] DEBUG b.tm.utils.ManagementRegistrar - Calling ManagementUnregisterCommand on object with name bitronix.tm:type=Transaction,Gtrid=737072696E672D62746D000001451725D6750000000F
15:58:47.158 [bitronix-async-jmx-worker] DEBUG b.tm.utils.ManagementRegistrar - Calling ManagementRegisterCommand on object with name bitronix.tm:type=Transaction,Gtrid=737072696E672D62746D000001451725D73500000011
15:58:47.162 [Test worker] DEBUG b.t.r.jdbc.proxy.ConnectionJavaProxy - closing a ConnectionJavaProxy of a JdbcPooledConnection from datasource jdbc/catalog_ds1 in state ACCESSIBLE with usage count 1 wrapping org.postgresql.xa.PGXAConnection@22c6c4c6 on Pooled connection wrapping physical connection org.postgresql.jdbc4.Jdbc4Connection@3a33c751
15:58:47.162 [Test worker] DEBUG b.t.r.jdbc.JdbcPooledConnection - releasing to pool a JdbcPooledConnection from datasource jdbc/catalog_ds1 in state ACCESSIBLE with usage count 1 wrapping org.postgresql.xa.PGXAConnection@22c6c4c6
15:58:47.162 [Test worker] DEBUG b.t.r.c.TransactionContextHelper - delisting a JdbcPooledConnection from datasource jdbc/catalog_ds1 in state ACCESSIBLE with usage count 0 wrapping org.postgresql.xa.PGXAConnection@22c6c4c6 from a Bitronix Transaction with GTRID [737072696E672D62746D000001451725D73500000011], status=ACTIVE, 1 resource(s) enlisted (started Mon Mar 31 15:58:47 CST 2014)
15:58:47.162 [Test worker] DEBUG b.t.r.c.TransactionContextHelper - resource is in enlisting global transaction context: a JdbcPooledConnection from datasource jdbc/catalog_ds1 in state ACCESSIBLE with usage count 0 wrapping org.postgresql.xa.PGXAConnection@22c6c4c6
15:58:47.162 [Test worker] DEBUG b.t.r.c.TransactionContextHelper - requeuing a JdbcPooledConnection from datasource jdbc/catalog_ds1 in state ACCESSIBLE with usage count 0 wrapping org.postgresql.xa.PGXAConnection@22c6c4c6 from a Bitronix Transaction with GTRID [737072696E672D62746D000001451725D73500000011], status=ACTIVE, 1 resource(s) enlisted (started Mon Mar 31 15:58:47 CST 2014)
15:58:47.162 [Test worker] DEBUG b.t.r.c.TransactionContextHelper - resource is in enlisting global transaction context: a JdbcPooledConnection from datasource jdbc/catalog_ds1 in state ACCESSIBLE with usage count 0 wrapping org.postgresql.xa.PGXAConnection@22c6c4c6
15:58:47.163 [Test worker] DEBUG b.t.r.c.TransactionContextHelper - deferring release to pool of a JdbcPooledConnection from datasource jdbc/catalog_ds1 in state ACCESSIBLE with usage count 0 wrapping org.postgresql.xa.PGXAConnection@22c6c4c6
15:58:47.163 [Test worker] DEBUG b.t.r.c.TransactionContextHelper - a JdbcPooledConnection from datasource jdbc/catalog_ds1 in state ACCESSIBLE with usage count 0 wrapping org.postgresql.xa.PGXAConnection@22c6c4c6 is not already registered for deferred release in a Bitronix Transaction with GTRID [737072696E672D62746D000001451725D73500000011], status=ACTIVE, 1 resource(s) enlisted (started Mon Mar 31 15:58:47 CST 2014)
15:58:47.163 [Test worker] DEBUG b.t.r.c.TransactionContextHelper - registering DeferredReleaseSynchronization for a JdbcPooledConnection from datasource jdbc/catalog_ds1 in state ACCESSIBLE with usage count 0 wrapping org.postgresql.xa.PGXAConnection@22c6c4c6
15:58:47.163 [Test worker] DEBUG b.t.r.c.AbstractXAStatefulHolder - notifying 2 stateChangeEventListener(s) about state changing from ACCESSIBLE to NOT_ACCESSIBLE in a JdbcPooledConnection from datasource jdbc/catalog_ds1 in state ACCESSIBLE with usage count 0 wrapping org.postgresql.xa.PGXAConnection@22c6c4c6
15:58:47.163 [Test worker] DEBUG b.t.r.jdbc.JdbcPooledConnection - closing 0 dangling uncached statement(s)
15:58:47.163 [Test worker] DEBUG bitronix.tm.resource.common.XAPool - removed a JdbcPooledConnection from datasource jdbc/catalog_ds1 in state ACCESSIBLE with usage count 0 wrapping org.postgresql.xa.PGXAConnection@22c6c4c6 from the accessible pool
15:58:47.163 [Test worker] DEBUG b.t.r.c.AbstractXAStatefulHolder - state changing from ACCESSIBLE to NOT_ACCESSIBLE in a JdbcPooledConnection from datasource jdbc/catalog_ds1 in state ACCESSIBLE with usage count 0 wrapping org.postgresql.xa.PGXAConnection@22c6c4c6
15:58:47.163 [Test worker] DEBUG b.t.r.c.AbstractXAStatefulHolder - notifying 2 stateChangeEventListener(s) about state changed from ACCESSIBLE to NOT_ACCESSIBLE in a JdbcPooledConnection from datasource jdbc/catalog_ds1 in state NOT_ACCESSIBLE with usage count 0 wrapping org.postgresql.xa.PGXAConnection@22c6c4c6
15:58:47.163 [Test worker] DEBUG bitronix.tm.resource.common.XAPool - added a JdbcPooledConnection from datasource jdbc/catalog_ds1 in state NOT_ACCESSIBLE with usage count 0 wrapping org.postgresql.xa.PGXAConnection@22c6c4c6 to the inaccessible pool
15:58:47.163 [Test worker] DEBUG b.t.r.jdbc.JdbcPooledConnection - released to pool a JdbcPooledConnection from datasource jdbc/catalog_ds1 in state NOT_ACCESSIBLE with usage count 0 wrapping org.postgresql.xa.PGXAConnection@22c6c4c6
15:58:47.164 [Test worker] DEBUG b.tm.resource.jdbc.PoolingDataSource - acquiring connection from a PoolingDataSource containing an XAPool of resource jdbc/catalog_ds1 with 3 connection(s) (2 still available)
15:58:47.164 [Test worker] DEBUG bitronix.tm.resource.common.XAPool - trying to recycle a NOT_ACCESSIBLE connection of an XAPool of resource jdbc/catalog_ds1 with 3 connection(s) (2 still available)
15:58:47.164 [Test worker] DEBUG bitronix.tm.resource.common.XAPool - current transaction GTRID is [737072696E672D62746D000001451725D73500000011]
15:58:47.164 [Test worker] DEBUG bitronix.tm.resource.common.XAPool - found a connection in NOT_ACCESSIBLE state: a JdbcPooledConnection from datasource jdbc/catalog_ds1 in state NOT_ACCESSIBLE with usage count 0 wrapping org.postgresql.xa.PGXAConnection@22c6c4c6
15:58:47.164 [Test worker] DEBUG bitronix.tm.resource.common.XAPool - 1 xa resource(s) created by connection in NOT_ACCESSIBLE state: a JdbcPooledConnection from datasource jdbc/catalog_ds1 in state NOT_ACCESSIBLE with usage count 0 wrapping org.postgresql.xa.PGXAConnection@22c6c4c6
15:58:47.164 [Test worker] DEBUG bitronix.tm.resource.common.XAPool - NOT_ACCESSIBLE xa resource GTRID: 737072696E672D62746D000001451725D73500000011
15:58:47.164 [Test worker] DEBUG bitronix.tm.resource.common.XAPool - NOT_ACCESSIBLE xa resource's GTRID matched this transaction's GTRID, recycling it
15:58:47.164 [Test worker] DEBUG bitronix.tm.resource.common.XAPool - found NOT_ACCESSIBLE connection a JdbcPooledConnection from datasource jdbc/catalog_ds1 in state NOT_ACCESSIBLE with usage count 0 wrapping org.postgresql.xa.PGXAConnection@22c6c4c6 from an XAPool of resource jdbc/catalog_ds1 with 3 connection(s) (2 still available)
15:58:47.164 [Test worker] DEBUG b.t.r.jdbc.JdbcPooledConnection - getting connection handle from a JdbcPooledConnection from datasource jdbc/catalog_ds1 in state NOT_ACCESSIBLE with usage count 0 wrapping org.postgresql.xa.PGXAConnection@22c6c4c6
15:58:47.164 [Test worker] DEBUG b.t.r.c.AbstractXAStatefulHolder - notifying 2 stateChangeEventListener(s) about state changing from NOT_ACCESSIBLE to ACCESSIBLE in a JdbcPooledConnection from datasource jdbc/catalog_ds1 in state NOT_ACCESSIBLE with usage count 1 wrapping org.postgresql.xa.PGXAConnection@22c6c4c6
15:58:47.164 [Test worker] DEBUG bitronix.tm.resource.common.XAPool - removed a JdbcPooledConnection from datasource jdbc/catalog_ds1 in state NOT_ACCESSIBLE with usage count 1 wrapping org.postgresql.xa.PGXAConnection@22c6c4c6 from the inaccessible pool
15:58:47.164 [Test worker] DEBUG b.t.r.c.AbstractXAStatefulHolder - state changing from NOT_ACCESSIBLE to ACCESSIBLE in a JdbcPooledConnection from datasource jdbc/catalog_ds1 in state NOT_ACCESSIBLE with usage count 1 wrapping org.postgresql.xa.PGXAConnection@22c6c4c6
15:58:47.164 [Test worker] DEBUG b.t.r.c.AbstractXAStatefulHolder - notifying 2 stateChangeEventListener(s) about state changed from NOT_ACCESSIBLE to ACCESSIBLE in a JdbcPooledConnection from datasource jdbc/catalog_ds1 in state ACCESSIBLE with usage count 1 wrapping org.postgresql.xa.PGXAConnection@22c6c4c6
15:58:47.164 [Test worker] DEBUG b.t.r.c.TransactionContextHelper - marking a JdbcPooledConnection from datasource jdbc/catalog_ds1 in state ACCESSIBLE with usage count 1 wrapping org.postgresql.xa.PGXAConnection@22c6c4c6 as recycled in a Bitronix Transaction with GTRID [737072696E672D62746D000001451725D73500000011], status=ACTIVE, 1 resource(s) enlisted (started Mon Mar 31 15:58:47 CST 2014)
15:58:47.164 [Test worker] DEBUG b.t.r.c.TransactionContextHelper - a JdbcPooledConnection from datasource jdbc/catalog_ds1 in state ACCESSIBLE with usage count 1 wrapping org.postgresql.xa.PGXAConnection@22c6c4c6 has been recycled, unregistering deferred release from a Bitronix Transaction with GTRID [737072696E672D62746D000001451725D73500000011], status=ACTIVE, 1 resource(s) enlisted (started Mon Mar 31 15:58:47 CST 2014)
15:58:47.164 [Test worker] DEBUG bitronix.tm.resource.common.XAPool - added a JdbcPooledConnection from datasource jdbc/catalog_ds1 in state ACCESSIBLE with usage count 1 wrapping org.postgresql.xa.PGXAConnection@22c6c4c6 to the accessible pool
15:58:47.164 [Test worker] DEBUG b.t.r.jdbc.JdbcPooledConnection - connection org.postgresql.xa.PGXAConnection@22c6c4c6 was in state NOT_ACCESSIBLE, no need to test it
15:58:47.164 [Test worker] DEBUG b.t.r.jdbc.JdbcPooledConnection - got connection handle from a JdbcPooledConnection from datasource jdbc/catalog_ds1 in state ACCESSIBLE with usage count 1 wrapping org.postgresql.xa.PGXAConnection@22c6c4c6
15:58:47.164 [Test worker] DEBUG b.tm.resource.jdbc.PoolingDataSource - acquired connection from a PoolingDataSource containing an XAPool of resource jdbc/catalog_ds1 with 3 connection(s) (2 still available)
15:58:47.165 [Test worker] DEBUG b.t.r.c.TransactionContextHelper - enlisting a JdbcPooledConnection from datasource jdbc/catalog_ds1 in state ACCESSIBLE with usage count 1 wrapping org.postgresql.xa.PGXAConnection@22c6c4c6 into a Bitronix Transaction with GTRID [737072696E672D62746D000001451725D73500000011], status=ACTIVE, 1 resource(s) enlisted (started Mon Mar 31 15:58:47 CST 2014)
15:58:47.165 [Test worker] DEBUG b.t.r.c.TransactionContextHelper - avoiding re-enlistment of already enlisted but not ended resource an XAResourceHolderState with uniqueName=jdbc/catalog_ds1 XAResource=org.postgresql.xa.PGXAConnection@22c6c4c6 (started) with XID a Bitronix XID [737072696E672D62746D000001451725D73500000011 : 737072696E672D62746D000001451725D75A00000012]
Hibernate: select this_.promotion_id as promotion1_9_0_, this_.created_by as created2_9_0_, this_.created_time as created3_9_0_, this_.updated_by as updated4_9_0_, this_.updated_time as updated5_9_0_, this_.status as status9_0_, this_.timestamp as timestamp9_0_, this_.end_date as end8_9_0_, this_.promotion_name as promotion9_9_0_, this_.payload as payload9_0_, this_.start_date as start11_9_0_, this_.type as type9_0_ from promotion_draft this_ where this_.start_date<=? and this_.end_date>=?
15:58:47.171 [Test worker] DEBUG b.t.r.jdbc.proxy.ConnectionJavaProxy - closing a ConnectionJavaProxy of a JdbcPooledConnection from datasource jdbc/catalog_ds1 in state ACCESSIBLE with usage count 1 wrapping org.postgresql.xa.PGXAConnection@22c6c4c6 on Pooled connection wrapping physical connection org.postgresql.jdbc4.Jdbc4Connection@3a33c751
15:58:47.171 [Test worker] DEBUG b.t.r.jdbc.JdbcPooledConnection - releasing to pool a JdbcPooledConnection from datasource jdbc/catalog_ds1 in state ACCESSIBLE with usage count 1 wrapping org.postgresql.xa.PGXAConnection@22c6c4c6
15:58:47.171 [Test worker] DEBUG b.t.r.c.TransactionContextHelper - delisting a JdbcPooledConnection from datasource jdbc/catalog_ds1 in state ACCESSIBLE with usage count 0 wrapping org.postgresql.xa.PGXAConnection@22c6c4c6 from a Bitronix Transaction with GTRID [737072696E672D62746D000001451725D73500000011], status=ACTIVE, 1 resource(s) enlisted (started Mon Mar 31 15:58:47 CST 2014)
15:58:47.171 [Test worker] DEBUG b.t.r.c.TransactionContextHelper - resource is in enlisting global transaction context: a JdbcPooledConnection from datasource jdbc/catalog_ds1 in state ACCESSIBLE with usage count 0 wrapping org.postgresql.xa.PGXAConnection@22c6c4c6
15:58:47.171 [Test worker] DEBUG b.t.r.c.TransactionContextHelper - requeuing a JdbcPooledConnection from datasource jdbc/catalog_ds1 in state ACCESSIBLE with usage count 0 wrapping org.postgresql.xa.PGXAConnection@22c6c4c6 from a Bitronix Transaction with GTRID [737072696E672D62746D000001451725D73500000011], status=ACTIVE, 1 resource(s) enlisted (started Mon Mar 31 15:58:47 CST 2014)
15:58:47.171 [Test worker] DEBUG b.t.r.c.TransactionContextHelper - resource is in enlisting global transaction context: a JdbcPooledConnection from datasource jdbc/catalog_ds1 in state ACCESSIBLE with usage count 0 wrapping org.postgresql.xa.PGXAConnection@22c6c4c6
15:58:47.171 [Test worker] DEBUG b.t.r.c.TransactionContextHelper - deferring release to pool of a JdbcPooledConnection from datasource jdbc/catalog_ds1 in state ACCESSIBLE with usage count 0 wrapping org.postgresql.xa.PGXAConnection@22c6c4c6
15:58:47.171 [Test worker] DEBUG b.t.r.c.TransactionContextHelper - a JdbcPooledConnection from datasource jdbc/catalog_ds1 in state ACCESSIBLE with usage count 0 wrapping org.postgresql.xa.PGXAConnection@22c6c4c6 is not already registered for deferred release in a Bitronix Transaction with GTRID [737072696E672D62746D000001451725D73500000011], status=ACTIVE, 1 resource(s) enlisted (started Mon Mar 31 15:58:47 CST 2014)
15:58:47.171 [Test worker] DEBUG b.t.r.c.TransactionContextHelper - registering DeferredReleaseSynchronization for a JdbcPooledConnection from datasource jdbc/catalog_ds1 in state ACCESSIBLE with usage count 0 wrapping org.postgresql.xa.PGXAConnection@22c6c4c6
15:58:47.171 [Test worker] DEBUG b.t.r.c.AbstractXAStatefulHolder - notifying 2 stateChangeEventListener(s) about state changing from ACCESSIBLE to NOT_ACCESSIBLE in a JdbcPooledConnection from datasource jdbc/catalog_ds1 in state ACCESSIBLE with usage count 0 wrapping org.postgresql.xa.PGXAConnection@22c6c4c6
15:58:47.171 [Test worker] DEBUG b.t.r.jdbc.JdbcPooledConnection - closing 0 dangling uncached statement(s)
15:58:47.171 [Test worker] DEBUG bitronix.tm.resource.common.XAPool - removed a JdbcPooledConnection from datasource jdbc/catalog_ds1 in state ACCESSIBLE with usage count 0 wrapping org.postgresql.xa.PGXAConnection@22c6c4c6 from the accessible pool
15:58:47.172 [Test worker] DEBUG b.t.r.c.AbstractXAStatefulHolder - state changing from ACCESSIBLE to NOT_ACCESSIBLE in a JdbcPooledConnection from datasource jdbc/catalog_ds1 in state ACCESSIBLE with usage count 0 wrapping org.postgresql.xa.PGXAConnection@22c6c4c6
15:58:47.172 [Test worker] DEBUG b.t.r.c.AbstractXAStatefulHolder - notifying 2 stateChangeEventListener(s) about state changed from ACCESSIBLE to NOT_ACCESSIBLE in a JdbcPooledConnection from datasource jdbc/catalog_ds1 in state NOT_ACCESSIBLE with usage count 0 wrapping org.postgresql.xa.PGXAConnection@22c6c4c6
15:58:47.172 [Test worker] DEBUG bitronix.tm.resource.common.XAPool - added a JdbcPooledConnection from datasource jdbc/catalog_ds1 in state NOT_ACCESSIBLE with usage count 0 wrapping org.postgresql.xa.PGXAConnection@22c6c4c6 to the inaccessible pool
15:58:47.172 [Test worker] DEBUG b.t.r.jdbc.JdbcPooledConnection - released to pool a JdbcPooledConnection from datasource jdbc/catalog_ds1 in state NOT_ACCESSIBLE with usage count 0 wrapping org.postgresql.xa.PGXAConnection@22c6c4c6
15:58:47.203 [Test worker] DEBUG bitronix.tm.BitronixTransaction - registering synchronization org.hibernate.engine.transaction.synchronization.internal.RegisteredSynchronization@2b98744
15:58:47.203 [Test worker] DEBUG bitronix.tm.BitronixTransaction - registering synchronization org.hibernate.context.internal.JTASessionContext$CleanupSynch@311b4d0e
15:58:47.233 [Test worker] DEBUG bitronix.tm.BitronixTransaction - registering synchronization org.hibernate.engine.transaction.synchronization.internal.RegisteredSynchronization@55887585
15:58:47.233 [Test worker] DEBUG bitronix.tm.BitronixTransaction - registering synchronization org.hibernate.context.internal.JTASessionContext$CleanupSynch@71db9aa1
]]></system-out>
  <system-err><![CDATA[]]></system-err>
</testsuite>
