<?xml version="1.1" encoding="UTF-8"?>
<testsuite name="com.junbo.catalog.db.repo.EntitlementDefinitionRepoTest" tests="1" failures="0" errors="0" timestamp="2014-03-31T07:58:46" hostname="XumengChendeMacBook-Pro.local" time="0.013">
  <properties/>
  <testcase name="testCreate" classname="com.junbo.catalog.db.repo.EntitlementDefinitionRepoTest" time="0.013"/>
  <system-out><![CDATA[15:58:46.531 [Test worker] DEBUG bitronix.tm.BitronixTransaction - registering synchronization org.hibernate.engine.transaction.synchronization.internal.RegisteredSynchronization@1df2490c
15:58:46.532 [Test worker] DEBUG bitronix.tm.BitronixTransaction - registering synchronization org.hibernate.context.internal.JTASessionContext$CleanupSynch@5f96f26e
]]></system-out>
  <system-err><![CDATA[]]></system-err>
</testsuite>
