<?xml version="1.1" encoding="UTF-8"?>
<testsuite name="com.junbo.catalog.db.dao.EntitlementDefinitionDaoTest" tests="1" failures="0" errors="0" timestamp="2014-03-31T07:58:46" hostname="XumengChendeMacBook-Pro.local" time="0.057">
  <properties/>
  <testcase name="testCreate" classname="com.junbo.catalog.db.dao.EntitlementDefinitionDaoTest" time="0.057"/>
  <system-out><![CDATA[15:58:46.424 [Test worker] DEBUG o.s.b.f.s.DefaultListableBeanFactory - Returning cached instance of singleton bean 'transactionManager'
15:58:46.424 [Test worker] DEBUG o.s.t.jta.JtaTransactionManager - Suspending current transaction, creating new transaction with name [com.junbo.sharding.id.oculus.OculusGlobalCounterInDBImpl.getAndIncrease]
15:58:46.424 [Test worker] DEBUG b.tm.BitronixTransactionManager - suspending transaction a Bitronix Transaction with GTRID [737072696E672D62746D000001451725D48C00000004], status=ACTIVE, 0 resource(s) enlisted (started Mon Mar 31 15:58:46 CST 2014)
15:58:46.425 [Test worker] DEBUG b.tm.BitronixTransactionManager - clearing current thread context: a ThreadContext (1129614395) with transaction a Bitronix Transaction with GTRID [737072696E672D62746D000001451725D48C00000004], status=ACTIVE, 0 resource(s) enlisted (started Mon Mar 31 15:58:46 CST 2014), default timeout 60s
15:58:46.425 [Test worker] DEBUG b.tm.BitronixTransactionManager - beginning a new transaction
15:58:46.425 [Test worker] DEBUG b.tm.BitronixTransactionManager - dumping 1 transaction context(s)
15:58:46.425 [Test worker] DEBUG b.tm.BitronixTransactionManager - a Bitronix Transaction with GTRID [737072696E672D62746D000001451725D48C00000004], status=ACTIVE, 0 resource(s) enlisted (started Mon Mar 31 15:58:46 CST 2014)
15:58:46.425 [Test worker] DEBUG bitronix.tm.BitronixTransaction - creating new transaction with GTRID [737072696E672D62746D000001451725D49900000005]
15:58:46.425 [Test worker] DEBUG bitronix.tm.internal.ThreadContext - assigning <a Bitronix Transaction with GTRID [737072696E672D62746D000001451725D49900000005], status=NO_TRANSACTION, 0 resource(s) enlisted (started null)> to <a ThreadContext (1129614395) with transaction null, default timeout 60s>
15:58:46.425 [Test worker] DEBUG bitronix.tm.BitronixTransaction - changing transaction status to ACTIVE
15:58:46.425 [Test worker] DEBUG bitronix.tm.BitronixTransaction - transaction status is changing from NO_TRANSACTION to ACTIVE - executing 0 listener(s)
15:58:46.426 [Test worker] DEBUG bitronix.tm.timer.TaskScheduler - scheduling transaction timeout task on a Bitronix Transaction with GTRID [737072696E672D62746D000001451725D49900000005], status=ACTIVE, 0 resource(s) enlisted (started Mon Mar 31 15:58:46 CST 2014) for Mon Mar 31 15:59:46 CST 2014
15:58:46.426 [Test worker] DEBUG bitronix.tm.timer.TaskScheduler - removing task by a Bitronix Transaction with GTRID [737072696E672D62746D000001451725D49900000005], status=ACTIVE, 0 resource(s) enlisted (started Mon Mar 31 15:58:46 CST 2014)
15:58:46.426 [Test worker] DEBUG bitronix.tm.timer.TaskScheduler - scheduled a TransactionTimeoutTask on a Bitronix Transaction with GTRID [737072696E672D62746D000001451725D49900000005], status=ACTIVE, 0 resource(s) enlisted (started Mon Mar 31 15:58:46 CST 2014) scheduled for Mon Mar 31 15:59:46 CST 2014, total task(s) queued: 5
15:58:46.426 [Test worker] DEBUG b.tm.BitronixTransactionManager - begun new transaction at Mon Mar 31 15:58:46 CST 2014
15:58:46.426 [Test worker] DEBUG o.s.b.f.s.DefaultListableBeanFactory - Returning cached instance of singleton bean 'transactionManager'
15:58:46.426 [Test worker] DEBUG o.s.t.jta.JtaTransactionManager - Participating in existing transaction
15:58:46.427 [Test worker] DEBUG bitronix.tm.BitronixTransaction - registering synchronization org.hibernate.engine.transaction.synchronization.internal.RegisteredSynchronization@37494ada
15:58:46.427 [Test worker] DEBUG bitronix.tm.BitronixTransaction - registering synchronization org.hibernate.context.internal.JTASessionContext$CleanupSynch@6b05e893
15:58:46.427 [Test worker] DEBUG b.tm.resource.jdbc.PoolingDataSource - acquiring connection from a PoolingDataSource containing an XAPool of resource jdbc/sharding with 3 connection(s) (3 still available)
15:58:46.427 [Test worker] DEBUG bitronix.tm.resource.common.XAPool - trying to recycle a NOT_ACCESSIBLE connection of an XAPool of resource jdbc/sharding with 3 connection(s) (3 still available)
15:58:46.427 [Test worker] DEBUG bitronix.tm.resource.common.XAPool - current transaction GTRID is [737072696E672D62746D000001451725D49900000005]
15:58:46.427 [Test worker] DEBUG bitronix.tm.resource.common.XAPool - no NOT_ACCESSIBLE connection enlisted in this transaction
15:58:46.428 [Test worker] DEBUG bitronix.tm.resource.common.XAPool - getting IN_POOL connection from an XAPool of resource jdbc/sharding with 3 connection(s) (3 still available), waiting if necessary
15:58:46.428 [Test worker] DEBUG bitronix.tm.resource.common.XAPool - checking if connection can be closed: a JdbcPooledConnection from datasource jdbc/sharding in state IN_POOL with usage count 0 wrapping org.postgresql.xa.PGXAConnection@7bf12aa7 - closing time: 1396252784213, now time: 1396252726428
15:58:46.428 [Test worker] DEBUG bitronix.tm.resource.common.XAPool - found IN_POOL connection a JdbcPooledConnection from datasource jdbc/sharding in state IN_POOL with usage count 0 wrapping org.postgresql.xa.PGXAConnection@7bf12aa7 from an XAPool of resource jdbc/sharding with 3 connection(s) (2 still available)
15:58:46.428 [Test worker] DEBUG b.t.r.jdbc.JdbcPooledConnection - getting connection handle from a JdbcPooledConnection from datasource jdbc/sharding in state IN_POOL with usage count 0 wrapping org.postgresql.xa.PGXAConnection@7bf12aa7
15:58:46.428 [Test worker] DEBUG b.t.r.c.AbstractXAStatefulHolder - notifying 2 stateChangeEventListener(s) about state changing from IN_POOL to ACCESSIBLE in a JdbcPooledConnection from datasource jdbc/sharding in state IN_POOL with usage count 1 wrapping org.postgresql.xa.PGXAConnection@7bf12aa7
15:58:46.428 [Test worker] DEBUG b.t.r.c.AbstractXAStatefulHolder - state changing from IN_POOL to ACCESSIBLE in a JdbcPooledConnection from datasource jdbc/sharding in state IN_POOL with usage count 1 wrapping org.postgresql.xa.PGXAConnection@7bf12aa7
15:58:46.428 [Test worker] DEBUG b.t.r.c.AbstractXAStatefulHolder - notifying 2 stateChangeEventListener(s) about state changed from IN_POOL to ACCESSIBLE in a JdbcPooledConnection from datasource jdbc/sharding in state ACCESSIBLE with usage count 1 wrapping org.postgresql.xa.PGXAConnection@7bf12aa7
15:58:46.428 [Test worker] DEBUG bitronix.tm.resource.common.XAPool - added a JdbcPooledConnection from datasource jdbc/sharding in state ACCESSIBLE with usage count 1 wrapping org.postgresql.xa.PGXAConnection@7bf12aa7 to the accessible pool
15:58:46.428 [Test worker] DEBUG b.t.r.jdbc.JdbcPooledConnection - connection org.postgresql.xa.PGXAConnection@7bf12aa7 was in state IN_POOL, testing it
15:58:46.428 [Test worker] DEBUG b.t.r.jdbc.JdbcPooledConnection - no query to test connection of a JdbcPooledConnection from datasource jdbc/sharding in state ACCESSIBLE with usage count 1 wrapping org.postgresql.xa.PGXAConnection@7bf12aa7, skipping test
15:58:46.428 [Test worker] DEBUG b.t.r.jdbc.JdbcPooledConnection - got connection handle from a JdbcPooledConnection from datasource jdbc/sharding in state ACCESSIBLE with usage count 1 wrapping org.postgresql.xa.PGXAConnection@7bf12aa7
15:58:46.428 [Test worker] DEBUG b.tm.resource.jdbc.PoolingDataSource - acquired connection from a PoolingDataSource containing an XAPool of resource jdbc/sharding with 3 connection(s) (2 still available)
15:58:46.428 [Test worker] DEBUG b.t.r.c.TransactionContextHelper - enlisting a JdbcPooledConnection from datasource jdbc/sharding in state ACCESSIBLE with usage count 1 wrapping org.postgresql.xa.PGXAConnection@7bf12aa7 into a Bitronix Transaction with GTRID [737072696E672D62746D000001451725D49900000005], status=ACTIVE, 0 resource(s) enlisted (started Mon Mar 31 15:58:46 CST 2014)
15:58:46.428 [Test worker] DEBUG b.tm.resource.ResourceRegistrar - XAResource org.postgresql.xa.PGXAConnection@7bf12aa7 belongs to a JdbcPooledConnection from datasource jdbc/sharding in state ACCESSIBLE with usage count 1 wrapping org.postgresql.xa.PGXAConnection@7bf12aa7 that itself belongs to a PoolingDataSource containing an XAPool of resource jdbc/sharding with 3 connection(s) (2 still available)
15:58:46.429 [Test worker] DEBUG b.tm.internal.XAResourceManager - creating new branch with a Bitronix XID [737072696E672D62746D000001451725D49900000005 : 737072696E672D62746D000001451725D49D00000006]
15:58:46.429 [Test worker] DEBUG b.tm.internal.XAResourceHolderState - assigning <a Bitronix XID [737072696E672D62746D000001451725D49900000005 : 737072696E672D62746D000001451725D49D00000006]> to <an XAResourceHolderState with uniqueName=jdbc/sharding XAResource=org.postgresql.xa.PGXAConnection@7bf12aa7 with XID null>
15:58:46.429 [Test worker] DEBUG b.tm.internal.XAResourceHolderState - starting an XAResourceHolderState with uniqueName=jdbc/sharding XAResource=org.postgresql.xa.PGXAConnection@7bf12aa7 with XID a Bitronix XID [737072696E672D62746D000001451725D49900000005 : 737072696E672D62746D000001451725D49D00000006] with NOFLAGS
15:58:46.429 [Test worker] DEBUG b.tm.internal.XAResourceHolderState - started an XAResourceHolderState with uniqueName=jdbc/sharding XAResource=org.postgresql.xa.PGXAConnection@7bf12aa7 (started) with XID a Bitronix XID [737072696E672D62746D000001451725D49900000005 : 737072696E672D62746D000001451725D49D00000006] with NOFLAGS
15:58:46.429 [Test worker] DEBUG b.t.r.c.AbstractXAResourceHolder - putting XAResourceHolderState [an XAResourceHolderState with uniqueName=jdbc/sharding XAResource=org.postgresql.xa.PGXAConnection@7bf12aa7 (started) with XID a Bitronix XID [737072696E672D62746D000001451725D49900000005 : 737072696E672D62746D000001451725D49D00000006]] on a JdbcPooledConnection from datasource jdbc/sharding in state ACCESSIBLE with usage count 1 wrapping org.postgresql.xa.PGXAConnection@7bf12aa7
15:58:46.429 [Test worker] DEBUG b.t.r.c.AbstractXAResourceHolder - GTRID [737072696E672D62746D000001451725D49900000005] previously unknown to a JdbcPooledConnection from datasource jdbc/sharding in state ACCESSIBLE with usage count 1 wrapping org.postgresql.xa.PGXAConnection@7bf12aa7, adding it to the resource's transactions list
Hibernate: select * from id_global_counter where shard_id = ? and option_mode = ?
15:58:46.432 [Test worker] DEBUG b.t.r.jdbc.proxy.ConnectionJavaProxy - closing a ConnectionJavaProxy of a JdbcPooledConnection from datasource jdbc/sharding in state ACCESSIBLE with usage count 1 wrapping org.postgresql.xa.PGXAConnection@7bf12aa7 on Pooled connection wrapping physical connection org.postgresql.jdbc4.Jdbc4Connection@7431c537
15:58:46.432 [Test worker] DEBUG b.t.r.jdbc.JdbcPooledConnection - releasing to pool a JdbcPooledConnection from datasource jdbc/sharding in state ACCESSIBLE with usage count 1 wrapping org.postgresql.xa.PGXAConnection@7bf12aa7
15:58:46.432 [Test worker] DEBUG b.t.r.c.TransactionContextHelper - delisting a JdbcPooledConnection from datasource jdbc/sharding in state ACCESSIBLE with usage count 0 wrapping org.postgresql.xa.PGXAConnection@7bf12aa7 from a Bitronix Transaction with GTRID [737072696E672D62746D000001451725D49900000005], status=ACTIVE, 1 resource(s) enlisted (started Mon Mar 31 15:58:46 CST 2014)
15:58:46.432 [Test worker] DEBUG b.t.r.c.TransactionContextHelper - resource is in enlisting global transaction context: a JdbcPooledConnection from datasource jdbc/sharding in state ACCESSIBLE with usage count 0 wrapping org.postgresql.xa.PGXAConnection@7bf12aa7
15:58:46.432 [Test worker] DEBUG b.t.r.c.TransactionContextHelper - requeuing a JdbcPooledConnection from datasource jdbc/sharding in state ACCESSIBLE with usage count 0 wrapping org.postgresql.xa.PGXAConnection@7bf12aa7 from a Bitronix Transaction with GTRID [737072696E672D62746D000001451725D49900000005], status=ACTIVE, 1 resource(s) enlisted (started Mon Mar 31 15:58:46 CST 2014)
15:58:46.433 [Test worker] DEBUG b.t.r.c.TransactionContextHelper - resource is in enlisting global transaction context: a JdbcPooledConnection from datasource jdbc/sharding in state ACCESSIBLE with usage count 0 wrapping org.postgresql.xa.PGXAConnection@7bf12aa7
15:58:46.433 [Test worker] DEBUG b.t.r.c.TransactionContextHelper - deferring release to pool of a JdbcPooledConnection from datasource jdbc/sharding in state ACCESSIBLE with usage count 0 wrapping org.postgresql.xa.PGXAConnection@7bf12aa7
15:58:46.433 [Test worker] DEBUG b.t.r.c.TransactionContextHelper - a JdbcPooledConnection from datasource jdbc/sharding in state ACCESSIBLE with usage count 0 wrapping org.postgresql.xa.PGXAConnection@7bf12aa7 is not already registered for deferred release in a Bitronix Transaction with GTRID [737072696E672D62746D000001451725D49900000005], status=ACTIVE, 1 resource(s) enlisted (started Mon Mar 31 15:58:46 CST 2014)
15:58:46.433 [Test worker] DEBUG b.t.r.c.TransactionContextHelper - registering DeferredReleaseSynchronization for a JdbcPooledConnection from datasource jdbc/sharding in state ACCESSIBLE with usage count 0 wrapping org.postgresql.xa.PGXAConnection@7bf12aa7
15:58:46.433 [Test worker] DEBUG b.t.r.c.AbstractXAStatefulHolder - notifying 2 stateChangeEventListener(s) about state changing from ACCESSIBLE to NOT_ACCESSIBLE in a JdbcPooledConnection from datasource jdbc/sharding in state ACCESSIBLE with usage count 0 wrapping org.postgresql.xa.PGXAConnection@7bf12aa7
15:58:46.433 [Test worker] DEBUG b.t.r.jdbc.JdbcPooledConnection - closing 0 dangling uncached statement(s)
15:58:46.433 [Test worker] DEBUG bitronix.tm.resource.common.XAPool - removed a JdbcPooledConnection from datasource jdbc/sharding in state ACCESSIBLE with usage count 0 wrapping org.postgresql.xa.PGXAConnection@7bf12aa7 from the accessible pool
15:58:46.433 [Test worker] DEBUG b.t.r.c.AbstractXAStatefulHolder - state changing from ACCESSIBLE to NOT_ACCESSIBLE in a JdbcPooledConnection from datasource jdbc/sharding in state ACCESSIBLE with usage count 0 wrapping org.postgresql.xa.PGXAConnection@7bf12aa7
15:58:46.433 [Test worker] DEBUG b.t.r.c.AbstractXAStatefulHolder - notifying 2 stateChangeEventListener(s) about state changed from ACCESSIBLE to NOT_ACCESSIBLE in a JdbcPooledConnection from datasource jdbc/sharding in state NOT_ACCESSIBLE with usage count 0 wrapping org.postgresql.xa.PGXAConnection@7bf12aa7
15:58:46.434 [Test worker] DEBUG bitronix.tm.resource.common.XAPool - added a JdbcPooledConnection from datasource jdbc/sharding in state NOT_ACCESSIBLE with usage count 0 wrapping org.postgresql.xa.PGXAConnection@7bf12aa7 to the inaccessible pool
15:58:46.434 [Test worker] DEBUG b.t.r.jdbc.JdbcPooledConnection - released to pool a JdbcPooledConnection from datasource jdbc/sharding in state NOT_ACCESSIBLE with usage count 0 wrapping org.postgresql.xa.PGXAConnection@7bf12aa7
15:58:46.434 [Test worker] DEBUG o.s.b.f.s.DefaultListableBeanFactory - Returning cached instance of singleton bean 'transactionManager'
15:58:46.434 [Test worker] DEBUG o.s.t.jta.JtaTransactionManager - Participating in existing transaction
15:58:46.435 [Test worker] DEBUG b.tm.resource.jdbc.PoolingDataSource - acquiring connection from a PoolingDataSource containing an XAPool of resource jdbc/sharding with 3 connection(s) (2 still available)
15:58:46.435 [Test worker] DEBUG bitronix.tm.resource.common.XAPool - trying to recycle a NOT_ACCESSIBLE connection of an XAPool of resource jdbc/sharding with 3 connection(s) (2 still available)
15:58:46.435 [Test worker] DEBUG bitronix.tm.resource.common.XAPool - current transaction GTRID is [737072696E672D62746D000001451725D49900000005]
15:58:46.435 [Test worker] DEBUG bitronix.tm.resource.common.XAPool - found a connection in NOT_ACCESSIBLE state: a JdbcPooledConnection from datasource jdbc/sharding in state NOT_ACCESSIBLE with usage count 0 wrapping org.postgresql.xa.PGXAConnection@7bf12aa7
15:58:46.435 [Test worker] DEBUG bitronix.tm.resource.common.XAPool - 1 xa resource(s) created by connection in NOT_ACCESSIBLE state: a JdbcPooledConnection from datasource jdbc/sharding in state NOT_ACCESSIBLE with usage count 0 wrapping org.postgresql.xa.PGXAConnection@7bf12aa7
15:58:46.435 [Test worker] DEBUG bitronix.tm.resource.common.XAPool - NOT_ACCESSIBLE xa resource GTRID: 737072696E672D62746D000001451725D49900000005
15:58:46.435 [Test worker] DEBUG bitronix.tm.resource.common.XAPool - NOT_ACCESSIBLE xa resource's GTRID matched this transaction's GTRID, recycling it
15:58:46.435 [Test worker] DEBUG bitronix.tm.resource.common.XAPool - found NOT_ACCESSIBLE connection a JdbcPooledConnection from datasource jdbc/sharding in state NOT_ACCESSIBLE with usage count 0 wrapping org.postgresql.xa.PGXAConnection@7bf12aa7 from an XAPool of resource jdbc/sharding with 3 connection(s) (2 still available)
15:58:46.435 [Test worker] DEBUG b.t.r.jdbc.JdbcPooledConnection - getting connection handle from a JdbcPooledConnection from datasource jdbc/sharding in state NOT_ACCESSIBLE with usage count 0 wrapping org.postgresql.xa.PGXAConnection@7bf12aa7
15:58:46.436 [Test worker] DEBUG b.t.r.c.AbstractXAStatefulHolder - notifying 2 stateChangeEventListener(s) about state changing from NOT_ACCESSIBLE to ACCESSIBLE in a JdbcPooledConnection from datasource jdbc/sharding in state NOT_ACCESSIBLE with usage count 1 wrapping org.postgresql.xa.PGXAConnection@7bf12aa7
15:58:46.436 [Test worker] DEBUG bitronix.tm.resource.common.XAPool - removed a JdbcPooledConnection from datasource jdbc/sharding in state NOT_ACCESSIBLE with usage count 1 wrapping org.postgresql.xa.PGXAConnection@7bf12aa7 from the inaccessible pool
15:58:46.436 [Test worker] DEBUG b.t.r.c.AbstractXAStatefulHolder - state changing from NOT_ACCESSIBLE to ACCESSIBLE in a JdbcPooledConnection from datasource jdbc/sharding in state NOT_ACCESSIBLE with usage count 1 wrapping org.postgresql.xa.PGXAConnection@7bf12aa7
15:58:46.436 [Test worker] DEBUG b.t.r.c.AbstractXAStatefulHolder - notifying 2 stateChangeEventListener(s) about state changed from NOT_ACCESSIBLE to ACCESSIBLE in a JdbcPooledConnection from datasource jdbc/sharding in state ACCESSIBLE with usage count 1 wrapping org.postgresql.xa.PGXAConnection@7bf12aa7
15:58:46.436 [Test worker] DEBUG b.t.r.c.TransactionContextHelper - marking a JdbcPooledConnection from datasource jdbc/sharding in state ACCESSIBLE with usage count 1 wrapping org.postgresql.xa.PGXAConnection@7bf12aa7 as recycled in a Bitronix Transaction with GTRID [737072696E672D62746D000001451725D49900000005], status=ACTIVE, 1 resource(s) enlisted (started Mon Mar 31 15:58:46 CST 2014)
15:58:46.436 [Test worker] DEBUG b.t.r.c.TransactionContextHelper - a JdbcPooledConnection from datasource jdbc/sharding in state ACCESSIBLE with usage count 1 wrapping org.postgresql.xa.PGXAConnection@7bf12aa7 has been recycled, unregistering deferred release from a Bitronix Transaction with GTRID [737072696E672D62746D000001451725D49900000005], status=ACTIVE, 1 resource(s) enlisted (started Mon Mar 31 15:58:46 CST 2014)
15:58:46.436 [Test worker] DEBUG bitronix.tm.resource.common.XAPool - added a JdbcPooledConnection from datasource jdbc/sharding in state ACCESSIBLE with usage count 1 wrapping org.postgresql.xa.PGXAConnection@7bf12aa7 to the accessible pool
15:58:46.436 [Test worker] DEBUG b.t.r.jdbc.JdbcPooledConnection - connection org.postgresql.xa.PGXAConnection@7bf12aa7 was in state NOT_ACCESSIBLE, no need to test it
15:58:46.436 [Test worker] DEBUG b.t.r.jdbc.JdbcPooledConnection - got connection handle from a JdbcPooledConnection from datasource jdbc/sharding in state ACCESSIBLE with usage count 1 wrapping org.postgresql.xa.PGXAConnection@7bf12aa7
15:58:46.436 [Test worker] DEBUG b.tm.resource.jdbc.PoolingDataSource - acquired connection from a PoolingDataSource containing an XAPool of resource jdbc/sharding with 3 connection(s) (2 still available)
15:58:46.436 [Test worker] DEBUG b.t.r.c.TransactionContextHelper - enlisting a JdbcPooledConnection from datasource jdbc/sharding in state ACCESSIBLE with usage count 1 wrapping org.postgresql.xa.PGXAConnection@7bf12aa7 into a Bitronix Transaction with GTRID [737072696E672D62746D000001451725D49900000005], status=ACTIVE, 1 resource(s) enlisted (started Mon Mar 31 15:58:46 CST 2014)
15:58:46.436 [Test worker] DEBUG b.t.r.c.TransactionContextHelper - avoiding re-enlistment of already enlisted but not ended resource an XAResourceHolderState with uniqueName=jdbc/sharding XAResource=org.postgresql.xa.PGXAConnection@7bf12aa7 (started) with XID a Bitronix XID [737072696E672D62746D000001451725D49900000005 : 737072696E672D62746D000001451725D49D00000006]
Hibernate: update id_global_counter set global_count=?, option_mode=?, shard_id=? where id=?
15:58:46.439 [Test worker] DEBUG b.t.r.jdbc.proxy.ConnectionJavaProxy - closing a ConnectionJavaProxy of a JdbcPooledConnection from datasource jdbc/sharding in state ACCESSIBLE with usage count 1 wrapping org.postgresql.xa.PGXAConnection@7bf12aa7 on Pooled connection wrapping physical connection org.postgresql.jdbc4.Jdbc4Connection@7431c537
15:58:46.439 [Test worker] DEBUG b.t.r.jdbc.JdbcPooledConnection - releasing to pool a JdbcPooledConnection from datasource jdbc/sharding in state ACCESSIBLE with usage count 1 wrapping org.postgresql.xa.PGXAConnection@7bf12aa7
15:58:46.439 [Test worker] DEBUG b.t.r.c.TransactionContextHelper - delisting a JdbcPooledConnection from datasource jdbc/sharding in state ACCESSIBLE with usage count 0 wrapping org.postgresql.xa.PGXAConnection@7bf12aa7 from a Bitronix Transaction with GTRID [737072696E672D62746D000001451725D49900000005], status=ACTIVE, 1 resource(s) enlisted (started Mon Mar 31 15:58:46 CST 2014)
15:58:46.439 [Test worker] DEBUG b.t.r.c.TransactionContextHelper - resource is in enlisting global transaction context: a JdbcPooledConnection from datasource jdbc/sharding in state ACCESSIBLE with usage count 0 wrapping org.postgresql.xa.PGXAConnection@7bf12aa7
15:58:46.439 [Test worker] DEBUG b.t.r.c.TransactionContextHelper - requeuing a JdbcPooledConnection from datasource jdbc/sharding in state ACCESSIBLE with usage count 0 wrapping org.postgresql.xa.PGXAConnection@7bf12aa7 from a Bitronix Transaction with GTRID [737072696E672D62746D000001451725D49900000005], status=ACTIVE, 1 resource(s) enlisted (started Mon Mar 31 15:58:46 CST 2014)
15:58:46.439 [Test worker] DEBUG b.t.r.c.TransactionContextHelper - resource is in enlisting global transaction context: a JdbcPooledConnection from datasource jdbc/sharding in state ACCESSIBLE with usage count 0 wrapping org.postgresql.xa.PGXAConnection@7bf12aa7
15:58:46.440 [Test worker] DEBUG b.t.r.c.TransactionContextHelper - deferring release to pool of a JdbcPooledConnection from datasource jdbc/sharding in state ACCESSIBLE with usage count 0 wrapping org.postgresql.xa.PGXAConnection@7bf12aa7
15:58:46.440 [Test worker] DEBUG b.t.r.c.TransactionContextHelper - a JdbcPooledConnection from datasource jdbc/sharding in state ACCESSIBLE with usage count 0 wrapping org.postgresql.xa.PGXAConnection@7bf12aa7 is not already registered for deferred release in a Bitronix Transaction with GTRID [737072696E672D62746D000001451725D49900000005], status=ACTIVE, 1 resource(s) enlisted (started Mon Mar 31 15:58:46 CST 2014)
15:58:46.440 [Test worker] DEBUG b.t.r.c.TransactionContextHelper - registering DeferredReleaseSynchronization for a JdbcPooledConnection from datasource jdbc/sharding in state ACCESSIBLE with usage count 0 wrapping org.postgresql.xa.PGXAConnection@7bf12aa7
15:58:46.440 [Test worker] DEBUG b.t.r.c.AbstractXAStatefulHolder - notifying 2 stateChangeEventListener(s) about state changing from ACCESSIBLE to NOT_ACCESSIBLE in a JdbcPooledConnection from datasource jdbc/sharding in state ACCESSIBLE with usage count 0 wrapping org.postgresql.xa.PGXAConnection@7bf12aa7
15:58:46.440 [Test worker] DEBUG b.t.r.jdbc.JdbcPooledConnection - closing 0 dangling uncached statement(s)
15:58:46.440 [Test worker] DEBUG bitronix.tm.resource.common.XAPool - removed a JdbcPooledConnection from datasource jdbc/sharding in state ACCESSIBLE with usage count 0 wrapping org.postgresql.xa.PGXAConnection@7bf12aa7 from the accessible pool
15:58:46.440 [Test worker] DEBUG b.t.r.c.AbstractXAStatefulHolder - state changing from ACCESSIBLE to NOT_ACCESSIBLE in a JdbcPooledConnection from datasource jdbc/sharding in state ACCESSIBLE with usage count 0 wrapping org.postgresql.xa.PGXAConnection@7bf12aa7
15:58:46.440 [Test worker] DEBUG b.t.r.c.AbstractXAStatefulHolder - notifying 2 stateChangeEventListener(s) about state changed from ACCESSIBLE to NOT_ACCESSIBLE in a JdbcPooledConnection from datasource jdbc/sharding in state NOT_ACCESSIBLE with usage count 0 wrapping org.postgresql.xa.PGXAConnection@7bf12aa7
15:58:46.440 [Test worker] DEBUG bitronix.tm.resource.common.XAPool - added a JdbcPooledConnection from datasource jdbc/sharding in state NOT_ACCESSIBLE with usage count 0 wrapping org.postgresql.xa.PGXAConnection@7bf12aa7 to the inaccessible pool
15:58:46.441 [Test worker] DEBUG b.t.r.jdbc.JdbcPooledConnection - released to pool a JdbcPooledConnection from datasource jdbc/sharding in state NOT_ACCESSIBLE with usage count 0 wrapping org.postgresql.xa.PGXAConnection@7bf12aa7
15:58:46.441 [Test worker] DEBUG b.tm.resource.jdbc.PoolingDataSource - acquiring connection from a PoolingDataSource containing an XAPool of resource jdbc/sharding with 3 connection(s) (2 still available)
15:58:46.441 [Test worker] DEBUG bitronix.tm.resource.common.XAPool - trying to recycle a NOT_ACCESSIBLE connection of an XAPool of resource jdbc/sharding with 3 connection(s) (2 still available)
15:58:46.441 [Test worker] DEBUG bitronix.tm.resource.common.XAPool - current transaction GTRID is [737072696E672D62746D000001451725D49900000005]
15:58:46.441 [Test worker] DEBUG bitronix.tm.resource.common.XAPool - found a connection in NOT_ACCESSIBLE state: a JdbcPooledConnection from datasource jdbc/sharding in state NOT_ACCESSIBLE with usage count 0 wrapping org.postgresql.xa.PGXAConnection@7bf12aa7
15:58:46.441 [Test worker] DEBUG bitronix.tm.resource.common.XAPool - 1 xa resource(s) created by connection in NOT_ACCESSIBLE state: a JdbcPooledConnection from datasource jdbc/sharding in state NOT_ACCESSIBLE with usage count 0 wrapping org.postgresql.xa.PGXAConnection@7bf12aa7
15:58:46.441 [Test worker] DEBUG bitronix.tm.resource.common.XAPool - NOT_ACCESSIBLE xa resource GTRID: 737072696E672D62746D000001451725D49900000005
15:58:46.441 [Test worker] DEBUG bitronix.tm.resource.common.XAPool - NOT_ACCESSIBLE xa resource's GTRID matched this transaction's GTRID, recycling it
15:58:46.441 [Test worker] DEBUG bitronix.tm.resource.common.XAPool - found NOT_ACCESSIBLE connection a JdbcPooledConnection from datasource jdbc/sharding in state NOT_ACCESSIBLE with usage count 0 wrapping org.postgresql.xa.PGXAConnection@7bf12aa7 from an XAPool of resource jdbc/sharding with 3 connection(s) (2 still available)
15:58:46.441 [Test worker] DEBUG b.t.r.jdbc.JdbcPooledConnection - getting connection handle from a JdbcPooledConnection from datasource jdbc/sharding in state NOT_ACCESSIBLE with usage count 0 wrapping org.postgresql.xa.PGXAConnection@7bf12aa7
15:58:46.441 [Test worker] DEBUG b.t.r.c.AbstractXAStatefulHolder - notifying 2 stateChangeEventListener(s) about state changing from NOT_ACCESSIBLE to ACCESSIBLE in a JdbcPooledConnection from datasource jdbc/sharding in state NOT_ACCESSIBLE with usage count 1 wrapping org.postgresql.xa.PGXAConnection@7bf12aa7
15:58:46.441 [Test worker] DEBUG bitronix.tm.resource.common.XAPool - removed a JdbcPooledConnection from datasource jdbc/sharding in state NOT_ACCESSIBLE with usage count 1 wrapping org.postgresql.xa.PGXAConnection@7bf12aa7 from the inaccessible pool
15:58:46.441 [Test worker] DEBUG b.t.r.c.AbstractXAStatefulHolder - state changing from NOT_ACCESSIBLE to ACCESSIBLE in a JdbcPooledConnection from datasource jdbc/sharding in state NOT_ACCESSIBLE with usage count 1 wrapping org.postgresql.xa.PGXAConnection@7bf12aa7
15:58:46.441 [Test worker] DEBUG b.t.r.c.AbstractXAStatefulHolder - notifying 2 stateChangeEventListener(s) about state changed from NOT_ACCESSIBLE to ACCESSIBLE in a JdbcPooledConnection from datasource jdbc/sharding in state ACCESSIBLE with usage count 1 wrapping org.postgresql.xa.PGXAConnection@7bf12aa7
15:58:46.442 [Test worker] DEBUG b.t.r.c.TransactionContextHelper - marking a JdbcPooledConnection from datasource jdbc/sharding in state ACCESSIBLE with usage count 1 wrapping org.postgresql.xa.PGXAConnection@7bf12aa7 as recycled in a Bitronix Transaction with GTRID [737072696E672D62746D000001451725D49900000005], status=ACTIVE, 1 resource(s) enlisted (started Mon Mar 31 15:58:46 CST 2014)
15:58:46.442 [Test worker] DEBUG b.t.r.c.TransactionContextHelper - a JdbcPooledConnection from datasource jdbc/sharding in state ACCESSIBLE with usage count 1 wrapping org.postgresql.xa.PGXAConnection@7bf12aa7 has been recycled, unregistering deferred release from a Bitronix Transaction with GTRID [737072696E672D62746D000001451725D49900000005], status=ACTIVE, 1 resource(s) enlisted (started Mon Mar 31 15:58:46 CST 2014)
15:58:46.442 [Test worker] DEBUG bitronix.tm.resource.common.XAPool - added a JdbcPooledConnection from datasource jdbc/sharding in state ACCESSIBLE with usage count 1 wrapping org.postgresql.xa.PGXAConnection@7bf12aa7 to the accessible pool
15:58:46.442 [Test worker] DEBUG b.t.r.jdbc.JdbcPooledConnection - connection org.postgresql.xa.PGXAConnection@7bf12aa7 was in state NOT_ACCESSIBLE, no need to test it
15:58:46.442 [Test worker] DEBUG b.t.r.jdbc.JdbcPooledConnection - got connection handle from a JdbcPooledConnection from datasource jdbc/sharding in state ACCESSIBLE with usage count 1 wrapping org.postgresql.xa.PGXAConnection@7bf12aa7
15:58:46.442 [Test worker] DEBUG b.tm.resource.jdbc.PoolingDataSource - acquired connection from a PoolingDataSource containing an XAPool of resource jdbc/sharding with 3 connection(s) (2 still available)
15:58:46.442 [Test worker] DEBUG b.t.r.c.TransactionContextHelper - enlisting a JdbcPooledConnection from datasource jdbc/sharding in state ACCESSIBLE with usage count 1 wrapping org.postgresql.xa.PGXAConnection@7bf12aa7 into a Bitronix Transaction with GTRID [737072696E672D62746D000001451725D49900000005], status=ACTIVE, 1 resource(s) enlisted (started Mon Mar 31 15:58:46 CST 2014)
15:58:46.442 [Test worker] DEBUG b.t.r.c.TransactionContextHelper - avoiding re-enlistment of already enlisted but not ended resource an XAResourceHolderState with uniqueName=jdbc/sharding XAResource=org.postgresql.xa.PGXAConnection@7bf12aa7 (started) with XID a Bitronix XID [737072696E672D62746D000001451725D49900000005 : 737072696E672D62746D000001451725D49D00000006]
Hibernate: select * from id_global_counter where shard_id = ? and option_mode = ?
15:58:46.444 [Test worker] DEBUG b.t.r.jdbc.proxy.ConnectionJavaProxy - closing a ConnectionJavaProxy of a JdbcPooledConnection from datasource jdbc/sharding in state ACCESSIBLE with usage count 1 wrapping org.postgresql.xa.PGXAConnection@7bf12aa7 on Pooled connection wrapping physical connection org.postgresql.jdbc4.Jdbc4Connection@7431c537
15:58:46.444 [Test worker] DEBUG b.t.r.jdbc.JdbcPooledConnection - releasing to pool a JdbcPooledConnection from datasource jdbc/sharding in state ACCESSIBLE with usage count 1 wrapping org.postgresql.xa.PGXAConnection@7bf12aa7
15:58:46.445 [Test worker] DEBUG b.t.r.c.TransactionContextHelper - delisting a JdbcPooledConnection from datasource jdbc/sharding in state ACCESSIBLE with usage count 0 wrapping org.postgresql.xa.PGXAConnection@7bf12aa7 from a Bitronix Transaction with GTRID [737072696E672D62746D000001451725D49900000005], status=ACTIVE, 1 resource(s) enlisted (started Mon Mar 31 15:58:46 CST 2014)
15:58:46.445 [Test worker] DEBUG b.t.r.c.TransactionContextHelper - resource is in enlisting global transaction context: a JdbcPooledConnection from datasource jdbc/sharding in state ACCESSIBLE with usage count 0 wrapping org.postgresql.xa.PGXAConnection@7bf12aa7
15:58:46.445 [Test worker] DEBUG b.t.r.c.TransactionContextHelper - requeuing a JdbcPooledConnection from datasource jdbc/sharding in state ACCESSIBLE with usage count 0 wrapping org.postgresql.xa.PGXAConnection@7bf12aa7 from a Bitronix Transaction with GTRID [737072696E672D62746D000001451725D49900000005], status=ACTIVE, 1 resource(s) enlisted (started Mon Mar 31 15:58:46 CST 2014)
15:58:46.445 [Test worker] DEBUG b.t.r.c.TransactionContextHelper - resource is in enlisting global transaction context: a JdbcPooledConnection from datasource jdbc/sharding in state ACCESSIBLE with usage count 0 wrapping org.postgresql.xa.PGXAConnection@7bf12aa7
15:58:46.445 [Test worker] DEBUG b.t.r.c.TransactionContextHelper - deferring release to pool of a JdbcPooledConnection from datasource jdbc/sharding in state ACCESSIBLE with usage count 0 wrapping org.postgresql.xa.PGXAConnection@7bf12aa7
15:58:46.445 [Test worker] DEBUG b.t.r.c.TransactionContextHelper - a JdbcPooledConnection from datasource jdbc/sharding in state ACCESSIBLE with usage count 0 wrapping org.postgresql.xa.PGXAConnection@7bf12aa7 is not already registered for deferred release in a Bitronix Transaction with GTRID [737072696E672D62746D000001451725D49900000005], status=ACTIVE, 1 resource(s) enlisted (started Mon Mar 31 15:58:46 CST 2014)
15:58:46.445 [Test worker] DEBUG b.t.r.c.TransactionContextHelper - registering DeferredReleaseSynchronization for a JdbcPooledConnection from datasource jdbc/sharding in state ACCESSIBLE with usage count 0 wrapping org.postgresql.xa.PGXAConnection@7bf12aa7
15:58:46.445 [Test worker] DEBUG b.t.r.c.AbstractXAStatefulHolder - notifying 2 stateChangeEventListener(s) about state changing from ACCESSIBLE to NOT_ACCESSIBLE in a JdbcPooledConnection from datasource jdbc/sharding in state ACCESSIBLE with usage count 0 wrapping org.postgresql.xa.PGXAConnection@7bf12aa7
15:58:46.445 [Test worker] DEBUG b.t.r.jdbc.JdbcPooledConnection - closing 0 dangling uncached statement(s)
15:58:46.445 [Test worker] DEBUG bitronix.tm.resource.common.XAPool - removed a JdbcPooledConnection from datasource jdbc/sharding in state ACCESSIBLE with usage count 0 wrapping org.postgresql.xa.PGXAConnection@7bf12aa7 from the accessible pool
15:58:46.445 [Test worker] DEBUG b.t.r.c.AbstractXAStatefulHolder - state changing from ACCESSIBLE to NOT_ACCESSIBLE in a JdbcPooledConnection from datasource jdbc/sharding in state ACCESSIBLE with usage count 0 wrapping org.postgresql.xa.PGXAConnection@7bf12aa7
15:58:46.445 [Test worker] DEBUG b.t.r.c.AbstractXAStatefulHolder - notifying 2 stateChangeEventListener(s) about state changed from ACCESSIBLE to NOT_ACCESSIBLE in a JdbcPooledConnection from datasource jdbc/sharding in state NOT_ACCESSIBLE with usage count 0 wrapping org.postgresql.xa.PGXAConnection@7bf12aa7
15:58:46.445 [Test worker] DEBUG bitronix.tm.resource.common.XAPool - added a JdbcPooledConnection from datasource jdbc/sharding in state NOT_ACCESSIBLE with usage count 0 wrapping org.postgresql.xa.PGXAConnection@7bf12aa7 to the inaccessible pool
15:58:46.445 [Test worker] DEBUG b.t.r.jdbc.JdbcPooledConnection - released to pool a JdbcPooledConnection from datasource jdbc/sharding in state NOT_ACCESSIBLE with usage count 0 wrapping org.postgresql.xa.PGXAConnection@7bf12aa7
15:58:46.447 [Test worker] DEBUG b.tm.resource.jdbc.PoolingDataSource - acquiring connection from a PoolingDataSource containing an XAPool of resource jdbc/sharding with 3 connection(s) (2 still available)
15:58:46.447 [Test worker] DEBUG bitronix.tm.resource.common.XAPool - trying to recycle a NOT_ACCESSIBLE connection of an XAPool of resource jdbc/sharding with 3 connection(s) (2 still available)
15:58:46.447 [Test worker] DEBUG bitronix.tm.resource.common.XAPool - current transaction GTRID is [737072696E672D62746D000001451725D49900000005]
15:58:46.447 [Test worker] DEBUG bitronix.tm.resource.common.XAPool - found a connection in NOT_ACCESSIBLE state: a JdbcPooledConnection from datasource jdbc/sharding in state NOT_ACCESSIBLE with usage count 0 wrapping org.postgresql.xa.PGXAConnection@7bf12aa7
15:58:46.447 [Test worker] DEBUG bitronix.tm.resource.common.XAPool - 1 xa resource(s) created by connection in NOT_ACCESSIBLE state: a JdbcPooledConnection from datasource jdbc/sharding in state NOT_ACCESSIBLE with usage count 0 wrapping org.postgresql.xa.PGXAConnection@7bf12aa7
15:58:46.447 [Test worker] DEBUG bitronix.tm.resource.common.XAPool - NOT_ACCESSIBLE xa resource GTRID: 737072696E672D62746D000001451725D49900000005
15:58:46.447 [Test worker] DEBUG bitronix.tm.resource.common.XAPool - NOT_ACCESSIBLE xa resource's GTRID matched this transaction's GTRID, recycling it
15:58:46.447 [Test worker] DEBUG bitronix.tm.resource.common.XAPool - found NOT_ACCESSIBLE connection a JdbcPooledConnection from datasource jdbc/sharding in state NOT_ACCESSIBLE with usage count 0 wrapping org.postgresql.xa.PGXAConnection@7bf12aa7 from an XAPool of resource jdbc/sharding with 3 connection(s) (2 still available)
15:58:46.447 [Test worker] DEBUG b.t.r.jdbc.JdbcPooledConnection - getting connection handle from a JdbcPooledConnection from datasource jdbc/sharding in state NOT_ACCESSIBLE with usage count 0 wrapping org.postgresql.xa.PGXAConnection@7bf12aa7
15:58:46.447 [Test worker] DEBUG b.t.r.c.AbstractXAStatefulHolder - notifying 2 stateChangeEventListener(s) about state changing from NOT_ACCESSIBLE to ACCESSIBLE in a JdbcPooledConnection from datasource jdbc/sharding in state NOT_ACCESSIBLE with usage count 1 wrapping org.postgresql.xa.PGXAConnection@7bf12aa7
15:58:46.447 [Test worker] DEBUG bitronix.tm.resource.common.XAPool - removed a JdbcPooledConnection from datasource jdbc/sharding in state NOT_ACCESSIBLE with usage count 1 wrapping org.postgresql.xa.PGXAConnection@7bf12aa7 from the inaccessible pool
15:58:46.447 [Test worker] DEBUG b.t.r.c.AbstractXAStatefulHolder - state changing from NOT_ACCESSIBLE to ACCESSIBLE in a JdbcPooledConnection from datasource jdbc/sharding in state NOT_ACCESSIBLE with usage count 1 wrapping org.postgresql.xa.PGXAConnection@7bf12aa7
15:58:46.447 [Test worker] DEBUG b.t.r.c.AbstractXAStatefulHolder - notifying 2 stateChangeEventListener(s) about state changed from NOT_ACCESSIBLE to ACCESSIBLE in a JdbcPooledConnection from datasource jdbc/sharding in state ACCESSIBLE with usage count 1 wrapping org.postgresql.xa.PGXAConnection@7bf12aa7
15:58:46.447 [Test worker] DEBUG b.t.r.c.TransactionContextHelper - marking a JdbcPooledConnection from datasource jdbc/sharding in state ACCESSIBLE with usage count 1 wrapping org.postgresql.xa.PGXAConnection@7bf12aa7 as recycled in a Bitronix Transaction with GTRID [737072696E672D62746D000001451725D49900000005], status=ACTIVE, 1 resource(s) enlisted (started Mon Mar 31 15:58:46 CST 2014)
15:58:46.447 [Test worker] DEBUG b.t.r.c.TransactionContextHelper - a JdbcPooledConnection from datasource jdbc/sharding in state ACCESSIBLE with usage count 1 wrapping org.postgresql.xa.PGXAConnection@7bf12aa7 has been recycled, unregistering deferred release from a Bitronix Transaction with GTRID [737072696E672D62746D000001451725D49900000005], status=ACTIVE, 1 resource(s) enlisted (started Mon Mar 31 15:58:46 CST 2014)
15:58:46.447 [Test worker] DEBUG bitronix.tm.resource.common.XAPool - added a JdbcPooledConnection from datasource jdbc/sharding in state ACCESSIBLE with usage count 1 wrapping org.postgresql.xa.PGXAConnection@7bf12aa7 to the accessible pool
15:58:46.448 [Test worker] DEBUG b.t.r.jdbc.JdbcPooledConnection - connection org.postgresql.xa.PGXAConnection@7bf12aa7 was in state NOT_ACCESSIBLE, no need to test it
15:58:46.448 [Test worker] DEBUG b.t.r.jdbc.JdbcPooledConnection - got connection handle from a JdbcPooledConnection from datasource jdbc/sharding in state ACCESSIBLE with usage count 1 wrapping org.postgresql.xa.PGXAConnection@7bf12aa7
15:58:46.448 [Test worker] DEBUG b.tm.resource.jdbc.PoolingDataSource - acquired connection from a PoolingDataSource containing an XAPool of resource jdbc/sharding with 3 connection(s) (2 still available)
15:58:46.448 [Test worker] DEBUG b.t.r.c.TransactionContextHelper - enlisting a JdbcPooledConnection from datasource jdbc/sharding in state ACCESSIBLE with usage count 1 wrapping org.postgresql.xa.PGXAConnection@7bf12aa7 into a Bitronix Transaction with GTRID [737072696E672D62746D000001451725D49900000005], status=ACTIVE, 1 resource(s) enlisted (started Mon Mar 31 15:58:46 CST 2014)
15:58:46.448 [Test worker] DEBUG b.t.r.c.TransactionContextHelper - avoiding re-enlistment of already enlisted but not ended resource an XAResourceHolderState with uniqueName=jdbc/sharding XAResource=org.postgresql.xa.PGXAConnection@7bf12aa7 (started) with XID a Bitronix XID [737072696E672D62746D000001451725D49900000005 : 737072696E672D62746D000001451725D49D00000006]
Hibernate: update id_global_counter set global_count=?, option_mode=?, shard_id=? where id=?
15:58:46.450 [Test worker] DEBUG b.t.r.jdbc.proxy.ConnectionJavaProxy - closing a ConnectionJavaProxy of a JdbcPooledConnection from datasource jdbc/sharding in state ACCESSIBLE with usage count 1 wrapping org.postgresql.xa.PGXAConnection@7bf12aa7 on Pooled connection wrapping physical connection org.postgresql.jdbc4.Jdbc4Connection@7431c537
15:58:46.450 [Test worker] DEBUG b.t.r.jdbc.JdbcPooledConnection - releasing to pool a JdbcPooledConnection from datasource jdbc/sharding in state ACCESSIBLE with usage count 1 wrapping org.postgresql.xa.PGXAConnection@7bf12aa7
15:58:46.450 [Test worker] DEBUG b.t.r.c.TransactionContextHelper - delisting a JdbcPooledConnection from datasource jdbc/sharding in state ACCESSIBLE with usage count 0 wrapping org.postgresql.xa.PGXAConnection@7bf12aa7 from a Bitronix Transaction with GTRID [737072696E672D62746D000001451725D49900000005], status=ACTIVE, 1 resource(s) enlisted (started Mon Mar 31 15:58:46 CST 2014)
15:58:46.450 [Test worker] DEBUG b.t.r.c.TransactionContextHelper - resource is in enlisting global transaction context: a JdbcPooledConnection from datasource jdbc/sharding in state ACCESSIBLE with usage count 0 wrapping org.postgresql.xa.PGXAConnection@7bf12aa7
15:58:46.451 [Test worker] DEBUG b.t.r.c.TransactionContextHelper - requeuing a JdbcPooledConnection from datasource jdbc/sharding in state ACCESSIBLE with usage count 0 wrapping org.postgresql.xa.PGXAConnection@7bf12aa7 from a Bitronix Transaction with GTRID [737072696E672D62746D000001451725D49900000005], status=ACTIVE, 1 resource(s) enlisted (started Mon Mar 31 15:58:46 CST 2014)
15:58:46.451 [Test worker] DEBUG b.t.r.c.TransactionContextHelper - resource is in enlisting global transaction context: a JdbcPooledConnection from datasource jdbc/sharding in state ACCESSIBLE with usage count 0 wrapping org.postgresql.xa.PGXAConnection@7bf12aa7
15:58:46.451 [Test worker] DEBUG b.t.r.c.TransactionContextHelper - deferring release to pool of a JdbcPooledConnection from datasource jdbc/sharding in state ACCESSIBLE with usage count 0 wrapping org.postgresql.xa.PGXAConnection@7bf12aa7
15:58:46.451 [Test worker] DEBUG b.t.r.c.TransactionContextHelper - a JdbcPooledConnection from datasource jdbc/sharding in state ACCESSIBLE with usage count 0 wrapping org.postgresql.xa.PGXAConnection@7bf12aa7 is not already registered for deferred release in a Bitronix Transaction with GTRID [737072696E672D62746D000001451725D49900000005], status=ACTIVE, 1 resource(s) enlisted (started Mon Mar 31 15:58:46 CST 2014)
15:58:46.451 [Test worker] DEBUG b.t.r.c.TransactionContextHelper - registering DeferredReleaseSynchronization for a JdbcPooledConnection from datasource jdbc/sharding in state ACCESSIBLE with usage count 0 wrapping org.postgresql.xa.PGXAConnection@7bf12aa7
15:58:46.451 [Test worker] DEBUG b.t.r.c.AbstractXAStatefulHolder - notifying 2 stateChangeEventListener(s) about state changing from ACCESSIBLE to NOT_ACCESSIBLE in a JdbcPooledConnection from datasource jdbc/sharding in state ACCESSIBLE with usage count 0 wrapping org.postgresql.xa.PGXAConnection@7bf12aa7
15:58:46.451 [Test worker] DEBUG b.t.r.jdbc.JdbcPooledConnection - closing 0 dangling uncached statement(s)
15:58:46.451 [Test worker] DEBUG bitronix.tm.resource.common.XAPool - removed a JdbcPooledConnection from datasource jdbc/sharding in state ACCESSIBLE with usage count 0 wrapping org.postgresql.xa.PGXAConnection@7bf12aa7 from the accessible pool
15:58:46.451 [Test worker] DEBUG b.t.r.c.AbstractXAStatefulHolder - state changing from ACCESSIBLE to NOT_ACCESSIBLE in a JdbcPooledConnection from datasource jdbc/sharding in state ACCESSIBLE with usage count 0 wrapping org.postgresql.xa.PGXAConnection@7bf12aa7
15:58:46.451 [Test worker] DEBUG b.t.r.c.AbstractXAStatefulHolder - notifying 2 stateChangeEventListener(s) about state changed from ACCESSIBLE to NOT_ACCESSIBLE in a JdbcPooledConnection from datasource jdbc/sharding in state NOT_ACCESSIBLE with usage count 0 wrapping org.postgresql.xa.PGXAConnection@7bf12aa7
15:58:46.451 [Test worker] DEBUG bitronix.tm.resource.common.XAPool - added a JdbcPooledConnection from datasource jdbc/sharding in state NOT_ACCESSIBLE with usage count 0 wrapping org.postgresql.xa.PGXAConnection@7bf12aa7 to the inaccessible pool
15:58:46.451 [Test worker] DEBUG b.t.r.jdbc.JdbcPooledConnection - released to pool a JdbcPooledConnection from datasource jdbc/sharding in state NOT_ACCESSIBLE with usage count 0 wrapping org.postgresql.xa.PGXAConnection@7bf12aa7
15:58:46.451 [Test worker] DEBUG b.tm.resource.jdbc.PoolingDataSource - acquiring connection from a PoolingDataSource containing an XAPool of resource jdbc/sharding with 3 connection(s) (2 still available)
15:58:46.451 [Test worker] DEBUG bitronix.tm.resource.common.XAPool - trying to recycle a NOT_ACCESSIBLE connection of an XAPool of resource jdbc/sharding with 3 connection(s) (2 still available)
15:58:46.451 [Test worker] DEBUG bitronix.tm.resource.common.XAPool - current transaction GTRID is [737072696E672D62746D000001451725D49900000005]
15:58:46.452 [Test worker] DEBUG bitronix.tm.resource.common.XAPool - found a connection in NOT_ACCESSIBLE state: a JdbcPooledConnection from datasource jdbc/sharding in state NOT_ACCESSIBLE with usage count 0 wrapping org.postgresql.xa.PGXAConnection@7bf12aa7
15:58:46.452 [Test worker] DEBUG bitronix.tm.resource.common.XAPool - 1 xa resource(s) created by connection in NOT_ACCESSIBLE state: a JdbcPooledConnection from datasource jdbc/sharding in state NOT_ACCESSIBLE with usage count 0 wrapping org.postgresql.xa.PGXAConnection@7bf12aa7
15:58:46.452 [Test worker] DEBUG bitronix.tm.resource.common.XAPool - NOT_ACCESSIBLE xa resource GTRID: 737072696E672D62746D000001451725D49900000005
15:58:46.452 [Test worker] DEBUG bitronix.tm.resource.common.XAPool - NOT_ACCESSIBLE xa resource's GTRID matched this transaction's GTRID, recycling it
15:58:46.452 [Test worker] DEBUG bitronix.tm.resource.common.XAPool - found NOT_ACCESSIBLE connection a JdbcPooledConnection from datasource jdbc/sharding in state NOT_ACCESSIBLE with usage count 0 wrapping org.postgresql.xa.PGXAConnection@7bf12aa7 from an XAPool of resource jdbc/sharding with 3 connection(s) (2 still available)
15:58:46.452 [Test worker] DEBUG b.t.r.jdbc.JdbcPooledConnection - getting connection handle from a JdbcPooledConnection from datasource jdbc/sharding in state NOT_ACCESSIBLE with usage count 0 wrapping org.postgresql.xa.PGXAConnection@7bf12aa7
15:58:46.452 [Test worker] DEBUG b.t.r.c.AbstractXAStatefulHolder - notifying 2 stateChangeEventListener(s) about state changing from NOT_ACCESSIBLE to ACCESSIBLE in a JdbcPooledConnection from datasource jdbc/sharding in state NOT_ACCESSIBLE with usage count 1 wrapping org.postgresql.xa.PGXAConnection@7bf12aa7
15:58:46.452 [Test worker] DEBUG bitronix.tm.resource.common.XAPool - removed a JdbcPooledConnection from datasource jdbc/sharding in state NOT_ACCESSIBLE with usage count 1 wrapping org.postgresql.xa.PGXAConnection@7bf12aa7 from the inaccessible pool
15:58:46.452 [Test worker] DEBUG b.t.r.c.AbstractXAStatefulHolder - state changing from NOT_ACCESSIBLE to ACCESSIBLE in a JdbcPooledConnection from datasource jdbc/sharding in state NOT_ACCESSIBLE with usage count 1 wrapping org.postgresql.xa.PGXAConnection@7bf12aa7
15:58:46.452 [Test worker] DEBUG b.t.r.c.AbstractXAStatefulHolder - notifying 2 stateChangeEventListener(s) about state changed from NOT_ACCESSIBLE to ACCESSIBLE in a JdbcPooledConnection from datasource jdbc/sharding in state ACCESSIBLE with usage count 1 wrapping org.postgresql.xa.PGXAConnection@7bf12aa7
15:58:46.452 [Test worker] DEBUG b.t.r.c.TransactionContextHelper - marking a JdbcPooledConnection from datasource jdbc/sharding in state ACCESSIBLE with usage count 1 wrapping org.postgresql.xa.PGXAConnection@7bf12aa7 as recycled in a Bitronix Transaction with GTRID [737072696E672D62746D000001451725D49900000005], status=ACTIVE, 1 resource(s) enlisted (started Mon Mar 31 15:58:46 CST 2014)
15:58:46.452 [Test worker] DEBUG b.t.r.c.TransactionContextHelper - a JdbcPooledConnection from datasource jdbc/sharding in state ACCESSIBLE with usage count 1 wrapping org.postgresql.xa.PGXAConnection@7bf12aa7 has been recycled, unregistering deferred release from a Bitronix Transaction with GTRID [737072696E672D62746D000001451725D49900000005], status=ACTIVE, 1 resource(s) enlisted (started Mon Mar 31 15:58:46 CST 2014)
15:58:46.452 [Test worker] DEBUG bitronix.tm.resource.common.XAPool - added a JdbcPooledConnection from datasource jdbc/sharding in state ACCESSIBLE with usage count 1 wrapping org.postgresql.xa.PGXAConnection@7bf12aa7 to the accessible pool
15:58:46.452 [Test worker] DEBUG b.t.r.jdbc.JdbcPooledConnection - connection org.postgresql.xa.PGXAConnection@7bf12aa7 was in state NOT_ACCESSIBLE, no need to test it
15:58:46.452 [Test worker] DEBUG b.t.r.jdbc.JdbcPooledConnection - got connection handle from a JdbcPooledConnection from datasource jdbc/sharding in state ACCESSIBLE with usage count 1 wrapping org.postgresql.xa.PGXAConnection@7bf12aa7
15:58:46.452 [Test worker] DEBUG b.tm.resource.jdbc.PoolingDataSource - acquired connection from a PoolingDataSource containing an XAPool of resource jdbc/sharding with 3 connection(s) (2 still available)
15:58:46.453 [Test worker] DEBUG b.t.r.c.TransactionContextHelper - enlisting a JdbcPooledConnection from datasource jdbc/sharding in state ACCESSIBLE with usage count 1 wrapping org.postgresql.xa.PGXAConnection@7bf12aa7 into a Bitronix Transaction with GTRID [737072696E672D62746D000001451725D49900000005], status=ACTIVE, 1 resource(s) enlisted (started Mon Mar 31 15:58:46 CST 2014)
15:58:46.453 [Test worker] DEBUG b.t.r.c.TransactionContextHelper - avoiding re-enlistment of already enlisted but not ended resource an XAResourceHolderState with uniqueName=jdbc/sharding XAResource=org.postgresql.xa.PGXAConnection@7bf12aa7 (started) with XID a Bitronix XID [737072696E672D62746D000001451725D49900000005 : 737072696E672D62746D000001451725D49D00000006]
Hibernate: select * from id_global_counter where shard_id = ? and option_mode = ?
15:58:46.455 [Test worker] DEBUG b.t.r.jdbc.proxy.ConnectionJavaProxy - closing a ConnectionJavaProxy of a JdbcPooledConnection from datasource jdbc/sharding in state ACCESSIBLE with usage count 1 wrapping org.postgresql.xa.PGXAConnection@7bf12aa7 on Pooled connection wrapping physical connection org.postgresql.jdbc4.Jdbc4Connection@7431c537
15:58:46.455 [Test worker] DEBUG b.t.r.jdbc.JdbcPooledConnection - releasing to pool a JdbcPooledConnection from datasource jdbc/sharding in state ACCESSIBLE with usage count 1 wrapping org.postgresql.xa.PGXAConnection@7bf12aa7
15:58:46.455 [Test worker] DEBUG b.t.r.c.TransactionContextHelper - delisting a JdbcPooledConnection from datasource jdbc/sharding in state ACCESSIBLE with usage count 0 wrapping org.postgresql.xa.PGXAConnection@7bf12aa7 from a Bitronix Transaction with GTRID [737072696E672D62746D000001451725D49900000005], status=ACTIVE, 1 resource(s) enlisted (started Mon Mar 31 15:58:46 CST 2014)
15:58:46.455 [Test worker] DEBUG b.t.r.c.TransactionContextHelper - resource is in enlisting global transaction context: a JdbcPooledConnection from datasource jdbc/sharding in state ACCESSIBLE with usage count 0 wrapping org.postgresql.xa.PGXAConnection@7bf12aa7
15:58:46.455 [Test worker] DEBUG b.t.r.c.TransactionContextHelper - requeuing a JdbcPooledConnection from datasource jdbc/sharding in state ACCESSIBLE with usage count 0 wrapping org.postgresql.xa.PGXAConnection@7bf12aa7 from a Bitronix Transaction with GTRID [737072696E672D62746D000001451725D49900000005], status=ACTIVE, 1 resource(s) enlisted (started Mon Mar 31 15:58:46 CST 2014)
15:58:46.455 [Test worker] DEBUG b.t.r.c.TransactionContextHelper - resource is in enlisting global transaction context: a JdbcPooledConnection from datasource jdbc/sharding in state ACCESSIBLE with usage count 0 wrapping org.postgresql.xa.PGXAConnection@7bf12aa7
15:58:46.455 [Test worker] DEBUG b.t.r.c.TransactionContextHelper - deferring release to pool of a JdbcPooledConnection from datasource jdbc/sharding in state ACCESSIBLE with usage count 0 wrapping org.postgresql.xa.PGXAConnection@7bf12aa7
15:58:46.455 [Test worker] DEBUG b.t.r.c.TransactionContextHelper - a JdbcPooledConnection from datasource jdbc/sharding in state ACCESSIBLE with usage count 0 wrapping org.postgresql.xa.PGXAConnection@7bf12aa7 is not already registered for deferred release in a Bitronix Transaction with GTRID [737072696E672D62746D000001451725D49900000005], status=ACTIVE, 1 resource(s) enlisted (started Mon Mar 31 15:58:46 CST 2014)
15:58:46.455 [Test worker] DEBUG b.t.r.c.TransactionContextHelper - registering DeferredReleaseSynchronization for a JdbcPooledConnection from datasource jdbc/sharding in state ACCESSIBLE with usage count 0 wrapping org.postgresql.xa.PGXAConnection@7bf12aa7
15:58:46.455 [Test worker] DEBUG b.t.r.c.AbstractXAStatefulHolder - notifying 2 stateChangeEventListener(s) about state changing from ACCESSIBLE to NOT_ACCESSIBLE in a JdbcPooledConnection from datasource jdbc/sharding in state ACCESSIBLE with usage count 0 wrapping org.postgresql.xa.PGXAConnection@7bf12aa7
15:58:46.455 [Test worker] DEBUG b.t.r.jdbc.JdbcPooledConnection - closing 0 dangling uncached statement(s)
15:58:46.455 [Test worker] DEBUG bitronix.tm.resource.common.XAPool - removed a JdbcPooledConnection from datasource jdbc/sharding in state ACCESSIBLE with usage count 0 wrapping org.postgresql.xa.PGXAConnection@7bf12aa7 from the accessible pool
15:58:46.456 [Test worker] DEBUG b.t.r.c.AbstractXAStatefulHolder - state changing from ACCESSIBLE to NOT_ACCESSIBLE in a JdbcPooledConnection from datasource jdbc/sharding in state ACCESSIBLE with usage count 0 wrapping org.postgresql.xa.PGXAConnection@7bf12aa7
15:58:46.456 [Test worker] DEBUG b.t.r.c.AbstractXAStatefulHolder - notifying 2 stateChangeEventListener(s) about state changed from ACCESSIBLE to NOT_ACCESSIBLE in a JdbcPooledConnection from datasource jdbc/sharding in state NOT_ACCESSIBLE with usage count 0 wrapping org.postgresql.xa.PGXAConnection@7bf12aa7
15:58:46.456 [Test worker] DEBUG bitronix.tm.resource.common.XAPool - added a JdbcPooledConnection from datasource jdbc/sharding in state NOT_ACCESSIBLE with usage count 0 wrapping org.postgresql.xa.PGXAConnection@7bf12aa7 to the inaccessible pool
15:58:46.456 [Test worker] DEBUG b.t.r.jdbc.JdbcPooledConnection - released to pool a JdbcPooledConnection from datasource jdbc/sharding in state NOT_ACCESSIBLE with usage count 0 wrapping org.postgresql.xa.PGXAConnection@7bf12aa7
15:58:46.457 [Test worker] DEBUG b.tm.resource.jdbc.PoolingDataSource - acquiring connection from a PoolingDataSource containing an XAPool of resource jdbc/sharding with 3 connection(s) (2 still available)
15:58:46.457 [Test worker] DEBUG bitronix.tm.resource.common.XAPool - trying to recycle a NOT_ACCESSIBLE connection of an XAPool of resource jdbc/sharding with 3 connection(s) (2 still available)
15:58:46.457 [Test worker] DEBUG bitronix.tm.resource.common.XAPool - current transaction GTRID is [737072696E672D62746D000001451725D49900000005]
15:58:46.457 [Test worker] DEBUG bitronix.tm.resource.common.XAPool - found a connection in NOT_ACCESSIBLE state: a JdbcPooledConnection from datasource jdbc/sharding in state NOT_ACCESSIBLE with usage count 0 wrapping org.postgresql.xa.PGXAConnection@7bf12aa7
15:58:46.457 [Test worker] DEBUG bitronix.tm.resource.common.XAPool - 1 xa resource(s) created by connection in NOT_ACCESSIBLE state: a JdbcPooledConnection from datasource jdbc/sharding in state NOT_ACCESSIBLE with usage count 0 wrapping org.postgresql.xa.PGXAConnection@7bf12aa7
15:58:46.457 [Test worker] DEBUG bitronix.tm.resource.common.XAPool - NOT_ACCESSIBLE xa resource GTRID: 737072696E672D62746D000001451725D49900000005
15:58:46.457 [Test worker] DEBUG bitronix.tm.resource.common.XAPool - NOT_ACCESSIBLE xa resource's GTRID matched this transaction's GTRID, recycling it
15:58:46.457 [Test worker] DEBUG bitronix.tm.resource.common.XAPool - found NOT_ACCESSIBLE connection a JdbcPooledConnection from datasource jdbc/sharding in state NOT_ACCESSIBLE with usage count 0 wrapping org.postgresql.xa.PGXAConnection@7bf12aa7 from an XAPool of resource jdbc/sharding with 3 connection(s) (2 still available)
15:58:46.457 [Test worker] DEBUG b.t.r.jdbc.JdbcPooledConnection - getting connection handle from a JdbcPooledConnection from datasource jdbc/sharding in state NOT_ACCESSIBLE with usage count 0 wrapping org.postgresql.xa.PGXAConnection@7bf12aa7
15:58:46.457 [Test worker] DEBUG b.t.r.c.AbstractXAStatefulHolder - notifying 2 stateChangeEventListener(s) about state changing from NOT_ACCESSIBLE to ACCESSIBLE in a JdbcPooledConnection from datasource jdbc/sharding in state NOT_ACCESSIBLE with usage count 1 wrapping org.postgresql.xa.PGXAConnection@7bf12aa7
15:58:46.457 [Test worker] DEBUG bitronix.tm.resource.common.XAPool - removed a JdbcPooledConnection from datasource jdbc/sharding in state NOT_ACCESSIBLE with usage count 1 wrapping org.postgresql.xa.PGXAConnection@7bf12aa7 from the inaccessible pool
15:58:46.457 [Test worker] DEBUG b.t.r.c.AbstractXAStatefulHolder - state changing from NOT_ACCESSIBLE to ACCESSIBLE in a JdbcPooledConnection from datasource jdbc/sharding in state NOT_ACCESSIBLE with usage count 1 wrapping org.postgresql.xa.PGXAConnection@7bf12aa7
15:58:46.457 [Test worker] DEBUG b.t.r.c.AbstractXAStatefulHolder - notifying 2 stateChangeEventListener(s) about state changed from NOT_ACCESSIBLE to ACCESSIBLE in a JdbcPooledConnection from datasource jdbc/sharding in state ACCESSIBLE with usage count 1 wrapping org.postgresql.xa.PGXAConnection@7bf12aa7
15:58:46.457 [Test worker] DEBUG b.t.r.c.TransactionContextHelper - marking a JdbcPooledConnection from datasource jdbc/sharding in state ACCESSIBLE with usage count 1 wrapping org.postgresql.xa.PGXAConnection@7bf12aa7 as recycled in a Bitronix Transaction with GTRID [737072696E672D62746D000001451725D49900000005], status=ACTIVE, 1 resource(s) enlisted (started Mon Mar 31 15:58:46 CST 2014)
15:58:46.457 [Test worker] DEBUG b.t.r.c.TransactionContextHelper - a JdbcPooledConnection from datasource jdbc/sharding in state ACCESSIBLE with usage count 1 wrapping org.postgresql.xa.PGXAConnection@7bf12aa7 has been recycled, unregistering deferred release from a Bitronix Transaction with GTRID [737072696E672D62746D000001451725D49900000005], status=ACTIVE, 1 resource(s) enlisted (started Mon Mar 31 15:58:46 CST 2014)
15:58:46.458 [Test worker] DEBUG bitronix.tm.resource.common.XAPool - added a JdbcPooledConnection from datasource jdbc/sharding in state ACCESSIBLE with usage count 1 wrapping org.postgresql.xa.PGXAConnection@7bf12aa7 to the accessible pool
15:58:46.458 [Test worker] DEBUG b.t.r.jdbc.JdbcPooledConnection - connection org.postgresql.xa.PGXAConnection@7bf12aa7 was in state NOT_ACCESSIBLE, no need to test it
15:58:46.458 [Test worker] DEBUG b.t.r.jdbc.JdbcPooledConnection - got connection handle from a JdbcPooledConnection from datasource jdbc/sharding in state ACCESSIBLE with usage count 1 wrapping org.postgresql.xa.PGXAConnection@7bf12aa7
15:58:46.458 [Test worker] DEBUG b.tm.resource.jdbc.PoolingDataSource - acquired connection from a PoolingDataSource containing an XAPool of resource jdbc/sharding with 3 connection(s) (2 still available)
15:58:46.458 [Test worker] DEBUG b.t.r.c.TransactionContextHelper - enlisting a JdbcPooledConnection from datasource jdbc/sharding in state ACCESSIBLE with usage count 1 wrapping org.postgresql.xa.PGXAConnection@7bf12aa7 into a Bitronix Transaction with GTRID [737072696E672D62746D000001451725D49900000005], status=ACTIVE, 1 resource(s) enlisted (started Mon Mar 31 15:58:46 CST 2014)
15:58:46.458 [Test worker] DEBUG b.t.r.c.TransactionContextHelper - avoiding re-enlistment of already enlisted but not ended resource an XAResourceHolderState with uniqueName=jdbc/sharding XAResource=org.postgresql.xa.PGXAConnection@7bf12aa7 (started) with XID a Bitronix XID [737072696E672D62746D000001451725D49900000005 : 737072696E672D62746D000001451725D49D00000006]
Hibernate: select * from id_global_counter where shard_id = ? and option_mode = ?
15:58:46.461 [Test worker] DEBUG b.t.r.jdbc.proxy.ConnectionJavaProxy - closing a ConnectionJavaProxy of a JdbcPooledConnection from datasource jdbc/sharding in state ACCESSIBLE with usage count 1 wrapping org.postgresql.xa.PGXAConnection@7bf12aa7 on Pooled connection wrapping physical connection org.postgresql.jdbc4.Jdbc4Connection@7431c537
15:58:46.462 [Test worker] DEBUG b.t.r.jdbc.JdbcPooledConnection - releasing to pool a JdbcPooledConnection from datasource jdbc/sharding in state ACCESSIBLE with usage count 1 wrapping org.postgresql.xa.PGXAConnection@7bf12aa7
15:58:46.462 [Test worker] DEBUG b.t.r.c.TransactionContextHelper - delisting a JdbcPooledConnection from datasource jdbc/sharding in state ACCESSIBLE with usage count 0 wrapping org.postgresql.xa.PGXAConnection@7bf12aa7 from a Bitronix Transaction with GTRID [737072696E672D62746D000001451725D49900000005], status=ACTIVE, 1 resource(s) enlisted (started Mon Mar 31 15:58:46 CST 2014)
15:58:46.462 [Test worker] DEBUG b.t.r.c.TransactionContextHelper - resource is in enlisting global transaction context: a JdbcPooledConnection from datasource jdbc/sharding in state ACCESSIBLE with usage count 0 wrapping org.postgresql.xa.PGXAConnection@7bf12aa7
15:58:46.462 [Test worker] DEBUG b.t.r.c.TransactionContextHelper - requeuing a JdbcPooledConnection from datasource jdbc/sharding in state ACCESSIBLE with usage count 0 wrapping org.postgresql.xa.PGXAConnection@7bf12aa7 from a Bitronix Transaction with GTRID [737072696E672D62746D000001451725D49900000005], status=ACTIVE, 1 resource(s) enlisted (started Mon Mar 31 15:58:46 CST 2014)
15:58:46.462 [Test worker] DEBUG b.t.r.c.TransactionContextHelper - resource is in enlisting global transaction context: a JdbcPooledConnection from datasource jdbc/sharding in state ACCESSIBLE with usage count 0 wrapping org.postgresql.xa.PGXAConnection@7bf12aa7
15:58:46.462 [Test worker] DEBUG b.t.r.c.TransactionContextHelper - deferring release to pool of a JdbcPooledConnection from datasource jdbc/sharding in state ACCESSIBLE with usage count 0 wrapping org.postgresql.xa.PGXAConnection@7bf12aa7
15:58:46.462 [Test worker] DEBUG b.t.r.c.TransactionContextHelper - a JdbcPooledConnection from datasource jdbc/sharding in state ACCESSIBLE with usage count 0 wrapping org.postgresql.xa.PGXAConnection@7bf12aa7 is not already registered for deferred release in a Bitronix Transaction with GTRID [737072696E672D62746D000001451725D49900000005], status=ACTIVE, 1 resource(s) enlisted (started Mon Mar 31 15:58:46 CST 2014)
15:58:46.462 [Test worker] DEBUG b.t.r.c.TransactionContextHelper - registering DeferredReleaseSynchronization for a JdbcPooledConnection from datasource jdbc/sharding in state ACCESSIBLE with usage count 0 wrapping org.postgresql.xa.PGXAConnection@7bf12aa7
15:58:46.462 [Test worker] DEBUG b.t.r.c.AbstractXAStatefulHolder - notifying 2 stateChangeEventListener(s) about state changing from ACCESSIBLE to NOT_ACCESSIBLE in a JdbcPooledConnection from datasource jdbc/sharding in state ACCESSIBLE with usage count 0 wrapping org.postgresql.xa.PGXAConnection@7bf12aa7
15:58:46.462 [Test worker] DEBUG b.t.r.jdbc.JdbcPooledConnection - closing 0 dangling uncached statement(s)
15:58:46.463 [Test worker] DEBUG bitronix.tm.resource.common.XAPool - removed a JdbcPooledConnection from datasource jdbc/sharding in state ACCESSIBLE with usage count 0 wrapping org.postgresql.xa.PGXAConnection@7bf12aa7 from the accessible pool
15:58:46.463 [Test worker] DEBUG b.t.r.c.AbstractXAStatefulHolder - state changing from ACCESSIBLE to NOT_ACCESSIBLE in a JdbcPooledConnection from datasource jdbc/sharding in state ACCESSIBLE with usage count 0 wrapping org.postgresql.xa.PGXAConnection@7bf12aa7
15:58:46.463 [Test worker] DEBUG b.t.r.c.AbstractXAStatefulHolder - notifying 2 stateChangeEventListener(s) about state changed from ACCESSIBLE to NOT_ACCESSIBLE in a JdbcPooledConnection from datasource jdbc/sharding in state NOT_ACCESSIBLE with usage count 0 wrapping org.postgresql.xa.PGXAConnection@7bf12aa7
15:58:46.463 [Test worker] DEBUG bitronix.tm.resource.common.XAPool - added a JdbcPooledConnection from datasource jdbc/sharding in state NOT_ACCESSIBLE with usage count 0 wrapping org.postgresql.xa.PGXAConnection@7bf12aa7 to the inaccessible pool
15:58:46.463 [Test worker] DEBUG b.t.r.jdbc.JdbcPooledConnection - released to pool a JdbcPooledConnection from datasource jdbc/sharding in state NOT_ACCESSIBLE with usage count 0 wrapping org.postgresql.xa.PGXAConnection@7bf12aa7
15:58:46.463 [Test worker] DEBUG o.s.t.jta.JtaTransactionManager - Initiating transaction commit
15:58:46.463 [Test worker] DEBUG b.tm.BitronixTransactionManager - committing transaction a Bitronix Transaction with GTRID [737072696E672D62746D000001451725D49900000005], status=ACTIVE, 1 resource(s) enlisted (started Mon Mar 31 15:58:46 CST 2014)
15:58:46.463 [Test worker] DEBUG bitronix.tm.timer.TaskScheduler - cancelling transaction timeout task on a Bitronix Transaction with GTRID [737072696E672D62746D000001451725D49900000005], status=ACTIVE, 1 resource(s) enlisted (started Mon Mar 31 15:58:46 CST 2014)
15:58:46.463 [Test worker] DEBUG bitronix.tm.timer.TaskScheduler - removing task by a Bitronix Transaction with GTRID [737072696E672D62746D000001451725D49900000005], status=ACTIVE, 1 resource(s) enlisted (started Mon Mar 31 15:58:46 CST 2014)
15:58:46.464 [Test worker] DEBUG bitronix.tm.timer.TaskScheduler - cancelled a TransactionTimeoutTask on a Bitronix Transaction with GTRID [737072696E672D62746D000001451725D49900000005], status=ACTIVE, 1 resource(s) enlisted (started Mon Mar 31 15:58:46 CST 2014) scheduled for Mon Mar 31 15:59:46 CST 2014, total task(s) still queued: 4
15:58:46.464 [Test worker] DEBUG bitronix.tm.BitronixTransaction - before completion, 4 synchronization(s) to execute
15:58:46.464 [Test worker] DEBUG bitronix.tm.BitronixTransaction - executing synchronization a DeferredReleaseSynchronization of a JdbcPooledConnection from datasource jdbc/sharding in state NOT_ACCESSIBLE with usage count 0 wrapping org.postgresql.xa.PGXAConnection@7bf12aa7
15:58:46.464 [Test worker] DEBUG bitronix.tm.BitronixTransaction - executing synchronization a ClearContextSynchronization for a Bitronix Transaction with GTRID [737072696E672D62746D000001451725D49900000005], status=ACTIVE, 1 resource(s) enlisted (started Mon Mar 31 15:58:46 CST 2014)
15:58:46.464 [Test worker] DEBUG bitronix.tm.BitronixTransaction - executing synchronization org.hibernate.engine.transaction.synchronization.internal.RegisteredSynchronization@37494ada
15:58:46.465 [Test worker] DEBUG bitronix.tm.BitronixTransaction - executing synchronization org.hibernate.context.internal.JTASessionContext$CleanupSynch@6b05e893
15:58:46.465 [Test worker] DEBUG bitronix.tm.BitronixTransaction - found unclosed resource to delist: an XAResourceHolderState with uniqueName=jdbc/sharding XAResource=org.postgresql.xa.PGXAConnection@7bf12aa7 (started) with XID a Bitronix XID [737072696E672D62746D000001451725D49900000005 : 737072696E672D62746D000001451725D49D00000006]
15:58:46.465 [Test worker] DEBUG b.tm.internal.XAResourceManager - delisting resource an XAResourceHolderState with uniqueName=jdbc/sharding XAResource=org.postgresql.xa.PGXAConnection@7bf12aa7 (started) with XID a Bitronix XID [737072696E672D62746D000001451725D49900000005 : 737072696E672D62746D000001451725D49D00000006]
15:58:46.465 [Test worker] DEBUG b.tm.internal.XAResourceHolderState - ending an XAResourceHolderState with uniqueName=jdbc/sharding XAResource=org.postgresql.xa.PGXAConnection@7bf12aa7 (started) with XID a Bitronix XID [737072696E672D62746D000001451725D49900000005 : 737072696E672D62746D000001451725D49D00000006] with SUCCESS
15:58:46.465 [Test worker] DEBUG b.tm.internal.XAResourceHolderState - ended an XAResourceHolderState with uniqueName=jdbc/sharding XAResource=org.postgresql.xa.PGXAConnection@7bf12aa7 (started) with XID a Bitronix XID [737072696E672D62746D000001451725D49900000005 : 737072696E672D62746D000001451725D49D00000006] with SUCCESS
15:58:46.465 [Test worker] DEBUG bitronix.tm.BitronixTransaction - committing, 1 enlisted resource(s)
15:58:46.465 [Test worker] DEBUG bitronix.tm.BitronixTransaction - changing transaction status to PREPARING
15:58:46.465 [Test worker] DEBUG bitronix.tm.BitronixTransaction - transaction status is changing from ACTIVE to PREPARING - executing 0 listener(s)
15:58:46.465 [Test worker] DEBUG bitronix.tm.twopc.Preparer - 1 resource enlisted, no prepare needed (1PC)
15:58:46.465 [Test worker] DEBUG bitronix.tm.BitronixTransaction - changing transaction status to PREPARED
15:58:46.465 [Test worker] DEBUG bitronix.tm.BitronixTransaction - transaction status is changing from PREPARING to PREPARED - executing 0 listener(s)
15:58:46.465 [Test worker] DEBUG bitronix.tm.BitronixTransaction - 1 interested resource(s)
15:58:46.466 [Test worker] DEBUG bitronix.tm.BitronixTransaction - changing transaction status to COMMITTING
15:58:46.466 [Test worker] DEBUG bitronix.tm.BitronixTransaction - transaction status is changing from PREPARED to COMMITTING - executing 0 listener(s)
15:58:46.466 [Test worker] DEBUG b.tm.twopc.AbstractPhaseEngine - executing phase on 1 resource(s) enlisted in 1 position(s) in reverse position order
15:58:46.466 [Test worker] DEBUG b.tm.twopc.AbstractPhaseEngine - running 1 job(s) for position '1'
15:58:46.466 [Test worker] DEBUG bitronix.tm.twopc.Committer - committing resource an XAResourceHolderState with uniqueName=jdbc/sharding XAResource=org.postgresql.xa.PGXAConnection@7bf12aa7 (ended) with XID a Bitronix XID [737072696E672D62746D000001451725D49900000005 : 737072696E672D62746D000001451725D49D00000006] (with one-phase optimization)
15:58:46.467 [Test worker] DEBUG bitronix.tm.twopc.Committer - committed resource an XAResourceHolderState with uniqueName=jdbc/sharding XAResource=org.postgresql.xa.PGXAConnection@7bf12aa7 (ended) with XID a Bitronix XID [737072696E672D62746D000001451725D49900000005 : 737072696E672D62746D000001451725D49D00000006]
15:58:46.467 [Test worker] DEBUG b.tm.twopc.AbstractPhaseEngine - phase executed with 0 exception(s)
15:58:46.467 [Test worker] DEBUG b.tm.twopc.AbstractPhaseEngine - ran 1 job(s) for position '1'
15:58:46.468 [Test worker] DEBUG bitronix.tm.twopc.Committer - phase 2 commit executed on resources [jdbc/sharding]
15:58:46.468 [Test worker] DEBUG bitronix.tm.twopc.Committer - phase 2 commit succeeded on resources [jdbc/sharding]
15:58:46.468 [Test worker] DEBUG bitronix.tm.BitronixTransaction - changing transaction status to COMMITTED
15:58:46.468 [Test worker] DEBUG bitronix.tm.BitronixTransaction - transaction status is changing from COMMITTING to COMMITTED - executing 0 listener(s)
15:58:46.468 [Test worker] DEBUG bitronix.tm.BitronixTransaction - successfully committed a Bitronix Transaction with GTRID [737072696E672D62746D000001451725D49900000005], status=COMMITTED, 1 resource(s) enlisted (started Mon Mar 31 15:58:46 CST 2014)
15:58:46.468 [Test worker] DEBUG b.tm.internal.XAResourceManager - clearing XAResourceHolder states on 1 resource(s)
15:58:46.468 [Test worker] DEBUG b.t.r.c.AbstractXAResourceHolder - removing XAResourceHolderState of xid a Bitronix XID [737072696E672D62746D000001451725D49900000005 : 737072696E672D62746D000001451725D49D00000006] from a JdbcPooledConnection from datasource jdbc/sharding in state NOT_ACCESSIBLE with usage count 0 wrapping org.postgresql.xa.PGXAConnection@7bf12aa7
15:58:46.468 [Test worker] DEBUG b.tm.internal.XAResourceManager - resource a JdbcPooledConnection from datasource jdbc/sharding in state NOT_ACCESSIBLE with usage count 0 wrapping org.postgresql.xa.PGXAConnection@7bf12aa7 cleaned up all transaction states for GTRID [737072696E672D62746D000001451725D49900000005]
15:58:46.468 [Test worker] DEBUG bitronix.tm.BitronixTransaction - after completion, 4 synchronization(s) to execute
15:58:46.468 [Test worker] DEBUG bitronix.tm.BitronixTransaction - executing synchronization org.hibernate.engine.transaction.synchronization.internal.RegisteredSynchronization@37494ada with status=COMMITTED
15:58:46.468 [Test worker] DEBUG bitronix.tm.BitronixTransaction - executing synchronization org.hibernate.context.internal.JTASessionContext$CleanupSynch@6b05e893 with status=COMMITTED
15:58:46.468 [Test worker] DEBUG bitronix.tm.BitronixTransaction - executing synchronization a ClearContextSynchronization for a Bitronix Transaction with GTRID [737072696E672D62746D000001451725D49900000005], status=COMMITTED, 0 resource(s) enlisted (started Mon Mar 31 15:58:46 CST 2014) with status=COMMITTED
15:58:46.468 [Test worker] DEBUG b.tm.BitronixTransactionManager - clearing transaction from thread context: a ThreadContext (1129614395) with transaction a Bitronix Transaction with GTRID [737072696E672D62746D000001451725D49900000005], status=COMMITTED, 0 resource(s) enlisted (started Mon Mar 31 15:58:46 CST 2014), default timeout 60s
15:58:46.469 [Test worker] DEBUG b.tm.BitronixTransactionManager - removing transaction from in-flight transactions: a Bitronix Transaction with GTRID [737072696E672D62746D000001451725D49900000005], status=COMMITTED, 0 resource(s) enlisted (started Mon Mar 31 15:58:46 CST 2014)
15:58:46.469 [Test worker] DEBUG bitronix.tm.BitronixTransaction - executing synchronization a DeferredReleaseSynchronization of a JdbcPooledConnection from datasource jdbc/sharding in state NOT_ACCESSIBLE with usage count 0 wrapping org.postgresql.xa.PGXAConnection@7bf12aa7 with status=COMMITTED
15:58:46.469 [Test worker] DEBUG b.t.r.c.DeferredReleaseSynchronization - DeferredReleaseSynchronization requeuing a JdbcPooledConnection from datasource jdbc/sharding in state NOT_ACCESSIBLE with usage count 0 wrapping org.postgresql.xa.PGXAConnection@7bf12aa7
15:58:46.469 [Test worker] DEBUG b.t.r.c.AbstractXAStatefulHolder - notifying 2 stateChangeEventListener(s) about state changing from NOT_ACCESSIBLE to IN_POOL in a JdbcPooledConnection from datasource jdbc/sharding in state NOT_ACCESSIBLE with usage count 0 wrapping org.postgresql.xa.PGXAConnection@7bf12aa7
15:58:46.469 [Test worker] DEBUG b.t.r.jdbc.JdbcPooledConnection - closing 0 dangling uncached statement(s)
15:58:46.469 [Test worker] DEBUG bitronix.tm.resource.common.XAPool - removed a JdbcPooledConnection from datasource jdbc/sharding in state NOT_ACCESSIBLE with usage count 0 wrapping org.postgresql.xa.PGXAConnection@7bf12aa7 from the inaccessible pool
15:58:46.469 [Test worker] DEBUG b.t.r.c.AbstractXAStatefulHolder - state changing from NOT_ACCESSIBLE to IN_POOL in a JdbcPooledConnection from datasource jdbc/sharding in state NOT_ACCESSIBLE with usage count 0 wrapping org.postgresql.xa.PGXAConnection@7bf12aa7
15:58:46.469 [Test worker] DEBUG b.t.r.c.AbstractXAStatefulHolder - notifying 2 stateChangeEventListener(s) about state changed from NOT_ACCESSIBLE to IN_POOL in a JdbcPooledConnection from datasource jdbc/sharding in state IN_POOL with usage count 0 wrapping org.postgresql.xa.PGXAConnection@7bf12aa7
15:58:46.469 [Test worker] DEBUG bitronix.tm.resource.common.XAPool - added a JdbcPooledConnection from datasource jdbc/sharding in state IN_POOL with usage count 0 wrapping org.postgresql.xa.PGXAConnection@7bf12aa7 to the available pool
15:58:46.469 [Test worker] DEBUG b.t.r.c.DeferredReleaseSynchronization - DeferredReleaseSynchronization requeued a JdbcPooledConnection from datasource jdbc/sharding in state IN_POOL with usage count 0 wrapping org.postgresql.xa.PGXAConnection@7bf12aa7
15:58:46.469 [Test worker] DEBUG o.s.t.jta.JtaTransactionManager - Resuming suspended transaction after completion of inner transaction
15:58:46.469 [Test worker] DEBUG b.tm.BitronixTransactionManager - resuming a Bitronix Transaction with GTRID [737072696E672D62746D000001451725D48C00000004], status=ACTIVE, 0 resource(s) enlisted (started Mon Mar 31 15:58:46 CST 2014)
15:58:46.469 [Test worker] DEBUG bitronix.tm.internal.ThreadContext - assigning <a Bitronix Transaction with GTRID [737072696E672D62746D000001451725D48C00000004], status=ACTIVE, 0 resource(s) enlisted (started Mon Mar 31 15:58:46 CST 2014)> to <a ThreadContext (1129614395) with transaction null, default timeout 60s>
15:58:46.470 [Test worker] DEBUG bitronix.tm.BitronixTransaction - registering synchronization org.hibernate.engine.transaction.synchronization.internal.RegisteredSynchronization@55ed4b69
15:58:46.470 [Test worker] DEBUG bitronix.tm.BitronixTransaction - registering synchronization org.hibernate.context.internal.JTASessionContext$CleanupSynch@4df20691
]]></system-out>
  <system-err><![CDATA[]]></system-err>
</testsuite>
