<?xml version="1.1" encoding="UTF-8"?>
<testsuite name="com.junbo.authorization.test.UnitTest" tests="1" failures="0" errors="0" timestamp="2014-04-04T09:14:45" hostname="XumengChendeMacBook-Pro.local" time="0.305">
  <properties/>
  <testcase name="testAspect" classname="com.junbo.authorization.test.UnitTest" time="0.305"/>
  <system-out><![CDATA[17:14:46.018 [Test worker] DEBUG o.s.b.f.s.DefaultListableBeanFactory - Returning cached instance of singleton bean 'authorizeAspect'
17:14:46.038 [Test worker] DEBUG o.s.b.f.s.DefaultListableBeanFactory - Returning cached instance of singleton bean 'httpHeaders'
17:14:46.100 [Test worker] DEBUG o.s.b.f.s.DefaultListableBeanFactory - Returning cached instance of singleton bean 'httpHeaders'
{"id":123,"name":null,"createdBy":null}
17:14:46.167 [Test worker] DEBUG o.s.b.f.s.DefaultListableBeanFactory - Returning cached instance of singleton bean 'httpHeaders'
17:14:46.168 [Test worker] DEBUG o.s.b.f.s.DefaultListableBeanFactory - Returning cached instance of singleton bean 'httpHeaders'
{"id":456,"name":"name","createdBy":null}
17:14:46.171 [Test worker] DEBUG o.s.b.f.s.DefaultListableBeanFactory - Returning cached instance of singleton bean 'httpHeaders'
17:14:46.172 [Test worker] DEBUG o.s.b.f.s.DefaultListableBeanFactory - Returning cached instance of singleton bean 'httpHeaders'
{"id":456,"name":"name","createdBy":"system"}
]]></system-out>
  <system-err><![CDATA[]]></system-err>
</testsuite>
