<?xml version="1.1" encoding="UTF-8"?>
<testsuite name="com.junbo.common.jackson.piid.CascadeIdTest" tests="5" failures="0" errors="0" timestamp="2014-04-09T09:47:06" hostname="XumengChendeMacBook-Pro.local" time="0.123">
  <properties/>
  <testcase name="testBVT" classname="com.junbo.common.jackson.piid.CascadeIdTest" time="0.105"/>
  <testcase name="testCollectionSupport" classname="com.junbo.common.jackson.piid.CascadeIdTest" time="0.013"/>
  <testcase name="testIncompleteDeserialize" classname="com.junbo.common.jackson.piid.CascadeIdTest" time="0.001"/>
  <testcase name="testIncompleteSerialize" classname="com.junbo.common.jackson.piid.CascadeIdTest" time="0.001"/>
  <testcase name="testNullDeserialize" classname="com.junbo.common.jackson.piid.CascadeIdTest" time="0.0"/>
  <system-out><![CDATA[]]></system-out>
  <system-err><![CDATA[]]></system-err>
</testsuite>
