<?xml version="1.1" encoding="UTF-8"?>
<testsuite name="com.junbo.common.util.EnumRegistryTest" tests="5" failures="0" errors="0" timestamp="2014-04-09T09:47:07" hostname="XumengChendeMacBook-Pro.local" time="0.006">
  <properties/>
  <testcase name="testGetId" classname="com.junbo.common.util.EnumRegistryTest" time="0.001"/>
  <testcase name="testNotIdentifiableEnumGetId" classname="com.junbo.common.util.EnumRegistryTest" time="0.001"/>
  <testcase name="testNotIdentifiableEnumResolve" classname="com.junbo.common.util.EnumRegistryTest" time="0.001"/>
  <testcase name="testResolve" classname="com.junbo.common.util.EnumRegistryTest" time="0.001"/>
  <testcase name="testResolveNotExistId" classname="com.junbo.common.util.EnumRegistryTest" time="0.001"/>
  <system-out><![CDATA[]]></system-out>
  <system-err><![CDATA[]]></system-err>
</testsuite>
