<?xml version="1.1" encoding="UTF-8"?>
<testsuite name="com.junbo.common.test.PropertyAssignedAwareTest" tests="2" failures="0" errors="0" timestamp="2014-04-09T09:47:08" hostname="XumengChendeMacBook-Pro.local" time="0.668">
  <properties/>
  <testcase name="testDeserialize" classname="com.junbo.common.test.PropertyAssignedAwareTest" time="0.608"/>
  <testcase name="testSerialize" classname="com.junbo.common.test.PropertyAssignedAwareTest" time="0.059"/>
  <system-out><![CDATA[17:47:08.490 [Test worker] DEBUG o.s.core.env.StandardEnvironment - Adding [systemProperties] PropertySource with lowest search precedence
17:47:08.507 [Test worker] DEBUG o.s.core.env.StandardEnvironment - Adding [systemEnvironment] PropertySource with lowest search precedence
17:47:08.508 [Test worker] DEBUG o.s.core.env.StandardEnvironment - Initialized StandardEnvironment with PropertySources [systemProperties,systemEnvironment]
17:47:08.531 [Test worker] DEBUG o.s.c.a.ClassPathScanningCandidateComponentProvider - JSR-250 'javax.annotation.ManagedBean' found and supported for component scanning
17:47:08.535 [Test worker] DEBUG o.s.c.a.ClassPathScanningCandidateComponentProvider - JSR-330 'javax.inject.Named' annotation found and supported for component scanning
17:47:08.552 [Test worker] DEBUG o.s.c.i.s.PathMatchingResourcePatternResolver - Looking for matching resources in directory tree [/Users/xmchen/Workspace/git/main/common/common-lib/build/classes/main/com/junbo/common/id]
17:47:08.552 [Test worker] DEBUG o.s.c.i.s.PathMatchingResourcePatternResolver - Searching directory [/Users/xmchen/Workspace/git/main/common/common-lib/build/classes/main/com/junbo/common/id] for files matching pattern [/Users/xmchen/Workspace/git/main/common/common-lib/build/classes/main/com/junbo/common/id/**/*.class]
17:47:08.557 [Test worker] DEBUG o.s.c.i.s.PathMatchingResourcePatternResolver - Searching directory [/Users/xmchen/Workspace/git/main/common/common-lib/build/classes/main/com/junbo/common/id/converter] for files matching pattern [/Users/xmchen/Workspace/git/main/common/common-lib/build/classes/main/com/junbo/common/id/**/*.class]
17:47:08.560 [Test worker] DEBUG o.s.c.i.s.PathMatchingResourcePatternResolver - Searching directory [/Users/xmchen/Workspace/git/main/common/common-lib/build/classes/main/com/junbo/common/id/provider] for files matching pattern [/Users/xmchen/Workspace/git/main/common/common-lib/build/classes/main/com/junbo/common/id/**/*.class]
17:47:08.570 [Test worker] DEBUG o.s.c.i.s.PathMatchingResourcePatternResolver - Resolved location pattern [classpath*:com/junbo/common/id/**/*.class] to resources [file [/Users/xmchen/Workspace/git/main/common/common-lib/build/classes/main/com/junbo/common/id/AppId.class], file [/Users/xmchen/Workspace/git/main/common/common-lib/build/classes/main/com/junbo/common/id/AttributeId.class], file [/Users/xmchen/Workspace/git/main/common/common-lib/build/classes/main/com/junbo/common/id/BalanceId.class], file [/Users/xmchen/Workspace/git/main/common/common-lib/build/classes/main/com/junbo/common/id/BalanceLinkId.class], file [/Users/xmchen/Workspace/git/main/common/common-lib/build/classes/main/com/junbo/common/id/BillingAddressId.class], file [/Users/xmchen/Workspace/git/main/common/common-lib/build/classes/main/com/junbo/common/id/CartId.class], file [/Users/xmchen/Workspace/git/main/common/common-lib/build/classes/main/com/junbo/common/id/CartItemId.class], file [/Users/xmchen/Workspace/git/main/common/common-lib/build/classes/main/com/junbo/common/id/CategoryId.class], file [/Users/xmchen/Workspace/git/main/common/common-lib/build/classes/main/com/junbo/common/id/converter/IdTypeFromStringConverter$AbstractStringReader.class], file [/Users/xmchen/Workspace/git/main/common/common-lib/build/classes/main/com/junbo/common/id/converter/IdTypeFromStringConverter.class], file [/Users/xmchen/Workspace/git/main/common/common-lib/build/classes/main/com/junbo/common/id/CouponId.class], file [/Users/xmchen/Workspace/git/main/common/common-lib/build/classes/main/com/junbo/common/id/DeviceId.class], file [/Users/xmchen/Workspace/git/main/common/common-lib/build/classes/main/com/junbo/common/id/DiscountId.class], file [/Users/xmchen/Workspace/git/main/common/common-lib/build/classes/main/com/junbo/common/id/EmailId.class], file [/Users/xmchen/Workspace/git/main/common/common-lib/build/classes/main/com/junbo/common/id/EntitlementDefinitionId.class], file [/Users/xmchen/Workspace/git/main/common/common-lib/build/classes/main/com/junbo/common/id/EntitlementId.class], file [/Users/xmchen/Workspace/git/main/common/common-lib/build/classes/main/com/junbo/common/id/FulfillmentEventId.class], file [/Users/xmchen/Workspace/git/main/common/common-lib/build/classes/main/com/junbo/common/id/FulfilmentId.class], file [/Users/xmchen/Workspace/git/main/common/common-lib/build/classes/main/com/junbo/common/id/Id.class], file [/Users/xmchen/Workspace/git/main/common/common-lib/build/classes/main/com/junbo/common/id/ItemId.class], file [/Users/xmchen/Workspace/git/main/common/common-lib/build/classes/main/com/junbo/common/id/OfferId.class], file [/Users/xmchen/Workspace/git/main/common/common-lib/build/classes/main/com/junbo/common/id/OrderEventId.class], file [/Users/xmchen/Workspace/git/main/common/common-lib/build/classes/main/com/junbo/common/id/OrderId.class], file [/Users/xmchen/Workspace/git/main/common/common-lib/build/classes/main/com/junbo/common/id/OrderItemId.class], file [/Users/xmchen/Workspace/git/main/common/common-lib/build/classes/main/com/junbo/common/id/PasswordRuleId.class], file [/Users/xmchen/Workspace/git/main/common/common-lib/build/classes/main/com/junbo/common/id/PaymentInstrumentId.class], file [/Users/xmchen/Workspace/git/main/common/common-lib/build/classes/main/com/junbo/common/id/PreorderId.class], file [/Users/xmchen/Workspace/git/main/common/common-lib/build/classes/main/com/junbo/common/id/PriceTierId.class], file [/Users/xmchen/Workspace/git/main/common/common-lib/build/classes/main/com/junbo/common/id/PromotionId.class], file [/Users/xmchen/Workspace/git/main/common/common-lib/build/classes/main/com/junbo/common/id/provider/IdTypeFromStringProvider$1.class], file [/Users/xmchen/Workspace/git/main/common/common-lib/build/classes/main/com/junbo/common/id/provider/IdTypeFromStringProvider.class], file [/Users/xmchen/Workspace/git/main/common/common-lib/build/classes/main/com/junbo/common/id/SellerId.class], file [/Users/xmchen/Workspace/git/main/common/common-lib/build/classes/main/com/junbo/common/id/SellerTaxProfileId.class], file [/Users/xmchen/Workspace/git/main/common/common-lib/build/classes/main/com/junbo/common/id/ShippingAddressId.class], file [/Users/xmchen/Workspace/git/main/common/common-lib/build/classes/main/com/junbo/common/id/SubledgerId.class], file [/Users/xmchen/Workspace/git/main/common/common-lib/build/classes/main/com/junbo/common/id/SubscriptionId.class], file [/Users/xmchen/Workspace/git/main/common/common-lib/build/classes/main/com/junbo/common/id/TokenOrderId.class], file [/Users/xmchen/Workspace/git/main/common/common-lib/build/classes/main/com/junbo/common/id/TokenSetId.class], file [/Users/xmchen/Workspace/git/main/common/common-lib/build/classes/main/com/junbo/common/id/TosId.class], file [/Users/xmchen/Workspace/git/main/common/common-lib/build/classes/main/com/junbo/common/id/TransactionId.class], file [/Users/xmchen/Workspace/git/main/common/common-lib/build/classes/main/com/junbo/common/id/UserDeviceProfileId.class], file [/Users/xmchen/Workspace/git/main/common/common-lib/build/classes/main/com/junbo/common/id/UserFederationId.class], file [/Users/xmchen/Workspace/git/main/common/common-lib/build/classes/main/com/junbo/common/id/UserId.class], file [/Users/xmchen/Workspace/git/main/common/common-lib/build/classes/main/com/junbo/common/id/UserOptInId.class], file [/Users/xmchen/Workspace/git/main/common/common-lib/build/classes/main/com/junbo/common/id/UserProfileId.class], file [/Users/xmchen/Workspace/git/main/common/common-lib/build/classes/main/com/junbo/common/id/UserTosAcceptanceId.class], file [/Users/xmchen/Workspace/git/main/common/common-lib/build/classes/main/com/junbo/common/id/WalletId.class]]
17:47:08.630 [Test worker] DEBUG o.s.c.a.ClassPathScanningCandidateComponentProvider - Identified candidate component class: file [/Users/xmchen/Workspace/git/main/common/common-lib/build/classes/main/com/junbo/common/id/AppId.class]
17:47:08.630 [Test worker] DEBUG o.s.c.a.ClassPathScanningCandidateComponentProvider - Identified candidate component class: file [/Users/xmchen/Workspace/git/main/common/common-lib/build/classes/main/com/junbo/common/id/AttributeId.class]
17:47:08.631 [Test worker] DEBUG o.s.c.a.ClassPathScanningCandidateComponentProvider - Identified candidate component class: file [/Users/xmchen/Workspace/git/main/common/common-lib/build/classes/main/com/junbo/common/id/BalanceId.class]
17:47:08.631 [Test worker] DEBUG o.s.c.a.ClassPathScanningCandidateComponentProvider - Identified candidate component class: file [/Users/xmchen/Workspace/git/main/common/common-lib/build/classes/main/com/junbo/common/id/BalanceLinkId.class]
17:47:08.631 [Test worker] DEBUG o.s.c.a.ClassPathScanningCandidateComponentProvider - Identified candidate component class: file [/Users/xmchen/Workspace/git/main/common/common-lib/build/classes/main/com/junbo/common/id/BillingAddressId.class]
17:47:08.632 [Test worker] DEBUG o.s.c.a.ClassPathScanningCandidateComponentProvider - Identified candidate component class: file [/Users/xmchen/Workspace/git/main/common/common-lib/build/classes/main/com/junbo/common/id/CartId.class]
17:47:08.632 [Test worker] DEBUG o.s.c.a.ClassPathScanningCandidateComponentProvider - Identified candidate component class: file [/Users/xmchen/Workspace/git/main/common/common-lib/build/classes/main/com/junbo/common/id/CartItemId.class]
17:47:08.632 [Test worker] DEBUG o.s.c.a.ClassPathScanningCandidateComponentProvider - Identified candidate component class: file [/Users/xmchen/Workspace/git/main/common/common-lib/build/classes/main/com/junbo/common/id/CategoryId.class]
17:47:08.661 [Test worker] DEBUG o.s.c.a.ClassPathScanningCandidateComponentProvider - Identified candidate component class: file [/Users/xmchen/Workspace/git/main/common/common-lib/build/classes/main/com/junbo/common/id/CouponId.class]
17:47:08.661 [Test worker] DEBUG o.s.c.a.ClassPathScanningCandidateComponentProvider - Identified candidate component class: file [/Users/xmchen/Workspace/git/main/common/common-lib/build/classes/main/com/junbo/common/id/DeviceId.class]
17:47:08.662 [Test worker] DEBUG o.s.c.a.ClassPathScanningCandidateComponentProvider - Identified candidate component class: file [/Users/xmchen/Workspace/git/main/common/common-lib/build/classes/main/com/junbo/common/id/DiscountId.class]
17:47:08.662 [Test worker] DEBUG o.s.c.a.ClassPathScanningCandidateComponentProvider - Identified candidate component class: file [/Users/xmchen/Workspace/git/main/common/common-lib/build/classes/main/com/junbo/common/id/EmailId.class]
17:47:08.663 [Test worker] DEBUG o.s.c.a.ClassPathScanningCandidateComponentProvider - Identified candidate component class: file [/Users/xmchen/Workspace/git/main/common/common-lib/build/classes/main/com/junbo/common/id/EntitlementDefinitionId.class]
17:47:08.663 [Test worker] DEBUG o.s.c.a.ClassPathScanningCandidateComponentProvider - Identified candidate component class: file [/Users/xmchen/Workspace/git/main/common/common-lib/build/classes/main/com/junbo/common/id/EntitlementId.class]
17:47:08.663 [Test worker] DEBUG o.s.c.a.ClassPathScanningCandidateComponentProvider - Identified candidate component class: file [/Users/xmchen/Workspace/git/main/common/common-lib/build/classes/main/com/junbo/common/id/FulfillmentEventId.class]
17:47:08.664 [Test worker] DEBUG o.s.c.a.ClassPathScanningCandidateComponentProvider - Identified candidate component class: file [/Users/xmchen/Workspace/git/main/common/common-lib/build/classes/main/com/junbo/common/id/FulfilmentId.class]
17:47:08.665 [Test worker] DEBUG o.s.c.a.ClassPathScanningCandidateComponentProvider - Ignored because not a concrete top-level class: file [/Users/xmchen/Workspace/git/main/common/common-lib/build/classes/main/com/junbo/common/id/Id.class]
17:47:08.666 [Test worker] DEBUG o.s.c.a.ClassPathScanningCandidateComponentProvider - Identified candidate component class: file [/Users/xmchen/Workspace/git/main/common/common-lib/build/classes/main/com/junbo/common/id/ItemId.class]
17:47:08.666 [Test worker] DEBUG o.s.c.a.ClassPathScanningCandidateComponentProvider - Identified candidate component class: file [/Users/xmchen/Workspace/git/main/common/common-lib/build/classes/main/com/junbo/common/id/OfferId.class]
17:47:08.666 [Test worker] DEBUG o.s.c.a.ClassPathScanningCandidateComponentProvider - Identified candidate component class: file [/Users/xmchen/Workspace/git/main/common/common-lib/build/classes/main/com/junbo/common/id/OrderEventId.class]
17:47:08.667 [Test worker] DEBUG o.s.c.a.ClassPathScanningCandidateComponentProvider - Identified candidate component class: file [/Users/xmchen/Workspace/git/main/common/common-lib/build/classes/main/com/junbo/common/id/OrderId.class]
17:47:08.667 [Test worker] DEBUG o.s.c.a.ClassPathScanningCandidateComponentProvider - Identified candidate component class: file [/Users/xmchen/Workspace/git/main/common/common-lib/build/classes/main/com/junbo/common/id/OrderItemId.class]
17:47:08.668 [Test worker] DEBUG o.s.c.a.ClassPathScanningCandidateComponentProvider - Identified candidate component class: file [/Users/xmchen/Workspace/git/main/common/common-lib/build/classes/main/com/junbo/common/id/PasswordRuleId.class]
17:47:08.668 [Test worker] DEBUG o.s.c.a.ClassPathScanningCandidateComponentProvider - Identified candidate component class: file [/Users/xmchen/Workspace/git/main/common/common-lib/build/classes/main/com/junbo/common/id/PaymentInstrumentId.class]
17:47:08.668 [Test worker] DEBUG o.s.c.a.ClassPathScanningCandidateComponentProvider - Identified candidate component class: file [/Users/xmchen/Workspace/git/main/common/common-lib/build/classes/main/com/junbo/common/id/PreorderId.class]
17:47:08.669 [Test worker] DEBUG o.s.c.a.ClassPathScanningCandidateComponentProvider - Identified candidate component class: file [/Users/xmchen/Workspace/git/main/common/common-lib/build/classes/main/com/junbo/common/id/PriceTierId.class]
17:47:08.669 [Test worker] DEBUG o.s.c.a.ClassPathScanningCandidateComponentProvider - Identified candidate component class: file [/Users/xmchen/Workspace/git/main/common/common-lib/build/classes/main/com/junbo/common/id/PromotionId.class]
17:47:08.675 [Test worker] DEBUG o.s.c.a.ClassPathScanningCandidateComponentProvider - Identified candidate component class: file [/Users/xmchen/Workspace/git/main/common/common-lib/build/classes/main/com/junbo/common/id/SellerId.class]
17:47:08.675 [Test worker] DEBUG o.s.c.a.ClassPathScanningCandidateComponentProvider - Identified candidate component class: file [/Users/xmchen/Workspace/git/main/common/common-lib/build/classes/main/com/junbo/common/id/SellerTaxProfileId.class]
17:47:08.676 [Test worker] DEBUG o.s.c.a.ClassPathScanningCandidateComponentProvider - Identified candidate component class: file [/Users/xmchen/Workspace/git/main/common/common-lib/build/classes/main/com/junbo/common/id/ShippingAddressId.class]
17:47:08.676 [Test worker] DEBUG o.s.c.a.ClassPathScanningCandidateComponentProvider - Identified candidate component class: file [/Users/xmchen/Workspace/git/main/common/common-lib/build/classes/main/com/junbo/common/id/SubledgerId.class]
17:47:08.677 [Test worker] DEBUG o.s.c.a.ClassPathScanningCandidateComponentProvider - Identified candidate component class: file [/Users/xmchen/Workspace/git/main/common/common-lib/build/classes/main/com/junbo/common/id/SubscriptionId.class]
17:47:08.677 [Test worker] DEBUG o.s.c.a.ClassPathScanningCandidateComponentProvider - Identified candidate component class: file [/Users/xmchen/Workspace/git/main/common/common-lib/build/classes/main/com/junbo/common/id/TokenOrderId.class]
17:47:08.677 [Test worker] DEBUG o.s.c.a.ClassPathScanningCandidateComponentProvider - Identified candidate component class: file [/Users/xmchen/Workspace/git/main/common/common-lib/build/classes/main/com/junbo/common/id/TokenSetId.class]
17:47:08.678 [Test worker] DEBUG o.s.c.a.ClassPathScanningCandidateComponentProvider - Identified candidate component class: file [/Users/xmchen/Workspace/git/main/common/common-lib/build/classes/main/com/junbo/common/id/TosId.class]
17:47:08.678 [Test worker] DEBUG o.s.c.a.ClassPathScanningCandidateComponentProvider - Identified candidate component class: file [/Users/xmchen/Workspace/git/main/common/common-lib/build/classes/main/com/junbo/common/id/TransactionId.class]
17:47:08.679 [Test worker] DEBUG o.s.c.a.ClassPathScanningCandidateComponentProvider - Identified candidate component class: file [/Users/xmchen/Workspace/git/main/common/common-lib/build/classes/main/com/junbo/common/id/UserDeviceProfileId.class]
17:47:08.679 [Test worker] DEBUG o.s.c.a.ClassPathScanningCandidateComponentProvider - Identified candidate component class: file [/Users/xmchen/Workspace/git/main/common/common-lib/build/classes/main/com/junbo/common/id/UserFederationId.class]
17:47:08.679 [Test worker] DEBUG o.s.c.a.ClassPathScanningCandidateComponentProvider - Identified candidate component class: file [/Users/xmchen/Workspace/git/main/common/common-lib/build/classes/main/com/junbo/common/id/UserId.class]
17:47:08.680 [Test worker] DEBUG o.s.c.a.ClassPathScanningCandidateComponentProvider - Identified candidate component class: file [/Users/xmchen/Workspace/git/main/common/common-lib/build/classes/main/com/junbo/common/id/UserOptInId.class]
17:47:08.680 [Test worker] DEBUG o.s.c.a.ClassPathScanningCandidateComponentProvider - Identified candidate component class: file [/Users/xmchen/Workspace/git/main/common/common-lib/build/classes/main/com/junbo/common/id/UserProfileId.class]
17:47:08.681 [Test worker] DEBUG o.s.c.a.ClassPathScanningCandidateComponentProvider - Identified candidate component class: file [/Users/xmchen/Workspace/git/main/common/common-lib/build/classes/main/com/junbo/common/id/UserTosAcceptanceId.class]
17:47:08.681 [Test worker] DEBUG o.s.c.a.ClassPathScanningCandidateComponentProvider - Identified candidate component class: file [/Users/xmchen/Workspace/git/main/common/common-lib/build/classes/main/com/junbo/common/id/WalletId.class]
17:47:08.712 [Test worker] DEBUG o.s.core.env.StandardEnvironment - Adding [systemProperties] PropertySource with lowest search precedence
17:47:08.712 [Test worker] DEBUG o.s.core.env.StandardEnvironment - Adding [systemEnvironment] PropertySource with lowest search precedence
17:47:08.712 [Test worker] DEBUG o.s.core.env.StandardEnvironment - Initialized StandardEnvironment with PropertySources [systemProperties,systemEnvironment]
17:47:08.713 [Test worker] DEBUG o.s.c.a.ClassPathScanningCandidateComponentProvider - JSR-250 'javax.annotation.ManagedBean' found and supported for component scanning
17:47:08.713 [Test worker] DEBUG o.s.c.a.ClassPathScanningCandidateComponentProvider - JSR-330 'javax.inject.Named' annotation found and supported for component scanning
17:47:08.713 [Test worker] DEBUG o.s.c.i.s.PathMatchingResourcePatternResolver - Looking for matching resources in directory tree [/Users/xmchen/Workspace/git/main/common/common-lib/build/classes/main/com/junbo/common/id]
17:47:08.714 [Test worker] DEBUG o.s.c.i.s.PathMatchingResourcePatternResolver - Searching directory [/Users/xmchen/Workspace/git/main/common/common-lib/build/classes/main/com/junbo/common/id] for files matching pattern [/Users/xmchen/Workspace/git/main/common/common-lib/build/classes/main/com/junbo/common/id/**/*.class]
17:47:08.716 [Test worker] DEBUG o.s.c.i.s.PathMatchingResourcePatternResolver - Searching directory [/Users/xmchen/Workspace/git/main/common/common-lib/build/classes/main/com/junbo/common/id/converter] for files matching pattern [/Users/xmchen/Workspace/git/main/common/common-lib/build/classes/main/com/junbo/common/id/**/*.class]
17:47:08.721 [Test worker] DEBUG o.s.c.i.s.PathMatchingResourcePatternResolver - Searching directory [/Users/xmchen/Workspace/git/main/common/common-lib/build/classes/main/com/junbo/common/id/provider] for files matching pattern [/Users/xmchen/Workspace/git/main/common/common-lib/build/classes/main/com/junbo/common/id/**/*.class]
17:47:08.729 [Test worker] DEBUG o.s.c.i.s.PathMatchingResourcePatternResolver - Resolved location pattern [classpath*:com/junbo/common/id/**/*.class] to resources [file [/Users/xmchen/Workspace/git/main/common/common-lib/build/classes/main/com/junbo/common/id/AppId.class], file [/Users/xmchen/Workspace/git/main/common/common-lib/build/classes/main/com/junbo/common/id/AttributeId.class], file [/Users/xmchen/Workspace/git/main/common/common-lib/build/classes/main/com/junbo/common/id/BalanceId.class], file [/Users/xmchen/Workspace/git/main/common/common-lib/build/classes/main/com/junbo/common/id/BalanceLinkId.class], file [/Users/xmchen/Workspace/git/main/common/common-lib/build/classes/main/com/junbo/common/id/BillingAddressId.class], file [/Users/xmchen/Workspace/git/main/common/common-lib/build/classes/main/com/junbo/common/id/CartId.class], file [/Users/xmchen/Workspace/git/main/common/common-lib/build/classes/main/com/junbo/common/id/CartItemId.class], file [/Users/xmchen/Workspace/git/main/common/common-lib/build/classes/main/com/junbo/common/id/CategoryId.class], file [/Users/xmchen/Workspace/git/main/common/common-lib/build/classes/main/com/junbo/common/id/converter/IdTypeFromStringConverter$AbstractStringReader.class], file [/Users/xmchen/Workspace/git/main/common/common-lib/build/classes/main/com/junbo/common/id/converter/IdTypeFromStringConverter.class], file [/Users/xmchen/Workspace/git/main/common/common-lib/build/classes/main/com/junbo/common/id/CouponId.class], file [/Users/xmchen/Workspace/git/main/common/common-lib/build/classes/main/com/junbo/common/id/DeviceId.class], file [/Users/xmchen/Workspace/git/main/common/common-lib/build/classes/main/com/junbo/common/id/DiscountId.class], file [/Users/xmchen/Workspace/git/main/common/common-lib/build/classes/main/com/junbo/common/id/EmailId.class], file [/Users/xmchen/Workspace/git/main/common/common-lib/build/classes/main/com/junbo/common/id/EntitlementDefinitionId.class], file [/Users/xmchen/Workspace/git/main/common/common-lib/build/classes/main/com/junbo/common/id/EntitlementId.class], file [/Users/xmchen/Workspace/git/main/common/common-lib/build/classes/main/com/junbo/common/id/FulfillmentEventId.class], file [/Users/xmchen/Workspace/git/main/common/common-lib/build/classes/main/com/junbo/common/id/FulfilmentId.class], file [/Users/xmchen/Workspace/git/main/common/common-lib/build/classes/main/com/junbo/common/id/Id.class], file [/Users/xmchen/Workspace/git/main/common/common-lib/build/classes/main/com/junbo/common/id/ItemId.class], file [/Users/xmchen/Workspace/git/main/common/common-lib/build/classes/main/com/junbo/common/id/OfferId.class], file [/Users/xmchen/Workspace/git/main/common/common-lib/build/classes/main/com/junbo/common/id/OrderEventId.class], file [/Users/xmchen/Workspace/git/main/common/common-lib/build/classes/main/com/junbo/common/id/OrderId.class], file [/Users/xmchen/Workspace/git/main/common/common-lib/build/classes/main/com/junbo/common/id/OrderItemId.class], file [/Users/xmchen/Workspace/git/main/common/common-lib/build/classes/main/com/junbo/common/id/PasswordRuleId.class], file [/Users/xmchen/Workspace/git/main/common/common-lib/build/classes/main/com/junbo/common/id/PaymentInstrumentId.class], file [/Users/xmchen/Workspace/git/main/common/common-lib/build/classes/main/com/junbo/common/id/PreorderId.class], file [/Users/xmchen/Workspace/git/main/common/common-lib/build/classes/main/com/junbo/common/id/PriceTierId.class], file [/Users/xmchen/Workspace/git/main/common/common-lib/build/classes/main/com/junbo/common/id/PromotionId.class], file [/Users/xmchen/Workspace/git/main/common/common-lib/build/classes/main/com/junbo/common/id/provider/IdTypeFromStringProvider$1.class], file [/Users/xmchen/Workspace/git/main/common/common-lib/build/classes/main/com/junbo/common/id/provider/IdTypeFromStringProvider.class], file [/Users/xmchen/Workspace/git/main/common/common-lib/build/classes/main/com/junbo/common/id/SellerId.class], file [/Users/xmchen/Workspace/git/main/common/common-lib/build/classes/main/com/junbo/common/id/SellerTaxProfileId.class], file [/Users/xmchen/Workspace/git/main/common/common-lib/build/classes/main/com/junbo/common/id/ShippingAddressId.class], file [/Users/xmchen/Workspace/git/main/common/common-lib/build/classes/main/com/junbo/common/id/SubledgerId.class], file [/Users/xmchen/Workspace/git/main/common/common-lib/build/classes/main/com/junbo/common/id/SubscriptionId.class], file [/Users/xmchen/Workspace/git/main/common/common-lib/build/classes/main/com/junbo/common/id/TokenOrderId.class], file [/Users/xmchen/Workspace/git/main/common/common-lib/build/classes/main/com/junbo/common/id/TokenSetId.class], file [/Users/xmchen/Workspace/git/main/common/common-lib/build/classes/main/com/junbo/common/id/TosId.class], file [/Users/xmchen/Workspace/git/main/common/common-lib/build/classes/main/com/junbo/common/id/TransactionId.class], file [/Users/xmchen/Workspace/git/main/common/common-lib/build/classes/main/com/junbo/common/id/UserDeviceProfileId.class], file [/Users/xmchen/Workspace/git/main/common/common-lib/build/classes/main/com/junbo/common/id/UserFederationId.class], file [/Users/xmchen/Workspace/git/main/common/common-lib/build/classes/main/com/junbo/common/id/UserId.class], file [/Users/xmchen/Workspace/git/main/common/common-lib/build/classes/main/com/junbo/common/id/UserOptInId.class], file [/Users/xmchen/Workspace/git/main/common/common-lib/build/classes/main/com/junbo/common/id/UserProfileId.class], file [/Users/xmchen/Workspace/git/main/common/common-lib/build/classes/main/com/junbo/common/id/UserTosAcceptanceId.class], file [/Users/xmchen/Workspace/git/main/common/common-lib/build/classes/main/com/junbo/common/id/WalletId.class]]
17:47:08.743 [Test worker] DEBUG o.s.c.a.ClassPathScanningCandidateComponentProvider - Identified candidate component class: file [/Users/xmchen/Workspace/git/main/common/common-lib/build/classes/main/com/junbo/common/id/AppId.class]
17:47:08.743 [Test worker] DEBUG o.s.c.a.ClassPathScanningCandidateComponentProvider - Identified candidate component class: file [/Users/xmchen/Workspace/git/main/common/common-lib/build/classes/main/com/junbo/common/id/AttributeId.class]
17:47:08.744 [Test worker] DEBUG o.s.c.a.ClassPathScanningCandidateComponentProvider - Identified candidate component class: file [/Users/xmchen/Workspace/git/main/common/common-lib/build/classes/main/com/junbo/common/id/BalanceId.class]
17:47:08.744 [Test worker] DEBUG o.s.c.a.ClassPathScanningCandidateComponentProvider - Identified candidate component class: file [/Users/xmchen/Workspace/git/main/common/common-lib/build/classes/main/com/junbo/common/id/BalanceLinkId.class]
17:47:08.744 [Test worker] DEBUG o.s.c.a.ClassPathScanningCandidateComponentProvider - Identified candidate component class: file [/Users/xmchen/Workspace/git/main/common/common-lib/build/classes/main/com/junbo/common/id/BillingAddressId.class]
17:47:08.745 [Test worker] DEBUG o.s.c.a.ClassPathScanningCandidateComponentProvider - Identified candidate component class: file [/Users/xmchen/Workspace/git/main/common/common-lib/build/classes/main/com/junbo/common/id/CartId.class]
17:47:08.745 [Test worker] DEBUG o.s.c.a.ClassPathScanningCandidateComponentProvider - Identified candidate component class: file [/Users/xmchen/Workspace/git/main/common/common-lib/build/classes/main/com/junbo/common/id/CartItemId.class]
17:47:08.745 [Test worker] DEBUG o.s.c.a.ClassPathScanningCandidateComponentProvider - Identified candidate component class: file [/Users/xmchen/Workspace/git/main/common/common-lib/build/classes/main/com/junbo/common/id/CategoryId.class]
17:47:08.748 [Test worker] DEBUG o.s.c.a.ClassPathScanningCandidateComponentProvider - Identified candidate component class: file [/Users/xmchen/Workspace/git/main/common/common-lib/build/classes/main/com/junbo/common/id/CouponId.class]
17:47:08.748 [Test worker] DEBUG o.s.c.a.ClassPathScanningCandidateComponentProvider - Identified candidate component class: file [/Users/xmchen/Workspace/git/main/common/common-lib/build/classes/main/com/junbo/common/id/DeviceId.class]
17:47:08.749 [Test worker] DEBUG o.s.c.a.ClassPathScanningCandidateComponentProvider - Identified candidate component class: file [/Users/xmchen/Workspace/git/main/common/common-lib/build/classes/main/com/junbo/common/id/DiscountId.class]
17:47:08.749 [Test worker] DEBUG o.s.c.a.ClassPathScanningCandidateComponentProvider - Identified candidate component class: file [/Users/xmchen/Workspace/git/main/common/common-lib/build/classes/main/com/junbo/common/id/EmailId.class]
17:47:08.749 [Test worker] DEBUG o.s.c.a.ClassPathScanningCandidateComponentProvider - Identified candidate component class: file [/Users/xmchen/Workspace/git/main/common/common-lib/build/classes/main/com/junbo/common/id/EntitlementDefinitionId.class]
17:47:08.750 [Test worker] DEBUG o.s.c.a.ClassPathScanningCandidateComponentProvider - Identified candidate component class: file [/Users/xmchen/Workspace/git/main/common/common-lib/build/classes/main/com/junbo/common/id/EntitlementId.class]
17:47:08.750 [Test worker] DEBUG o.s.c.a.ClassPathScanningCandidateComponentProvider - Identified candidate component class: file [/Users/xmchen/Workspace/git/main/common/common-lib/build/classes/main/com/junbo/common/id/FulfillmentEventId.class]
17:47:08.751 [Test worker] DEBUG o.s.c.a.ClassPathScanningCandidateComponentProvider - Identified candidate component class: file [/Users/xmchen/Workspace/git/main/common/common-lib/build/classes/main/com/junbo/common/id/FulfilmentId.class]
17:47:08.751 [Test worker] DEBUG o.s.c.a.ClassPathScanningCandidateComponentProvider - Ignored because not a concrete top-level class: file [/Users/xmchen/Workspace/git/main/common/common-lib/build/classes/main/com/junbo/common/id/Id.class]
17:47:08.752 [Test worker] DEBUG o.s.c.a.ClassPathScanningCandidateComponentProvider - Identified candidate component class: file [/Users/xmchen/Workspace/git/main/common/common-lib/build/classes/main/com/junbo/common/id/ItemId.class]
17:47:08.752 [Test worker] DEBUG o.s.c.a.ClassPathScanningCandidateComponentProvider - Identified candidate component class: file [/Users/xmchen/Workspace/git/main/common/common-lib/build/classes/main/com/junbo/common/id/OfferId.class]
17:47:08.752 [Test worker] DEBUG o.s.c.a.ClassPathScanningCandidateComponentProvider - Identified candidate component class: file [/Users/xmchen/Workspace/git/main/common/common-lib/build/classes/main/com/junbo/common/id/OrderEventId.class]
17:47:08.753 [Test worker] DEBUG o.s.c.a.ClassPathScanningCandidateComponentProvider - Identified candidate component class: file [/Users/xmchen/Workspace/git/main/common/common-lib/build/classes/main/com/junbo/common/id/OrderId.class]
17:47:08.753 [Test worker] DEBUG o.s.c.a.ClassPathScanningCandidateComponentProvider - Identified candidate component class: file [/Users/xmchen/Workspace/git/main/common/common-lib/build/classes/main/com/junbo/common/id/OrderItemId.class]
17:47:08.754 [Test worker] DEBUG o.s.c.a.ClassPathScanningCandidateComponentProvider - Identified candidate component class: file [/Users/xmchen/Workspace/git/main/common/common-lib/build/classes/main/com/junbo/common/id/PasswordRuleId.class]
17:47:08.755 [Test worker] DEBUG o.s.c.a.ClassPathScanningCandidateComponentProvider - Identified candidate component class: file [/Users/xmchen/Workspace/git/main/common/common-lib/build/classes/main/com/junbo/common/id/PaymentInstrumentId.class]
17:47:08.756 [Test worker] DEBUG o.s.c.a.ClassPathScanningCandidateComponentProvider - Identified candidate component class: file [/Users/xmchen/Workspace/git/main/common/common-lib/build/classes/main/com/junbo/common/id/PreorderId.class]
17:47:08.756 [Test worker] DEBUG o.s.c.a.ClassPathScanningCandidateComponentProvider - Identified candidate component class: file [/Users/xmchen/Workspace/git/main/common/common-lib/build/classes/main/com/junbo/common/id/PriceTierId.class]
17:47:08.756 [Test worker] DEBUG o.s.c.a.ClassPathScanningCandidateComponentProvider - Identified candidate component class: file [/Users/xmchen/Workspace/git/main/common/common-lib/build/classes/main/com/junbo/common/id/PromotionId.class]
17:47:08.760 [Test worker] DEBUG o.s.c.a.ClassPathScanningCandidateComponentProvider - Identified candidate component class: file [/Users/xmchen/Workspace/git/main/common/common-lib/build/classes/main/com/junbo/common/id/SellerId.class]
17:47:08.760 [Test worker] DEBUG o.s.c.a.ClassPathScanningCandidateComponentProvider - Identified candidate component class: file [/Users/xmchen/Workspace/git/main/common/common-lib/build/classes/main/com/junbo/common/id/SellerTaxProfileId.class]
17:47:08.760 [Test worker] DEBUG o.s.c.a.ClassPathScanningCandidateComponentProvider - Identified candidate component class: file [/Users/xmchen/Workspace/git/main/common/common-lib/build/classes/main/com/junbo/common/id/ShippingAddressId.class]
17:47:08.761 [Test worker] DEBUG o.s.c.a.ClassPathScanningCandidateComponentProvider - Identified candidate component class: file [/Users/xmchen/Workspace/git/main/common/common-lib/build/classes/main/com/junbo/common/id/SubledgerId.class]
17:47:08.761 [Test worker] DEBUG o.s.c.a.ClassPathScanningCandidateComponentProvider - Identified candidate component class: file [/Users/xmchen/Workspace/git/main/common/common-lib/build/classes/main/com/junbo/common/id/SubscriptionId.class]
17:47:08.762 [Test worker] DEBUG o.s.c.a.ClassPathScanningCandidateComponentProvider - Identified candidate component class: file [/Users/xmchen/Workspace/git/main/common/common-lib/build/classes/main/com/junbo/common/id/TokenOrderId.class]
17:47:08.762 [Test worker] DEBUG o.s.c.a.ClassPathScanningCandidateComponentProvider - Identified candidate component class: file [/Users/xmchen/Workspace/git/main/common/common-lib/build/classes/main/com/junbo/common/id/TokenSetId.class]
17:47:08.762 [Test worker] DEBUG o.s.c.a.ClassPathScanningCandidateComponentProvider - Identified candidate component class: file [/Users/xmchen/Workspace/git/main/common/common-lib/build/classes/main/com/junbo/common/id/TosId.class]
17:47:08.763 [Test worker] DEBUG o.s.c.a.ClassPathScanningCandidateComponentProvider - Identified candidate component class: file [/Users/xmchen/Workspace/git/main/common/common-lib/build/classes/main/com/junbo/common/id/TransactionId.class]
17:47:08.763 [Test worker] DEBUG o.s.c.a.ClassPathScanningCandidateComponentProvider - Identified candidate component class: file [/Users/xmchen/Workspace/git/main/common/common-lib/build/classes/main/com/junbo/common/id/UserDeviceProfileId.class]
17:47:08.763 [Test worker] DEBUG o.s.c.a.ClassPathScanningCandidateComponentProvider - Identified candidate component class: file [/Users/xmchen/Workspace/git/main/common/common-lib/build/classes/main/com/junbo/common/id/UserFederationId.class]
17:47:08.764 [Test worker] DEBUG o.s.c.a.ClassPathScanningCandidateComponentProvider - Identified candidate component class: file [/Users/xmchen/Workspace/git/main/common/common-lib/build/classes/main/com/junbo/common/id/UserId.class]
17:47:08.764 [Test worker] DEBUG o.s.c.a.ClassPathScanningCandidateComponentProvider - Identified candidate component class: file [/Users/xmchen/Workspace/git/main/common/common-lib/build/classes/main/com/junbo/common/id/UserOptInId.class]
17:47:08.764 [Test worker] DEBUG o.s.c.a.ClassPathScanningCandidateComponentProvider - Identified candidate component class: file [/Users/xmchen/Workspace/git/main/common/common-lib/build/classes/main/com/junbo/common/id/UserProfileId.class]
17:47:08.765 [Test worker] DEBUG o.s.c.a.ClassPathScanningCandidateComponentProvider - Identified candidate component class: file [/Users/xmchen/Workspace/git/main/common/common-lib/build/classes/main/com/junbo/common/id/UserTosAcceptanceId.class]
17:47:08.765 [Test worker] DEBUG o.s.c.a.ClassPathScanningCandidateComponentProvider - Identified candidate component class: file [/Users/xmchen/Workspace/git/main/common/common-lib/build/classes/main/com/junbo/common/id/WalletId.class]
]]></system-out>
  <system-err><![CDATA[]]></system-err>
</testsuite>
