<?xml version="1.1" encoding="UTF-8"?>
<testsuite name="com.junbo.fulfilment.db.dao.FulfilmentActionDaoTest" tests="2" failures="0" errors="0" timestamp="2014-03-31T08:05:26" hostname="XumengChendeMacBook-Pro.local" time="0.284">
  <properties/>
  <testcase name="testCreate" classname="com.junbo.fulfilment.db.dao.FulfilmentActionDaoTest" time="0.272"/>
  <testcase name="testGet" classname="com.junbo.fulfilment.db.dao.FulfilmentActionDaoTest" time="0.003"/>
  <system-out><![CDATA[16:05:26.367 [Test worker] DEBUG o.s.b.f.s.DefaultListableBeanFactory - Returning cached instance of singleton bean 'org.springframework.transaction.interceptor.TransactionInterceptor#0'
16:05:26.370 [Test worker] DEBUG o.s.b.f.s.DefaultListableBeanFactory - Returning cached instance of singleton bean 'transactionManager'
16:05:26.371 [Test worker] DEBUG o.s.t.jta.JtaTransactionManager - Suspending current transaction, creating new transaction with name [com.junbo.sharding.id.oculus.OculusGlobalCounterInDBImpl.getAndIncrease]
16:05:26.371 [Test worker] DEBUG b.tm.BitronixTransactionManager - suspending transaction a Bitronix Transaction with GTRID [737072696E672D62746D00000145172BEED500000001], status=ACTIVE, 0 resource(s) enlisted (started Mon Mar 31 16:05:26 CST 2014)
16:05:26.371 [Test worker] DEBUG b.tm.BitronixTransactionManager - clearing current thread context: a ThreadContext (1134084554) with transaction a Bitronix Transaction with GTRID [737072696E672D62746D00000145172BEED500000001], status=ACTIVE, 0 resource(s) enlisted (started Mon Mar 31 16:05:26 CST 2014), default timeout 60s
16:05:26.371 [Test worker] DEBUG b.tm.BitronixTransactionManager - beginning a new transaction
16:05:26.371 [Test worker] DEBUG b.tm.BitronixTransactionManager - dumping 1 transaction context(s)
16:05:26.372 [Test worker] DEBUG b.tm.BitronixTransactionManager - a Bitronix Transaction with GTRID [737072696E672D62746D00000145172BEED500000001], status=ACTIVE, 0 resource(s) enlisted (started Mon Mar 31 16:05:26 CST 2014)
16:05:26.372 [Test worker] DEBUG bitronix.tm.BitronixTransaction - creating new transaction with GTRID [737072696E672D62746D00000145172BEEE400000002]
16:05:26.372 [Test worker] DEBUG bitronix.tm.internal.ThreadContext - assigning <a Bitronix Transaction with GTRID [737072696E672D62746D00000145172BEEE400000002], status=NO_TRANSACTION, 0 resource(s) enlisted (started null)> to <a ThreadContext (1134084554) with transaction null, default timeout 60s>
16:05:26.372 [Test worker] DEBUG bitronix.tm.BitronixTransaction - changing transaction status to ACTIVE
16:05:26.372 [Test worker] DEBUG bitronix.tm.BitronixTransaction - transaction status is changing from NO_TRANSACTION to ACTIVE - executing 0 listener(s)
16:05:26.372 [Test worker] DEBUG bitronix.tm.timer.TaskScheduler - scheduling transaction timeout task on a Bitronix Transaction with GTRID [737072696E672D62746D00000145172BEEE400000002], status=ACTIVE, 0 resource(s) enlisted (started Mon Mar 31 16:05:26 CST 2014) for Mon Mar 31 16:06:26 CST 2014
16:05:26.372 [Test worker] DEBUG bitronix.tm.timer.TaskScheduler - removing task by a Bitronix Transaction with GTRID [737072696E672D62746D00000145172BEEE400000002], status=ACTIVE, 0 resource(s) enlisted (started Mon Mar 31 16:05:26 CST 2014)
16:05:26.372 [Test worker] DEBUG bitronix.tm.timer.TaskScheduler - scheduled a TransactionTimeoutTask on a Bitronix Transaction with GTRID [737072696E672D62746D00000145172BEEE400000002], status=ACTIVE, 0 resource(s) enlisted (started Mon Mar 31 16:05:26 CST 2014) scheduled for Mon Mar 31 16:06:26 CST 2014, total task(s) queued: 5
16:05:26.372 [Test worker] DEBUG b.tm.BitronixTransactionManager - begun new transaction at Mon Mar 31 16:05:26 CST 2014
16:05:26.377 [Test worker] DEBUG o.s.t.a.AnnotationTransactionAttributeSource - Adding transactional method 'IdGlobalCounterDAOImpl.get' with attribute: PROPAGATION_REQUIRED,ISOLATION_DEFAULT; ''
16:05:26.377 [Test worker] DEBUG o.s.b.f.s.DefaultListableBeanFactory - Returning cached instance of singleton bean 'transactionManager'
16:05:26.377 [Test worker] DEBUG o.s.t.jta.JtaTransactionManager - Participating in existing transaction
16:05:26.401 [bitronix-async-jmx-worker] DEBUG b.tm.utils.ManagementRegistrar - Calling ManagementRegisterCommand on object with name bitronix.tm:type=Transaction,Gtrid=737072696E672D62746D00000145172BEED500000001
16:05:26.402 [bitronix-async-jmx-worker] DEBUG b.tm.utils.ManagementRegistrar - Calling ManagementRegisterCommand on object with name bitronix.tm:type=Transaction,Gtrid=737072696E672D62746D00000145172BEEE400000002
16:05:26.416 [Test worker] DEBUG bitronix.tm.BitronixTransaction - registering synchronization org.hibernate.engine.transaction.synchronization.internal.RegisteredSynchronization@2c3dbf01
16:05:26.417 [Test worker] DEBUG o.h.e.t.i.TransactionCoordinatorImpl - successfully registered Synchronization
16:05:26.417 [Test worker] DEBUG org.hibernate.internal.SessionImpl - Opened session at timestamp: 13962531263
16:05:26.418 [Test worker] DEBUG bitronix.tm.BitronixTransaction - registering synchronization org.hibernate.context.internal.JTASessionContext$CleanupSynch@44aca693
16:05:26.453 [Test worker] DEBUG o.h.e.j.i.LogicalConnectionImpl - Obtaining JDBC connection
16:05:26.453 [Test worker] DEBUG b.tm.resource.jdbc.PoolingDataSource - acquiring connection from a PoolingDataSource containing an XAPool of resource jdbc/sharding with 3 connection(s) (3 still available)
16:05:26.453 [Test worker] DEBUG bitronix.tm.resource.common.XAPool - trying to recycle a NOT_ACCESSIBLE connection of an XAPool of resource jdbc/sharding with 3 connection(s) (3 still available)
16:05:26.453 [Test worker] DEBUG bitronix.tm.resource.common.XAPool - current transaction GTRID is [737072696E672D62746D00000145172BEEE400000002]
16:05:26.453 [Test worker] DEBUG bitronix.tm.resource.common.XAPool - no NOT_ACCESSIBLE connection enlisted in this transaction
16:05:26.454 [Test worker] DEBUG bitronix.tm.resource.common.XAPool - getting IN_POOL connection from an XAPool of resource jdbc/sharding with 3 connection(s) (3 still available), waiting if necessary
16:05:26.454 [Test worker] DEBUG bitronix.tm.resource.common.XAPool - checking if connection can be closed: a JdbcPooledConnection from datasource jdbc/sharding in state IN_POOL with usage count 0 wrapping org.postgresql.xa.PGXAConnection@585cbda6 - closing time: 1396253184054, now time: 1396253126454
16:05:26.454 [Test worker] DEBUG bitronix.tm.resource.common.XAPool - found IN_POOL connection a JdbcPooledConnection from datasource jdbc/sharding in state IN_POOL with usage count 0 wrapping org.postgresql.xa.PGXAConnection@585cbda6 from an XAPool of resource jdbc/sharding with 3 connection(s) (2 still available)
16:05:26.454 [Test worker] DEBUG b.t.r.jdbc.JdbcPooledConnection - getting connection handle from a JdbcPooledConnection from datasource jdbc/sharding in state IN_POOL with usage count 0 wrapping org.postgresql.xa.PGXAConnection@585cbda6
16:05:26.454 [Test worker] DEBUG b.t.r.c.AbstractXAStatefulHolder - notifying 2 stateChangeEventListener(s) about state changing from IN_POOL to ACCESSIBLE in a JdbcPooledConnection from datasource jdbc/sharding in state IN_POOL with usage count 1 wrapping org.postgresql.xa.PGXAConnection@585cbda6
16:05:26.454 [Test worker] DEBUG b.t.r.c.AbstractXAStatefulHolder - state changing from IN_POOL to ACCESSIBLE in a JdbcPooledConnection from datasource jdbc/sharding in state IN_POOL with usage count 1 wrapping org.postgresql.xa.PGXAConnection@585cbda6
16:05:26.454 [Test worker] DEBUG b.t.r.c.AbstractXAStatefulHolder - notifying 2 stateChangeEventListener(s) about state changed from IN_POOL to ACCESSIBLE in a JdbcPooledConnection from datasource jdbc/sharding in state ACCESSIBLE with usage count 1 wrapping org.postgresql.xa.PGXAConnection@585cbda6
16:05:26.454 [Test worker] DEBUG bitronix.tm.resource.common.XAPool - added a JdbcPooledConnection from datasource jdbc/sharding in state ACCESSIBLE with usage count 1 wrapping org.postgresql.xa.PGXAConnection@585cbda6 to the accessible pool
16:05:26.454 [Test worker] DEBUG b.t.r.jdbc.JdbcPooledConnection - connection org.postgresql.xa.PGXAConnection@585cbda6 was in state IN_POOL, testing it
16:05:26.454 [Test worker] DEBUG b.t.r.jdbc.JdbcPooledConnection - no query to test connection of a JdbcPooledConnection from datasource jdbc/sharding in state ACCESSIBLE with usage count 1 wrapping org.postgresql.xa.PGXAConnection@585cbda6, skipping test
16:05:26.454 [Test worker] DEBUG b.t.r.jdbc.JdbcPooledConnection - got connection handle from a JdbcPooledConnection from datasource jdbc/sharding in state ACCESSIBLE with usage count 1 wrapping org.postgresql.xa.PGXAConnection@585cbda6
16:05:26.455 [Test worker] DEBUG b.tm.resource.jdbc.PoolingDataSource - acquired connection from a PoolingDataSource containing an XAPool of resource jdbc/sharding with 3 connection(s) (2 still available)
16:05:26.455 [Test worker] DEBUG o.h.e.j.i.LogicalConnectionImpl - Obtained JDBC connection
16:05:26.455 [Test worker] DEBUG b.t.r.c.TransactionContextHelper - enlisting a JdbcPooledConnection from datasource jdbc/sharding in state ACCESSIBLE with usage count 1 wrapping org.postgresql.xa.PGXAConnection@585cbda6 into a Bitronix Transaction with GTRID [737072696E672D62746D00000145172BEEE400000002], status=ACTIVE, 0 resource(s) enlisted (started Mon Mar 31 16:05:26 CST 2014)
16:05:26.456 [Test worker] DEBUG b.tm.resource.ResourceRegistrar - XAResource org.postgresql.xa.PGXAConnection@585cbda6 belongs to a JdbcPooledConnection from datasource jdbc/sharding in state ACCESSIBLE with usage count 1 wrapping org.postgresql.xa.PGXAConnection@585cbda6 that itself belongs to a PoolingDataSource containing an XAPool of resource jdbc/sharding with 3 connection(s) (2 still available)
16:05:26.457 [Test worker] DEBUG b.tm.internal.XAResourceManager - creating new branch with a Bitronix XID [737072696E672D62746D00000145172BEEE400000002 : 737072696E672D62746D00000145172BEF3900000003]
16:05:26.458 [Test worker] DEBUG b.tm.internal.XAResourceHolderState - assigning <a Bitronix XID [737072696E672D62746D00000145172BEEE400000002 : 737072696E672D62746D00000145172BEF3900000003]> to <an XAResourceHolderState with uniqueName=jdbc/sharding XAResource=org.postgresql.xa.PGXAConnection@585cbda6 with XID null>
16:05:26.458 [Test worker] DEBUG b.tm.internal.XAResourceHolderState - starting an XAResourceHolderState with uniqueName=jdbc/sharding XAResource=org.postgresql.xa.PGXAConnection@585cbda6 with XID a Bitronix XID [737072696E672D62746D00000145172BEEE400000002 : 737072696E672D62746D00000145172BEF3900000003] with NOFLAGS
16:05:26.458 [Test worker] DEBUG b.tm.internal.XAResourceHolderState - started an XAResourceHolderState with uniqueName=jdbc/sharding XAResource=org.postgresql.xa.PGXAConnection@585cbda6 (started) with XID a Bitronix XID [737072696E672D62746D00000145172BEEE400000002 : 737072696E672D62746D00000145172BEF3900000003] with NOFLAGS
16:05:26.458 [Test worker] DEBUG b.t.r.c.AbstractXAResourceHolder - putting XAResourceHolderState [an XAResourceHolderState with uniqueName=jdbc/sharding XAResource=org.postgresql.xa.PGXAConnection@585cbda6 (started) with XID a Bitronix XID [737072696E672D62746D00000145172BEEE400000002 : 737072696E672D62746D00000145172BEF3900000003]] on a JdbcPooledConnection from datasource jdbc/sharding in state ACCESSIBLE with usage count 1 wrapping org.postgresql.xa.PGXAConnection@585cbda6
16:05:26.458 [Test worker] DEBUG b.t.r.c.AbstractXAResourceHolder - GTRID [737072696E672D62746D00000145172BEEE400000002] previously unknown to a JdbcPooledConnection from datasource jdbc/sharding in state ACCESSIBLE with usage count 1 wrapping org.postgresql.xa.PGXAConnection@585cbda6, adding it to the resource's transactions list
16:05:26.476 [Test worker] DEBUG org.hibernate.SQL - select * from id_global_counter where shard_id = ? and option_mode = ?
Hibernate: select * from id_global_counter where shard_id = ? and option_mode = ?
16:05:26.488 [Test worker] DEBUG org.hibernate.loader.Loader - bindNamedParameters() 0 -> shardId [1]
16:05:26.490 [Test worker] DEBUG org.hibernate.loader.Loader - bindNamedParameters() 2 -> optionMode [2]
16:05:26.510 [Test worker] DEBUG org.hibernate.loader.Loader - Result set row: 0
16:05:26.513 [Test worker] DEBUG org.hibernate.loader.Loader - Result row: EntityKey[com.junbo.sharding.id.model.IdGlobalCounterEntity#2]
16:05:26.517 [Test worker] DEBUG o.h.e.j.i.LogicalConnectionImpl - Releasing JDBC connection
16:05:26.518 [Test worker] DEBUG b.t.r.jdbc.proxy.ConnectionJavaProxy - closing a ConnectionJavaProxy of a JdbcPooledConnection from datasource jdbc/sharding in state ACCESSIBLE with usage count 1 wrapping org.postgresql.xa.PGXAConnection@585cbda6 on Pooled connection wrapping physical connection org.postgresql.jdbc4.Jdbc4Connection@6caa32cd
16:05:26.518 [Test worker] DEBUG b.t.r.jdbc.JdbcPooledConnection - releasing to pool a JdbcPooledConnection from datasource jdbc/sharding in state ACCESSIBLE with usage count 1 wrapping org.postgresql.xa.PGXAConnection@585cbda6
16:05:26.518 [Test worker] DEBUG b.t.r.c.TransactionContextHelper - delisting a JdbcPooledConnection from datasource jdbc/sharding in state ACCESSIBLE with usage count 0 wrapping org.postgresql.xa.PGXAConnection@585cbda6 from a Bitronix Transaction with GTRID [737072696E672D62746D00000145172BEEE400000002], status=ACTIVE, 1 resource(s) enlisted (started Mon Mar 31 16:05:26 CST 2014)
16:05:26.518 [Test worker] DEBUG b.t.r.c.TransactionContextHelper - resource is in enlisting global transaction context: a JdbcPooledConnection from datasource jdbc/sharding in state ACCESSIBLE with usage count 0 wrapping org.postgresql.xa.PGXAConnection@585cbda6
16:05:26.518 [Test worker] DEBUG b.t.r.c.TransactionContextHelper - requeuing a JdbcPooledConnection from datasource jdbc/sharding in state ACCESSIBLE with usage count 0 wrapping org.postgresql.xa.PGXAConnection@585cbda6 from a Bitronix Transaction with GTRID [737072696E672D62746D00000145172BEEE400000002], status=ACTIVE, 1 resource(s) enlisted (started Mon Mar 31 16:05:26 CST 2014)
16:05:26.518 [Test worker] DEBUG b.t.r.c.TransactionContextHelper - resource is in enlisting global transaction context: a JdbcPooledConnection from datasource jdbc/sharding in state ACCESSIBLE with usage count 0 wrapping org.postgresql.xa.PGXAConnection@585cbda6
16:05:26.518 [Test worker] DEBUG b.t.r.c.TransactionContextHelper - deferring release to pool of a JdbcPooledConnection from datasource jdbc/sharding in state ACCESSIBLE with usage count 0 wrapping org.postgresql.xa.PGXAConnection@585cbda6
16:05:26.518 [Test worker] DEBUG b.t.r.c.TransactionContextHelper - a JdbcPooledConnection from datasource jdbc/sharding in state ACCESSIBLE with usage count 0 wrapping org.postgresql.xa.PGXAConnection@585cbda6 is not already registered for deferred release in a Bitronix Transaction with GTRID [737072696E672D62746D00000145172BEEE400000002], status=ACTIVE, 1 resource(s) enlisted (started Mon Mar 31 16:05:26 CST 2014)
16:05:26.518 [Test worker] DEBUG b.t.r.c.TransactionContextHelper - registering DeferredReleaseSynchronization for a JdbcPooledConnection from datasource jdbc/sharding in state ACCESSIBLE with usage count 0 wrapping org.postgresql.xa.PGXAConnection@585cbda6
16:05:26.519 [Test worker] DEBUG b.t.r.c.AbstractXAStatefulHolder - notifying 2 stateChangeEventListener(s) about state changing from ACCESSIBLE to NOT_ACCESSIBLE in a JdbcPooledConnection from datasource jdbc/sharding in state ACCESSIBLE with usage count 0 wrapping org.postgresql.xa.PGXAConnection@585cbda6
16:05:26.519 [Test worker] DEBUG b.t.r.jdbc.JdbcPooledConnection - closing 0 dangling uncached statement(s)
16:05:26.519 [Test worker] DEBUG bitronix.tm.resource.common.XAPool - removed a JdbcPooledConnection from datasource jdbc/sharding in state ACCESSIBLE with usage count 0 wrapping org.postgresql.xa.PGXAConnection@585cbda6 from the accessible pool
16:05:26.519 [Test worker] DEBUG b.t.r.c.AbstractXAStatefulHolder - state changing from ACCESSIBLE to NOT_ACCESSIBLE in a JdbcPooledConnection from datasource jdbc/sharding in state ACCESSIBLE with usage count 0 wrapping org.postgresql.xa.PGXAConnection@585cbda6
16:05:26.519 [Test worker] DEBUG b.t.r.c.AbstractXAStatefulHolder - notifying 2 stateChangeEventListener(s) about state changed from ACCESSIBLE to NOT_ACCESSIBLE in a JdbcPooledConnection from datasource jdbc/sharding in state NOT_ACCESSIBLE with usage count 0 wrapping org.postgresql.xa.PGXAConnection@585cbda6
16:05:26.519 [Test worker] DEBUG bitronix.tm.resource.common.XAPool - added a JdbcPooledConnection from datasource jdbc/sharding in state NOT_ACCESSIBLE with usage count 0 wrapping org.postgresql.xa.PGXAConnection@585cbda6 to the inaccessible pool
16:05:26.519 [Test worker] DEBUG b.t.r.jdbc.JdbcPooledConnection - released to pool a JdbcPooledConnection from datasource jdbc/sharding in state NOT_ACCESSIBLE with usage count 0 wrapping org.postgresql.xa.PGXAConnection@585cbda6
16:05:26.519 [Test worker] DEBUG o.h.e.j.i.LogicalConnectionImpl - Released JDBC connection
16:05:26.519 [Test worker] DEBUG o.h.e.j.i.p.ConnectionProxyHandler - HHH000163: Logical connection releasing its physical connection
16:05:26.520 [Test worker] DEBUG o.h.engine.internal.TwoPhaseLoad - Resolving associations for [com.junbo.sharding.id.model.IdGlobalCounterEntity#2]
16:05:26.522 [Test worker] DEBUG o.h.engine.internal.TwoPhaseLoad - Done materializing entity [com.junbo.sharding.id.model.IdGlobalCounterEntity#2]
16:05:26.522 [Test worker] DEBUG o.h.e.i.StatefulPersistenceContext - Initializing non-lazy collections
16:05:26.524 [Test worker] DEBUG o.s.t.a.AnnotationTransactionAttributeSource - Adding transactional method 'IdGlobalCounterDAOImpl.saveOrUpdate' with attribute: PROPAGATION_REQUIRED,ISOLATION_DEFAULT; ''
16:05:26.524 [Test worker] DEBUG o.s.b.f.s.DefaultListableBeanFactory - Returning cached instance of singleton bean 'transactionManager'
16:05:26.524 [Test worker] DEBUG o.s.t.jta.JtaTransactionManager - Participating in existing transaction
16:05:26.525 [Test worker] DEBUG o.h.e.i.AbstractFlushingEventListener - Processing flush-time cascades
16:05:26.527 [Test worker] DEBUG o.h.e.i.AbstractFlushingEventListener - Dirty checking collections
16:05:26.530 [Test worker] DEBUG o.h.e.i.AbstractFlushingEventListener - Flushed: 0 insertions, 1 updates, 0 deletions to 1 objects
16:05:26.531 [Test worker] DEBUG o.h.e.i.AbstractFlushingEventListener - Flushed: 0 (re)creations, 0 updates, 0 removals to 0 collections
16:05:26.532 [Test worker] DEBUG o.h.internal.util.EntityPrinter - Listing entities:
16:05:26.532 [Test worker] DEBUG o.h.internal.util.EntityPrinter - com.junbo.sharding.id.model.IdGlobalCounterEntity{id=2, shardId=0, globalCounter=62, optionMode=2}
16:05:26.532 [Test worker] DEBUG org.hibernate.engine.spi.ActionQueue - Changes must be flushed to space: id_global_counter
16:05:26.551 [Test worker] DEBUG o.h.e.j.i.LogicalConnectionImpl - Obtaining JDBC connection
16:05:26.551 [Test worker] DEBUG b.tm.resource.jdbc.PoolingDataSource - acquiring connection from a PoolingDataSource containing an XAPool of resource jdbc/sharding with 3 connection(s) (2 still available)
16:05:26.551 [Test worker] DEBUG bitronix.tm.resource.common.XAPool - trying to recycle a NOT_ACCESSIBLE connection of an XAPool of resource jdbc/sharding with 3 connection(s) (2 still available)
16:05:26.551 [Test worker] DEBUG bitronix.tm.resource.common.XAPool - current transaction GTRID is [737072696E672D62746D00000145172BEEE400000002]
16:05:26.551 [Test worker] DEBUG bitronix.tm.resource.common.XAPool - found a connection in NOT_ACCESSIBLE state: a JdbcPooledConnection from datasource jdbc/sharding in state NOT_ACCESSIBLE with usage count 0 wrapping org.postgresql.xa.PGXAConnection@585cbda6
16:05:26.551 [Test worker] DEBUG bitronix.tm.resource.common.XAPool - 1 xa resource(s) created by connection in NOT_ACCESSIBLE state: a JdbcPooledConnection from datasource jdbc/sharding in state NOT_ACCESSIBLE with usage count 0 wrapping org.postgresql.xa.PGXAConnection@585cbda6
16:05:26.552 [Test worker] DEBUG bitronix.tm.resource.common.XAPool - NOT_ACCESSIBLE xa resource GTRID: 737072696E672D62746D00000145172BEEE400000002
16:05:26.552 [Test worker] DEBUG bitronix.tm.resource.common.XAPool - NOT_ACCESSIBLE xa resource's GTRID matched this transaction's GTRID, recycling it
16:05:26.552 [Test worker] DEBUG bitronix.tm.resource.common.XAPool - found NOT_ACCESSIBLE connection a JdbcPooledConnection from datasource jdbc/sharding in state NOT_ACCESSIBLE with usage count 0 wrapping org.postgresql.xa.PGXAConnection@585cbda6 from an XAPool of resource jdbc/sharding with 3 connection(s) (2 still available)
16:05:26.552 [Test worker] DEBUG b.t.r.jdbc.JdbcPooledConnection - getting connection handle from a JdbcPooledConnection from datasource jdbc/sharding in state NOT_ACCESSIBLE with usage count 0 wrapping org.postgresql.xa.PGXAConnection@585cbda6
16:05:26.552 [Test worker] DEBUG b.t.r.c.AbstractXAStatefulHolder - notifying 2 stateChangeEventListener(s) about state changing from NOT_ACCESSIBLE to ACCESSIBLE in a JdbcPooledConnection from datasource jdbc/sharding in state NOT_ACCESSIBLE with usage count 1 wrapping org.postgresql.xa.PGXAConnection@585cbda6
16:05:26.552 [Test worker] DEBUG bitronix.tm.resource.common.XAPool - removed a JdbcPooledConnection from datasource jdbc/sharding in state NOT_ACCESSIBLE with usage count 1 wrapping org.postgresql.xa.PGXAConnection@585cbda6 from the inaccessible pool
16:05:26.552 [Test worker] DEBUG b.t.r.c.AbstractXAStatefulHolder - state changing from NOT_ACCESSIBLE to ACCESSIBLE in a JdbcPooledConnection from datasource jdbc/sharding in state NOT_ACCESSIBLE with usage count 1 wrapping org.postgresql.xa.PGXAConnection@585cbda6
16:05:26.552 [Test worker] DEBUG b.t.r.c.AbstractXAStatefulHolder - notifying 2 stateChangeEventListener(s) about state changed from NOT_ACCESSIBLE to ACCESSIBLE in a JdbcPooledConnection from datasource jdbc/sharding in state ACCESSIBLE with usage count 1 wrapping org.postgresql.xa.PGXAConnection@585cbda6
16:05:26.552 [Test worker] DEBUG b.t.r.c.TransactionContextHelper - marking a JdbcPooledConnection from datasource jdbc/sharding in state ACCESSIBLE with usage count 1 wrapping org.postgresql.xa.PGXAConnection@585cbda6 as recycled in a Bitronix Transaction with GTRID [737072696E672D62746D00000145172BEEE400000002], status=ACTIVE, 1 resource(s) enlisted (started Mon Mar 31 16:05:26 CST 2014)
16:05:26.552 [Test worker] DEBUG b.t.r.c.TransactionContextHelper - a JdbcPooledConnection from datasource jdbc/sharding in state ACCESSIBLE with usage count 1 wrapping org.postgresql.xa.PGXAConnection@585cbda6 has been recycled, unregistering deferred release from a Bitronix Transaction with GTRID [737072696E672D62746D00000145172BEEE400000002], status=ACTIVE, 1 resource(s) enlisted (started Mon Mar 31 16:05:26 CST 2014)
16:05:26.552 [Test worker] DEBUG bitronix.tm.resource.common.XAPool - added a JdbcPooledConnection from datasource jdbc/sharding in state ACCESSIBLE with usage count 1 wrapping org.postgresql.xa.PGXAConnection@585cbda6 to the accessible pool
16:05:26.552 [Test worker] DEBUG b.t.r.jdbc.JdbcPooledConnection - connection org.postgresql.xa.PGXAConnection@585cbda6 was in state NOT_ACCESSIBLE, no need to test it
16:05:26.552 [Test worker] DEBUG b.t.r.jdbc.JdbcPooledConnection - got connection handle from a JdbcPooledConnection from datasource jdbc/sharding in state ACCESSIBLE with usage count 1 wrapping org.postgresql.xa.PGXAConnection@585cbda6
16:05:26.553 [Test worker] DEBUG b.tm.resource.jdbc.PoolingDataSource - acquired connection from a PoolingDataSource containing an XAPool of resource jdbc/sharding with 3 connection(s) (2 still available)
16:05:26.553 [Test worker] DEBUG o.h.e.j.i.LogicalConnectionImpl - Obtained JDBC connection
16:05:26.553 [Test worker] DEBUG b.t.r.c.TransactionContextHelper - enlisting a JdbcPooledConnection from datasource jdbc/sharding in state ACCESSIBLE with usage count 1 wrapping org.postgresql.xa.PGXAConnection@585cbda6 into a Bitronix Transaction with GTRID [737072696E672D62746D00000145172BEEE400000002], status=ACTIVE, 1 resource(s) enlisted (started Mon Mar 31 16:05:26 CST 2014)
16:05:26.553 [Test worker] DEBUG b.t.r.c.TransactionContextHelper - avoiding re-enlistment of already enlisted but not ended resource an XAResourceHolderState with uniqueName=jdbc/sharding XAResource=org.postgresql.xa.PGXAConnection@585cbda6 (started) with XID a Bitronix XID [737072696E672D62746D00000145172BEEE400000002 : 737072696E672D62746D00000145172BEF3900000003]
16:05:26.553 [Test worker] DEBUG org.hibernate.SQL - update id_global_counter set global_count=?, option_mode=?, shard_id=? where id=?
Hibernate: update id_global_counter set global_count=?, option_mode=?, shard_id=? where id=?
16:05:26.554 [Test worker] DEBUG o.h.e.j.batch.internal.BatchingBatch - Executing batch size: 1
16:05:26.557 [Test worker] DEBUG o.h.e.j.i.LogicalConnectionImpl - Skipping aggressive release due to manual disabling
16:05:26.557 [Test worker] DEBUG o.h.e.j.i.LogicalConnectionImpl - Releasing JDBC connection
16:05:26.557 [Test worker] DEBUG b.t.r.jdbc.proxy.ConnectionJavaProxy - closing a ConnectionJavaProxy of a JdbcPooledConnection from datasource jdbc/sharding in state ACCESSIBLE with usage count 1 wrapping org.postgresql.xa.PGXAConnection@585cbda6 on Pooled connection wrapping physical connection org.postgresql.jdbc4.Jdbc4Connection@6caa32cd
16:05:26.557 [Test worker] DEBUG b.t.r.jdbc.JdbcPooledConnection - releasing to pool a JdbcPooledConnection from datasource jdbc/sharding in state ACCESSIBLE with usage count 1 wrapping org.postgresql.xa.PGXAConnection@585cbda6
16:05:26.557 [Test worker] DEBUG b.t.r.c.TransactionContextHelper - delisting a JdbcPooledConnection from datasource jdbc/sharding in state ACCESSIBLE with usage count 0 wrapping org.postgresql.xa.PGXAConnection@585cbda6 from a Bitronix Transaction with GTRID [737072696E672D62746D00000145172BEEE400000002], status=ACTIVE, 1 resource(s) enlisted (started Mon Mar 31 16:05:26 CST 2014)
16:05:26.557 [Test worker] DEBUG b.t.r.c.TransactionContextHelper - resource is in enlisting global transaction context: a JdbcPooledConnection from datasource jdbc/sharding in state ACCESSIBLE with usage count 0 wrapping org.postgresql.xa.PGXAConnection@585cbda6
16:05:26.557 [Test worker] DEBUG b.t.r.c.TransactionContextHelper - requeuing a JdbcPooledConnection from datasource jdbc/sharding in state ACCESSIBLE with usage count 0 wrapping org.postgresql.xa.PGXAConnection@585cbda6 from a Bitronix Transaction with GTRID [737072696E672D62746D00000145172BEEE400000002], status=ACTIVE, 1 resource(s) enlisted (started Mon Mar 31 16:05:26 CST 2014)
16:05:26.558 [Test worker] DEBUG b.t.r.c.TransactionContextHelper - resource is in enlisting global transaction context: a JdbcPooledConnection from datasource jdbc/sharding in state ACCESSIBLE with usage count 0 wrapping org.postgresql.xa.PGXAConnection@585cbda6
16:05:26.558 [Test worker] DEBUG b.t.r.c.TransactionContextHelper - deferring release to pool of a JdbcPooledConnection from datasource jdbc/sharding in state ACCESSIBLE with usage count 0 wrapping org.postgresql.xa.PGXAConnection@585cbda6
16:05:26.558 [Test worker] DEBUG b.t.r.c.TransactionContextHelper - a JdbcPooledConnection from datasource jdbc/sharding in state ACCESSIBLE with usage count 0 wrapping org.postgresql.xa.PGXAConnection@585cbda6 is not already registered for deferred release in a Bitronix Transaction with GTRID [737072696E672D62746D00000145172BEEE400000002], status=ACTIVE, 1 resource(s) enlisted (started Mon Mar 31 16:05:26 CST 2014)
16:05:26.558 [Test worker] DEBUG b.t.r.c.TransactionContextHelper - registering DeferredReleaseSynchronization for a JdbcPooledConnection from datasource jdbc/sharding in state ACCESSIBLE with usage count 0 wrapping org.postgresql.xa.PGXAConnection@585cbda6
16:05:26.558 [Test worker] DEBUG b.t.r.c.AbstractXAStatefulHolder - notifying 2 stateChangeEventListener(s) about state changing from ACCESSIBLE to NOT_ACCESSIBLE in a JdbcPooledConnection from datasource jdbc/sharding in state ACCESSIBLE with usage count 0 wrapping org.postgresql.xa.PGXAConnection@585cbda6
16:05:26.558 [Test worker] DEBUG b.t.r.jdbc.JdbcPooledConnection - closing 0 dangling uncached statement(s)
16:05:26.558 [Test worker] DEBUG bitronix.tm.resource.common.XAPool - removed a JdbcPooledConnection from datasource jdbc/sharding in state ACCESSIBLE with usage count 0 wrapping org.postgresql.xa.PGXAConnection@585cbda6 from the accessible pool
16:05:26.558 [Test worker] DEBUG b.t.r.c.AbstractXAStatefulHolder - state changing from ACCESSIBLE to NOT_ACCESSIBLE in a JdbcPooledConnection from datasource jdbc/sharding in state ACCESSIBLE with usage count 0 wrapping org.postgresql.xa.PGXAConnection@585cbda6
16:05:26.559 [Test worker] DEBUG b.t.r.c.AbstractXAStatefulHolder - notifying 2 stateChangeEventListener(s) about state changed from ACCESSIBLE to NOT_ACCESSIBLE in a JdbcPooledConnection from datasource jdbc/sharding in state NOT_ACCESSIBLE with usage count 0 wrapping org.postgresql.xa.PGXAConnection@585cbda6
16:05:26.559 [Test worker] DEBUG bitronix.tm.resource.common.XAPool - added a JdbcPooledConnection from datasource jdbc/sharding in state NOT_ACCESSIBLE with usage count 0 wrapping org.postgresql.xa.PGXAConnection@585cbda6 to the inaccessible pool
16:05:26.559 [Test worker] DEBUG b.t.r.jdbc.JdbcPooledConnection - released to pool a JdbcPooledConnection from datasource jdbc/sharding in state NOT_ACCESSIBLE with usage count 0 wrapping org.postgresql.xa.PGXAConnection@585cbda6
16:05:26.559 [Test worker] DEBUG o.h.e.j.i.LogicalConnectionImpl - Released JDBC connection
16:05:26.559 [Test worker] DEBUG o.h.e.j.i.LogicalConnectionImpl - Obtaining JDBC connection
16:05:26.559 [Test worker] DEBUG b.tm.resource.jdbc.PoolingDataSource - acquiring connection from a PoolingDataSource containing an XAPool of resource jdbc/sharding with 3 connection(s) (2 still available)
16:05:26.560 [Test worker] DEBUG bitronix.tm.resource.common.XAPool - trying to recycle a NOT_ACCESSIBLE connection of an XAPool of resource jdbc/sharding with 3 connection(s) (2 still available)
16:05:26.560 [Test worker] DEBUG bitronix.tm.resource.common.XAPool - current transaction GTRID is [737072696E672D62746D00000145172BEEE400000002]
16:05:26.560 [Test worker] DEBUG bitronix.tm.resource.common.XAPool - found a connection in NOT_ACCESSIBLE state: a JdbcPooledConnection from datasource jdbc/sharding in state NOT_ACCESSIBLE with usage count 0 wrapping org.postgresql.xa.PGXAConnection@585cbda6
16:05:26.560 [Test worker] DEBUG bitronix.tm.resource.common.XAPool - 1 xa resource(s) created by connection in NOT_ACCESSIBLE state: a JdbcPooledConnection from datasource jdbc/sharding in state NOT_ACCESSIBLE with usage count 0 wrapping org.postgresql.xa.PGXAConnection@585cbda6
16:05:26.560 [Test worker] DEBUG bitronix.tm.resource.common.XAPool - NOT_ACCESSIBLE xa resource GTRID: 737072696E672D62746D00000145172BEEE400000002
16:05:26.560 [Test worker] DEBUG bitronix.tm.resource.common.XAPool - NOT_ACCESSIBLE xa resource's GTRID matched this transaction's GTRID, recycling it
16:05:26.560 [Test worker] DEBUG bitronix.tm.resource.common.XAPool - found NOT_ACCESSIBLE connection a JdbcPooledConnection from datasource jdbc/sharding in state NOT_ACCESSIBLE with usage count 0 wrapping org.postgresql.xa.PGXAConnection@585cbda6 from an XAPool of resource jdbc/sharding with 3 connection(s) (2 still available)
16:05:26.560 [Test worker] DEBUG b.t.r.jdbc.JdbcPooledConnection - getting connection handle from a JdbcPooledConnection from datasource jdbc/sharding in state NOT_ACCESSIBLE with usage count 0 wrapping org.postgresql.xa.PGXAConnection@585cbda6
16:05:26.560 [Test worker] DEBUG b.t.r.c.AbstractXAStatefulHolder - notifying 2 stateChangeEventListener(s) about state changing from NOT_ACCESSIBLE to ACCESSIBLE in a JdbcPooledConnection from datasource jdbc/sharding in state NOT_ACCESSIBLE with usage count 1 wrapping org.postgresql.xa.PGXAConnection@585cbda6
16:05:26.560 [Test worker] DEBUG bitronix.tm.resource.common.XAPool - removed a JdbcPooledConnection from datasource jdbc/sharding in state NOT_ACCESSIBLE with usage count 1 wrapping org.postgresql.xa.PGXAConnection@585cbda6 from the inaccessible pool
16:05:26.560 [Test worker] DEBUG b.t.r.c.AbstractXAStatefulHolder - state changing from NOT_ACCESSIBLE to ACCESSIBLE in a JdbcPooledConnection from datasource jdbc/sharding in state NOT_ACCESSIBLE with usage count 1 wrapping org.postgresql.xa.PGXAConnection@585cbda6
16:05:26.560 [Test worker] DEBUG b.t.r.c.AbstractXAStatefulHolder - notifying 2 stateChangeEventListener(s) about state changed from NOT_ACCESSIBLE to ACCESSIBLE in a JdbcPooledConnection from datasource jdbc/sharding in state ACCESSIBLE with usage count 1 wrapping org.postgresql.xa.PGXAConnection@585cbda6
16:05:26.560 [Test worker] DEBUG b.t.r.c.TransactionContextHelper - marking a JdbcPooledConnection from datasource jdbc/sharding in state ACCESSIBLE with usage count 1 wrapping org.postgresql.xa.PGXAConnection@585cbda6 as recycled in a Bitronix Transaction with GTRID [737072696E672D62746D00000145172BEEE400000002], status=ACTIVE, 1 resource(s) enlisted (started Mon Mar 31 16:05:26 CST 2014)
16:05:26.560 [Test worker] DEBUG b.t.r.c.TransactionContextHelper - a JdbcPooledConnection from datasource jdbc/sharding in state ACCESSIBLE with usage count 1 wrapping org.postgresql.xa.PGXAConnection@585cbda6 has been recycled, unregistering deferred release from a Bitronix Transaction with GTRID [737072696E672D62746D00000145172BEEE400000002], status=ACTIVE, 1 resource(s) enlisted (started Mon Mar 31 16:05:26 CST 2014)
16:05:26.560 [Test worker] DEBUG bitronix.tm.resource.common.XAPool - added a JdbcPooledConnection from datasource jdbc/sharding in state ACCESSIBLE with usage count 1 wrapping org.postgresql.xa.PGXAConnection@585cbda6 to the accessible pool
16:05:26.560 [Test worker] DEBUG b.t.r.jdbc.JdbcPooledConnection - connection org.postgresql.xa.PGXAConnection@585cbda6 was in state NOT_ACCESSIBLE, no need to test it
16:05:26.561 [Test worker] DEBUG b.t.r.jdbc.JdbcPooledConnection - got connection handle from a JdbcPooledConnection from datasource jdbc/sharding in state ACCESSIBLE with usage count 1 wrapping org.postgresql.xa.PGXAConnection@585cbda6
16:05:26.561 [Test worker] DEBUG b.tm.resource.jdbc.PoolingDataSource - acquired connection from a PoolingDataSource containing an XAPool of resource jdbc/sharding with 3 connection(s) (2 still available)
16:05:26.561 [Test worker] DEBUG o.h.e.j.i.LogicalConnectionImpl - Obtained JDBC connection
16:05:26.561 [Test worker] DEBUG b.t.r.c.TransactionContextHelper - enlisting a JdbcPooledConnection from datasource jdbc/sharding in state ACCESSIBLE with usage count 1 wrapping org.postgresql.xa.PGXAConnection@585cbda6 into a Bitronix Transaction with GTRID [737072696E672D62746D00000145172BEEE400000002], status=ACTIVE, 1 resource(s) enlisted (started Mon Mar 31 16:05:26 CST 2014)
16:05:26.561 [Test worker] DEBUG b.t.r.c.TransactionContextHelper - avoiding re-enlistment of already enlisted but not ended resource an XAResourceHolderState with uniqueName=jdbc/sharding XAResource=org.postgresql.xa.PGXAConnection@585cbda6 (started) with XID a Bitronix XID [737072696E672D62746D00000145172BEEE400000002 : 737072696E672D62746D00000145172BEF3900000003]
16:05:26.561 [Test worker] DEBUG org.hibernate.SQL - select * from id_global_counter where shard_id = ? and option_mode = ?
Hibernate: select * from id_global_counter where shard_id = ? and option_mode = ?
16:05:26.561 [Test worker] DEBUG org.hibernate.loader.Loader - bindNamedParameters() 0 -> shardId [1]
16:05:26.562 [Test worker] DEBUG org.hibernate.loader.Loader - bindNamedParameters() 2 -> optionMode [2]
16:05:26.564 [Test worker] DEBUG org.hibernate.loader.Loader - Result set row: 0
16:05:26.565 [Test worker] DEBUG org.hibernate.loader.Loader - Result row: EntityKey[com.junbo.sharding.id.model.IdGlobalCounterEntity#2]
16:05:26.565 [Test worker] DEBUG o.h.e.j.i.LogicalConnectionImpl - Releasing JDBC connection
16:05:26.565 [Test worker] DEBUG b.t.r.jdbc.proxy.ConnectionJavaProxy - closing a ConnectionJavaProxy of a JdbcPooledConnection from datasource jdbc/sharding in state ACCESSIBLE with usage count 1 wrapping org.postgresql.xa.PGXAConnection@585cbda6 on Pooled connection wrapping physical connection org.postgresql.jdbc4.Jdbc4Connection@6caa32cd
16:05:26.565 [Test worker] DEBUG b.t.r.jdbc.JdbcPooledConnection - releasing to pool a JdbcPooledConnection from datasource jdbc/sharding in state ACCESSIBLE with usage count 1 wrapping org.postgresql.xa.PGXAConnection@585cbda6
16:05:26.565 [Test worker] DEBUG b.t.r.c.TransactionContextHelper - delisting a JdbcPooledConnection from datasource jdbc/sharding in state ACCESSIBLE with usage count 0 wrapping org.postgresql.xa.PGXAConnection@585cbda6 from a Bitronix Transaction with GTRID [737072696E672D62746D00000145172BEEE400000002], status=ACTIVE, 1 resource(s) enlisted (started Mon Mar 31 16:05:26 CST 2014)
16:05:26.565 [Test worker] DEBUG b.t.r.c.TransactionContextHelper - resource is in enlisting global transaction context: a JdbcPooledConnection from datasource jdbc/sharding in state ACCESSIBLE with usage count 0 wrapping org.postgresql.xa.PGXAConnection@585cbda6
16:05:26.565 [Test worker] DEBUG b.t.r.c.TransactionContextHelper - requeuing a JdbcPooledConnection from datasource jdbc/sharding in state ACCESSIBLE with usage count 0 wrapping org.postgresql.xa.PGXAConnection@585cbda6 from a Bitronix Transaction with GTRID [737072696E672D62746D00000145172BEEE400000002], status=ACTIVE, 1 resource(s) enlisted (started Mon Mar 31 16:05:26 CST 2014)
16:05:26.566 [Test worker] DEBUG b.t.r.c.TransactionContextHelper - resource is in enlisting global transaction context: a JdbcPooledConnection from datasource jdbc/sharding in state ACCESSIBLE with usage count 0 wrapping org.postgresql.xa.PGXAConnection@585cbda6
16:05:26.566 [Test worker] DEBUG b.t.r.c.TransactionContextHelper - deferring release to pool of a JdbcPooledConnection from datasource jdbc/sharding in state ACCESSIBLE with usage count 0 wrapping org.postgresql.xa.PGXAConnection@585cbda6
16:05:26.566 [Test worker] DEBUG b.t.r.c.TransactionContextHelper - a JdbcPooledConnection from datasource jdbc/sharding in state ACCESSIBLE with usage count 0 wrapping org.postgresql.xa.PGXAConnection@585cbda6 is not already registered for deferred release in a Bitronix Transaction with GTRID [737072696E672D62746D00000145172BEEE400000002], status=ACTIVE, 1 resource(s) enlisted (started Mon Mar 31 16:05:26 CST 2014)
16:05:26.566 [Test worker] DEBUG b.t.r.c.TransactionContextHelper - registering DeferredReleaseSynchronization for a JdbcPooledConnection from datasource jdbc/sharding in state ACCESSIBLE with usage count 0 wrapping org.postgresql.xa.PGXAConnection@585cbda6
16:05:26.566 [Test worker] DEBUG b.t.r.c.AbstractXAStatefulHolder - notifying 2 stateChangeEventListener(s) about state changing from ACCESSIBLE to NOT_ACCESSIBLE in a JdbcPooledConnection from datasource jdbc/sharding in state ACCESSIBLE with usage count 0 wrapping org.postgresql.xa.PGXAConnection@585cbda6
16:05:26.566 [Test worker] DEBUG b.t.r.jdbc.JdbcPooledConnection - closing 0 dangling uncached statement(s)
16:05:26.566 [Test worker] DEBUG bitronix.tm.resource.common.XAPool - removed a JdbcPooledConnection from datasource jdbc/sharding in state ACCESSIBLE with usage count 0 wrapping org.postgresql.xa.PGXAConnection@585cbda6 from the accessible pool
16:05:26.566 [Test worker] DEBUG b.t.r.c.AbstractXAStatefulHolder - state changing from ACCESSIBLE to NOT_ACCESSIBLE in a JdbcPooledConnection from datasource jdbc/sharding in state ACCESSIBLE with usage count 0 wrapping org.postgresql.xa.PGXAConnection@585cbda6
16:05:26.566 [Test worker] DEBUG b.t.r.c.AbstractXAStatefulHolder - notifying 2 stateChangeEventListener(s) about state changed from ACCESSIBLE to NOT_ACCESSIBLE in a JdbcPooledConnection from datasource jdbc/sharding in state NOT_ACCESSIBLE with usage count 0 wrapping org.postgresql.xa.PGXAConnection@585cbda6
16:05:26.566 [Test worker] DEBUG bitronix.tm.resource.common.XAPool - added a JdbcPooledConnection from datasource jdbc/sharding in state NOT_ACCESSIBLE with usage count 0 wrapping org.postgresql.xa.PGXAConnection@585cbda6 to the inaccessible pool
16:05:26.566 [Test worker] DEBUG b.t.r.jdbc.JdbcPooledConnection - released to pool a JdbcPooledConnection from datasource jdbc/sharding in state NOT_ACCESSIBLE with usage count 0 wrapping org.postgresql.xa.PGXAConnection@585cbda6
16:05:26.566 [Test worker] DEBUG o.h.e.j.i.LogicalConnectionImpl - Released JDBC connection
16:05:26.566 [Test worker] DEBUG o.h.e.i.StatefulPersistenceContext - Initializing non-lazy collections
16:05:26.574 [Test worker] DEBUG o.h.e.i.AbstractFlushingEventListener - Processing flush-time cascades
16:05:26.574 [Test worker] DEBUG o.h.e.i.AbstractFlushingEventListener - Dirty checking collections
16:05:26.575 [Test worker] DEBUG o.h.e.i.AbstractFlushingEventListener - Flushed: 0 insertions, 1 updates, 0 deletions to 1 objects
16:05:26.575 [Test worker] DEBUG o.h.e.i.AbstractFlushingEventListener - Flushed: 0 (re)creations, 0 updates, 0 removals to 0 collections
16:05:26.575 [Test worker] DEBUG o.h.internal.util.EntityPrinter - Listing entities:
16:05:26.575 [Test worker] DEBUG o.h.internal.util.EntityPrinter - com.junbo.sharding.id.model.IdGlobalCounterEntity{id=2, shardId=0, globalCounter=62, optionMode=2}
16:05:26.575 [Test worker] DEBUG org.hibernate.engine.spi.ActionQueue - Changes must be flushed to space: id_global_counter
16:05:26.576 [Test worker] DEBUG o.h.e.j.i.LogicalConnectionImpl - Obtaining JDBC connection
16:05:26.576 [Test worker] DEBUG b.tm.resource.jdbc.PoolingDataSource - acquiring connection from a PoolingDataSource containing an XAPool of resource jdbc/sharding with 3 connection(s) (2 still available)
16:05:26.576 [Test worker] DEBUG bitronix.tm.resource.common.XAPool - trying to recycle a NOT_ACCESSIBLE connection of an XAPool of resource jdbc/sharding with 3 connection(s) (2 still available)
16:05:26.576 [Test worker] DEBUG bitronix.tm.resource.common.XAPool - current transaction GTRID is [737072696E672D62746D00000145172BEEE400000002]
16:05:26.576 [Test worker] DEBUG bitronix.tm.resource.common.XAPool - found a connection in NOT_ACCESSIBLE state: a JdbcPooledConnection from datasource jdbc/sharding in state NOT_ACCESSIBLE with usage count 0 wrapping org.postgresql.xa.PGXAConnection@585cbda6
16:05:26.576 [Test worker] DEBUG bitronix.tm.resource.common.XAPool - 1 xa resource(s) created by connection in NOT_ACCESSIBLE state: a JdbcPooledConnection from datasource jdbc/sharding in state NOT_ACCESSIBLE with usage count 0 wrapping org.postgresql.xa.PGXAConnection@585cbda6
16:05:26.576 [Test worker] DEBUG bitronix.tm.resource.common.XAPool - NOT_ACCESSIBLE xa resource GTRID: 737072696E672D62746D00000145172BEEE400000002
16:05:26.576 [Test worker] DEBUG bitronix.tm.resource.common.XAPool - NOT_ACCESSIBLE xa resource's GTRID matched this transaction's GTRID, recycling it
16:05:26.577 [Test worker] DEBUG bitronix.tm.resource.common.XAPool - found NOT_ACCESSIBLE connection a JdbcPooledConnection from datasource jdbc/sharding in state NOT_ACCESSIBLE with usage count 0 wrapping org.postgresql.xa.PGXAConnection@585cbda6 from an XAPool of resource jdbc/sharding with 3 connection(s) (2 still available)
16:05:26.577 [Test worker] DEBUG b.t.r.jdbc.JdbcPooledConnection - getting connection handle from a JdbcPooledConnection from datasource jdbc/sharding in state NOT_ACCESSIBLE with usage count 0 wrapping org.postgresql.xa.PGXAConnection@585cbda6
16:05:26.577 [Test worker] DEBUG b.t.r.c.AbstractXAStatefulHolder - notifying 2 stateChangeEventListener(s) about state changing from NOT_ACCESSIBLE to ACCESSIBLE in a JdbcPooledConnection from datasource jdbc/sharding in state NOT_ACCESSIBLE with usage count 1 wrapping org.postgresql.xa.PGXAConnection@585cbda6
16:05:26.577 [Test worker] DEBUG bitronix.tm.resource.common.XAPool - removed a JdbcPooledConnection from datasource jdbc/sharding in state NOT_ACCESSIBLE with usage count 1 wrapping org.postgresql.xa.PGXAConnection@585cbda6 from the inaccessible pool
16:05:26.577 [Test worker] DEBUG b.t.r.c.AbstractXAStatefulHolder - state changing from NOT_ACCESSIBLE to ACCESSIBLE in a JdbcPooledConnection from datasource jdbc/sharding in state NOT_ACCESSIBLE with usage count 1 wrapping org.postgresql.xa.PGXAConnection@585cbda6
16:05:26.577 [Test worker] DEBUG b.t.r.c.AbstractXAStatefulHolder - notifying 2 stateChangeEventListener(s) about state changed from NOT_ACCESSIBLE to ACCESSIBLE in a JdbcPooledConnection from datasource jdbc/sharding in state ACCESSIBLE with usage count 1 wrapping org.postgresql.xa.PGXAConnection@585cbda6
16:05:26.577 [Test worker] DEBUG b.t.r.c.TransactionContextHelper - marking a JdbcPooledConnection from datasource jdbc/sharding in state ACCESSIBLE with usage count 1 wrapping org.postgresql.xa.PGXAConnection@585cbda6 as recycled in a Bitronix Transaction with GTRID [737072696E672D62746D00000145172BEEE400000002], status=ACTIVE, 1 resource(s) enlisted (started Mon Mar 31 16:05:26 CST 2014)
16:05:26.577 [Test worker] DEBUG b.t.r.c.TransactionContextHelper - a JdbcPooledConnection from datasource jdbc/sharding in state ACCESSIBLE with usage count 1 wrapping org.postgresql.xa.PGXAConnection@585cbda6 has been recycled, unregistering deferred release from a Bitronix Transaction with GTRID [737072696E672D62746D00000145172BEEE400000002], status=ACTIVE, 1 resource(s) enlisted (started Mon Mar 31 16:05:26 CST 2014)
16:05:26.577 [Test worker] DEBUG bitronix.tm.resource.common.XAPool - added a JdbcPooledConnection from datasource jdbc/sharding in state ACCESSIBLE with usage count 1 wrapping org.postgresql.xa.PGXAConnection@585cbda6 to the accessible pool
16:05:26.577 [Test worker] DEBUG b.t.r.jdbc.JdbcPooledConnection - connection org.postgresql.xa.PGXAConnection@585cbda6 was in state NOT_ACCESSIBLE, no need to test it
16:05:26.577 [Test worker] DEBUG b.t.r.jdbc.JdbcPooledConnection - got connection handle from a JdbcPooledConnection from datasource jdbc/sharding in state ACCESSIBLE with usage count 1 wrapping org.postgresql.xa.PGXAConnection@585cbda6
16:05:26.577 [Test worker] DEBUG b.tm.resource.jdbc.PoolingDataSource - acquired connection from a PoolingDataSource containing an XAPool of resource jdbc/sharding with 3 connection(s) (2 still available)
16:05:26.577 [Test worker] DEBUG o.h.e.j.i.LogicalConnectionImpl - Obtained JDBC connection
16:05:26.578 [Test worker] DEBUG b.t.r.c.TransactionContextHelper - enlisting a JdbcPooledConnection from datasource jdbc/sharding in state ACCESSIBLE with usage count 1 wrapping org.postgresql.xa.PGXAConnection@585cbda6 into a Bitronix Transaction with GTRID [737072696E672D62746D00000145172BEEE400000002], status=ACTIVE, 1 resource(s) enlisted (started Mon Mar 31 16:05:26 CST 2014)
16:05:26.578 [Test worker] DEBUG b.t.r.c.TransactionContextHelper - avoiding re-enlistment of already enlisted but not ended resource an XAResourceHolderState with uniqueName=jdbc/sharding XAResource=org.postgresql.xa.PGXAConnection@585cbda6 (started) with XID a Bitronix XID [737072696E672D62746D00000145172BEEE400000002 : 737072696E672D62746D00000145172BEF3900000003]
16:05:26.578 [Test worker] DEBUG org.hibernate.SQL - update id_global_counter set global_count=?, option_mode=?, shard_id=? where id=?
Hibernate: update id_global_counter set global_count=?, option_mode=?, shard_id=? where id=?
16:05:26.579 [Test worker] DEBUG o.h.e.j.batch.internal.BatchingBatch - Executing batch size: 1
16:05:26.581 [Test worker] DEBUG o.h.e.j.i.LogicalConnectionImpl - Skipping aggressive release due to manual disabling
16:05:26.581 [Test worker] DEBUG o.h.e.j.i.LogicalConnectionImpl - Releasing JDBC connection
16:05:26.581 [Test worker] DEBUG b.t.r.jdbc.proxy.ConnectionJavaProxy - closing a ConnectionJavaProxy of a JdbcPooledConnection from datasource jdbc/sharding in state ACCESSIBLE with usage count 1 wrapping org.postgresql.xa.PGXAConnection@585cbda6 on Pooled connection wrapping physical connection org.postgresql.jdbc4.Jdbc4Connection@6caa32cd
16:05:26.581 [Test worker] DEBUG b.t.r.jdbc.JdbcPooledConnection - releasing to pool a JdbcPooledConnection from datasource jdbc/sharding in state ACCESSIBLE with usage count 1 wrapping org.postgresql.xa.PGXAConnection@585cbda6
16:05:26.581 [Test worker] DEBUG b.t.r.c.TransactionContextHelper - delisting a JdbcPooledConnection from datasource jdbc/sharding in state ACCESSIBLE with usage count 0 wrapping org.postgresql.xa.PGXAConnection@585cbda6 from a Bitronix Transaction with GTRID [737072696E672D62746D00000145172BEEE400000002], status=ACTIVE, 1 resource(s) enlisted (started Mon Mar 31 16:05:26 CST 2014)
16:05:26.582 [Test worker] DEBUG b.t.r.c.TransactionContextHelper - resource is in enlisting global transaction context: a JdbcPooledConnection from datasource jdbc/sharding in state ACCESSIBLE with usage count 0 wrapping org.postgresql.xa.PGXAConnection@585cbda6
16:05:26.582 [Test worker] DEBUG b.t.r.c.TransactionContextHelper - requeuing a JdbcPooledConnection from datasource jdbc/sharding in state ACCESSIBLE with usage count 0 wrapping org.postgresql.xa.PGXAConnection@585cbda6 from a Bitronix Transaction with GTRID [737072696E672D62746D00000145172BEEE400000002], status=ACTIVE, 1 resource(s) enlisted (started Mon Mar 31 16:05:26 CST 2014)
16:05:26.582 [Test worker] DEBUG b.t.r.c.TransactionContextHelper - resource is in enlisting global transaction context: a JdbcPooledConnection from datasource jdbc/sharding in state ACCESSIBLE with usage count 0 wrapping org.postgresql.xa.PGXAConnection@585cbda6
16:05:26.582 [Test worker] DEBUG b.t.r.c.TransactionContextHelper - deferring release to pool of a JdbcPooledConnection from datasource jdbc/sharding in state ACCESSIBLE with usage count 0 wrapping org.postgresql.xa.PGXAConnection@585cbda6
16:05:26.582 [Test worker] DEBUG b.t.r.c.TransactionContextHelper - a JdbcPooledConnection from datasource jdbc/sharding in state ACCESSIBLE with usage count 0 wrapping org.postgresql.xa.PGXAConnection@585cbda6 is not already registered for deferred release in a Bitronix Transaction with GTRID [737072696E672D62746D00000145172BEEE400000002], status=ACTIVE, 1 resource(s) enlisted (started Mon Mar 31 16:05:26 CST 2014)
16:05:26.582 [Test worker] DEBUG b.t.r.c.TransactionContextHelper - registering DeferredReleaseSynchronization for a JdbcPooledConnection from datasource jdbc/sharding in state ACCESSIBLE with usage count 0 wrapping org.postgresql.xa.PGXAConnection@585cbda6
16:05:26.582 [Test worker] DEBUG b.t.r.c.AbstractXAStatefulHolder - notifying 2 stateChangeEventListener(s) about state changing from ACCESSIBLE to NOT_ACCESSIBLE in a JdbcPooledConnection from datasource jdbc/sharding in state ACCESSIBLE with usage count 0 wrapping org.postgresql.xa.PGXAConnection@585cbda6
16:05:26.582 [Test worker] DEBUG b.t.r.jdbc.JdbcPooledConnection - closing 0 dangling uncached statement(s)
16:05:26.582 [Test worker] DEBUG bitronix.tm.resource.common.XAPool - removed a JdbcPooledConnection from datasource jdbc/sharding in state ACCESSIBLE with usage count 0 wrapping org.postgresql.xa.PGXAConnection@585cbda6 from the accessible pool
16:05:26.582 [Test worker] DEBUG b.t.r.c.AbstractXAStatefulHolder - state changing from ACCESSIBLE to NOT_ACCESSIBLE in a JdbcPooledConnection from datasource jdbc/sharding in state ACCESSIBLE with usage count 0 wrapping org.postgresql.xa.PGXAConnection@585cbda6
16:05:26.582 [Test worker] DEBUG b.t.r.c.AbstractXAStatefulHolder - notifying 2 stateChangeEventListener(s) about state changed from ACCESSIBLE to NOT_ACCESSIBLE in a JdbcPooledConnection from datasource jdbc/sharding in state NOT_ACCESSIBLE with usage count 0 wrapping org.postgresql.xa.PGXAConnection@585cbda6
16:05:26.583 [Test worker] DEBUG bitronix.tm.resource.common.XAPool - added a JdbcPooledConnection from datasource jdbc/sharding in state NOT_ACCESSIBLE with usage count 0 wrapping org.postgresql.xa.PGXAConnection@585cbda6 to the inaccessible pool
16:05:26.583 [Test worker] DEBUG b.t.r.jdbc.JdbcPooledConnection - released to pool a JdbcPooledConnection from datasource jdbc/sharding in state NOT_ACCESSIBLE with usage count 0 wrapping org.postgresql.xa.PGXAConnection@585cbda6
16:05:26.583 [Test worker] DEBUG o.h.e.j.i.LogicalConnectionImpl - Released JDBC connection
16:05:26.583 [Test worker] DEBUG o.h.e.j.i.LogicalConnectionImpl - Obtaining JDBC connection
16:05:26.583 [Test worker] DEBUG b.tm.resource.jdbc.PoolingDataSource - acquiring connection from a PoolingDataSource containing an XAPool of resource jdbc/sharding with 3 connection(s) (2 still available)
16:05:26.583 [Test worker] DEBUG bitronix.tm.resource.common.XAPool - trying to recycle a NOT_ACCESSIBLE connection of an XAPool of resource jdbc/sharding with 3 connection(s) (2 still available)
16:05:26.583 [Test worker] DEBUG bitronix.tm.resource.common.XAPool - current transaction GTRID is [737072696E672D62746D00000145172BEEE400000002]
16:05:26.583 [Test worker] DEBUG bitronix.tm.resource.common.XAPool - found a connection in NOT_ACCESSIBLE state: a JdbcPooledConnection from datasource jdbc/sharding in state NOT_ACCESSIBLE with usage count 0 wrapping org.postgresql.xa.PGXAConnection@585cbda6
16:05:26.583 [Test worker] DEBUG bitronix.tm.resource.common.XAPool - 1 xa resource(s) created by connection in NOT_ACCESSIBLE state: a JdbcPooledConnection from datasource jdbc/sharding in state NOT_ACCESSIBLE with usage count 0 wrapping org.postgresql.xa.PGXAConnection@585cbda6
16:05:26.583 [Test worker] DEBUG bitronix.tm.resource.common.XAPool - NOT_ACCESSIBLE xa resource GTRID: 737072696E672D62746D00000145172BEEE400000002
16:05:26.583 [Test worker] DEBUG bitronix.tm.resource.common.XAPool - NOT_ACCESSIBLE xa resource's GTRID matched this transaction's GTRID, recycling it
16:05:26.583 [Test worker] DEBUG bitronix.tm.resource.common.XAPool - found NOT_ACCESSIBLE connection a JdbcPooledConnection from datasource jdbc/sharding in state NOT_ACCESSIBLE with usage count 0 wrapping org.postgresql.xa.PGXAConnection@585cbda6 from an XAPool of resource jdbc/sharding with 3 connection(s) (2 still available)
16:05:26.583 [Test worker] DEBUG b.t.r.jdbc.JdbcPooledConnection - getting connection handle from a JdbcPooledConnection from datasource jdbc/sharding in state NOT_ACCESSIBLE with usage count 0 wrapping org.postgresql.xa.PGXAConnection@585cbda6
16:05:26.583 [Test worker] DEBUG b.t.r.c.AbstractXAStatefulHolder - notifying 2 stateChangeEventListener(s) about state changing from NOT_ACCESSIBLE to ACCESSIBLE in a JdbcPooledConnection from datasource jdbc/sharding in state NOT_ACCESSIBLE with usage count 1 wrapping org.postgresql.xa.PGXAConnection@585cbda6
16:05:26.583 [Test worker] DEBUG bitronix.tm.resource.common.XAPool - removed a JdbcPooledConnection from datasource jdbc/sharding in state NOT_ACCESSIBLE with usage count 1 wrapping org.postgresql.xa.PGXAConnection@585cbda6 from the inaccessible pool
16:05:26.583 [Test worker] DEBUG b.t.r.c.AbstractXAStatefulHolder - state changing from NOT_ACCESSIBLE to ACCESSIBLE in a JdbcPooledConnection from datasource jdbc/sharding in state NOT_ACCESSIBLE with usage count 1 wrapping org.postgresql.xa.PGXAConnection@585cbda6
16:05:26.583 [Test worker] DEBUG b.t.r.c.AbstractXAStatefulHolder - notifying 2 stateChangeEventListener(s) about state changed from NOT_ACCESSIBLE to ACCESSIBLE in a JdbcPooledConnection from datasource jdbc/sharding in state ACCESSIBLE with usage count 1 wrapping org.postgresql.xa.PGXAConnection@585cbda6
16:05:26.583 [Test worker] DEBUG b.t.r.c.TransactionContextHelper - marking a JdbcPooledConnection from datasource jdbc/sharding in state ACCESSIBLE with usage count 1 wrapping org.postgresql.xa.PGXAConnection@585cbda6 as recycled in a Bitronix Transaction with GTRID [737072696E672D62746D00000145172BEEE400000002], status=ACTIVE, 1 resource(s) enlisted (started Mon Mar 31 16:05:26 CST 2014)
16:05:26.584 [Test worker] DEBUG b.t.r.c.TransactionContextHelper - a JdbcPooledConnection from datasource jdbc/sharding in state ACCESSIBLE with usage count 1 wrapping org.postgresql.xa.PGXAConnection@585cbda6 has been recycled, unregistering deferred release from a Bitronix Transaction with GTRID [737072696E672D62746D00000145172BEEE400000002], status=ACTIVE, 1 resource(s) enlisted (started Mon Mar 31 16:05:26 CST 2014)
16:05:26.584 [Test worker] DEBUG bitronix.tm.resource.common.XAPool - added a JdbcPooledConnection from datasource jdbc/sharding in state ACCESSIBLE with usage count 1 wrapping org.postgresql.xa.PGXAConnection@585cbda6 to the accessible pool
16:05:26.584 [Test worker] DEBUG b.t.r.jdbc.JdbcPooledConnection - connection org.postgresql.xa.PGXAConnection@585cbda6 was in state NOT_ACCESSIBLE, no need to test it
16:05:26.584 [Test worker] DEBUG b.t.r.jdbc.JdbcPooledConnection - got connection handle from a JdbcPooledConnection from datasource jdbc/sharding in state ACCESSIBLE with usage count 1 wrapping org.postgresql.xa.PGXAConnection@585cbda6
16:05:26.584 [Test worker] DEBUG b.tm.resource.jdbc.PoolingDataSource - acquired connection from a PoolingDataSource containing an XAPool of resource jdbc/sharding with 3 connection(s) (2 still available)
16:05:26.584 [Test worker] DEBUG o.h.e.j.i.LogicalConnectionImpl - Obtained JDBC connection
16:05:26.584 [Test worker] DEBUG b.t.r.c.TransactionContextHelper - enlisting a JdbcPooledConnection from datasource jdbc/sharding in state ACCESSIBLE with usage count 1 wrapping org.postgresql.xa.PGXAConnection@585cbda6 into a Bitronix Transaction with GTRID [737072696E672D62746D00000145172BEEE400000002], status=ACTIVE, 1 resource(s) enlisted (started Mon Mar 31 16:05:26 CST 2014)
16:05:26.584 [Test worker] DEBUG b.t.r.c.TransactionContextHelper - avoiding re-enlistment of already enlisted but not ended resource an XAResourceHolderState with uniqueName=jdbc/sharding XAResource=org.postgresql.xa.PGXAConnection@585cbda6 (started) with XID a Bitronix XID [737072696E672D62746D00000145172BEEE400000002 : 737072696E672D62746D00000145172BEF3900000003]
16:05:26.584 [Test worker] DEBUG org.hibernate.SQL - select * from id_global_counter where shard_id = ? and option_mode = ?
Hibernate: select * from id_global_counter where shard_id = ? and option_mode = ?
16:05:26.585 [Test worker] DEBUG org.hibernate.loader.Loader - bindNamedParameters() 0 -> shardId [1]
16:05:26.585 [Test worker] DEBUG org.hibernate.loader.Loader - bindNamedParameters() 2 -> optionMode [2]
16:05:26.586 [Test worker] DEBUG org.hibernate.loader.Loader - Result set row: 0
16:05:26.587 [Test worker] DEBUG org.hibernate.loader.Loader - Result row: EntityKey[com.junbo.sharding.id.model.IdGlobalCounterEntity#2]
16:05:26.587 [Test worker] DEBUG o.h.e.j.i.LogicalConnectionImpl - Releasing JDBC connection
16:05:26.587 [Test worker] DEBUG b.t.r.jdbc.proxy.ConnectionJavaProxy - closing a ConnectionJavaProxy of a JdbcPooledConnection from datasource jdbc/sharding in state ACCESSIBLE with usage count 1 wrapping org.postgresql.xa.PGXAConnection@585cbda6 on Pooled connection wrapping physical connection org.postgresql.jdbc4.Jdbc4Connection@6caa32cd
16:05:26.587 [Test worker] DEBUG b.t.r.jdbc.JdbcPooledConnection - releasing to pool a JdbcPooledConnection from datasource jdbc/sharding in state ACCESSIBLE with usage count 1 wrapping org.postgresql.xa.PGXAConnection@585cbda6
16:05:26.587 [Test worker] DEBUG b.t.r.c.TransactionContextHelper - delisting a JdbcPooledConnection from datasource jdbc/sharding in state ACCESSIBLE with usage count 0 wrapping org.postgresql.xa.PGXAConnection@585cbda6 from a Bitronix Transaction with GTRID [737072696E672D62746D00000145172BEEE400000002], status=ACTIVE, 1 resource(s) enlisted (started Mon Mar 31 16:05:26 CST 2014)
16:05:26.587 [Test worker] DEBUG b.t.r.c.TransactionContextHelper - resource is in enlisting global transaction context: a JdbcPooledConnection from datasource jdbc/sharding in state ACCESSIBLE with usage count 0 wrapping org.postgresql.xa.PGXAConnection@585cbda6
16:05:26.587 [Test worker] DEBUG b.t.r.c.TransactionContextHelper - requeuing a JdbcPooledConnection from datasource jdbc/sharding in state ACCESSIBLE with usage count 0 wrapping org.postgresql.xa.PGXAConnection@585cbda6 from a Bitronix Transaction with GTRID [737072696E672D62746D00000145172BEEE400000002], status=ACTIVE, 1 resource(s) enlisted (started Mon Mar 31 16:05:26 CST 2014)
16:05:26.587 [Test worker] DEBUG b.t.r.c.TransactionContextHelper - resource is in enlisting global transaction context: a JdbcPooledConnection from datasource jdbc/sharding in state ACCESSIBLE with usage count 0 wrapping org.postgresql.xa.PGXAConnection@585cbda6
16:05:26.587 [Test worker] DEBUG b.t.r.c.TransactionContextHelper - deferring release to pool of a JdbcPooledConnection from datasource jdbc/sharding in state ACCESSIBLE with usage count 0 wrapping org.postgresql.xa.PGXAConnection@585cbda6
16:05:26.588 [Test worker] DEBUG b.t.r.c.TransactionContextHelper - a JdbcPooledConnection from datasource jdbc/sharding in state ACCESSIBLE with usage count 0 wrapping org.postgresql.xa.PGXAConnection@585cbda6 is not already registered for deferred release in a Bitronix Transaction with GTRID [737072696E672D62746D00000145172BEEE400000002], status=ACTIVE, 1 resource(s) enlisted (started Mon Mar 31 16:05:26 CST 2014)
16:05:26.588 [Test worker] DEBUG b.t.r.c.TransactionContextHelper - registering DeferredReleaseSynchronization for a JdbcPooledConnection from datasource jdbc/sharding in state ACCESSIBLE with usage count 0 wrapping org.postgresql.xa.PGXAConnection@585cbda6
16:05:26.588 [Test worker] DEBUG b.t.r.c.AbstractXAStatefulHolder - notifying 2 stateChangeEventListener(s) about state changing from ACCESSIBLE to NOT_ACCESSIBLE in a JdbcPooledConnection from datasource jdbc/sharding in state ACCESSIBLE with usage count 0 wrapping org.postgresql.xa.PGXAConnection@585cbda6
16:05:26.588 [Test worker] DEBUG b.t.r.jdbc.JdbcPooledConnection - closing 0 dangling uncached statement(s)
16:05:26.588 [Test worker] DEBUG bitronix.tm.resource.common.XAPool - removed a JdbcPooledConnection from datasource jdbc/sharding in state ACCESSIBLE with usage count 0 wrapping org.postgresql.xa.PGXAConnection@585cbda6 from the accessible pool
16:05:26.588 [Test worker] DEBUG b.t.r.c.AbstractXAStatefulHolder - state changing from ACCESSIBLE to NOT_ACCESSIBLE in a JdbcPooledConnection from datasource jdbc/sharding in state ACCESSIBLE with usage count 0 wrapping org.postgresql.xa.PGXAConnection@585cbda6
16:05:26.588 [Test worker] DEBUG b.t.r.c.AbstractXAStatefulHolder - notifying 2 stateChangeEventListener(s) about state changed from ACCESSIBLE to NOT_ACCESSIBLE in a JdbcPooledConnection from datasource jdbc/sharding in state NOT_ACCESSIBLE with usage count 0 wrapping org.postgresql.xa.PGXAConnection@585cbda6
16:05:26.588 [Test worker] DEBUG bitronix.tm.resource.common.XAPool - added a JdbcPooledConnection from datasource jdbc/sharding in state NOT_ACCESSIBLE with usage count 0 wrapping org.postgresql.xa.PGXAConnection@585cbda6 to the inaccessible pool
16:05:26.588 [Test worker] DEBUG b.t.r.jdbc.JdbcPooledConnection - released to pool a JdbcPooledConnection from datasource jdbc/sharding in state NOT_ACCESSIBLE with usage count 0 wrapping org.postgresql.xa.PGXAConnection@585cbda6
16:05:26.588 [Test worker] DEBUG o.h.e.j.i.LogicalConnectionImpl - Released JDBC connection
16:05:26.588 [Test worker] DEBUG o.h.e.i.StatefulPersistenceContext - Initializing non-lazy collections
16:05:26.589 [Test worker] DEBUG o.h.e.i.AbstractFlushingEventListener - Processing flush-time cascades
16:05:26.589 [Test worker] DEBUG o.h.e.i.AbstractFlushingEventListener - Dirty checking collections
16:05:26.589 [Test worker] DEBUG o.h.e.i.AbstractFlushingEventListener - Flushed: 0 insertions, 0 updates, 0 deletions to 1 objects
16:05:26.589 [Test worker] DEBUG o.h.e.i.AbstractFlushingEventListener - Flushed: 0 (re)creations, 0 updates, 0 removals to 0 collections
16:05:26.589 [Test worker] DEBUG o.h.internal.util.EntityPrinter - Listing entities:
16:05:26.589 [Test worker] DEBUG o.h.internal.util.EntityPrinter - com.junbo.sharding.id.model.IdGlobalCounterEntity{id=2, shardId=0, globalCounter=62, optionMode=2}
16:05:26.589 [Test worker] DEBUG o.h.e.j.i.LogicalConnectionImpl - Obtaining JDBC connection
16:05:26.589 [Test worker] DEBUG b.tm.resource.jdbc.PoolingDataSource - acquiring connection from a PoolingDataSource containing an XAPool of resource jdbc/sharding with 3 connection(s) (2 still available)
16:05:26.589 [Test worker] DEBUG bitronix.tm.resource.common.XAPool - trying to recycle a NOT_ACCESSIBLE connection of an XAPool of resource jdbc/sharding with 3 connection(s) (2 still available)
16:05:26.589 [Test worker] DEBUG bitronix.tm.resource.common.XAPool - current transaction GTRID is [737072696E672D62746D00000145172BEEE400000002]
16:05:26.590 [Test worker] DEBUG bitronix.tm.resource.common.XAPool - found a connection in NOT_ACCESSIBLE state: a JdbcPooledConnection from datasource jdbc/sharding in state NOT_ACCESSIBLE with usage count 0 wrapping org.postgresql.xa.PGXAConnection@585cbda6
16:05:26.590 [Test worker] DEBUG bitronix.tm.resource.common.XAPool - 1 xa resource(s) created by connection in NOT_ACCESSIBLE state: a JdbcPooledConnection from datasource jdbc/sharding in state NOT_ACCESSIBLE with usage count 0 wrapping org.postgresql.xa.PGXAConnection@585cbda6
16:05:26.590 [Test worker] DEBUG bitronix.tm.resource.common.XAPool - NOT_ACCESSIBLE xa resource GTRID: 737072696E672D62746D00000145172BEEE400000002
16:05:26.590 [Test worker] DEBUG bitronix.tm.resource.common.XAPool - NOT_ACCESSIBLE xa resource's GTRID matched this transaction's GTRID, recycling it
16:05:26.590 [Test worker] DEBUG bitronix.tm.resource.common.XAPool - found NOT_ACCESSIBLE connection a JdbcPooledConnection from datasource jdbc/sharding in state NOT_ACCESSIBLE with usage count 0 wrapping org.postgresql.xa.PGXAConnection@585cbda6 from an XAPool of resource jdbc/sharding with 3 connection(s) (2 still available)
16:05:26.590 [Test worker] DEBUG b.t.r.jdbc.JdbcPooledConnection - getting connection handle from a JdbcPooledConnection from datasource jdbc/sharding in state NOT_ACCESSIBLE with usage count 0 wrapping org.postgresql.xa.PGXAConnection@585cbda6
16:05:26.590 [Test worker] DEBUG b.t.r.c.AbstractXAStatefulHolder - notifying 2 stateChangeEventListener(s) about state changing from NOT_ACCESSIBLE to ACCESSIBLE in a JdbcPooledConnection from datasource jdbc/sharding in state NOT_ACCESSIBLE with usage count 1 wrapping org.postgresql.xa.PGXAConnection@585cbda6
16:05:26.590 [Test worker] DEBUG bitronix.tm.resource.common.XAPool - removed a JdbcPooledConnection from datasource jdbc/sharding in state NOT_ACCESSIBLE with usage count 1 wrapping org.postgresql.xa.PGXAConnection@585cbda6 from the inaccessible pool
16:05:26.590 [Test worker] DEBUG b.t.r.c.AbstractXAStatefulHolder - state changing from NOT_ACCESSIBLE to ACCESSIBLE in a JdbcPooledConnection from datasource jdbc/sharding in state NOT_ACCESSIBLE with usage count 1 wrapping org.postgresql.xa.PGXAConnection@585cbda6
16:05:26.590 [Test worker] DEBUG b.t.r.c.AbstractXAStatefulHolder - notifying 2 stateChangeEventListener(s) about state changed from NOT_ACCESSIBLE to ACCESSIBLE in a JdbcPooledConnection from datasource jdbc/sharding in state ACCESSIBLE with usage count 1 wrapping org.postgresql.xa.PGXAConnection@585cbda6
16:05:26.590 [Test worker] DEBUG b.t.r.c.TransactionContextHelper - marking a JdbcPooledConnection from datasource jdbc/sharding in state ACCESSIBLE with usage count 1 wrapping org.postgresql.xa.PGXAConnection@585cbda6 as recycled in a Bitronix Transaction with GTRID [737072696E672D62746D00000145172BEEE400000002], status=ACTIVE, 1 resource(s) enlisted (started Mon Mar 31 16:05:26 CST 2014)
16:05:26.590 [Test worker] DEBUG b.t.r.c.TransactionContextHelper - a JdbcPooledConnection from datasource jdbc/sharding in state ACCESSIBLE with usage count 1 wrapping org.postgresql.xa.PGXAConnection@585cbda6 has been recycled, unregistering deferred release from a Bitronix Transaction with GTRID [737072696E672D62746D00000145172BEEE400000002], status=ACTIVE, 1 resource(s) enlisted (started Mon Mar 31 16:05:26 CST 2014)
16:05:26.590 [Test worker] DEBUG bitronix.tm.resource.common.XAPool - added a JdbcPooledConnection from datasource jdbc/sharding in state ACCESSIBLE with usage count 1 wrapping org.postgresql.xa.PGXAConnection@585cbda6 to the accessible pool
16:05:26.590 [Test worker] DEBUG b.t.r.jdbc.JdbcPooledConnection - connection org.postgresql.xa.PGXAConnection@585cbda6 was in state NOT_ACCESSIBLE, no need to test it
16:05:26.590 [Test worker] DEBUG b.t.r.jdbc.JdbcPooledConnection - got connection handle from a JdbcPooledConnection from datasource jdbc/sharding in state ACCESSIBLE with usage count 1 wrapping org.postgresql.xa.PGXAConnection@585cbda6
16:05:26.590 [Test worker] DEBUG b.tm.resource.jdbc.PoolingDataSource - acquired connection from a PoolingDataSource containing an XAPool of resource jdbc/sharding with 3 connection(s) (2 still available)
16:05:26.590 [Test worker] DEBUG o.h.e.j.i.LogicalConnectionImpl - Obtained JDBC connection
16:05:26.591 [Test worker] DEBUG b.t.r.c.TransactionContextHelper - enlisting a JdbcPooledConnection from datasource jdbc/sharding in state ACCESSIBLE with usage count 1 wrapping org.postgresql.xa.PGXAConnection@585cbda6 into a Bitronix Transaction with GTRID [737072696E672D62746D00000145172BEEE400000002], status=ACTIVE, 1 resource(s) enlisted (started Mon Mar 31 16:05:26 CST 2014)
16:05:26.591 [Test worker] DEBUG b.t.r.c.TransactionContextHelper - avoiding re-enlistment of already enlisted but not ended resource an XAResourceHolderState with uniqueName=jdbc/sharding XAResource=org.postgresql.xa.PGXAConnection@585cbda6 (started) with XID a Bitronix XID [737072696E672D62746D00000145172BEEE400000002 : 737072696E672D62746D00000145172BEF3900000003]
16:05:26.591 [Test worker] DEBUG org.hibernate.SQL - select * from id_global_counter where shard_id = ? and option_mode = ?
Hibernate: select * from id_global_counter where shard_id = ? and option_mode = ?
16:05:26.591 [Test worker] DEBUG org.hibernate.loader.Loader - bindNamedParameters() 0 -> shardId [1]
16:05:26.592 [Test worker] DEBUG org.hibernate.loader.Loader - bindNamedParameters() 2 -> optionMode [2]
16:05:26.593 [Test worker] DEBUG org.hibernate.loader.Loader - Result set row: 0
16:05:26.593 [Test worker] DEBUG org.hibernate.loader.Loader - Result row: EntityKey[com.junbo.sharding.id.model.IdGlobalCounterEntity#2]
16:05:26.593 [Test worker] DEBUG o.h.e.j.i.LogicalConnectionImpl - Releasing JDBC connection
16:05:26.593 [Test worker] DEBUG b.t.r.jdbc.proxy.ConnectionJavaProxy - closing a ConnectionJavaProxy of a JdbcPooledConnection from datasource jdbc/sharding in state ACCESSIBLE with usage count 1 wrapping org.postgresql.xa.PGXAConnection@585cbda6 on Pooled connection wrapping physical connection org.postgresql.jdbc4.Jdbc4Connection@6caa32cd
16:05:26.593 [Test worker] DEBUG b.t.r.jdbc.JdbcPooledConnection - releasing to pool a JdbcPooledConnection from datasource jdbc/sharding in state ACCESSIBLE with usage count 1 wrapping org.postgresql.xa.PGXAConnection@585cbda6
16:05:26.593 [Test worker] DEBUG b.t.r.c.TransactionContextHelper - delisting a JdbcPooledConnection from datasource jdbc/sharding in state ACCESSIBLE with usage count 0 wrapping org.postgresql.xa.PGXAConnection@585cbda6 from a Bitronix Transaction with GTRID [737072696E672D62746D00000145172BEEE400000002], status=ACTIVE, 1 resource(s) enlisted (started Mon Mar 31 16:05:26 CST 2014)
16:05:26.593 [Test worker] DEBUG b.t.r.c.TransactionContextHelper - resource is in enlisting global transaction context: a JdbcPooledConnection from datasource jdbc/sharding in state ACCESSIBLE with usage count 0 wrapping org.postgresql.xa.PGXAConnection@585cbda6
16:05:26.593 [Test worker] DEBUG b.t.r.c.TransactionContextHelper - requeuing a JdbcPooledConnection from datasource jdbc/sharding in state ACCESSIBLE with usage count 0 wrapping org.postgresql.xa.PGXAConnection@585cbda6 from a Bitronix Transaction with GTRID [737072696E672D62746D00000145172BEEE400000002], status=ACTIVE, 1 resource(s) enlisted (started Mon Mar 31 16:05:26 CST 2014)
16:05:26.593 [Test worker] DEBUG b.t.r.c.TransactionContextHelper - resource is in enlisting global transaction context: a JdbcPooledConnection from datasource jdbc/sharding in state ACCESSIBLE with usage count 0 wrapping org.postgresql.xa.PGXAConnection@585cbda6
16:05:26.593 [Test worker] DEBUG b.t.r.c.TransactionContextHelper - deferring release to pool of a JdbcPooledConnection from datasource jdbc/sharding in state ACCESSIBLE with usage count 0 wrapping org.postgresql.xa.PGXAConnection@585cbda6
16:05:26.593 [Test worker] DEBUG b.t.r.c.TransactionContextHelper - a JdbcPooledConnection from datasource jdbc/sharding in state ACCESSIBLE with usage count 0 wrapping org.postgresql.xa.PGXAConnection@585cbda6 is not already registered for deferred release in a Bitronix Transaction with GTRID [737072696E672D62746D00000145172BEEE400000002], status=ACTIVE, 1 resource(s) enlisted (started Mon Mar 31 16:05:26 CST 2014)
16:05:26.594 [Test worker] DEBUG b.t.r.c.TransactionContextHelper - registering DeferredReleaseSynchronization for a JdbcPooledConnection from datasource jdbc/sharding in state ACCESSIBLE with usage count 0 wrapping org.postgresql.xa.PGXAConnection@585cbda6
16:05:26.594 [Test worker] DEBUG b.t.r.c.AbstractXAStatefulHolder - notifying 2 stateChangeEventListener(s) about state changing from ACCESSIBLE to NOT_ACCESSIBLE in a JdbcPooledConnection from datasource jdbc/sharding in state ACCESSIBLE with usage count 0 wrapping org.postgresql.xa.PGXAConnection@585cbda6
16:05:26.594 [Test worker] DEBUG b.t.r.jdbc.JdbcPooledConnection - closing 0 dangling uncached statement(s)
16:05:26.594 [Test worker] DEBUG bitronix.tm.resource.common.XAPool - removed a JdbcPooledConnection from datasource jdbc/sharding in state ACCESSIBLE with usage count 0 wrapping org.postgresql.xa.PGXAConnection@585cbda6 from the accessible pool
16:05:26.594 [Test worker] DEBUG b.t.r.c.AbstractXAStatefulHolder - state changing from ACCESSIBLE to NOT_ACCESSIBLE in a JdbcPooledConnection from datasource jdbc/sharding in state ACCESSIBLE with usage count 0 wrapping org.postgresql.xa.PGXAConnection@585cbda6
16:05:26.594 [Test worker] DEBUG b.t.r.c.AbstractXAStatefulHolder - notifying 2 stateChangeEventListener(s) about state changed from ACCESSIBLE to NOT_ACCESSIBLE in a JdbcPooledConnection from datasource jdbc/sharding in state NOT_ACCESSIBLE with usage count 0 wrapping org.postgresql.xa.PGXAConnection@585cbda6
16:05:26.594 [Test worker] DEBUG bitronix.tm.resource.common.XAPool - added a JdbcPooledConnection from datasource jdbc/sharding in state NOT_ACCESSIBLE with usage count 0 wrapping org.postgresql.xa.PGXAConnection@585cbda6 to the inaccessible pool
16:05:26.594 [Test worker] DEBUG b.t.r.jdbc.JdbcPooledConnection - released to pool a JdbcPooledConnection from datasource jdbc/sharding in state NOT_ACCESSIBLE with usage count 0 wrapping org.postgresql.xa.PGXAConnection@585cbda6
16:05:26.594 [Test worker] DEBUG o.h.e.j.i.LogicalConnectionImpl - Released JDBC connection
16:05:26.594 [Test worker] DEBUG o.h.e.i.StatefulPersistenceContext - Initializing non-lazy collections
16:05:26.594 [Test worker] DEBUG o.s.t.jta.JtaTransactionManager - Initiating transaction commit
16:05:26.594 [Test worker] DEBUG b.tm.BitronixTransactionManager - committing transaction a Bitronix Transaction with GTRID [737072696E672D62746D00000145172BEEE400000002], status=ACTIVE, 1 resource(s) enlisted (started Mon Mar 31 16:05:26 CST 2014)
16:05:26.594 [Test worker] DEBUG bitronix.tm.timer.TaskScheduler - cancelling transaction timeout task on a Bitronix Transaction with GTRID [737072696E672D62746D00000145172BEEE400000002], status=ACTIVE, 1 resource(s) enlisted (started Mon Mar 31 16:05:26 CST 2014)
16:05:26.594 [Test worker] DEBUG bitronix.tm.timer.TaskScheduler - removing task by a Bitronix Transaction with GTRID [737072696E672D62746D00000145172BEEE400000002], status=ACTIVE, 1 resource(s) enlisted (started Mon Mar 31 16:05:26 CST 2014)
16:05:26.595 [Test worker] DEBUG bitronix.tm.timer.TaskScheduler - cancelled a TransactionTimeoutTask on a Bitronix Transaction with GTRID [737072696E672D62746D00000145172BEEE400000002], status=ACTIVE, 1 resource(s) enlisted (started Mon Mar 31 16:05:26 CST 2014) scheduled for Mon Mar 31 16:06:26 CST 2014, total task(s) still queued: 4
16:05:26.595 [Test worker] DEBUG bitronix.tm.BitronixTransaction - before completion, 4 synchronization(s) to execute
16:05:26.595 [Test worker] DEBUG bitronix.tm.BitronixTransaction - executing synchronization a DeferredReleaseSynchronization of a JdbcPooledConnection from datasource jdbc/sharding in state NOT_ACCESSIBLE with usage count 0 wrapping org.postgresql.xa.PGXAConnection@585cbda6
16:05:26.596 [Test worker] DEBUG bitronix.tm.BitronixTransaction - executing synchronization a ClearContextSynchronization for a Bitronix Transaction with GTRID [737072696E672D62746D00000145172BEEE400000002], status=ACTIVE, 1 resource(s) enlisted (started Mon Mar 31 16:05:26 CST 2014)
16:05:26.596 [Test worker] DEBUG bitronix.tm.BitronixTransaction - executing synchronization org.hibernate.engine.transaction.synchronization.internal.RegisteredSynchronization@2c3dbf01
16:05:26.596 [Test worker] DEBUG o.h.e.i.AbstractFlushingEventListener - Processing flush-time cascades
16:05:26.596 [Test worker] DEBUG o.h.e.i.AbstractFlushingEventListener - Dirty checking collections
16:05:26.596 [Test worker] DEBUG o.h.e.i.AbstractFlushingEventListener - Flushed: 0 insertions, 0 updates, 0 deletions to 1 objects
16:05:26.596 [Test worker] DEBUG o.h.e.i.AbstractFlushingEventListener - Flushed: 0 (re)creations, 0 updates, 0 removals to 0 collections
16:05:26.596 [Test worker] DEBUG o.h.internal.util.EntityPrinter - Listing entities:
16:05:26.596 [Test worker] DEBUG o.h.internal.util.EntityPrinter - com.junbo.sharding.id.model.IdGlobalCounterEntity{id=2, shardId=0, globalCounter=62, optionMode=2}
16:05:26.596 [Test worker] DEBUG o.h.e.j.i.LogicalConnectionImpl - Releasing JDBC connection
16:05:26.597 [Test worker] DEBUG bitronix.tm.BitronixTransaction - executing synchronization org.hibernate.context.internal.JTASessionContext$CleanupSynch@44aca693
16:05:26.597 [Test worker] DEBUG bitronix.tm.BitronixTransaction - found unclosed resource to delist: an XAResourceHolderState with uniqueName=jdbc/sharding XAResource=org.postgresql.xa.PGXAConnection@585cbda6 (started) with XID a Bitronix XID [737072696E672D62746D00000145172BEEE400000002 : 737072696E672D62746D00000145172BEF3900000003]
16:05:26.597 [Test worker] DEBUG b.tm.internal.XAResourceManager - delisting resource an XAResourceHolderState with uniqueName=jdbc/sharding XAResource=org.postgresql.xa.PGXAConnection@585cbda6 (started) with XID a Bitronix XID [737072696E672D62746D00000145172BEEE400000002 : 737072696E672D62746D00000145172BEF3900000003]
16:05:26.597 [Test worker] DEBUG b.tm.internal.XAResourceHolderState - ending an XAResourceHolderState with uniqueName=jdbc/sharding XAResource=org.postgresql.xa.PGXAConnection@585cbda6 (started) with XID a Bitronix XID [737072696E672D62746D00000145172BEEE400000002 : 737072696E672D62746D00000145172BEF3900000003] with SUCCESS
16:05:26.597 [Test worker] DEBUG b.tm.internal.XAResourceHolderState - ended an XAResourceHolderState with uniqueName=jdbc/sharding XAResource=org.postgresql.xa.PGXAConnection@585cbda6 (started) with XID a Bitronix XID [737072696E672D62746D00000145172BEEE400000002 : 737072696E672D62746D00000145172BEF3900000003] with SUCCESS
16:05:26.597 [Test worker] DEBUG bitronix.tm.BitronixTransaction - committing, 1 enlisted resource(s)
16:05:26.597 [Test worker] DEBUG bitronix.tm.BitronixTransaction - changing transaction status to PREPARING
16:05:26.597 [Test worker] DEBUG bitronix.tm.BitronixTransaction - transaction status is changing from ACTIVE to PREPARING - executing 0 listener(s)
16:05:26.597 [Test worker] DEBUG bitronix.tm.twopc.Preparer - 1 resource enlisted, no prepare needed (1PC)
16:05:26.597 [Test worker] DEBUG bitronix.tm.BitronixTransaction - changing transaction status to PREPARED
16:05:26.597 [Test worker] DEBUG bitronix.tm.BitronixTransaction - transaction status is changing from PREPARING to PREPARED - executing 0 listener(s)
16:05:26.597 [Test worker] DEBUG bitronix.tm.BitronixTransaction - 1 interested resource(s)
16:05:26.597 [Test worker] DEBUG bitronix.tm.BitronixTransaction - changing transaction status to COMMITTING
16:05:26.597 [Test worker] DEBUG bitronix.tm.BitronixTransaction - transaction status is changing from PREPARED to COMMITTING - executing 0 listener(s)
16:05:26.598 [Test worker] DEBUG b.tm.twopc.AbstractPhaseEngine - executing phase on 1 resource(s) enlisted in 1 position(s) in reverse position order
16:05:26.598 [Test worker] DEBUG b.tm.twopc.AbstractPhaseEngine - running 1 job(s) for position '1'
16:05:26.599 [Test worker] DEBUG bitronix.tm.twopc.Committer - committing resource an XAResourceHolderState with uniqueName=jdbc/sharding XAResource=org.postgresql.xa.PGXAConnection@585cbda6 (ended) with XID a Bitronix XID [737072696E672D62746D00000145172BEEE400000002 : 737072696E672D62746D00000145172BEF3900000003] (with one-phase optimization)
16:05:26.600 [Test worker] DEBUG bitronix.tm.twopc.Committer - committed resource an XAResourceHolderState with uniqueName=jdbc/sharding XAResource=org.postgresql.xa.PGXAConnection@585cbda6 (ended) with XID a Bitronix XID [737072696E672D62746D00000145172BEEE400000002 : 737072696E672D62746D00000145172BEF3900000003]
16:05:26.600 [Test worker] DEBUG b.tm.twopc.AbstractPhaseEngine - phase executed with 0 exception(s)
16:05:26.601 [Test worker] DEBUG b.tm.twopc.AbstractPhaseEngine - ran 1 job(s) for position '1'
16:05:26.601 [Test worker] DEBUG bitronix.tm.twopc.Committer - phase 2 commit executed on resources [jdbc/sharding]
16:05:26.601 [Test worker] DEBUG bitronix.tm.twopc.Committer - phase 2 commit succeeded on resources [jdbc/sharding]
16:05:26.601 [Test worker] DEBUG bitronix.tm.BitronixTransaction - changing transaction status to COMMITTED
16:05:26.602 [Test worker] DEBUG bitronix.tm.BitronixTransaction - transaction status is changing from COMMITTING to COMMITTED - executing 0 listener(s)
16:05:26.602 [Test worker] DEBUG bitronix.tm.BitronixTransaction - successfully committed a Bitronix Transaction with GTRID [737072696E672D62746D00000145172BEEE400000002], status=COMMITTED, 1 resource(s) enlisted (started Mon Mar 31 16:05:26 CST 2014)
16:05:26.602 [Test worker] DEBUG b.tm.internal.XAResourceManager - clearing XAResourceHolder states on 1 resource(s)
16:05:26.602 [Test worker] DEBUG b.t.r.c.AbstractXAResourceHolder - removing XAResourceHolderState of xid a Bitronix XID [737072696E672D62746D00000145172BEEE400000002 : 737072696E672D62746D00000145172BEF3900000003] from a JdbcPooledConnection from datasource jdbc/sharding in state NOT_ACCESSIBLE with usage count 0 wrapping org.postgresql.xa.PGXAConnection@585cbda6
16:05:26.602 [Test worker] DEBUG b.tm.internal.XAResourceManager - resource a JdbcPooledConnection from datasource jdbc/sharding in state NOT_ACCESSIBLE with usage count 0 wrapping org.postgresql.xa.PGXAConnection@585cbda6 cleaned up all transaction states for GTRID [737072696E672D62746D00000145172BEEE400000002]
16:05:26.602 [Test worker] DEBUG bitronix.tm.BitronixTransaction - after completion, 4 synchronization(s) to execute
16:05:26.602 [Test worker] DEBUG bitronix.tm.BitronixTransaction - executing synchronization org.hibernate.engine.transaction.synchronization.internal.RegisteredSynchronization@2c3dbf01 with status=COMMITTED
16:05:26.602 [Test worker] DEBUG o.h.e.j.i.LogicalConnectionImpl - Aggressively releasing JDBC connection
16:05:26.603 [Test worker] DEBUG o.h.e.j.internal.JdbcCoordinatorImpl - HHH000420: Closing un-released batch
16:05:26.604 [Test worker] DEBUG bitronix.tm.BitronixTransaction - executing synchronization org.hibernate.context.internal.JTASessionContext$CleanupSynch@44aca693 with status=COMMITTED
16:05:26.604 [Test worker] DEBUG bitronix.tm.BitronixTransaction - executing synchronization a ClearContextSynchronization for a Bitronix Transaction with GTRID [737072696E672D62746D00000145172BEEE400000002], status=COMMITTED, 0 resource(s) enlisted (started Mon Mar 31 16:05:26 CST 2014) with status=COMMITTED
16:05:26.604 [Test worker] DEBUG b.tm.BitronixTransactionManager - clearing transaction from thread context: a ThreadContext (1134084554) with transaction a Bitronix Transaction with GTRID [737072696E672D62746D00000145172BEEE400000002], status=COMMITTED, 0 resource(s) enlisted (started Mon Mar 31 16:05:26 CST 2014), default timeout 60s
16:05:26.604 [Test worker] DEBUG b.tm.BitronixTransactionManager - removing transaction from in-flight transactions: a Bitronix Transaction with GTRID [737072696E672D62746D00000145172BEEE400000002], status=COMMITTED, 0 resource(s) enlisted (started Mon Mar 31 16:05:26 CST 2014)
16:05:26.604 [Test worker] DEBUG bitronix.tm.BitronixTransaction - executing synchronization a DeferredReleaseSynchronization of a JdbcPooledConnection from datasource jdbc/sharding in state NOT_ACCESSIBLE with usage count 0 wrapping org.postgresql.xa.PGXAConnection@585cbda6 with status=COMMITTED
16:05:26.604 [Test worker] DEBUG b.t.r.c.DeferredReleaseSynchronization - DeferredReleaseSynchronization requeuing a JdbcPooledConnection from datasource jdbc/sharding in state NOT_ACCESSIBLE with usage count 0 wrapping org.postgresql.xa.PGXAConnection@585cbda6
16:05:26.604 [Test worker] DEBUG b.t.r.c.AbstractXAStatefulHolder - notifying 2 stateChangeEventListener(s) about state changing from NOT_ACCESSIBLE to IN_POOL in a JdbcPooledConnection from datasource jdbc/sharding in state NOT_ACCESSIBLE with usage count 0 wrapping org.postgresql.xa.PGXAConnection@585cbda6
16:05:26.605 [Test worker] DEBUG b.t.r.jdbc.JdbcPooledConnection - closing 0 dangling uncached statement(s)
16:05:26.605 [Test worker] DEBUG bitronix.tm.resource.common.XAPool - removed a JdbcPooledConnection from datasource jdbc/sharding in state NOT_ACCESSIBLE with usage count 0 wrapping org.postgresql.xa.PGXAConnection@585cbda6 from the inaccessible pool
16:05:26.605 [Test worker] DEBUG b.t.r.c.AbstractXAStatefulHolder - state changing from NOT_ACCESSIBLE to IN_POOL in a JdbcPooledConnection from datasource jdbc/sharding in state NOT_ACCESSIBLE with usage count 0 wrapping org.postgresql.xa.PGXAConnection@585cbda6
16:05:26.605 [Test worker] DEBUG b.t.r.c.AbstractXAStatefulHolder - notifying 2 stateChangeEventListener(s) about state changed from NOT_ACCESSIBLE to IN_POOL in a JdbcPooledConnection from datasource jdbc/sharding in state IN_POOL with usage count 0 wrapping org.postgresql.xa.PGXAConnection@585cbda6
16:05:26.605 [Test worker] DEBUG bitronix.tm.resource.common.XAPool - added a JdbcPooledConnection from datasource jdbc/sharding in state IN_POOL with usage count 0 wrapping org.postgresql.xa.PGXAConnection@585cbda6 to the available pool
16:05:26.605 [Test worker] DEBUG b.t.r.c.DeferredReleaseSynchronization - DeferredReleaseSynchronization requeued a JdbcPooledConnection from datasource jdbc/sharding in state IN_POOL with usage count 0 wrapping org.postgresql.xa.PGXAConnection@585cbda6
16:05:26.605 [Test worker] DEBUG o.s.t.jta.JtaTransactionManager - Resuming suspended transaction after completion of inner transaction
16:05:26.605 [Test worker] DEBUG b.tm.BitronixTransactionManager - resuming a Bitronix Transaction with GTRID [737072696E672D62746D00000145172BEED500000001], status=ACTIVE, 0 resource(s) enlisted (started Mon Mar 31 16:05:26 CST 2014)
16:05:26.605 [Test worker] DEBUG bitronix.tm.internal.ThreadContext - assigning <a Bitronix Transaction with GTRID [737072696E672D62746D00000145172BEED500000001], status=ACTIVE, 0 resource(s) enlisted (started Mon Mar 31 16:05:26 CST 2014)> to <a ThreadContext (1134084554) with transaction null, default timeout 60s>
16:05:26.627 [Test worker] DEBUG bitronix.tm.BitronixTransaction - registering synchronization org.hibernate.engine.transaction.synchronization.internal.RegisteredSynchronization@516873e1
16:05:26.628 [Test worker] DEBUG o.h.e.t.i.TransactionCoordinatorImpl - successfully registered Synchronization
16:05:26.628 [Test worker] DEBUG org.hibernate.internal.SessionImpl - Opened session at timestamp: 13962531266
16:05:26.628 [Test worker] DEBUG bitronix.tm.BitronixTransaction - registering synchronization org.hibernate.context.internal.JTASessionContext$CleanupSynch@7161572b
16:05:26.630 [Test worker] DEBUG o.h.e.i.AbstractSaveEventListener - Generated identifier: 1040203776, using strategy: org.hibernate.id.Assigned
16:05:26.644 [Test worker] DEBUG bitronix.tm.BitronixTransaction - registering synchronization org.hibernate.engine.transaction.synchronization.internal.RegisteredSynchronization@5f94997c
16:05:26.644 [Test worker] DEBUG o.h.e.t.i.TransactionCoordinatorImpl - successfully registered Synchronization
16:05:26.645 [Test worker] DEBUG org.hibernate.internal.SessionImpl - Opened session at timestamp: 13962531266
16:05:26.645 [Test worker] DEBUG bitronix.tm.BitronixTransaction - registering synchronization org.hibernate.context.internal.JTASessionContext$CleanupSynch@7e6f6649
16:05:26.645 [Test worker] DEBUG o.h.e.i.AbstractSaveEventListener - Generated identifier: 1040220160, using strategy: org.hibernate.id.Assigned
]]></system-out>
  <system-err><![CDATA[]]></system-err>
</testsuite>
