<?xml version="1.1" encoding="UTF-8"?>
<testsuite name="com.junbo.fulfilment.db.repo.FulfilmentRepositoryTest" tests="1" failures="0" errors="0" timestamp="2014-03-31T08:05:27" hostname="XumengChendeMacBook-Pro.local" time="0.033">
  <properties/>
  <testcase name="testCreate" classname="com.junbo.fulfilment.db.repo.FulfilmentRepositoryTest" time="0.033"/>
  <system-out><![CDATA[16:05:27.037 [Test worker] DEBUG bitronix.tm.BitronixTransaction - registering synchronization org.hibernate.engine.transaction.synchronization.internal.RegisteredSynchronization@e175f5f
16:05:27.037 [Test worker] DEBUG o.h.e.t.i.TransactionCoordinatorImpl - successfully registered Synchronization
16:05:27.037 [Test worker] DEBUG org.hibernate.internal.SessionImpl - Opened session at timestamp: 13962531270
16:05:27.037 [Test worker] DEBUG bitronix.tm.BitronixTransaction - registering synchronization org.hibernate.context.internal.JTASessionContext$CleanupSynch@62ef9f30
16:05:27.038 [Test worker] DEBUG o.h.e.i.AbstractSaveEventListener - Generated identifier: 755056704, using strategy: org.hibernate.id.Assigned
]]></system-out>
  <system-err><![CDATA[]]></system-err>
</testsuite>
