<?xml version="1.1" encoding="UTF-8"?>
<testsuite name="com.junbo.gradle.bootstrap.BootstrapPluginTest" tests="1" failures="0" errors="0" timestamp="2014-04-02T09:27:14" hostname="XumengChendeMacBook-Pro.local" time="7.378">
  <properties/>
  <testcase name="testBootstrap" classname="com.junbo.gradle.bootstrap.BootstrapPluginTest" time="7.378"/>
  <system-out><![CDATA[17:27:15.280 [Test worker] DEBUG o.g.a.i.a.m.DefaultLocalMavenRepositoryLocator - No local repository in Settings file defined. Using default path: /Users/xmchen/.m2/repository
17:27:16.259 [Test worker] INFO  o.g.g.s.i.DefaultScriptCompilationHandler - Compiling script '/private/var/folders/xd/hyfl6pvj5xq6xd95x97_cp3r0000gn/T/gradle214868141919282438projectDir/build/libraries.gradle' using StatementExtractingScriptTransformer.
17:27:16.781 [Test worker] DEBUG o.g.g.s.i.DefaultScriptCompilationHandler - Timing: Writing script to cache at /private/var/folders/xd/hyfl6pvj5xq6xd95x97_cp3r0000gn/T/gradle214868141919282438projectDir/userHome/caches/1.10/scripts/libraries_6k3ruac22mjn1uvv0t6ismibir/DefaultScript/buildscript/classes took: 0.525 secs
17:27:16.811 [Test worker] INFO  o.g.g.s.i.DefaultScriptCompilationHandler - Compiling script '/private/var/folders/xd/hyfl6pvj5xq6xd95x97_cp3r0000gn/T/gradle214868141919282438projectDir/build/libraries.gradle' using BuildScriptTransformer.
17:27:19.866 [Test worker] DEBUG o.g.g.s.i.DefaultScriptCompilationHandler - Timing: Writing script to cache at /private/var/folders/xd/hyfl6pvj5xq6xd95x97_cp3r0000gn/T/gradle214868141919282438projectDir/userHome/caches/1.10/scripts/libraries_6k3ruac22mjn1uvv0t6ismibir/DefaultScript/no_buildscript/classes took: 3.055 secs
17:27:20.081 [Test worker] DEBUG o.g.a.i.a.m.DefaultLocalMavenRepositoryLocator - No local repository in Settings file defined. Using default path: /Users/xmchen/.m2/repository
]]></system-out>
  <system-err><![CDATA[]]></system-err>
</testsuite>
