<?xml version="1.1" encoding="UTF-8"?>
<testsuite name="com.junbo.order.core.orderflow.FlowSelectorTest" tests="2" failures="0" errors="0" timestamp="2014-04-04T09:27:32" hostname="XumengChendeMacBook-Pro.local" time="0.222">
  <properties/>
  <testcase name="testSelector_CREATE_PayIn_CreditCard_Digital" classname="com.junbo.order.core.orderflow.FlowSelectorTest" time="0.204"/>
  <testcase name="testSelector_CREATE_PayIn_NoPI_Digital" classname="com.junbo.order.core.orderflow.FlowSelectorTest" time="0.008"/>
  <system-out><![CDATA[17:27:32.753 [Test worker] ERROR c.j.o.c.i.o.DefaultFlowSelector - name=Payment_Instrument_Type_Not_Supported, action: CREDIT_CARD
17:27:32.816 [bitronix-async-jmx-worker] DEBUG b.tm.utils.ManagementRegistrar - Calling ManagementRegisterCommand on object with name bitronix.tm:type=Transaction,Gtrid=737072696E672D62746D000001452C108A5900000001
]]></system-out>
  <system-err><![CDATA[]]></system-err>
</testsuite>
