<?xml version="1.1" encoding="UTF-8"?>
<testsuite name="com.junbo.langur.core.ActionTest" tests="3" failures="0" errors="0" timestamp="2014-04-02T09:28:17" hostname="XumengChendeMacBook-Pro.local" time="1.292">
  <properties/>
  <testcase name="testBranchAction" classname="com.junbo.langur.core.ActionTest" time="0.07"/>
  <testcase name="testPromiseContext" classname="com.junbo.langur.core.ActionTest" time="1.019"/>
  <testcase name="testSequenceAction" classname="com.junbo.langur.core.ActionTest" time="0.201"/>
  <system-out><![CDATA[]]></system-out>
  <system-err><![CDATA[]]></system-err>
</testsuite>
