<?xml version="1.1" encoding="UTF-8"?>
<testsuite name="com.junbo.fulfilment.rest.interceptor.RequestInterceptorTest" tests="1" failures="0" errors="0" timestamp="2014-03-31T08:05:29" hostname="XumengChendeMacBook-Pro.local" time="0.015">
  <properties/>
  <testcase name="testCleanup" classname="com.junbo.fulfilment.rest.interceptor.RequestInterceptorTest" time="0.015"/>
  <system-out><![CDATA[]]></system-out>
  <system-err><![CDATA[]]></system-err>
</testsuite>
