<?xml version="1.1" encoding="UTF-8"?>
<testsuite name="com.junbo.cart.db.persist.CartPersistServiceTest" tests="1" failures="0" errors="0" timestamp="2014-03-31T08:03:11" hostname="XumengChendeMacBook-Pro.local" time="0.032">
  <properties/>
  <testcase name="testGetCart" classname="com.junbo.cart.db.persist.CartPersistServiceTest" time="0.032"/>
  <system-out><![CDATA[]]></system-out>
  <system-err><![CDATA[]]></system-err>
</testsuite>
