<?xml version="1.1" encoding="UTF-8"?>
<testsuite name="com.junbo.cart.db.mapper.CartMapperTest" tests="4" failures="0" errors="0" timestamp="2014-03-31T08:03:11" hostname="XumengChendeMacBook-Pro.local" time="0.047">
  <properties/>
  <testcase name="testToCartEntity" classname="com.junbo.cart.db.mapper.CartMapperTest" time="0.019"/>
  <testcase name="testToCartModel" classname="com.junbo.cart.db.mapper.CartMapperTest" time="0.002"/>
  <testcase name="testToCouponItemModel" classname="com.junbo.cart.db.mapper.CartMapperTest" time="0.01"/>
  <testcase name="testToOfferItemModel" classname="com.junbo.cart.db.mapper.CartMapperTest" time="0.011"/>
  <system-out><![CDATA[]]></system-out>
  <system-err><![CDATA[]]></system-err>
</testsuite>
