<?xml version="1.1" encoding="UTF-8"?>
<testsuite name="com.junbo.cart.db.dao.CartCouponDaoTest" tests="2" failures="0" errors="0" timestamp="2014-03-31T08:03:10" hostname="XumengChendeMacBook-Pro.local" time="0.33">
  <properties/>
  <testcase name="testInsertCoupon" classname="com.junbo.cart.db.dao.CartCouponDaoTest" time="0.247"/>
  <testcase name="testUpdateCoupon" classname="com.junbo.cart.db.dao.CartCouponDaoTest" time="0.043"/>
  <system-out><![CDATA[16:03:10.476 [bitronix-async-jmx-worker] DEBUG b.tm.utils.ManagementRegistrar - Calling ManagementRegisterCommand on object with name bitronix.tm:type=Transaction,Gtrid=737072696E672D62746D000001451729DBF300000001
16:03:10.564 [Test worker] DEBUG bitronix.tm.BitronixTransaction - registering synchronization org.hibernate.engine.transaction.synchronization.internal.RegisteredSynchronization@75ae1c93
16:03:10.565 [Test worker] DEBUG bitronix.tm.BitronixTransaction - registering synchronization org.hibernate.context.internal.JTASessionContext$CleanupSynch@51bac70
16:03:10.639 [Test worker] DEBUG b.tm.resource.jdbc.PoolingDataSource - acquiring connection from a PoolingDataSource containing an XAPool of resource jdbc/cart_ds1 with 3 connection(s) (3 still available)
16:03:10.639 [Test worker] DEBUG bitronix.tm.resource.common.XAPool - trying to recycle a NOT_ACCESSIBLE connection of an XAPool of resource jdbc/cart_ds1 with 3 connection(s) (3 still available)
16:03:10.639 [Test worker] DEBUG bitronix.tm.resource.common.XAPool - current transaction GTRID is [737072696E672D62746D000001451729DBF300000001]
16:03:10.639 [Test worker] DEBUG bitronix.tm.resource.common.XAPool - no NOT_ACCESSIBLE connection enlisted in this transaction
16:03:10.639 [Test worker] DEBUG bitronix.tm.resource.common.XAPool - getting IN_POOL connection from an XAPool of resource jdbc/cart_ds1 with 3 connection(s) (3 still available), waiting if necessary
16:03:10.639 [Test worker] DEBUG bitronix.tm.resource.common.XAPool - checking if connection can be closed: a JdbcPooledConnection from datasource jdbc/cart_ds1 in state IN_POOL with usage count 0 wrapping org.postgresql.xa.PGXAConnection@75007406 - closing time: 1396253049840, now time: 1396252990639
16:03:10.639 [Test worker] DEBUG bitronix.tm.resource.common.XAPool - found IN_POOL connection a JdbcPooledConnection from datasource jdbc/cart_ds1 in state IN_POOL with usage count 0 wrapping org.postgresql.xa.PGXAConnection@75007406 from an XAPool of resource jdbc/cart_ds1 with 3 connection(s) (2 still available)
16:03:10.639 [Test worker] DEBUG b.t.r.jdbc.JdbcPooledConnection - getting connection handle from a JdbcPooledConnection from datasource jdbc/cart_ds1 in state IN_POOL with usage count 0 wrapping org.postgresql.xa.PGXAConnection@75007406
16:03:10.639 [Test worker] DEBUG b.t.r.c.AbstractXAStatefulHolder - notifying 2 stateChangeEventListener(s) about state changing from IN_POOL to ACCESSIBLE in a JdbcPooledConnection from datasource jdbc/cart_ds1 in state IN_POOL with usage count 1 wrapping org.postgresql.xa.PGXAConnection@75007406
16:03:10.639 [Test worker] DEBUG b.t.r.c.AbstractXAStatefulHolder - state changing from IN_POOL to ACCESSIBLE in a JdbcPooledConnection from datasource jdbc/cart_ds1 in state IN_POOL with usage count 1 wrapping org.postgresql.xa.PGXAConnection@75007406
16:03:10.639 [Test worker] DEBUG b.t.r.c.AbstractXAStatefulHolder - notifying 2 stateChangeEventListener(s) about state changed from IN_POOL to ACCESSIBLE in a JdbcPooledConnection from datasource jdbc/cart_ds1 in state ACCESSIBLE with usage count 1 wrapping org.postgresql.xa.PGXAConnection@75007406
16:03:10.639 [Test worker] DEBUG bitronix.tm.resource.common.XAPool - added a JdbcPooledConnection from datasource jdbc/cart_ds1 in state ACCESSIBLE with usage count 1 wrapping org.postgresql.xa.PGXAConnection@75007406 to the accessible pool
16:03:10.639 [Test worker] DEBUG b.t.r.jdbc.JdbcPooledConnection - connection org.postgresql.xa.PGXAConnection@75007406 was in state IN_POOL, testing it
16:03:10.639 [Test worker] DEBUG b.t.r.jdbc.JdbcPooledConnection - no query to test connection of a JdbcPooledConnection from datasource jdbc/cart_ds1 in state ACCESSIBLE with usage count 1 wrapping org.postgresql.xa.PGXAConnection@75007406, skipping test
16:03:10.639 [Test worker] DEBUG b.t.r.jdbc.JdbcPooledConnection - got connection handle from a JdbcPooledConnection from datasource jdbc/cart_ds1 in state ACCESSIBLE with usage count 1 wrapping org.postgresql.xa.PGXAConnection@75007406
16:03:10.639 [Test worker] DEBUG b.tm.resource.jdbc.PoolingDataSource - acquired connection from a PoolingDataSource containing an XAPool of resource jdbc/cart_ds1 with 3 connection(s) (2 still available)
16:03:10.640 [Test worker] DEBUG b.t.r.c.TransactionContextHelper - enlisting a JdbcPooledConnection from datasource jdbc/cart_ds1 in state ACCESSIBLE with usage count 1 wrapping org.postgresql.xa.PGXAConnection@75007406 into a Bitronix Transaction with GTRID [737072696E672D62746D000001451729DBF300000001], status=ACTIVE, 0 resource(s) enlisted (started Mon Mar 31 16:03:10 CST 2014)
16:03:10.640 [Test worker] DEBUG b.tm.resource.ResourceRegistrar - XAResource org.postgresql.xa.PGXAConnection@75007406 does not belong to any resource of a PoolingDataSource containing an XAPool of resource jdbc/sharding with 3 connection(s) (3 still available)
16:03:10.640 [Test worker] DEBUG b.tm.resource.ResourceRegistrar - XAResource org.postgresql.xa.PGXAConnection@75007406 belongs to a JdbcPooledConnection from datasource jdbc/cart_ds1 in state ACCESSIBLE with usage count 1 wrapping org.postgresql.xa.PGXAConnection@75007406 that itself belongs to a PoolingDataSource containing an XAPool of resource jdbc/cart_ds1 with 3 connection(s) (2 still available)
16:03:10.641 [Test worker] DEBUG b.tm.internal.XAResourceManager - creating new branch with a Bitronix XID [737072696E672D62746D000001451729DBF300000001 : 737072696E672D62746D000001451729DCB100000002]
16:03:10.641 [Test worker] DEBUG b.tm.internal.XAResourceHolderState - assigning <a Bitronix XID [737072696E672D62746D000001451729DBF300000001 : 737072696E672D62746D000001451729DCB100000002]> to <an XAResourceHolderState with uniqueName=jdbc/cart_ds1 XAResource=org.postgresql.xa.PGXAConnection@75007406 with XID null>
16:03:10.642 [Test worker] DEBUG b.tm.internal.XAResourceHolderState - starting an XAResourceHolderState with uniqueName=jdbc/cart_ds1 XAResource=org.postgresql.xa.PGXAConnection@75007406 with XID a Bitronix XID [737072696E672D62746D000001451729DBF300000001 : 737072696E672D62746D000001451729DCB100000002] with NOFLAGS
16:03:10.642 [Test worker] DEBUG b.tm.internal.XAResourceHolderState - started an XAResourceHolderState with uniqueName=jdbc/cart_ds1 XAResource=org.postgresql.xa.PGXAConnection@75007406 (started) with XID a Bitronix XID [737072696E672D62746D000001451729DBF300000001 : 737072696E672D62746D000001451729DCB100000002] with NOFLAGS
16:03:10.642 [Test worker] DEBUG b.t.r.c.AbstractXAResourceHolder - putting XAResourceHolderState [an XAResourceHolderState with uniqueName=jdbc/cart_ds1 XAResource=org.postgresql.xa.PGXAConnection@75007406 (started) with XID a Bitronix XID [737072696E672D62746D000001451729DBF300000001 : 737072696E672D62746D000001451729DCB100000002]] on a JdbcPooledConnection from datasource jdbc/cart_ds1 in state ACCESSIBLE with usage count 1 wrapping org.postgresql.xa.PGXAConnection@75007406
16:03:10.642 [Test worker] DEBUG b.t.r.c.AbstractXAResourceHolder - GTRID [737072696E672D62746D000001451729DBF300000001] previously unknown to a JdbcPooledConnection from datasource jdbc/cart_ds1 in state ACCESSIBLE with usage count 1 wrapping org.postgresql.xa.PGXAConnection@75007406, adding it to the resource's transactions list
Hibernate: insert into CART_COUPON_ITEM (CART_ID, CREATED_TIME, PROPERTIES, STATUS_ID, UPDATED_TIME, COUPON_CODE, CART_ITEM_ID) values (?, ?, ?, ?, ?, ?, ?)
16:03:10.691 [Test worker] DEBUG b.t.r.jdbc.proxy.ConnectionJavaProxy - closing a ConnectionJavaProxy of a JdbcPooledConnection from datasource jdbc/cart_ds1 in state ACCESSIBLE with usage count 1 wrapping org.postgresql.xa.PGXAConnection@75007406 on Pooled connection wrapping physical connection org.postgresql.jdbc4.Jdbc4Connection@4efe39c9
16:03:10.691 [Test worker] DEBUG b.t.r.jdbc.JdbcPooledConnection - releasing to pool a JdbcPooledConnection from datasource jdbc/cart_ds1 in state ACCESSIBLE with usage count 1 wrapping org.postgresql.xa.PGXAConnection@75007406
16:03:10.691 [Test worker] DEBUG b.t.r.c.TransactionContextHelper - delisting a JdbcPooledConnection from datasource jdbc/cart_ds1 in state ACCESSIBLE with usage count 0 wrapping org.postgresql.xa.PGXAConnection@75007406 from a Bitronix Transaction with GTRID [737072696E672D62746D000001451729DBF300000001], status=ACTIVE, 1 resource(s) enlisted (started Mon Mar 31 16:03:10 CST 2014)
16:03:10.691 [Test worker] DEBUG b.t.r.c.TransactionContextHelper - resource is in enlisting global transaction context: a JdbcPooledConnection from datasource jdbc/cart_ds1 in state ACCESSIBLE with usage count 0 wrapping org.postgresql.xa.PGXAConnection@75007406
16:03:10.691 [Test worker] DEBUG b.t.r.c.TransactionContextHelper - requeuing a JdbcPooledConnection from datasource jdbc/cart_ds1 in state ACCESSIBLE with usage count 0 wrapping org.postgresql.xa.PGXAConnection@75007406 from a Bitronix Transaction with GTRID [737072696E672D62746D000001451729DBF300000001], status=ACTIVE, 1 resource(s) enlisted (started Mon Mar 31 16:03:10 CST 2014)
16:03:10.691 [Test worker] DEBUG b.t.r.c.TransactionContextHelper - resource is in enlisting global transaction context: a JdbcPooledConnection from datasource jdbc/cart_ds1 in state ACCESSIBLE with usage count 0 wrapping org.postgresql.xa.PGXAConnection@75007406
16:03:10.691 [Test worker] DEBUG b.t.r.c.TransactionContextHelper - deferring release to pool of a JdbcPooledConnection from datasource jdbc/cart_ds1 in state ACCESSIBLE with usage count 0 wrapping org.postgresql.xa.PGXAConnection@75007406
16:03:10.692 [Test worker] DEBUG b.t.r.c.TransactionContextHelper - a JdbcPooledConnection from datasource jdbc/cart_ds1 in state ACCESSIBLE with usage count 0 wrapping org.postgresql.xa.PGXAConnection@75007406 is not already registered for deferred release in a Bitronix Transaction with GTRID [737072696E672D62746D000001451729DBF300000001], status=ACTIVE, 1 resource(s) enlisted (started Mon Mar 31 16:03:10 CST 2014)
16:03:10.692 [Test worker] DEBUG b.t.r.c.TransactionContextHelper - registering DeferredReleaseSynchronization for a JdbcPooledConnection from datasource jdbc/cart_ds1 in state ACCESSIBLE with usage count 0 wrapping org.postgresql.xa.PGXAConnection@75007406
16:03:10.692 [Test worker] DEBUG b.t.r.c.AbstractXAStatefulHolder - notifying 2 stateChangeEventListener(s) about state changing from ACCESSIBLE to NOT_ACCESSIBLE in a JdbcPooledConnection from datasource jdbc/cart_ds1 in state ACCESSIBLE with usage count 0 wrapping org.postgresql.xa.PGXAConnection@75007406
16:03:10.692 [Test worker] DEBUG b.t.r.jdbc.JdbcPooledConnection - closing 0 dangling uncached statement(s)
16:03:10.692 [Test worker] DEBUG bitronix.tm.resource.common.XAPool - removed a JdbcPooledConnection from datasource jdbc/cart_ds1 in state ACCESSIBLE with usage count 0 wrapping org.postgresql.xa.PGXAConnection@75007406 from the accessible pool
16:03:10.692 [Test worker] DEBUG b.t.r.c.AbstractXAStatefulHolder - state changing from ACCESSIBLE to NOT_ACCESSIBLE in a JdbcPooledConnection from datasource jdbc/cart_ds1 in state ACCESSIBLE with usage count 0 wrapping org.postgresql.xa.PGXAConnection@75007406
16:03:10.693 [Test worker] DEBUG b.t.r.c.AbstractXAStatefulHolder - notifying 2 stateChangeEventListener(s) about state changed from ACCESSIBLE to NOT_ACCESSIBLE in a JdbcPooledConnection from datasource jdbc/cart_ds1 in state NOT_ACCESSIBLE with usage count 0 wrapping org.postgresql.xa.PGXAConnection@75007406
16:03:10.693 [Test worker] DEBUG bitronix.tm.resource.common.XAPool - added a JdbcPooledConnection from datasource jdbc/cart_ds1 in state NOT_ACCESSIBLE with usage count 0 wrapping org.postgresql.xa.PGXAConnection@75007406 to the inaccessible pool
16:03:10.693 [Test worker] DEBUG b.t.r.jdbc.JdbcPooledConnection - released to pool a JdbcPooledConnection from datasource jdbc/cart_ds1 in state NOT_ACCESSIBLE with usage count 0 wrapping org.postgresql.xa.PGXAConnection@75007406
16:03:10.746 [Test worker] DEBUG bitronix.tm.BitronixTransaction - registering synchronization org.hibernate.engine.transaction.synchronization.internal.RegisteredSynchronization@3869f0af
16:03:10.746 [Test worker] DEBUG bitronix.tm.BitronixTransaction - registering synchronization org.hibernate.context.internal.JTASessionContext$CleanupSynch@45f8e3ed
16:03:10.748 [Test worker] DEBUG b.tm.resource.jdbc.PoolingDataSource - acquiring connection from a PoolingDataSource containing an XAPool of resource jdbc/cart_ds1 with 3 connection(s) (3 still available)
16:03:10.748 [Test worker] DEBUG bitronix.tm.resource.common.XAPool - trying to recycle a NOT_ACCESSIBLE connection of an XAPool of resource jdbc/cart_ds1 with 3 connection(s) (3 still available)
16:03:10.748 [Test worker] DEBUG bitronix.tm.resource.common.XAPool - current transaction GTRID is [737072696E672D62746D000001451729DD1600000003]
16:03:10.748 [Test worker] DEBUG bitronix.tm.resource.common.XAPool - no NOT_ACCESSIBLE connection enlisted in this transaction
16:03:10.748 [Test worker] DEBUG bitronix.tm.resource.common.XAPool - getting IN_POOL connection from an XAPool of resource jdbc/cart_ds1 with 3 connection(s) (3 still available), waiting if necessary
16:03:10.748 [Test worker] DEBUG bitronix.tm.resource.common.XAPool - checking if connection can be closed: a JdbcPooledConnection from datasource jdbc/cart_ds1 in state IN_POOL with usage count 0 wrapping org.postgresql.xa.PGXAConnection@73a3e07c - closing time: 1396253049850, now time: 1396252990748
16:03:10.748 [Test worker] DEBUG bitronix.tm.resource.common.XAPool - found IN_POOL connection a JdbcPooledConnection from datasource jdbc/cart_ds1 in state IN_POOL with usage count 0 wrapping org.postgresql.xa.PGXAConnection@73a3e07c from an XAPool of resource jdbc/cart_ds1 with 3 connection(s) (2 still available)
16:03:10.749 [Test worker] DEBUG b.t.r.jdbc.JdbcPooledConnection - getting connection handle from a JdbcPooledConnection from datasource jdbc/cart_ds1 in state IN_POOL with usage count 0 wrapping org.postgresql.xa.PGXAConnection@73a3e07c
16:03:10.749 [Test worker] DEBUG b.t.r.c.AbstractXAStatefulHolder - notifying 2 stateChangeEventListener(s) about state changing from IN_POOL to ACCESSIBLE in a JdbcPooledConnection from datasource jdbc/cart_ds1 in state IN_POOL with usage count 1 wrapping org.postgresql.xa.PGXAConnection@73a3e07c
16:03:10.749 [Test worker] DEBUG b.t.r.c.AbstractXAStatefulHolder - state changing from IN_POOL to ACCESSIBLE in a JdbcPooledConnection from datasource jdbc/cart_ds1 in state IN_POOL with usage count 1 wrapping org.postgresql.xa.PGXAConnection@73a3e07c
16:03:10.749 [Test worker] DEBUG b.t.r.c.AbstractXAStatefulHolder - notifying 2 stateChangeEventListener(s) about state changed from IN_POOL to ACCESSIBLE in a JdbcPooledConnection from datasource jdbc/cart_ds1 in state ACCESSIBLE with usage count 1 wrapping org.postgresql.xa.PGXAConnection@73a3e07c
16:03:10.749 [Test worker] DEBUG bitronix.tm.resource.common.XAPool - added a JdbcPooledConnection from datasource jdbc/cart_ds1 in state ACCESSIBLE with usage count 1 wrapping org.postgresql.xa.PGXAConnection@73a3e07c to the accessible pool
16:03:10.749 [Test worker] DEBUG b.t.r.jdbc.JdbcPooledConnection - connection org.postgresql.xa.PGXAConnection@73a3e07c was in state IN_POOL, testing it
16:03:10.749 [Test worker] DEBUG b.t.r.jdbc.JdbcPooledConnection - no query to test connection of a JdbcPooledConnection from datasource jdbc/cart_ds1 in state ACCESSIBLE with usage count 1 wrapping org.postgresql.xa.PGXAConnection@73a3e07c, skipping test
16:03:10.749 [Test worker] DEBUG b.t.r.jdbc.JdbcPooledConnection - got connection handle from a JdbcPooledConnection from datasource jdbc/cart_ds1 in state ACCESSIBLE with usage count 1 wrapping org.postgresql.xa.PGXAConnection@73a3e07c
16:03:10.749 [Test worker] DEBUG b.tm.resource.jdbc.PoolingDataSource - acquired connection from a PoolingDataSource containing an XAPool of resource jdbc/cart_ds1 with 3 connection(s) (2 still available)
16:03:10.749 [Test worker] DEBUG b.t.r.c.TransactionContextHelper - enlisting a JdbcPooledConnection from datasource jdbc/cart_ds1 in state ACCESSIBLE with usage count 1 wrapping org.postgresql.xa.PGXAConnection@73a3e07c into a Bitronix Transaction with GTRID [737072696E672D62746D000001451729DD1600000003], status=ACTIVE, 0 resource(s) enlisted (started Mon Mar 31 16:03:10 CST 2014)
16:03:10.749 [Test worker] DEBUG b.tm.resource.ResourceRegistrar - XAResource org.postgresql.xa.PGXAConnection@73a3e07c does not belong to any resource of a PoolingDataSource containing an XAPool of resource jdbc/sharding with 3 connection(s) (3 still available)
16:03:10.749 [Test worker] DEBUG b.tm.resource.ResourceRegistrar - XAResource org.postgresql.xa.PGXAConnection@73a3e07c belongs to a JdbcPooledConnection from datasource jdbc/cart_ds1 in state ACCESSIBLE with usage count 1 wrapping org.postgresql.xa.PGXAConnection@73a3e07c that itself belongs to a PoolingDataSource containing an XAPool of resource jdbc/cart_ds1 with 3 connection(s) (2 still available)
16:03:10.750 [Test worker] DEBUG b.tm.internal.XAResourceManager - creating new branch with a Bitronix XID [737072696E672D62746D000001451729DD1600000003 : 737072696E672D62746D000001451729DD1D00000004]
16:03:10.750 [Test worker] DEBUG b.tm.internal.XAResourceHolderState - assigning <a Bitronix XID [737072696E672D62746D000001451729DD1600000003 : 737072696E672D62746D000001451729DD1D00000004]> to <an XAResourceHolderState with uniqueName=jdbc/cart_ds1 XAResource=org.postgresql.xa.PGXAConnection@73a3e07c with XID null>
16:03:10.750 [Test worker] DEBUG b.tm.internal.XAResourceHolderState - starting an XAResourceHolderState with uniqueName=jdbc/cart_ds1 XAResource=org.postgresql.xa.PGXAConnection@73a3e07c with XID a Bitronix XID [737072696E672D62746D000001451729DD1600000003 : 737072696E672D62746D000001451729DD1D00000004] with NOFLAGS
16:03:10.750 [Test worker] DEBUG b.tm.internal.XAResourceHolderState - started an XAResourceHolderState with uniqueName=jdbc/cart_ds1 XAResource=org.postgresql.xa.PGXAConnection@73a3e07c (started) with XID a Bitronix XID [737072696E672D62746D000001451729DD1600000003 : 737072696E672D62746D000001451729DD1D00000004] with NOFLAGS
16:03:10.750 [Test worker] DEBUG b.t.r.c.AbstractXAResourceHolder - putting XAResourceHolderState [an XAResourceHolderState with uniqueName=jdbc/cart_ds1 XAResource=org.postgresql.xa.PGXAConnection@73a3e07c (started) with XID a Bitronix XID [737072696E672D62746D000001451729DD1600000003 : 737072696E672D62746D000001451729DD1D00000004]] on a JdbcPooledConnection from datasource jdbc/cart_ds1 in state ACCESSIBLE with usage count 1 wrapping org.postgresql.xa.PGXAConnection@73a3e07c
16:03:10.750 [Test worker] DEBUG b.t.r.c.AbstractXAResourceHolder - GTRID [737072696E672D62746D000001451729DD1600000003] previously unknown to a JdbcPooledConnection from datasource jdbc/cart_ds1 in state ACCESSIBLE with usage count 1 wrapping org.postgresql.xa.PGXAConnection@73a3e07c, adding it to the resource's transactions list
Hibernate: insert into CART_COUPON_ITEM (CART_ID, CREATED_TIME, PROPERTIES, STATUS_ID, UPDATED_TIME, COUPON_CODE, CART_ITEM_ID) values (?, ?, ?, ?, ?, ?, ?)
16:03:10.755 [Test worker] DEBUG b.t.r.jdbc.proxy.ConnectionJavaProxy - closing a ConnectionJavaProxy of a JdbcPooledConnection from datasource jdbc/cart_ds1 in state ACCESSIBLE with usage count 1 wrapping org.postgresql.xa.PGXAConnection@73a3e07c on Pooled connection wrapping physical connection org.postgresql.jdbc4.Jdbc4Connection@af02743
16:03:10.755 [Test worker] DEBUG b.t.r.jdbc.JdbcPooledConnection - releasing to pool a JdbcPooledConnection from datasource jdbc/cart_ds1 in state ACCESSIBLE with usage count 1 wrapping org.postgresql.xa.PGXAConnection@73a3e07c
16:03:10.755 [Test worker] DEBUG b.t.r.c.TransactionContextHelper - delisting a JdbcPooledConnection from datasource jdbc/cart_ds1 in state ACCESSIBLE with usage count 0 wrapping org.postgresql.xa.PGXAConnection@73a3e07c from a Bitronix Transaction with GTRID [737072696E672D62746D000001451729DD1600000003], status=ACTIVE, 1 resource(s) enlisted (started Mon Mar 31 16:03:10 CST 2014)
16:03:10.755 [Test worker] DEBUG b.t.r.c.TransactionContextHelper - resource is in enlisting global transaction context: a JdbcPooledConnection from datasource jdbc/cart_ds1 in state ACCESSIBLE with usage count 0 wrapping org.postgresql.xa.PGXAConnection@73a3e07c
16:03:10.755 [Test worker] DEBUG b.t.r.c.TransactionContextHelper - requeuing a JdbcPooledConnection from datasource jdbc/cart_ds1 in state ACCESSIBLE with usage count 0 wrapping org.postgresql.xa.PGXAConnection@73a3e07c from a Bitronix Transaction with GTRID [737072696E672D62746D000001451729DD1600000003], status=ACTIVE, 1 resource(s) enlisted (started Mon Mar 31 16:03:10 CST 2014)
16:03:10.755 [Test worker] DEBUG b.t.r.c.TransactionContextHelper - resource is in enlisting global transaction context: a JdbcPooledConnection from datasource jdbc/cart_ds1 in state ACCESSIBLE with usage count 0 wrapping org.postgresql.xa.PGXAConnection@73a3e07c
16:03:10.755 [Test worker] DEBUG b.t.r.c.TransactionContextHelper - deferring release to pool of a JdbcPooledConnection from datasource jdbc/cart_ds1 in state ACCESSIBLE with usage count 0 wrapping org.postgresql.xa.PGXAConnection@73a3e07c
16:03:10.756 [Test worker] DEBUG b.t.r.c.TransactionContextHelper - a JdbcPooledConnection from datasource jdbc/cart_ds1 in state ACCESSIBLE with usage count 0 wrapping org.postgresql.xa.PGXAConnection@73a3e07c is not already registered for deferred release in a Bitronix Transaction with GTRID [737072696E672D62746D000001451729DD1600000003], status=ACTIVE, 1 resource(s) enlisted (started Mon Mar 31 16:03:10 CST 2014)
16:03:10.756 [Test worker] DEBUG b.t.r.c.TransactionContextHelper - registering DeferredReleaseSynchronization for a JdbcPooledConnection from datasource jdbc/cart_ds1 in state ACCESSIBLE with usage count 0 wrapping org.postgresql.xa.PGXAConnection@73a3e07c
16:03:10.756 [Test worker] DEBUG b.t.r.c.AbstractXAStatefulHolder - notifying 2 stateChangeEventListener(s) about state changing from ACCESSIBLE to NOT_ACCESSIBLE in a JdbcPooledConnection from datasource jdbc/cart_ds1 in state ACCESSIBLE with usage count 0 wrapping org.postgresql.xa.PGXAConnection@73a3e07c
16:03:10.756 [Test worker] DEBUG b.t.r.jdbc.JdbcPooledConnection - closing 0 dangling uncached statement(s)
16:03:10.756 [Test worker] DEBUG bitronix.tm.resource.common.XAPool - removed a JdbcPooledConnection from datasource jdbc/cart_ds1 in state ACCESSIBLE with usage count 0 wrapping org.postgresql.xa.PGXAConnection@73a3e07c from the accessible pool
16:03:10.756 [Test worker] DEBUG b.t.r.c.AbstractXAStatefulHolder - state changing from ACCESSIBLE to NOT_ACCESSIBLE in a JdbcPooledConnection from datasource jdbc/cart_ds1 in state ACCESSIBLE with usage count 0 wrapping org.postgresql.xa.PGXAConnection@73a3e07c
16:03:10.756 [Test worker] DEBUG b.t.r.c.AbstractXAStatefulHolder - notifying 2 stateChangeEventListener(s) about state changed from ACCESSIBLE to NOT_ACCESSIBLE in a JdbcPooledConnection from datasource jdbc/cart_ds1 in state NOT_ACCESSIBLE with usage count 0 wrapping org.postgresql.xa.PGXAConnection@73a3e07c
16:03:10.756 [Test worker] DEBUG bitronix.tm.resource.common.XAPool - added a JdbcPooledConnection from datasource jdbc/cart_ds1 in state NOT_ACCESSIBLE with usage count 0 wrapping org.postgresql.xa.PGXAConnection@73a3e07c to the inaccessible pool
16:03:10.756 [Test worker] DEBUG b.t.r.jdbc.JdbcPooledConnection - released to pool a JdbcPooledConnection from datasource jdbc/cart_ds1 in state NOT_ACCESSIBLE with usage count 0 wrapping org.postgresql.xa.PGXAConnection@73a3e07c
16:03:10.763 [Test worker] DEBUG b.tm.resource.jdbc.PoolingDataSource - acquiring connection from a PoolingDataSource containing an XAPool of resource jdbc/cart_ds1 with 3 connection(s) (2 still available)
16:03:10.764 [Test worker] DEBUG bitronix.tm.resource.common.XAPool - trying to recycle a NOT_ACCESSIBLE connection of an XAPool of resource jdbc/cart_ds1 with 3 connection(s) (2 still available)
16:03:10.764 [Test worker] DEBUG bitronix.tm.resource.common.XAPool - current transaction GTRID is [737072696E672D62746D000001451729DD1600000003]
16:03:10.764 [Test worker] DEBUG bitronix.tm.resource.common.XAPool - found a connection in NOT_ACCESSIBLE state: a JdbcPooledConnection from datasource jdbc/cart_ds1 in state NOT_ACCESSIBLE with usage count 0 wrapping org.postgresql.xa.PGXAConnection@73a3e07c
16:03:10.764 [Test worker] DEBUG bitronix.tm.resource.common.XAPool - 1 xa resource(s) created by connection in NOT_ACCESSIBLE state: a JdbcPooledConnection from datasource jdbc/cart_ds1 in state NOT_ACCESSIBLE with usage count 0 wrapping org.postgresql.xa.PGXAConnection@73a3e07c
16:03:10.765 [Test worker] DEBUG bitronix.tm.resource.common.XAPool - NOT_ACCESSIBLE xa resource GTRID: 737072696E672D62746D000001451729DD1600000003
16:03:10.766 [Test worker] DEBUG bitronix.tm.resource.common.XAPool - NOT_ACCESSIBLE xa resource's GTRID matched this transaction's GTRID, recycling it
16:03:10.766 [Test worker] DEBUG bitronix.tm.resource.common.XAPool - found NOT_ACCESSIBLE connection a JdbcPooledConnection from datasource jdbc/cart_ds1 in state NOT_ACCESSIBLE with usage count 0 wrapping org.postgresql.xa.PGXAConnection@73a3e07c from an XAPool of resource jdbc/cart_ds1 with 3 connection(s) (2 still available)
16:03:10.766 [Test worker] DEBUG b.t.r.jdbc.JdbcPooledConnection - getting connection handle from a JdbcPooledConnection from datasource jdbc/cart_ds1 in state NOT_ACCESSIBLE with usage count 0 wrapping org.postgresql.xa.PGXAConnection@73a3e07c
16:03:10.766 [Test worker] DEBUG b.t.r.c.AbstractXAStatefulHolder - notifying 2 stateChangeEventListener(s) about state changing from NOT_ACCESSIBLE to ACCESSIBLE in a JdbcPooledConnection from datasource jdbc/cart_ds1 in state NOT_ACCESSIBLE with usage count 1 wrapping org.postgresql.xa.PGXAConnection@73a3e07c
16:03:10.766 [Test worker] DEBUG bitronix.tm.resource.common.XAPool - removed a JdbcPooledConnection from datasource jdbc/cart_ds1 in state NOT_ACCESSIBLE with usage count 1 wrapping org.postgresql.xa.PGXAConnection@73a3e07c from the inaccessible pool
16:03:10.766 [Test worker] DEBUG b.t.r.c.AbstractXAStatefulHolder - state changing from NOT_ACCESSIBLE to ACCESSIBLE in a JdbcPooledConnection from datasource jdbc/cart_ds1 in state NOT_ACCESSIBLE with usage count 1 wrapping org.postgresql.xa.PGXAConnection@73a3e07c
16:03:10.766 [Test worker] DEBUG b.t.r.c.AbstractXAStatefulHolder - notifying 2 stateChangeEventListener(s) about state changed from NOT_ACCESSIBLE to ACCESSIBLE in a JdbcPooledConnection from datasource jdbc/cart_ds1 in state ACCESSIBLE with usage count 1 wrapping org.postgresql.xa.PGXAConnection@73a3e07c
16:03:10.766 [Test worker] DEBUG b.t.r.c.TransactionContextHelper - marking a JdbcPooledConnection from datasource jdbc/cart_ds1 in state ACCESSIBLE with usage count 1 wrapping org.postgresql.xa.PGXAConnection@73a3e07c as recycled in a Bitronix Transaction with GTRID [737072696E672D62746D000001451729DD1600000003], status=ACTIVE, 1 resource(s) enlisted (started Mon Mar 31 16:03:10 CST 2014)
16:03:10.766 [Test worker] DEBUG b.t.r.c.TransactionContextHelper - a JdbcPooledConnection from datasource jdbc/cart_ds1 in state ACCESSIBLE with usage count 1 wrapping org.postgresql.xa.PGXAConnection@73a3e07c has been recycled, unregistering deferred release from a Bitronix Transaction with GTRID [737072696E672D62746D000001451729DD1600000003], status=ACTIVE, 1 resource(s) enlisted (started Mon Mar 31 16:03:10 CST 2014)
16:03:10.766 [Test worker] DEBUG bitronix.tm.resource.common.XAPool - added a JdbcPooledConnection from datasource jdbc/cart_ds1 in state ACCESSIBLE with usage count 1 wrapping org.postgresql.xa.PGXAConnection@73a3e07c to the accessible pool
16:03:10.766 [Test worker] DEBUG b.t.r.jdbc.JdbcPooledConnection - connection org.postgresql.xa.PGXAConnection@73a3e07c was in state NOT_ACCESSIBLE, no need to test it
16:03:10.767 [Test worker] DEBUG b.t.r.jdbc.JdbcPooledConnection - got connection handle from a JdbcPooledConnection from datasource jdbc/cart_ds1 in state ACCESSIBLE with usage count 1 wrapping org.postgresql.xa.PGXAConnection@73a3e07c
16:03:10.767 [Test worker] DEBUG b.tm.resource.jdbc.PoolingDataSource - acquired connection from a PoolingDataSource containing an XAPool of resource jdbc/cart_ds1 with 3 connection(s) (2 still available)
16:03:10.767 [Test worker] DEBUG b.t.r.c.TransactionContextHelper - enlisting a JdbcPooledConnection from datasource jdbc/cart_ds1 in state ACCESSIBLE with usage count 1 wrapping org.postgresql.xa.PGXAConnection@73a3e07c into a Bitronix Transaction with GTRID [737072696E672D62746D000001451729DD1600000003], status=ACTIVE, 1 resource(s) enlisted (started Mon Mar 31 16:03:10 CST 2014)
16:03:10.767 [Test worker] DEBUG b.t.r.c.TransactionContextHelper - avoiding re-enlistment of already enlisted but not ended resource an XAResourceHolderState with uniqueName=jdbc/cart_ds1 XAResource=org.postgresql.xa.PGXAConnection@73a3e07c (started) with XID a Bitronix XID [737072696E672D62746D000001451729DD1600000003 : 737072696E672D62746D000001451729DD1D00000004]
Hibernate: update CART_COUPON_ITEM set CART_ID=?, CREATED_TIME=?, UPDATED_TIME=?, COUPON_CODE=? where CART_ITEM_ID=?
16:03:10.780 [Test worker] DEBUG b.t.r.jdbc.proxy.ConnectionJavaProxy - closing a ConnectionJavaProxy of a JdbcPooledConnection from datasource jdbc/cart_ds1 in state ACCESSIBLE with usage count 1 wrapping org.postgresql.xa.PGXAConnection@73a3e07c on Pooled connection wrapping physical connection org.postgresql.jdbc4.Jdbc4Connection@af02743
16:03:10.780 [Test worker] DEBUG b.t.r.jdbc.JdbcPooledConnection - releasing to pool a JdbcPooledConnection from datasource jdbc/cart_ds1 in state ACCESSIBLE with usage count 1 wrapping org.postgresql.xa.PGXAConnection@73a3e07c
16:03:10.780 [Test worker] DEBUG b.t.r.c.TransactionContextHelper - delisting a JdbcPooledConnection from datasource jdbc/cart_ds1 in state ACCESSIBLE with usage count 0 wrapping org.postgresql.xa.PGXAConnection@73a3e07c from a Bitronix Transaction with GTRID [737072696E672D62746D000001451729DD1600000003], status=ACTIVE, 1 resource(s) enlisted (started Mon Mar 31 16:03:10 CST 2014)
16:03:10.780 [Test worker] DEBUG b.t.r.c.TransactionContextHelper - resource is in enlisting global transaction context: a JdbcPooledConnection from datasource jdbc/cart_ds1 in state ACCESSIBLE with usage count 0 wrapping org.postgresql.xa.PGXAConnection@73a3e07c
16:03:10.780 [Test worker] DEBUG b.t.r.c.TransactionContextHelper - requeuing a JdbcPooledConnection from datasource jdbc/cart_ds1 in state ACCESSIBLE with usage count 0 wrapping org.postgresql.xa.PGXAConnection@73a3e07c from a Bitronix Transaction with GTRID [737072696E672D62746D000001451729DD1600000003], status=ACTIVE, 1 resource(s) enlisted (started Mon Mar 31 16:03:10 CST 2014)
16:03:10.780 [Test worker] DEBUG b.t.r.c.TransactionContextHelper - resource is in enlisting global transaction context: a JdbcPooledConnection from datasource jdbc/cart_ds1 in state ACCESSIBLE with usage count 0 wrapping org.postgresql.xa.PGXAConnection@73a3e07c
16:03:10.780 [Test worker] DEBUG b.t.r.c.TransactionContextHelper - deferring release to pool of a JdbcPooledConnection from datasource jdbc/cart_ds1 in state ACCESSIBLE with usage count 0 wrapping org.postgresql.xa.PGXAConnection@73a3e07c
16:03:10.780 [Test worker] DEBUG b.t.r.c.TransactionContextHelper - a JdbcPooledConnection from datasource jdbc/cart_ds1 in state ACCESSIBLE with usage count 0 wrapping org.postgresql.xa.PGXAConnection@73a3e07c is not already registered for deferred release in a Bitronix Transaction with GTRID [737072696E672D62746D000001451729DD1600000003], status=ACTIVE, 1 resource(s) enlisted (started Mon Mar 31 16:03:10 CST 2014)
16:03:10.781 [Test worker] DEBUG b.t.r.c.TransactionContextHelper - registering DeferredReleaseSynchronization for a JdbcPooledConnection from datasource jdbc/cart_ds1 in state ACCESSIBLE with usage count 0 wrapping org.postgresql.xa.PGXAConnection@73a3e07c
16:03:10.781 [Test worker] DEBUG b.t.r.c.AbstractXAStatefulHolder - notifying 2 stateChangeEventListener(s) about state changing from ACCESSIBLE to NOT_ACCESSIBLE in a JdbcPooledConnection from datasource jdbc/cart_ds1 in state ACCESSIBLE with usage count 0 wrapping org.postgresql.xa.PGXAConnection@73a3e07c
16:03:10.781 [Test worker] DEBUG b.t.r.jdbc.JdbcPooledConnection - closing 0 dangling uncached statement(s)
16:03:10.781 [Test worker] DEBUG bitronix.tm.resource.common.XAPool - removed a JdbcPooledConnection from datasource jdbc/cart_ds1 in state ACCESSIBLE with usage count 0 wrapping org.postgresql.xa.PGXAConnection@73a3e07c from the accessible pool
16:03:10.781 [Test worker] DEBUG b.t.r.c.AbstractXAStatefulHolder - state changing from ACCESSIBLE to NOT_ACCESSIBLE in a JdbcPooledConnection from datasource jdbc/cart_ds1 in state ACCESSIBLE with usage count 0 wrapping org.postgresql.xa.PGXAConnection@73a3e07c
16:03:10.781 [Test worker] DEBUG b.t.r.c.AbstractXAStatefulHolder - notifying 2 stateChangeEventListener(s) about state changed from ACCESSIBLE to NOT_ACCESSIBLE in a JdbcPooledConnection from datasource jdbc/cart_ds1 in state NOT_ACCESSIBLE with usage count 0 wrapping org.postgresql.xa.PGXAConnection@73a3e07c
16:03:10.781 [Test worker] DEBUG bitronix.tm.resource.common.XAPool - added a JdbcPooledConnection from datasource jdbc/cart_ds1 in state NOT_ACCESSIBLE with usage count 0 wrapping org.postgresql.xa.PGXAConnection@73a3e07c to the inaccessible pool
16:03:10.781 [Test worker] DEBUG b.t.r.jdbc.JdbcPooledConnection - released to pool a JdbcPooledConnection from datasource jdbc/cart_ds1 in state NOT_ACCESSIBLE with usage count 0 wrapping org.postgresql.xa.PGXAConnection@73a3e07c
]]></system-out>
  <system-err><![CDATA[]]></system-err>
</testsuite>
