<?xml version="1.1" encoding="UTF-8"?>
<testsuite name="com.junbo.rating.core.handler.HandlerRegisterTest" tests="1" failures="0" errors="0" timestamp="2014-03-31T08:00:20" hostname="XumengChendeMacBook-Pro.local" time="0.019">
  <properties/>
  <testcase name="test" classname="com.junbo.rating.core.handler.HandlerRegisterTest" time="0.019"/>
  <system-out><![CDATA[]]></system-out>
  <system-err><![CDATA[]]></system-err>
</testsuite>
