<?xml version="1.1" encoding="UTF-8"?>
<testsuite name="com.junbo.rating.core.service.OrderRatingServiceTest" tests="1" failures="0" errors="0" timestamp="2014-03-31T08:00:20" hostname="XumengChendeMacBook-Pro.local" time="0.017">
  <properties/>
  <testcase name="testGeneral" classname="com.junbo.rating.core.service.OrderRatingServiceTest" time="0.017"/>
  <system-out><![CDATA[]]></system-out>
  <system-err><![CDATA[]]></system-err>
</testsuite>
