<?xml version="1.1" encoding="UTF-8"?>
<testsuite name="com.junbo.fulfilment.common.IdEncodeTest" tests="1" failures="0" errors="0" timestamp="2014-03-31T08:05:09" hostname="XumengChendeMacBook-Pro.local" time="0.01">
  <properties/>
  <testcase name="testEncodeId" classname="com.junbo.fulfilment.common.IdEncodeTest" time="0.01"/>
  <system-out><![CDATA[]]></system-out>
  <system-err><![CDATA[]]></system-err>
</testsuite>
