<?xml version="1.1" encoding="UTF-8"?>
<testsuite name="com.junbo.fulfilment.common.util.TestEnumRegistry" tests="2" failures="0" errors="0" timestamp="2014-03-31T08:05:09" hostname="XumengChendeMacBook-Pro.local" time="0.004">
  <properties/>
  <testcase name="testBVT" classname="com.junbo.fulfilment.common.util.TestEnumRegistry" time="0.002"/>
  <testcase name="testFailure" classname="com.junbo.fulfilment.common.util.TestEnumRegistry" time="0.001"/>
  <system-out><![CDATA[]]></system-out>
  <system-err><![CDATA[]]></system-err>
</testsuite>
