<?xml version="1.1" encoding="UTF-8"?>
<testsuite name="com.junbo.order.db.OrderItemDaoTest" tests="4" failures="0" errors="0" timestamp="2014-04-04T09:27:50" hostname="XumengChendeMacBook-Pro.local" time="0.191">
  <properties/>
  <testcase name="testCreateAndRead" classname="com.junbo.order.db.OrderItemDaoTest" time="0.033"/>
  <testcase name="testMarkDelete" classname="com.junbo.order.db.OrderItemDaoTest" time="0.039"/>
  <testcase name="testReadByOrderId" classname="com.junbo.order.db.OrderItemDaoTest" time="0.042"/>
  <testcase name="testUpdate" classname="com.junbo.order.db.OrderItemDaoTest" time="0.038"/>
  <system-out><![CDATA[17:27:50.293 [Test worker] DEBUG bitronix.tm.BitronixTransaction - registering synchronization org.hibernate.engine.transaction.synchronization.internal.RegisteredSynchronization@28736ef2
17:27:50.293 [Test worker] DEBUG bitronix.tm.BitronixTransaction - registering synchronization org.hibernate.context.internal.JTASessionContext$CleanupSynch@3278e69d
17:27:50.316 [Test worker] DEBUG b.tm.resource.jdbc.PoolingDataSource - acquiring connection from a PoolingDataSource containing an XAPool of resource jdbc/order_ds1 with 3 connection(s) (3 still available)
17:27:50.316 [Test worker] DEBUG bitronix.tm.resource.common.XAPool - trying to recycle a NOT_ACCESSIBLE connection of an XAPool of resource jdbc/order_ds1 with 3 connection(s) (3 still available)
17:27:50.316 [Test worker] DEBUG bitronix.tm.resource.common.XAPool - current transaction GTRID is [737072696E672D62746D000001452C10CF110000002B]
17:27:50.316 [Test worker] DEBUG bitronix.tm.resource.common.XAPool - no NOT_ACCESSIBLE connection enlisted in this transaction
17:27:50.316 [Test worker] DEBUG bitronix.tm.resource.common.XAPool - getting IN_POOL connection from an XAPool of resource jdbc/order_ds1 with 3 connection(s) (3 still available), waiting if necessary
17:27:50.316 [Test worker] DEBUG bitronix.tm.resource.common.XAPool - checking if connection can be closed: a JdbcPooledConnection from datasource jdbc/order_ds1 in state IN_POOL with usage count 0 wrapping org.postgresql.xa.PGXAConnection@4b6498ed - closing time: 1396603730105, now time: 1396603670316
17:27:50.316 [Test worker] DEBUG bitronix.tm.resource.common.XAPool - found IN_POOL connection a JdbcPooledConnection from datasource jdbc/order_ds1 in state IN_POOL with usage count 0 wrapping org.postgresql.xa.PGXAConnection@4b6498ed from an XAPool of resource jdbc/order_ds1 with 3 connection(s) (2 still available)
17:27:50.316 [Test worker] DEBUG b.t.r.jdbc.JdbcPooledConnection - getting connection handle from a JdbcPooledConnection from datasource jdbc/order_ds1 in state IN_POOL with usage count 0 wrapping org.postgresql.xa.PGXAConnection@4b6498ed
17:27:50.316 [Test worker] DEBUG b.t.r.c.AbstractXAStatefulHolder - notifying 2 stateChangeEventListener(s) about state changing from IN_POOL to ACCESSIBLE in a JdbcPooledConnection from datasource jdbc/order_ds1 in state IN_POOL with usage count 1 wrapping org.postgresql.xa.PGXAConnection@4b6498ed
17:27:50.316 [Test worker] DEBUG b.t.r.c.AbstractXAStatefulHolder - state changing from IN_POOL to ACCESSIBLE in a JdbcPooledConnection from datasource jdbc/order_ds1 in state IN_POOL with usage count 1 wrapping org.postgresql.xa.PGXAConnection@4b6498ed
17:27:50.317 [Test worker] DEBUG b.t.r.c.AbstractXAStatefulHolder - notifying 2 stateChangeEventListener(s) about state changed from IN_POOL to ACCESSIBLE in a JdbcPooledConnection from datasource jdbc/order_ds1 in state ACCESSIBLE with usage count 1 wrapping org.postgresql.xa.PGXAConnection@4b6498ed
17:27:50.317 [Test worker] DEBUG bitronix.tm.resource.common.XAPool - added a JdbcPooledConnection from datasource jdbc/order_ds1 in state ACCESSIBLE with usage count 1 wrapping org.postgresql.xa.PGXAConnection@4b6498ed to the accessible pool
17:27:50.317 [Test worker] DEBUG b.t.r.jdbc.JdbcPooledConnection - connection org.postgresql.xa.PGXAConnection@4b6498ed was in state IN_POOL, testing it
17:27:50.317 [Test worker] DEBUG b.t.r.jdbc.JdbcPooledConnection - no query to test connection of a JdbcPooledConnection from datasource jdbc/order_ds1 in state ACCESSIBLE with usage count 1 wrapping org.postgresql.xa.PGXAConnection@4b6498ed, skipping test
17:27:50.317 [Test worker] DEBUG b.t.r.jdbc.JdbcPooledConnection - got connection handle from a JdbcPooledConnection from datasource jdbc/order_ds1 in state ACCESSIBLE with usage count 1 wrapping org.postgresql.xa.PGXAConnection@4b6498ed
17:27:50.317 [Test worker] DEBUG b.tm.resource.jdbc.PoolingDataSource - acquired connection from a PoolingDataSource containing an XAPool of resource jdbc/order_ds1 with 3 connection(s) (2 still available)
17:27:50.317 [Test worker] DEBUG b.t.r.c.TransactionContextHelper - enlisting a JdbcPooledConnection from datasource jdbc/order_ds1 in state ACCESSIBLE with usage count 1 wrapping org.postgresql.xa.PGXAConnection@4b6498ed into a Bitronix Transaction with GTRID [737072696E672D62746D000001452C10CF110000002B], status=ACTIVE, 0 resource(s) enlisted (started Fri Apr 04 17:27:50 CST 2014)
17:27:50.317 [Test worker] DEBUG b.tm.resource.ResourceRegistrar - XAResource org.postgresql.xa.PGXAConnection@4b6498ed belongs to a JdbcPooledConnection from datasource jdbc/order_ds1 in state ACCESSIBLE with usage count 1 wrapping org.postgresql.xa.PGXAConnection@4b6498ed that itself belongs to a PoolingDataSource containing an XAPool of resource jdbc/order_ds1 with 3 connection(s) (2 still available)
17:27:50.317 [Test worker] DEBUG b.tm.internal.XAResourceManager - creating new branch with a Bitronix XID [737072696E672D62746D000001452C10CF110000002B : 737072696E672D62746D000001452C10CF2D0000002C]
17:27:50.317 [Test worker] DEBUG b.tm.internal.XAResourceHolderState - assigning <a Bitronix XID [737072696E672D62746D000001452C10CF110000002B : 737072696E672D62746D000001452C10CF2D0000002C]> to <an XAResourceHolderState with uniqueName=jdbc/order_ds1 XAResource=org.postgresql.xa.PGXAConnection@4b6498ed with XID null>
17:27:50.317 [Test worker] DEBUG b.tm.internal.XAResourceHolderState - starting an XAResourceHolderState with uniqueName=jdbc/order_ds1 XAResource=org.postgresql.xa.PGXAConnection@4b6498ed with XID a Bitronix XID [737072696E672D62746D000001452C10CF110000002B : 737072696E672D62746D000001452C10CF2D0000002C] with NOFLAGS
17:27:50.317 [Test worker] DEBUG b.tm.internal.XAResourceHolderState - started an XAResourceHolderState with uniqueName=jdbc/order_ds1 XAResource=org.postgresql.xa.PGXAConnection@4b6498ed (started) with XID a Bitronix XID [737072696E672D62746D000001452C10CF110000002B : 737072696E672D62746D000001452C10CF2D0000002C] with NOFLAGS
17:27:50.317 [Test worker] DEBUG b.t.r.c.AbstractXAResourceHolder - putting XAResourceHolderState [an XAResourceHolderState with uniqueName=jdbc/order_ds1 XAResource=org.postgresql.xa.PGXAConnection@4b6498ed (started) with XID a Bitronix XID [737072696E672D62746D000001452C10CF110000002B : 737072696E672D62746D000001452C10CF2D0000002C]] on a JdbcPooledConnection from datasource jdbc/order_ds1 in state ACCESSIBLE with usage count 1 wrapping org.postgresql.xa.PGXAConnection@4b6498ed
17:27:50.317 [Test worker] DEBUG b.t.r.c.AbstractXAResourceHolder - GTRID [737072696E672D62746D000001452C10CF110000002B] previously unknown to a JdbcPooledConnection from datasource jdbc/order_ds1 in state ACCESSIBLE with usage count 1 wrapping org.postgresql.xa.PGXAConnection@4b6498ed, adding it to the resource's transactions list
Hibernate: insert into ORDER_ITEM (CREATED_BY, CREATED_TIME, UPDATED_BY, UPDATED_TIME, IS_DELETED, FEDERATED_ID, HONOR_UNTIL_TIME, HONORED_TIME, IS_TAX_EXEMPTED, ORDER_ID, ORDER_ITEM_TYPE, PRODUCT_ITEM_ID, PROPERTIES, QUANTITY, SHIPPING_ADDRESS_ID, SHIPPING_METHOD_ID, TOTAL_AMOUNT, TOTAL_DISCOUNT, TOTAL_PREORDER_AMOUNT, TOTAL_PREORDER_TAX, TOTAL_TAX, UNIT_PRICE, ORDER_ITEM_ID) values (?, ?, ?, ?, ?, ?, ?, ?, ?, ?, ?, ?, ?, ?, ?, ?, ?, ?, ?, ?, ?, ?, ?)
17:27:50.321 [Test worker] DEBUG b.t.r.jdbc.proxy.ConnectionJavaProxy - closing a ConnectionJavaProxy of a JdbcPooledConnection from datasource jdbc/order_ds1 in state ACCESSIBLE with usage count 1 wrapping org.postgresql.xa.PGXAConnection@4b6498ed on Pooled connection wrapping physical connection org.postgresql.jdbc4.Jdbc4Connection@27b170a3
17:27:50.322 [Test worker] DEBUG b.t.r.jdbc.JdbcPooledConnection - releasing to pool a JdbcPooledConnection from datasource jdbc/order_ds1 in state ACCESSIBLE with usage count 1 wrapping org.postgresql.xa.PGXAConnection@4b6498ed
17:27:50.322 [Test worker] DEBUG b.t.r.c.TransactionContextHelper - delisting a JdbcPooledConnection from datasource jdbc/order_ds1 in state ACCESSIBLE with usage count 0 wrapping org.postgresql.xa.PGXAConnection@4b6498ed from a Bitronix Transaction with GTRID [737072696E672D62746D000001452C10CF110000002B], status=ACTIVE, 1 resource(s) enlisted (started Fri Apr 04 17:27:50 CST 2014)
17:27:50.322 [Test worker] DEBUG b.t.r.c.TransactionContextHelper - resource is in enlisting global transaction context: a JdbcPooledConnection from datasource jdbc/order_ds1 in state ACCESSIBLE with usage count 0 wrapping org.postgresql.xa.PGXAConnection@4b6498ed
17:27:50.322 [Test worker] DEBUG b.t.r.c.TransactionContextHelper - requeuing a JdbcPooledConnection from datasource jdbc/order_ds1 in state ACCESSIBLE with usage count 0 wrapping org.postgresql.xa.PGXAConnection@4b6498ed from a Bitronix Transaction with GTRID [737072696E672D62746D000001452C10CF110000002B], status=ACTIVE, 1 resource(s) enlisted (started Fri Apr 04 17:27:50 CST 2014)
17:27:50.322 [Test worker] DEBUG b.t.r.c.TransactionContextHelper - resource is in enlisting global transaction context: a JdbcPooledConnection from datasource jdbc/order_ds1 in state ACCESSIBLE with usage count 0 wrapping org.postgresql.xa.PGXAConnection@4b6498ed
17:27:50.322 [Test worker] DEBUG b.t.r.c.TransactionContextHelper - deferring release to pool of a JdbcPooledConnection from datasource jdbc/order_ds1 in state ACCESSIBLE with usage count 0 wrapping org.postgresql.xa.PGXAConnection@4b6498ed
17:27:50.322 [Test worker] DEBUG b.t.r.c.TransactionContextHelper - a JdbcPooledConnection from datasource jdbc/order_ds1 in state ACCESSIBLE with usage count 0 wrapping org.postgresql.xa.PGXAConnection@4b6498ed is not already registered for deferred release in a Bitronix Transaction with GTRID [737072696E672D62746D000001452C10CF110000002B], status=ACTIVE, 1 resource(s) enlisted (started Fri Apr 04 17:27:50 CST 2014)
17:27:50.322 [Test worker] DEBUG b.t.r.c.TransactionContextHelper - registering DeferredReleaseSynchronization for a JdbcPooledConnection from datasource jdbc/order_ds1 in state ACCESSIBLE with usage count 0 wrapping org.postgresql.xa.PGXAConnection@4b6498ed
17:27:50.322 [Test worker] DEBUG b.t.r.c.AbstractXAStatefulHolder - notifying 2 stateChangeEventListener(s) about state changing from ACCESSIBLE to NOT_ACCESSIBLE in a JdbcPooledConnection from datasource jdbc/order_ds1 in state ACCESSIBLE with usage count 0 wrapping org.postgresql.xa.PGXAConnection@4b6498ed
17:27:50.322 [Test worker] DEBUG b.t.r.jdbc.JdbcPooledConnection - closing 0 dangling uncached statement(s)
17:27:50.322 [Test worker] DEBUG bitronix.tm.resource.common.XAPool - removed a JdbcPooledConnection from datasource jdbc/order_ds1 in state ACCESSIBLE with usage count 0 wrapping org.postgresql.xa.PGXAConnection@4b6498ed from the accessible pool
17:27:50.322 [Test worker] DEBUG b.t.r.c.AbstractXAStatefulHolder - state changing from ACCESSIBLE to NOT_ACCESSIBLE in a JdbcPooledConnection from datasource jdbc/order_ds1 in state ACCESSIBLE with usage count 0 wrapping org.postgresql.xa.PGXAConnection@4b6498ed
17:27:50.322 [Test worker] DEBUG b.t.r.c.AbstractXAStatefulHolder - notifying 2 stateChangeEventListener(s) about state changed from ACCESSIBLE to NOT_ACCESSIBLE in a JdbcPooledConnection from datasource jdbc/order_ds1 in state NOT_ACCESSIBLE with usage count 0 wrapping org.postgresql.xa.PGXAConnection@4b6498ed
17:27:50.322 [Test worker] DEBUG bitronix.tm.resource.common.XAPool - added a JdbcPooledConnection from datasource jdbc/order_ds1 in state NOT_ACCESSIBLE with usage count 0 wrapping org.postgresql.xa.PGXAConnection@4b6498ed to the inaccessible pool
17:27:50.322 [Test worker] DEBUG b.t.r.jdbc.JdbcPooledConnection - released to pool a JdbcPooledConnection from datasource jdbc/order_ds1 in state NOT_ACCESSIBLE with usage count 0 wrapping org.postgresql.xa.PGXAConnection@4b6498ed
17:27:50.341 [Test worker] DEBUG bitronix.tm.BitronixTransaction - registering synchronization org.hibernate.engine.transaction.synchronization.internal.RegisteredSynchronization@4e67e01a
17:27:50.341 [Test worker] DEBUG bitronix.tm.BitronixTransaction - registering synchronization org.hibernate.context.internal.JTASessionContext$CleanupSynch@5a9f32d
17:27:50.342 [Test worker] DEBUG b.tm.resource.jdbc.PoolingDataSource - acquiring connection from a PoolingDataSource containing an XAPool of resource jdbc/order_ds1 with 3 connection(s) (3 still available)
17:27:50.342 [Test worker] DEBUG bitronix.tm.resource.common.XAPool - trying to recycle a NOT_ACCESSIBLE connection of an XAPool of resource jdbc/order_ds1 with 3 connection(s) (3 still available)
17:27:50.342 [Test worker] DEBUG bitronix.tm.resource.common.XAPool - current transaction GTRID is [737072696E672D62746D000001452C10CF400000002D]
17:27:50.342 [Test worker] DEBUG bitronix.tm.resource.common.XAPool - no NOT_ACCESSIBLE connection enlisted in this transaction
17:27:50.342 [Test worker] DEBUG bitronix.tm.resource.common.XAPool - getting IN_POOL connection from an XAPool of resource jdbc/order_ds1 with 3 connection(s) (3 still available), waiting if necessary
17:27:50.342 [Test worker] DEBUG bitronix.tm.resource.common.XAPool - checking if connection can be closed: a JdbcPooledConnection from datasource jdbc/order_ds1 in state IN_POOL with usage count 0 wrapping org.postgresql.xa.PGXAConnection@39741646 - closing time: 1396603730247, now time: 1396603670342
17:27:50.343 [Test worker] DEBUG bitronix.tm.resource.common.XAPool - found IN_POOL connection a JdbcPooledConnection from datasource jdbc/order_ds1 in state IN_POOL with usage count 0 wrapping org.postgresql.xa.PGXAConnection@39741646 from an XAPool of resource jdbc/order_ds1 with 3 connection(s) (2 still available)
17:27:50.343 [Test worker] DEBUG b.t.r.jdbc.JdbcPooledConnection - getting connection handle from a JdbcPooledConnection from datasource jdbc/order_ds1 in state IN_POOL with usage count 0 wrapping org.postgresql.xa.PGXAConnection@39741646
17:27:50.343 [Test worker] DEBUG b.t.r.c.AbstractXAStatefulHolder - notifying 2 stateChangeEventListener(s) about state changing from IN_POOL to ACCESSIBLE in a JdbcPooledConnection from datasource jdbc/order_ds1 in state IN_POOL with usage count 1 wrapping org.postgresql.xa.PGXAConnection@39741646
17:27:50.343 [Test worker] DEBUG b.t.r.c.AbstractXAStatefulHolder - state changing from IN_POOL to ACCESSIBLE in a JdbcPooledConnection from datasource jdbc/order_ds1 in state IN_POOL with usage count 1 wrapping org.postgresql.xa.PGXAConnection@39741646
17:27:50.343 [Test worker] DEBUG b.t.r.c.AbstractXAStatefulHolder - notifying 2 stateChangeEventListener(s) about state changed from IN_POOL to ACCESSIBLE in a JdbcPooledConnection from datasource jdbc/order_ds1 in state ACCESSIBLE with usage count 1 wrapping org.postgresql.xa.PGXAConnection@39741646
17:27:50.343 [Test worker] DEBUG bitronix.tm.resource.common.XAPool - added a JdbcPooledConnection from datasource jdbc/order_ds1 in state ACCESSIBLE with usage count 1 wrapping org.postgresql.xa.PGXAConnection@39741646 to the accessible pool
17:27:50.343 [Test worker] DEBUG b.t.r.jdbc.JdbcPooledConnection - connection org.postgresql.xa.PGXAConnection@39741646 was in state IN_POOL, testing it
17:27:50.343 [Test worker] DEBUG b.t.r.jdbc.JdbcPooledConnection - no query to test connection of a JdbcPooledConnection from datasource jdbc/order_ds1 in state ACCESSIBLE with usage count 1 wrapping org.postgresql.xa.PGXAConnection@39741646, skipping test
17:27:50.343 [Test worker] DEBUG b.t.r.jdbc.JdbcPooledConnection - got connection handle from a JdbcPooledConnection from datasource jdbc/order_ds1 in state ACCESSIBLE with usage count 1 wrapping org.postgresql.xa.PGXAConnection@39741646
17:27:50.343 [Test worker] DEBUG b.tm.resource.jdbc.PoolingDataSource - acquired connection from a PoolingDataSource containing an XAPool of resource jdbc/order_ds1 with 3 connection(s) (2 still available)
17:27:50.343 [Test worker] DEBUG b.t.r.c.TransactionContextHelper - enlisting a JdbcPooledConnection from datasource jdbc/order_ds1 in state ACCESSIBLE with usage count 1 wrapping org.postgresql.xa.PGXAConnection@39741646 into a Bitronix Transaction with GTRID [737072696E672D62746D000001452C10CF400000002D], status=ACTIVE, 0 resource(s) enlisted (started Fri Apr 04 17:27:50 CST 2014)
17:27:50.343 [Test worker] DEBUG b.tm.resource.ResourceRegistrar - XAResource org.postgresql.xa.PGXAConnection@39741646 belongs to a JdbcPooledConnection from datasource jdbc/order_ds1 in state ACCESSIBLE with usage count 1 wrapping org.postgresql.xa.PGXAConnection@39741646 that itself belongs to a PoolingDataSource containing an XAPool of resource jdbc/order_ds1 with 3 connection(s) (2 still available)
17:27:50.343 [Test worker] DEBUG b.tm.internal.XAResourceManager - creating new branch with a Bitronix XID [737072696E672D62746D000001452C10CF400000002D : 737072696E672D62746D000001452C10CF470000002E]
17:27:50.343 [Test worker] DEBUG b.tm.internal.XAResourceHolderState - assigning <a Bitronix XID [737072696E672D62746D000001452C10CF400000002D : 737072696E672D62746D000001452C10CF470000002E]> to <an XAResourceHolderState with uniqueName=jdbc/order_ds1 XAResource=org.postgresql.xa.PGXAConnection@39741646 with XID null>
17:27:50.343 [Test worker] DEBUG b.tm.internal.XAResourceHolderState - starting an XAResourceHolderState with uniqueName=jdbc/order_ds1 XAResource=org.postgresql.xa.PGXAConnection@39741646 with XID a Bitronix XID [737072696E672D62746D000001452C10CF400000002D : 737072696E672D62746D000001452C10CF470000002E] with NOFLAGS
17:27:50.343 [Test worker] DEBUG b.tm.internal.XAResourceHolderState - started an XAResourceHolderState with uniqueName=jdbc/order_ds1 XAResource=org.postgresql.xa.PGXAConnection@39741646 (started) with XID a Bitronix XID [737072696E672D62746D000001452C10CF400000002D : 737072696E672D62746D000001452C10CF470000002E] with NOFLAGS
17:27:50.343 [Test worker] DEBUG b.t.r.c.AbstractXAResourceHolder - putting XAResourceHolderState [an XAResourceHolderState with uniqueName=jdbc/order_ds1 XAResource=org.postgresql.xa.PGXAConnection@39741646 (started) with XID a Bitronix XID [737072696E672D62746D000001452C10CF400000002D : 737072696E672D62746D000001452C10CF470000002E]] on a JdbcPooledConnection from datasource jdbc/order_ds1 in state ACCESSIBLE with usage count 1 wrapping org.postgresql.xa.PGXAConnection@39741646
17:27:50.343 [Test worker] DEBUG b.t.r.c.AbstractXAResourceHolder - GTRID [737072696E672D62746D000001452C10CF400000002D] previously unknown to a JdbcPooledConnection from datasource jdbc/order_ds1 in state ACCESSIBLE with usage count 1 wrapping org.postgresql.xa.PGXAConnection@39741646, adding it to the resource's transactions list
Hibernate: select this_.ORDER_ITEM_ID as ORDER1_4_0_, this_.CREATED_BY as CREATED2_4_0_, this_.CREATED_TIME as CREATED3_4_0_, this_.UPDATED_BY as UPDATED4_4_0_, this_.UPDATED_TIME as UPDATED5_4_0_, this_.IS_DELETED as IS6_4_0_, this_.FEDERATED_ID as FEDERATED7_4_0_, this_.HONOR_UNTIL_TIME as HONOR8_4_0_, this_.HONORED_TIME as HONORED9_4_0_, this_.IS_TAX_EXEMPTED as IS10_4_0_, this_.ORDER_ID as ORDER11_4_0_, this_.ORDER_ITEM_TYPE as ORDER12_4_0_, this_.PRODUCT_ITEM_ID as PRODUCT13_4_0_, this_.PROPERTIES as PROPERTIES4_0_, this_.QUANTITY as QUANTITY4_0_, this_.SHIPPING_ADDRESS_ID as SHIPPING16_4_0_, this_.SHIPPING_METHOD_ID as SHIPPING17_4_0_, this_.TOTAL_AMOUNT as TOTAL18_4_0_, this_.TOTAL_DISCOUNT as TOTAL19_4_0_, this_.TOTAL_PREORDER_AMOUNT as TOTAL20_4_0_, this_.TOTAL_PREORDER_TAX as TOTAL21_4_0_, this_.TOTAL_TAX as TOTAL22_4_0_, this_.UNIT_PRICE as UNIT23_4_0_ from ORDER_ITEM this_ where this_.ORDER_ID=? and this_.IS_DELETED=?
17:27:50.348 [Test worker] DEBUG b.t.r.jdbc.proxy.ConnectionJavaProxy - closing a ConnectionJavaProxy of a JdbcPooledConnection from datasource jdbc/order_ds1 in state ACCESSIBLE with usage count 1 wrapping org.postgresql.xa.PGXAConnection@39741646 on Pooled connection wrapping physical connection org.postgresql.jdbc4.Jdbc4Connection@3e8efac6
17:27:50.348 [Test worker] DEBUG b.t.r.jdbc.JdbcPooledConnection - releasing to pool a JdbcPooledConnection from datasource jdbc/order_ds1 in state ACCESSIBLE with usage count 1 wrapping org.postgresql.xa.PGXAConnection@39741646
17:27:50.348 [Test worker] DEBUG b.t.r.c.TransactionContextHelper - delisting a JdbcPooledConnection from datasource jdbc/order_ds1 in state ACCESSIBLE with usage count 0 wrapping org.postgresql.xa.PGXAConnection@39741646 from a Bitronix Transaction with GTRID [737072696E672D62746D000001452C10CF400000002D], status=ACTIVE, 1 resource(s) enlisted (started Fri Apr 04 17:27:50 CST 2014)
17:27:50.348 [Test worker] DEBUG b.t.r.c.TransactionContextHelper - resource is in enlisting global transaction context: a JdbcPooledConnection from datasource jdbc/order_ds1 in state ACCESSIBLE with usage count 0 wrapping org.postgresql.xa.PGXAConnection@39741646
17:27:50.348 [Test worker] DEBUG b.t.r.c.TransactionContextHelper - requeuing a JdbcPooledConnection from datasource jdbc/order_ds1 in state ACCESSIBLE with usage count 0 wrapping org.postgresql.xa.PGXAConnection@39741646 from a Bitronix Transaction with GTRID [737072696E672D62746D000001452C10CF400000002D], status=ACTIVE, 1 resource(s) enlisted (started Fri Apr 04 17:27:50 CST 2014)
17:27:50.348 [Test worker] DEBUG b.t.r.c.TransactionContextHelper - resource is in enlisting global transaction context: a JdbcPooledConnection from datasource jdbc/order_ds1 in state ACCESSIBLE with usage count 0 wrapping org.postgresql.xa.PGXAConnection@39741646
17:27:50.348 [Test worker] DEBUG b.t.r.c.TransactionContextHelper - deferring release to pool of a JdbcPooledConnection from datasource jdbc/order_ds1 in state ACCESSIBLE with usage count 0 wrapping org.postgresql.xa.PGXAConnection@39741646
17:27:50.348 [Test worker] DEBUG b.t.r.c.TransactionContextHelper - a JdbcPooledConnection from datasource jdbc/order_ds1 in state ACCESSIBLE with usage count 0 wrapping org.postgresql.xa.PGXAConnection@39741646 is not already registered for deferred release in a Bitronix Transaction with GTRID [737072696E672D62746D000001452C10CF400000002D], status=ACTIVE, 1 resource(s) enlisted (started Fri Apr 04 17:27:50 CST 2014)
17:27:50.348 [Test worker] DEBUG b.t.r.c.TransactionContextHelper - registering DeferredReleaseSynchronization for a JdbcPooledConnection from datasource jdbc/order_ds1 in state ACCESSIBLE with usage count 0 wrapping org.postgresql.xa.PGXAConnection@39741646
17:27:50.348 [Test worker] DEBUG b.t.r.c.AbstractXAStatefulHolder - notifying 2 stateChangeEventListener(s) about state changing from ACCESSIBLE to NOT_ACCESSIBLE in a JdbcPooledConnection from datasource jdbc/order_ds1 in state ACCESSIBLE with usage count 0 wrapping org.postgresql.xa.PGXAConnection@39741646
17:27:50.348 [Test worker] DEBUG b.t.r.jdbc.JdbcPooledConnection - closing 0 dangling uncached statement(s)
17:27:50.348 [Test worker] DEBUG bitronix.tm.resource.common.XAPool - removed a JdbcPooledConnection from datasource jdbc/order_ds1 in state ACCESSIBLE with usage count 0 wrapping org.postgresql.xa.PGXAConnection@39741646 from the accessible pool
17:27:50.348 [Test worker] DEBUG b.t.r.c.AbstractXAStatefulHolder - state changing from ACCESSIBLE to NOT_ACCESSIBLE in a JdbcPooledConnection from datasource jdbc/order_ds1 in state ACCESSIBLE with usage count 0 wrapping org.postgresql.xa.PGXAConnection@39741646
17:27:50.349 [Test worker] DEBUG b.t.r.c.AbstractXAStatefulHolder - notifying 2 stateChangeEventListener(s) about state changed from ACCESSIBLE to NOT_ACCESSIBLE in a JdbcPooledConnection from datasource jdbc/order_ds1 in state NOT_ACCESSIBLE with usage count 0 wrapping org.postgresql.xa.PGXAConnection@39741646
17:27:50.349 [Test worker] DEBUG bitronix.tm.resource.common.XAPool - added a JdbcPooledConnection from datasource jdbc/order_ds1 in state NOT_ACCESSIBLE with usage count 0 wrapping org.postgresql.xa.PGXAConnection@39741646 to the inaccessible pool
17:27:50.349 [Test worker] DEBUG b.t.r.jdbc.JdbcPooledConnection - released to pool a JdbcPooledConnection from datasource jdbc/order_ds1 in state NOT_ACCESSIBLE with usage count 0 wrapping org.postgresql.xa.PGXAConnection@39741646
17:27:50.352 [Test worker] DEBUG b.tm.resource.jdbc.PoolingDataSource - acquiring connection from a PoolingDataSource containing an XAPool of resource jdbc/order_ds1 with 3 connection(s) (2 still available)
17:27:50.352 [Test worker] DEBUG bitronix.tm.resource.common.XAPool - trying to recycle a NOT_ACCESSIBLE connection of an XAPool of resource jdbc/order_ds1 with 3 connection(s) (2 still available)
17:27:50.352 [Test worker] DEBUG bitronix.tm.resource.common.XAPool - current transaction GTRID is [737072696E672D62746D000001452C10CF400000002D]
17:27:50.352 [Test worker] DEBUG bitronix.tm.resource.common.XAPool - found a connection in NOT_ACCESSIBLE state: a JdbcPooledConnection from datasource jdbc/order_ds1 in state NOT_ACCESSIBLE with usage count 0 wrapping org.postgresql.xa.PGXAConnection@39741646
17:27:50.352 [Test worker] DEBUG bitronix.tm.resource.common.XAPool - 1 xa resource(s) created by connection in NOT_ACCESSIBLE state: a JdbcPooledConnection from datasource jdbc/order_ds1 in state NOT_ACCESSIBLE with usage count 0 wrapping org.postgresql.xa.PGXAConnection@39741646
17:27:50.352 [Test worker] DEBUG bitronix.tm.resource.common.XAPool - NOT_ACCESSIBLE xa resource GTRID: 737072696E672D62746D000001452C10CF400000002D
17:27:50.352 [Test worker] DEBUG bitronix.tm.resource.common.XAPool - NOT_ACCESSIBLE xa resource's GTRID matched this transaction's GTRID, recycling it
17:27:50.352 [Test worker] DEBUG bitronix.tm.resource.common.XAPool - found NOT_ACCESSIBLE connection a JdbcPooledConnection from datasource jdbc/order_ds1 in state NOT_ACCESSIBLE with usage count 0 wrapping org.postgresql.xa.PGXAConnection@39741646 from an XAPool of resource jdbc/order_ds1 with 3 connection(s) (2 still available)
17:27:50.352 [Test worker] DEBUG b.t.r.jdbc.JdbcPooledConnection - getting connection handle from a JdbcPooledConnection from datasource jdbc/order_ds1 in state NOT_ACCESSIBLE with usage count 0 wrapping org.postgresql.xa.PGXAConnection@39741646
17:27:50.352 [Test worker] DEBUG b.t.r.c.AbstractXAStatefulHolder - notifying 2 stateChangeEventListener(s) about state changing from NOT_ACCESSIBLE to ACCESSIBLE in a JdbcPooledConnection from datasource jdbc/order_ds1 in state NOT_ACCESSIBLE with usage count 1 wrapping org.postgresql.xa.PGXAConnection@39741646
17:27:50.352 [Test worker] DEBUG bitronix.tm.resource.common.XAPool - removed a JdbcPooledConnection from datasource jdbc/order_ds1 in state NOT_ACCESSIBLE with usage count 1 wrapping org.postgresql.xa.PGXAConnection@39741646 from the inaccessible pool
17:27:50.352 [Test worker] DEBUG b.t.r.c.AbstractXAStatefulHolder - state changing from NOT_ACCESSIBLE to ACCESSIBLE in a JdbcPooledConnection from datasource jdbc/order_ds1 in state NOT_ACCESSIBLE with usage count 1 wrapping org.postgresql.xa.PGXAConnection@39741646
17:27:50.352 [Test worker] DEBUG b.t.r.c.AbstractXAStatefulHolder - notifying 2 stateChangeEventListener(s) about state changed from NOT_ACCESSIBLE to ACCESSIBLE in a JdbcPooledConnection from datasource jdbc/order_ds1 in state ACCESSIBLE with usage count 1 wrapping org.postgresql.xa.PGXAConnection@39741646
17:27:50.353 [Test worker] DEBUG b.t.r.c.TransactionContextHelper - marking a JdbcPooledConnection from datasource jdbc/order_ds1 in state ACCESSIBLE with usage count 1 wrapping org.postgresql.xa.PGXAConnection@39741646 as recycled in a Bitronix Transaction with GTRID [737072696E672D62746D000001452C10CF400000002D], status=ACTIVE, 1 resource(s) enlisted (started Fri Apr 04 17:27:50 CST 2014)
17:27:50.353 [Test worker] DEBUG b.t.r.c.TransactionContextHelper - a JdbcPooledConnection from datasource jdbc/order_ds1 in state ACCESSIBLE with usage count 1 wrapping org.postgresql.xa.PGXAConnection@39741646 has been recycled, unregistering deferred release from a Bitronix Transaction with GTRID [737072696E672D62746D000001452C10CF400000002D], status=ACTIVE, 1 resource(s) enlisted (started Fri Apr 04 17:27:50 CST 2014)
17:27:50.353 [Test worker] DEBUG bitronix.tm.resource.common.XAPool - added a JdbcPooledConnection from datasource jdbc/order_ds1 in state ACCESSIBLE with usage count 1 wrapping org.postgresql.xa.PGXAConnection@39741646 to the accessible pool
17:27:50.353 [Test worker] DEBUG b.t.r.jdbc.JdbcPooledConnection - connection org.postgresql.xa.PGXAConnection@39741646 was in state NOT_ACCESSIBLE, no need to test it
17:27:50.353 [Test worker] DEBUG b.t.r.jdbc.JdbcPooledConnection - got connection handle from a JdbcPooledConnection from datasource jdbc/order_ds1 in state ACCESSIBLE with usage count 1 wrapping org.postgresql.xa.PGXAConnection@39741646
17:27:50.353 [Test worker] DEBUG b.tm.resource.jdbc.PoolingDataSource - acquired connection from a PoolingDataSource containing an XAPool of resource jdbc/order_ds1 with 3 connection(s) (2 still available)
17:27:50.353 [Test worker] DEBUG b.t.r.c.TransactionContextHelper - enlisting a JdbcPooledConnection from datasource jdbc/order_ds1 in state ACCESSIBLE with usage count 1 wrapping org.postgresql.xa.PGXAConnection@39741646 into a Bitronix Transaction with GTRID [737072696E672D62746D000001452C10CF400000002D], status=ACTIVE, 1 resource(s) enlisted (started Fri Apr 04 17:27:50 CST 2014)
17:27:50.353 [Test worker] DEBUG b.t.r.c.TransactionContextHelper - avoiding re-enlistment of already enlisted but not ended resource an XAResourceHolderState with uniqueName=jdbc/order_ds1 XAResource=org.postgresql.xa.PGXAConnection@39741646 (started) with XID a Bitronix XID [737072696E672D62746D000001452C10CF400000002D : 737072696E672D62746D000001452C10CF470000002E]
Hibernate: insert into ORDER_ITEM (CREATED_BY, CREATED_TIME, UPDATED_BY, UPDATED_TIME, IS_DELETED, FEDERATED_ID, HONOR_UNTIL_TIME, HONORED_TIME, IS_TAX_EXEMPTED, ORDER_ID, ORDER_ITEM_TYPE, PRODUCT_ITEM_ID, PROPERTIES, QUANTITY, SHIPPING_ADDRESS_ID, SHIPPING_METHOD_ID, TOTAL_AMOUNT, TOTAL_DISCOUNT, TOTAL_PREORDER_AMOUNT, TOTAL_PREORDER_TAX, TOTAL_TAX, UNIT_PRICE, ORDER_ITEM_ID) values (?, ?, ?, ?, ?, ?, ?, ?, ?, ?, ?, ?, ?, ?, ?, ?, ?, ?, ?, ?, ?, ?, ?)
17:27:50.357 [Test worker] DEBUG b.t.r.jdbc.proxy.ConnectionJavaProxy - closing a ConnectionJavaProxy of a JdbcPooledConnection from datasource jdbc/order_ds1 in state ACCESSIBLE with usage count 1 wrapping org.postgresql.xa.PGXAConnection@39741646 on Pooled connection wrapping physical connection org.postgresql.jdbc4.Jdbc4Connection@3e8efac6
17:27:50.357 [Test worker] DEBUG b.t.r.jdbc.JdbcPooledConnection - releasing to pool a JdbcPooledConnection from datasource jdbc/order_ds1 in state ACCESSIBLE with usage count 1 wrapping org.postgresql.xa.PGXAConnection@39741646
17:27:50.357 [Test worker] DEBUG b.t.r.c.TransactionContextHelper - delisting a JdbcPooledConnection from datasource jdbc/order_ds1 in state ACCESSIBLE with usage count 0 wrapping org.postgresql.xa.PGXAConnection@39741646 from a Bitronix Transaction with GTRID [737072696E672D62746D000001452C10CF400000002D], status=ACTIVE, 1 resource(s) enlisted (started Fri Apr 04 17:27:50 CST 2014)
17:27:50.357 [Test worker] DEBUG b.t.r.c.TransactionContextHelper - resource is in enlisting global transaction context: a JdbcPooledConnection from datasource jdbc/order_ds1 in state ACCESSIBLE with usage count 0 wrapping org.postgresql.xa.PGXAConnection@39741646
17:27:50.357 [Test worker] DEBUG b.t.r.c.TransactionContextHelper - requeuing a JdbcPooledConnection from datasource jdbc/order_ds1 in state ACCESSIBLE with usage count 0 wrapping org.postgresql.xa.PGXAConnection@39741646 from a Bitronix Transaction with GTRID [737072696E672D62746D000001452C10CF400000002D], status=ACTIVE, 1 resource(s) enlisted (started Fri Apr 04 17:27:50 CST 2014)
17:27:50.357 [Test worker] DEBUG b.t.r.c.TransactionContextHelper - resource is in enlisting global transaction context: a JdbcPooledConnection from datasource jdbc/order_ds1 in state ACCESSIBLE with usage count 0 wrapping org.postgresql.xa.PGXAConnection@39741646
17:27:50.357 [Test worker] DEBUG b.t.r.c.TransactionContextHelper - deferring release to pool of a JdbcPooledConnection from datasource jdbc/order_ds1 in state ACCESSIBLE with usage count 0 wrapping org.postgresql.xa.PGXAConnection@39741646
17:27:50.357 [Test worker] DEBUG b.t.r.c.TransactionContextHelper - a JdbcPooledConnection from datasource jdbc/order_ds1 in state ACCESSIBLE with usage count 0 wrapping org.postgresql.xa.PGXAConnection@39741646 is not already registered for deferred release in a Bitronix Transaction with GTRID [737072696E672D62746D000001452C10CF400000002D], status=ACTIVE, 1 resource(s) enlisted (started Fri Apr 04 17:27:50 CST 2014)
17:27:50.357 [Test worker] DEBUG b.t.r.c.TransactionContextHelper - registering DeferredReleaseSynchronization for a JdbcPooledConnection from datasource jdbc/order_ds1 in state ACCESSIBLE with usage count 0 wrapping org.postgresql.xa.PGXAConnection@39741646
17:27:50.357 [Test worker] DEBUG b.t.r.c.AbstractXAStatefulHolder - notifying 2 stateChangeEventListener(s) about state changing from ACCESSIBLE to NOT_ACCESSIBLE in a JdbcPooledConnection from datasource jdbc/order_ds1 in state ACCESSIBLE with usage count 0 wrapping org.postgresql.xa.PGXAConnection@39741646
17:27:50.357 [Test worker] DEBUG b.t.r.jdbc.JdbcPooledConnection - closing 0 dangling uncached statement(s)
17:27:50.357 [Test worker] DEBUG bitronix.tm.resource.common.XAPool - removed a JdbcPooledConnection from datasource jdbc/order_ds1 in state ACCESSIBLE with usage count 0 wrapping org.postgresql.xa.PGXAConnection@39741646 from the accessible pool
17:27:50.358 [Test worker] DEBUG b.t.r.c.AbstractXAStatefulHolder - state changing from ACCESSIBLE to NOT_ACCESSIBLE in a JdbcPooledConnection from datasource jdbc/order_ds1 in state ACCESSIBLE with usage count 0 wrapping org.postgresql.xa.PGXAConnection@39741646
17:27:50.358 [Test worker] DEBUG b.t.r.c.AbstractXAStatefulHolder - notifying 2 stateChangeEventListener(s) about state changed from ACCESSIBLE to NOT_ACCESSIBLE in a JdbcPooledConnection from datasource jdbc/order_ds1 in state NOT_ACCESSIBLE with usage count 0 wrapping org.postgresql.xa.PGXAConnection@39741646
17:27:50.358 [Test worker] DEBUG bitronix.tm.resource.common.XAPool - added a JdbcPooledConnection from datasource jdbc/order_ds1 in state NOT_ACCESSIBLE with usage count 0 wrapping org.postgresql.xa.PGXAConnection@39741646 to the inaccessible pool
17:27:50.358 [Test worker] DEBUG b.t.r.jdbc.JdbcPooledConnection - released to pool a JdbcPooledConnection from datasource jdbc/order_ds1 in state NOT_ACCESSIBLE with usage count 0 wrapping org.postgresql.xa.PGXAConnection@39741646
17:27:50.363 [Test worker] DEBUG b.tm.resource.jdbc.PoolingDataSource - acquiring connection from a PoolingDataSource containing an XAPool of resource jdbc/order_ds1 with 3 connection(s) (2 still available)
17:27:50.364 [Test worker] DEBUG bitronix.tm.resource.common.XAPool - trying to recycle a NOT_ACCESSIBLE connection of an XAPool of resource jdbc/order_ds1 with 3 connection(s) (2 still available)
17:27:50.364 [Test worker] DEBUG bitronix.tm.resource.common.XAPool - current transaction GTRID is [737072696E672D62746D000001452C10CF400000002D]
17:27:50.364 [Test worker] DEBUG bitronix.tm.resource.common.XAPool - found a connection in NOT_ACCESSIBLE state: a JdbcPooledConnection from datasource jdbc/order_ds1 in state NOT_ACCESSIBLE with usage count 0 wrapping org.postgresql.xa.PGXAConnection@39741646
17:27:50.364 [Test worker] DEBUG bitronix.tm.resource.common.XAPool - 1 xa resource(s) created by connection in NOT_ACCESSIBLE state: a JdbcPooledConnection from datasource jdbc/order_ds1 in state NOT_ACCESSIBLE with usage count 0 wrapping org.postgresql.xa.PGXAConnection@39741646
17:27:50.364 [Test worker] DEBUG bitronix.tm.resource.common.XAPool - NOT_ACCESSIBLE xa resource GTRID: 737072696E672D62746D000001452C10CF400000002D
17:27:50.364 [Test worker] DEBUG bitronix.tm.resource.common.XAPool - NOT_ACCESSIBLE xa resource's GTRID matched this transaction's GTRID, recycling it
17:27:50.364 [Test worker] DEBUG bitronix.tm.resource.common.XAPool - found NOT_ACCESSIBLE connection a JdbcPooledConnection from datasource jdbc/order_ds1 in state NOT_ACCESSIBLE with usage count 0 wrapping org.postgresql.xa.PGXAConnection@39741646 from an XAPool of resource jdbc/order_ds1 with 3 connection(s) (2 still available)
17:27:50.364 [Test worker] DEBUG b.t.r.jdbc.JdbcPooledConnection - getting connection handle from a JdbcPooledConnection from datasource jdbc/order_ds1 in state NOT_ACCESSIBLE with usage count 0 wrapping org.postgresql.xa.PGXAConnection@39741646
17:27:50.364 [Test worker] DEBUG b.t.r.c.AbstractXAStatefulHolder - notifying 2 stateChangeEventListener(s) about state changing from NOT_ACCESSIBLE to ACCESSIBLE in a JdbcPooledConnection from datasource jdbc/order_ds1 in state NOT_ACCESSIBLE with usage count 1 wrapping org.postgresql.xa.PGXAConnection@39741646
17:27:50.364 [Test worker] DEBUG bitronix.tm.resource.common.XAPool - removed a JdbcPooledConnection from datasource jdbc/order_ds1 in state NOT_ACCESSIBLE with usage count 1 wrapping org.postgresql.xa.PGXAConnection@39741646 from the inaccessible pool
17:27:50.364 [Test worker] DEBUG b.t.r.c.AbstractXAStatefulHolder - state changing from NOT_ACCESSIBLE to ACCESSIBLE in a JdbcPooledConnection from datasource jdbc/order_ds1 in state NOT_ACCESSIBLE with usage count 1 wrapping org.postgresql.xa.PGXAConnection@39741646
17:27:50.364 [Test worker] DEBUG b.t.r.c.AbstractXAStatefulHolder - notifying 2 stateChangeEventListener(s) about state changed from NOT_ACCESSIBLE to ACCESSIBLE in a JdbcPooledConnection from datasource jdbc/order_ds1 in state ACCESSIBLE with usage count 1 wrapping org.postgresql.xa.PGXAConnection@39741646
17:27:50.364 [Test worker] DEBUG b.t.r.c.TransactionContextHelper - marking a JdbcPooledConnection from datasource jdbc/order_ds1 in state ACCESSIBLE with usage count 1 wrapping org.postgresql.xa.PGXAConnection@39741646 as recycled in a Bitronix Transaction with GTRID [737072696E672D62746D000001452C10CF400000002D], status=ACTIVE, 1 resource(s) enlisted (started Fri Apr 04 17:27:50 CST 2014)
17:27:50.364 [Test worker] DEBUG b.t.r.c.TransactionContextHelper - a JdbcPooledConnection from datasource jdbc/order_ds1 in state ACCESSIBLE with usage count 1 wrapping org.postgresql.xa.PGXAConnection@39741646 has been recycled, unregistering deferred release from a Bitronix Transaction with GTRID [737072696E672D62746D000001452C10CF400000002D], status=ACTIVE, 1 resource(s) enlisted (started Fri Apr 04 17:27:50 CST 2014)
17:27:50.364 [Test worker] DEBUG bitronix.tm.resource.common.XAPool - added a JdbcPooledConnection from datasource jdbc/order_ds1 in state ACCESSIBLE with usage count 1 wrapping org.postgresql.xa.PGXAConnection@39741646 to the accessible pool
17:27:50.364 [Test worker] DEBUG b.t.r.jdbc.JdbcPooledConnection - connection org.postgresql.xa.PGXAConnection@39741646 was in state NOT_ACCESSIBLE, no need to test it
17:27:50.364 [Test worker] DEBUG b.t.r.jdbc.JdbcPooledConnection - got connection handle from a JdbcPooledConnection from datasource jdbc/order_ds1 in state ACCESSIBLE with usage count 1 wrapping org.postgresql.xa.PGXAConnection@39741646
17:27:50.364 [Test worker] DEBUG b.tm.resource.jdbc.PoolingDataSource - acquired connection from a PoolingDataSource containing an XAPool of resource jdbc/order_ds1 with 3 connection(s) (2 still available)
17:27:50.365 [Test worker] DEBUG b.t.r.c.TransactionContextHelper - enlisting a JdbcPooledConnection from datasource jdbc/order_ds1 in state ACCESSIBLE with usage count 1 wrapping org.postgresql.xa.PGXAConnection@39741646 into a Bitronix Transaction with GTRID [737072696E672D62746D000001452C10CF400000002D], status=ACTIVE, 1 resource(s) enlisted (started Fri Apr 04 17:27:50 CST 2014)
17:27:50.365 [Test worker] DEBUG b.t.r.c.TransactionContextHelper - avoiding re-enlistment of already enlisted but not ended resource an XAResourceHolderState with uniqueName=jdbc/order_ds1 XAResource=org.postgresql.xa.PGXAConnection@39741646 (started) with XID a Bitronix XID [737072696E672D62746D000001452C10CF400000002D : 737072696E672D62746D000001452C10CF470000002E]
Hibernate: update ORDER_ITEM set CREATED_BY=?, CREATED_TIME=?, UPDATED_BY=?, UPDATED_TIME=?, IS_DELETED=?, FEDERATED_ID=?, HONOR_UNTIL_TIME=?, HONORED_TIME=?, IS_TAX_EXEMPTED=?, ORDER_ID=?, ORDER_ITEM_TYPE=?, PRODUCT_ITEM_ID=?, PROPERTIES=?, QUANTITY=?, SHIPPING_ADDRESS_ID=?, SHIPPING_METHOD_ID=?, TOTAL_AMOUNT=?, TOTAL_DISCOUNT=?, TOTAL_PREORDER_AMOUNT=?, TOTAL_PREORDER_TAX=?, TOTAL_TAX=?, UNIT_PRICE=? where ORDER_ITEM_ID=?
17:27:50.369 [Test worker] DEBUG b.t.r.jdbc.proxy.ConnectionJavaProxy - closing a ConnectionJavaProxy of a JdbcPooledConnection from datasource jdbc/order_ds1 in state ACCESSIBLE with usage count 1 wrapping org.postgresql.xa.PGXAConnection@39741646 on Pooled connection wrapping physical connection org.postgresql.jdbc4.Jdbc4Connection@3e8efac6
17:27:50.370 [Test worker] DEBUG b.t.r.jdbc.JdbcPooledConnection - releasing to pool a JdbcPooledConnection from datasource jdbc/order_ds1 in state ACCESSIBLE with usage count 1 wrapping org.postgresql.xa.PGXAConnection@39741646
17:27:50.370 [Test worker] DEBUG b.t.r.c.TransactionContextHelper - delisting a JdbcPooledConnection from datasource jdbc/order_ds1 in state ACCESSIBLE with usage count 0 wrapping org.postgresql.xa.PGXAConnection@39741646 from a Bitronix Transaction with GTRID [737072696E672D62746D000001452C10CF400000002D], status=ACTIVE, 1 resource(s) enlisted (started Fri Apr 04 17:27:50 CST 2014)
17:27:50.370 [Test worker] DEBUG b.t.r.c.TransactionContextHelper - resource is in enlisting global transaction context: a JdbcPooledConnection from datasource jdbc/order_ds1 in state ACCESSIBLE with usage count 0 wrapping org.postgresql.xa.PGXAConnection@39741646
17:27:50.370 [Test worker] DEBUG b.t.r.c.TransactionContextHelper - requeuing a JdbcPooledConnection from datasource jdbc/order_ds1 in state ACCESSIBLE with usage count 0 wrapping org.postgresql.xa.PGXAConnection@39741646 from a Bitronix Transaction with GTRID [737072696E672D62746D000001452C10CF400000002D], status=ACTIVE, 1 resource(s) enlisted (started Fri Apr 04 17:27:50 CST 2014)
17:27:50.370 [Test worker] DEBUG b.t.r.c.TransactionContextHelper - resource is in enlisting global transaction context: a JdbcPooledConnection from datasource jdbc/order_ds1 in state ACCESSIBLE with usage count 0 wrapping org.postgresql.xa.PGXAConnection@39741646
17:27:50.370 [Test worker] DEBUG b.t.r.c.TransactionContextHelper - deferring release to pool of a JdbcPooledConnection from datasource jdbc/order_ds1 in state ACCESSIBLE with usage count 0 wrapping org.postgresql.xa.PGXAConnection@39741646
17:27:50.370 [Test worker] DEBUG b.t.r.c.TransactionContextHelper - a JdbcPooledConnection from datasource jdbc/order_ds1 in state ACCESSIBLE with usage count 0 wrapping org.postgresql.xa.PGXAConnection@39741646 is not already registered for deferred release in a Bitronix Transaction with GTRID [737072696E672D62746D000001452C10CF400000002D], status=ACTIVE, 1 resource(s) enlisted (started Fri Apr 04 17:27:50 CST 2014)
17:27:50.370 [Test worker] DEBUG b.t.r.c.TransactionContextHelper - registering DeferredReleaseSynchronization for a JdbcPooledConnection from datasource jdbc/order_ds1 in state ACCESSIBLE with usage count 0 wrapping org.postgresql.xa.PGXAConnection@39741646
17:27:50.370 [Test worker] DEBUG b.t.r.c.AbstractXAStatefulHolder - notifying 2 stateChangeEventListener(s) about state changing from ACCESSIBLE to NOT_ACCESSIBLE in a JdbcPooledConnection from datasource jdbc/order_ds1 in state ACCESSIBLE with usage count 0 wrapping org.postgresql.xa.PGXAConnection@39741646
17:27:50.370 [Test worker] DEBUG b.t.r.jdbc.JdbcPooledConnection - closing 0 dangling uncached statement(s)
17:27:50.370 [Test worker] DEBUG bitronix.tm.resource.common.XAPool - removed a JdbcPooledConnection from datasource jdbc/order_ds1 in state ACCESSIBLE with usage count 0 wrapping org.postgresql.xa.PGXAConnection@39741646 from the accessible pool
17:27:50.371 [Test worker] DEBUG b.t.r.c.AbstractXAStatefulHolder - state changing from ACCESSIBLE to NOT_ACCESSIBLE in a JdbcPooledConnection from datasource jdbc/order_ds1 in state ACCESSIBLE with usage count 0 wrapping org.postgresql.xa.PGXAConnection@39741646
17:27:50.371 [Test worker] DEBUG b.t.r.c.AbstractXAStatefulHolder - notifying 2 stateChangeEventListener(s) about state changed from ACCESSIBLE to NOT_ACCESSIBLE in a JdbcPooledConnection from datasource jdbc/order_ds1 in state NOT_ACCESSIBLE with usage count 0 wrapping org.postgresql.xa.PGXAConnection@39741646
17:27:50.371 [Test worker] DEBUG bitronix.tm.resource.common.XAPool - added a JdbcPooledConnection from datasource jdbc/order_ds1 in state NOT_ACCESSIBLE with usage count 0 wrapping org.postgresql.xa.PGXAConnection@39741646 to the inaccessible pool
17:27:50.371 [Test worker] DEBUG b.t.r.jdbc.JdbcPooledConnection - released to pool a JdbcPooledConnection from datasource jdbc/order_ds1 in state NOT_ACCESSIBLE with usage count 0 wrapping org.postgresql.xa.PGXAConnection@39741646
17:27:50.371 [Test worker] DEBUG b.tm.resource.jdbc.PoolingDataSource - acquiring connection from a PoolingDataSource containing an XAPool of resource jdbc/order_ds1 with 3 connection(s) (2 still available)
17:27:50.371 [Test worker] DEBUG bitronix.tm.resource.common.XAPool - trying to recycle a NOT_ACCESSIBLE connection of an XAPool of resource jdbc/order_ds1 with 3 connection(s) (2 still available)
17:27:50.371 [Test worker] DEBUG bitronix.tm.resource.common.XAPool - current transaction GTRID is [737072696E672D62746D000001452C10CF400000002D]
17:27:50.371 [Test worker] DEBUG bitronix.tm.resource.common.XAPool - found a connection in NOT_ACCESSIBLE state: a JdbcPooledConnection from datasource jdbc/order_ds1 in state NOT_ACCESSIBLE with usage count 0 wrapping org.postgresql.xa.PGXAConnection@39741646
17:27:50.371 [Test worker] DEBUG bitronix.tm.resource.common.XAPool - 1 xa resource(s) created by connection in NOT_ACCESSIBLE state: a JdbcPooledConnection from datasource jdbc/order_ds1 in state NOT_ACCESSIBLE with usage count 0 wrapping org.postgresql.xa.PGXAConnection@39741646
17:27:50.372 [Test worker] DEBUG bitronix.tm.resource.common.XAPool - NOT_ACCESSIBLE xa resource GTRID: 737072696E672D62746D000001452C10CF400000002D
17:27:50.372 [Test worker] DEBUG bitronix.tm.resource.common.XAPool - NOT_ACCESSIBLE xa resource's GTRID matched this transaction's GTRID, recycling it
17:27:50.372 [Test worker] DEBUG bitronix.tm.resource.common.XAPool - found NOT_ACCESSIBLE connection a JdbcPooledConnection from datasource jdbc/order_ds1 in state NOT_ACCESSIBLE with usage count 0 wrapping org.postgresql.xa.PGXAConnection@39741646 from an XAPool of resource jdbc/order_ds1 with 3 connection(s) (2 still available)
17:27:50.372 [Test worker] DEBUG b.t.r.jdbc.JdbcPooledConnection - getting connection handle from a JdbcPooledConnection from datasource jdbc/order_ds1 in state NOT_ACCESSIBLE with usage count 0 wrapping org.postgresql.xa.PGXAConnection@39741646
17:27:50.372 [Test worker] DEBUG b.t.r.c.AbstractXAStatefulHolder - notifying 2 stateChangeEventListener(s) about state changing from NOT_ACCESSIBLE to ACCESSIBLE in a JdbcPooledConnection from datasource jdbc/order_ds1 in state NOT_ACCESSIBLE with usage count 1 wrapping org.postgresql.xa.PGXAConnection@39741646
17:27:50.372 [Test worker] DEBUG bitronix.tm.resource.common.XAPool - removed a JdbcPooledConnection from datasource jdbc/order_ds1 in state NOT_ACCESSIBLE with usage count 1 wrapping org.postgresql.xa.PGXAConnection@39741646 from the inaccessible pool
17:27:50.372 [Test worker] DEBUG b.t.r.c.AbstractXAStatefulHolder - state changing from NOT_ACCESSIBLE to ACCESSIBLE in a JdbcPooledConnection from datasource jdbc/order_ds1 in state NOT_ACCESSIBLE with usage count 1 wrapping org.postgresql.xa.PGXAConnection@39741646
17:27:50.372 [Test worker] DEBUG b.t.r.c.AbstractXAStatefulHolder - notifying 2 stateChangeEventListener(s) about state changed from NOT_ACCESSIBLE to ACCESSIBLE in a JdbcPooledConnection from datasource jdbc/order_ds1 in state ACCESSIBLE with usage count 1 wrapping org.postgresql.xa.PGXAConnection@39741646
17:27:50.372 [Test worker] DEBUG b.t.r.c.TransactionContextHelper - marking a JdbcPooledConnection from datasource jdbc/order_ds1 in state ACCESSIBLE with usage count 1 wrapping org.postgresql.xa.PGXAConnection@39741646 as recycled in a Bitronix Transaction with GTRID [737072696E672D62746D000001452C10CF400000002D], status=ACTIVE, 1 resource(s) enlisted (started Fri Apr 04 17:27:50 CST 2014)
17:27:50.372 [Test worker] DEBUG b.t.r.c.TransactionContextHelper - a JdbcPooledConnection from datasource jdbc/order_ds1 in state ACCESSIBLE with usage count 1 wrapping org.postgresql.xa.PGXAConnection@39741646 has been recycled, unregistering deferred release from a Bitronix Transaction with GTRID [737072696E672D62746D000001452C10CF400000002D], status=ACTIVE, 1 resource(s) enlisted (started Fri Apr 04 17:27:50 CST 2014)
17:27:50.373 [Test worker] DEBUG bitronix.tm.resource.common.XAPool - added a JdbcPooledConnection from datasource jdbc/order_ds1 in state ACCESSIBLE with usage count 1 wrapping org.postgresql.xa.PGXAConnection@39741646 to the accessible pool
17:27:50.373 [Test worker] DEBUG b.t.r.jdbc.JdbcPooledConnection - connection org.postgresql.xa.PGXAConnection@39741646 was in state NOT_ACCESSIBLE, no need to test it
17:27:50.373 [Test worker] DEBUG b.t.r.jdbc.JdbcPooledConnection - got connection handle from a JdbcPooledConnection from datasource jdbc/order_ds1 in state ACCESSIBLE with usage count 1 wrapping org.postgresql.xa.PGXAConnection@39741646
17:27:50.373 [Test worker] DEBUG b.tm.resource.jdbc.PoolingDataSource - acquired connection from a PoolingDataSource containing an XAPool of resource jdbc/order_ds1 with 3 connection(s) (2 still available)
17:27:50.373 [Test worker] DEBUG b.t.r.c.TransactionContextHelper - enlisting a JdbcPooledConnection from datasource jdbc/order_ds1 in state ACCESSIBLE with usage count 1 wrapping org.postgresql.xa.PGXAConnection@39741646 into a Bitronix Transaction with GTRID [737072696E672D62746D000001452C10CF400000002D], status=ACTIVE, 1 resource(s) enlisted (started Fri Apr 04 17:27:50 CST 2014)
17:27:50.373 [Test worker] DEBUG b.t.r.c.TransactionContextHelper - avoiding re-enlistment of already enlisted but not ended resource an XAResourceHolderState with uniqueName=jdbc/order_ds1 XAResource=org.postgresql.xa.PGXAConnection@39741646 (started) with XID a Bitronix XID [737072696E672D62746D000001452C10CF400000002D : 737072696E672D62746D000001452C10CF470000002E]
Hibernate: select this_.ORDER_ITEM_ID as ORDER1_4_0_, this_.CREATED_BY as CREATED2_4_0_, this_.CREATED_TIME as CREATED3_4_0_, this_.UPDATED_BY as UPDATED4_4_0_, this_.UPDATED_TIME as UPDATED5_4_0_, this_.IS_DELETED as IS6_4_0_, this_.FEDERATED_ID as FEDERATED7_4_0_, this_.HONOR_UNTIL_TIME as HONOR8_4_0_, this_.HONORED_TIME as HONORED9_4_0_, this_.IS_TAX_EXEMPTED as IS10_4_0_, this_.ORDER_ID as ORDER11_4_0_, this_.ORDER_ITEM_TYPE as ORDER12_4_0_, this_.PRODUCT_ITEM_ID as PRODUCT13_4_0_, this_.PROPERTIES as PROPERTIES4_0_, this_.QUANTITY as QUANTITY4_0_, this_.SHIPPING_ADDRESS_ID as SHIPPING16_4_0_, this_.SHIPPING_METHOD_ID as SHIPPING17_4_0_, this_.TOTAL_AMOUNT as TOTAL18_4_0_, this_.TOTAL_DISCOUNT as TOTAL19_4_0_, this_.TOTAL_PREORDER_AMOUNT as TOTAL20_4_0_, this_.TOTAL_PREORDER_TAX as TOTAL21_4_0_, this_.TOTAL_TAX as TOTAL22_4_0_, this_.UNIT_PRICE as UNIT23_4_0_ from ORDER_ITEM this_ where this_.ORDER_ID=? and this_.IS_DELETED=?
17:27:50.376 [Test worker] DEBUG b.t.r.jdbc.proxy.ConnectionJavaProxy - closing a ConnectionJavaProxy of a JdbcPooledConnection from datasource jdbc/order_ds1 in state ACCESSIBLE with usage count 1 wrapping org.postgresql.xa.PGXAConnection@39741646 on Pooled connection wrapping physical connection org.postgresql.jdbc4.Jdbc4Connection@3e8efac6
17:27:50.376 [Test worker] DEBUG b.t.r.jdbc.JdbcPooledConnection - releasing to pool a JdbcPooledConnection from datasource jdbc/order_ds1 in state ACCESSIBLE with usage count 1 wrapping org.postgresql.xa.PGXAConnection@39741646
17:27:50.376 [Test worker] DEBUG b.t.r.c.TransactionContextHelper - delisting a JdbcPooledConnection from datasource jdbc/order_ds1 in state ACCESSIBLE with usage count 0 wrapping org.postgresql.xa.PGXAConnection@39741646 from a Bitronix Transaction with GTRID [737072696E672D62746D000001452C10CF400000002D], status=ACTIVE, 1 resource(s) enlisted (started Fri Apr 04 17:27:50 CST 2014)
17:27:50.376 [Test worker] DEBUG b.t.r.c.TransactionContextHelper - resource is in enlisting global transaction context: a JdbcPooledConnection from datasource jdbc/order_ds1 in state ACCESSIBLE with usage count 0 wrapping org.postgresql.xa.PGXAConnection@39741646
17:27:50.376 [Test worker] DEBUG b.t.r.c.TransactionContextHelper - requeuing a JdbcPooledConnection from datasource jdbc/order_ds1 in state ACCESSIBLE with usage count 0 wrapping org.postgresql.xa.PGXAConnection@39741646 from a Bitronix Transaction with GTRID [737072696E672D62746D000001452C10CF400000002D], status=ACTIVE, 1 resource(s) enlisted (started Fri Apr 04 17:27:50 CST 2014)
17:27:50.377 [Test worker] DEBUG b.t.r.c.TransactionContextHelper - resource is in enlisting global transaction context: a JdbcPooledConnection from datasource jdbc/order_ds1 in state ACCESSIBLE with usage count 0 wrapping org.postgresql.xa.PGXAConnection@39741646
17:27:50.377 [Test worker] DEBUG b.t.r.c.TransactionContextHelper - deferring release to pool of a JdbcPooledConnection from datasource jdbc/order_ds1 in state ACCESSIBLE with usage count 0 wrapping org.postgresql.xa.PGXAConnection@39741646
17:27:50.377 [Test worker] DEBUG b.t.r.c.TransactionContextHelper - a JdbcPooledConnection from datasource jdbc/order_ds1 in state ACCESSIBLE with usage count 0 wrapping org.postgresql.xa.PGXAConnection@39741646 is not already registered for deferred release in a Bitronix Transaction with GTRID [737072696E672D62746D000001452C10CF400000002D], status=ACTIVE, 1 resource(s) enlisted (started Fri Apr 04 17:27:50 CST 2014)
17:27:50.377 [Test worker] DEBUG b.t.r.c.TransactionContextHelper - registering DeferredReleaseSynchronization for a JdbcPooledConnection from datasource jdbc/order_ds1 in state ACCESSIBLE with usage count 0 wrapping org.postgresql.xa.PGXAConnection@39741646
17:27:50.377 [Test worker] DEBUG b.t.r.c.AbstractXAStatefulHolder - notifying 2 stateChangeEventListener(s) about state changing from ACCESSIBLE to NOT_ACCESSIBLE in a JdbcPooledConnection from datasource jdbc/order_ds1 in state ACCESSIBLE with usage count 0 wrapping org.postgresql.xa.PGXAConnection@39741646
17:27:50.377 [Test worker] DEBUG b.t.r.jdbc.JdbcPooledConnection - closing 0 dangling uncached statement(s)
17:27:50.377 [Test worker] DEBUG bitronix.tm.resource.common.XAPool - removed a JdbcPooledConnection from datasource jdbc/order_ds1 in state ACCESSIBLE with usage count 0 wrapping org.postgresql.xa.PGXAConnection@39741646 from the accessible pool
17:27:50.377 [Test worker] DEBUG b.t.r.c.AbstractXAStatefulHolder - state changing from ACCESSIBLE to NOT_ACCESSIBLE in a JdbcPooledConnection from datasource jdbc/order_ds1 in state ACCESSIBLE with usage count 0 wrapping org.postgresql.xa.PGXAConnection@39741646
17:27:50.377 [Test worker] DEBUG b.t.r.c.AbstractXAStatefulHolder - notifying 2 stateChangeEventListener(s) about state changed from ACCESSIBLE to NOT_ACCESSIBLE in a JdbcPooledConnection from datasource jdbc/order_ds1 in state NOT_ACCESSIBLE with usage count 0 wrapping org.postgresql.xa.PGXAConnection@39741646
17:27:50.377 [Test worker] DEBUG bitronix.tm.resource.common.XAPool - added a JdbcPooledConnection from datasource jdbc/order_ds1 in state NOT_ACCESSIBLE with usage count 0 wrapping org.postgresql.xa.PGXAConnection@39741646 to the inaccessible pool
17:27:50.377 [Test worker] DEBUG b.t.r.jdbc.JdbcPooledConnection - released to pool a JdbcPooledConnection from datasource jdbc/order_ds1 in state NOT_ACCESSIBLE with usage count 0 wrapping org.postgresql.xa.PGXAConnection@39741646
17:27:50.394 [Test worker] DEBUG bitronix.tm.BitronixTransaction - registering synchronization org.hibernate.engine.transaction.synchronization.internal.RegisteredSynchronization@474f625f
17:27:50.395 [Test worker] DEBUG bitronix.tm.BitronixTransaction - registering synchronization org.hibernate.context.internal.JTASessionContext$CleanupSynch@2cc36f8c
17:27:50.395 [Test worker] DEBUG b.tm.resource.jdbc.PoolingDataSource - acquiring connection from a PoolingDataSource containing an XAPool of resource jdbc/order_ds1 with 3 connection(s) (3 still available)
17:27:50.395 [Test worker] DEBUG bitronix.tm.resource.common.XAPool - trying to recycle a NOT_ACCESSIBLE connection of an XAPool of resource jdbc/order_ds1 with 3 connection(s) (3 still available)
17:27:50.396 [Test worker] DEBUG bitronix.tm.resource.common.XAPool - current transaction GTRID is [737072696E672D62746D000001452C10CF730000002F]
17:27:50.396 [Test worker] DEBUG bitronix.tm.resource.common.XAPool - no NOT_ACCESSIBLE connection enlisted in this transaction
17:27:50.396 [Test worker] DEBUG bitronix.tm.resource.common.XAPool - getting IN_POOL connection from an XAPool of resource jdbc/order_ds1 with 3 connection(s) (3 still available), waiting if necessary
17:27:50.396 [Test worker] DEBUG bitronix.tm.resource.common.XAPool - checking if connection can be closed: a JdbcPooledConnection from datasource jdbc/order_ds1 in state IN_POOL with usage count 0 wrapping org.postgresql.xa.PGXAConnection@74626b21 - closing time: 1396603730273, now time: 1396603670396
17:27:50.396 [Test worker] DEBUG bitronix.tm.resource.common.XAPool - found IN_POOL connection a JdbcPooledConnection from datasource jdbc/order_ds1 in state IN_POOL with usage count 0 wrapping org.postgresql.xa.PGXAConnection@74626b21 from an XAPool of resource jdbc/order_ds1 with 3 connection(s) (2 still available)
17:27:50.396 [Test worker] DEBUG b.t.r.jdbc.JdbcPooledConnection - getting connection handle from a JdbcPooledConnection from datasource jdbc/order_ds1 in state IN_POOL with usage count 0 wrapping org.postgresql.xa.PGXAConnection@74626b21
17:27:50.396 [Test worker] DEBUG b.t.r.c.AbstractXAStatefulHolder - notifying 2 stateChangeEventListener(s) about state changing from IN_POOL to ACCESSIBLE in a JdbcPooledConnection from datasource jdbc/order_ds1 in state IN_POOL with usage count 1 wrapping org.postgresql.xa.PGXAConnection@74626b21
17:27:50.396 [Test worker] DEBUG b.t.r.c.AbstractXAStatefulHolder - state changing from IN_POOL to ACCESSIBLE in a JdbcPooledConnection from datasource jdbc/order_ds1 in state IN_POOL with usage count 1 wrapping org.postgresql.xa.PGXAConnection@74626b21
17:27:50.396 [Test worker] DEBUG b.t.r.c.AbstractXAStatefulHolder - notifying 2 stateChangeEventListener(s) about state changed from IN_POOL to ACCESSIBLE in a JdbcPooledConnection from datasource jdbc/order_ds1 in state ACCESSIBLE with usage count 1 wrapping org.postgresql.xa.PGXAConnection@74626b21
17:27:50.396 [Test worker] DEBUG bitronix.tm.resource.common.XAPool - added a JdbcPooledConnection from datasource jdbc/order_ds1 in state ACCESSIBLE with usage count 1 wrapping org.postgresql.xa.PGXAConnection@74626b21 to the accessible pool
17:27:50.396 [Test worker] DEBUG b.t.r.jdbc.JdbcPooledConnection - connection org.postgresql.xa.PGXAConnection@74626b21 was in state IN_POOL, testing it
17:27:50.396 [Test worker] DEBUG b.t.r.jdbc.JdbcPooledConnection - no query to test connection of a JdbcPooledConnection from datasource jdbc/order_ds1 in state ACCESSIBLE with usage count 1 wrapping org.postgresql.xa.PGXAConnection@74626b21, skipping test
17:27:50.396 [Test worker] DEBUG b.t.r.jdbc.JdbcPooledConnection - got connection handle from a JdbcPooledConnection from datasource jdbc/order_ds1 in state ACCESSIBLE with usage count 1 wrapping org.postgresql.xa.PGXAConnection@74626b21
17:27:50.396 [Test worker] DEBUG b.tm.resource.jdbc.PoolingDataSource - acquired connection from a PoolingDataSource containing an XAPool of resource jdbc/order_ds1 with 3 connection(s) (2 still available)
17:27:50.396 [Test worker] DEBUG b.t.r.c.TransactionContextHelper - enlisting a JdbcPooledConnection from datasource jdbc/order_ds1 in state ACCESSIBLE with usage count 1 wrapping org.postgresql.xa.PGXAConnection@74626b21 into a Bitronix Transaction with GTRID [737072696E672D62746D000001452C10CF730000002F], status=ACTIVE, 0 resource(s) enlisted (started Fri Apr 04 17:27:50 CST 2014)
17:27:50.396 [Test worker] DEBUG b.tm.resource.ResourceRegistrar - XAResource org.postgresql.xa.PGXAConnection@74626b21 belongs to a JdbcPooledConnection from datasource jdbc/order_ds1 in state ACCESSIBLE with usage count 1 wrapping org.postgresql.xa.PGXAConnection@74626b21 that itself belongs to a PoolingDataSource containing an XAPool of resource jdbc/order_ds1 with 3 connection(s) (2 still available)
17:27:50.396 [Test worker] DEBUG b.tm.internal.XAResourceManager - creating new branch with a Bitronix XID [737072696E672D62746D000001452C10CF730000002F : 737072696E672D62746D000001452C10CF7C00000030]
17:27:50.396 [Test worker] DEBUG b.tm.internal.XAResourceHolderState - assigning <a Bitronix XID [737072696E672D62746D000001452C10CF730000002F : 737072696E672D62746D000001452C10CF7C00000030]> to <an XAResourceHolderState with uniqueName=jdbc/order_ds1 XAResource=org.postgresql.xa.PGXAConnection@74626b21 with XID null>
17:27:50.396 [Test worker] DEBUG b.tm.internal.XAResourceHolderState - starting an XAResourceHolderState with uniqueName=jdbc/order_ds1 XAResource=org.postgresql.xa.PGXAConnection@74626b21 with XID a Bitronix XID [737072696E672D62746D000001452C10CF730000002F : 737072696E672D62746D000001452C10CF7C00000030] with NOFLAGS
17:27:50.396 [Test worker] DEBUG b.tm.internal.XAResourceHolderState - started an XAResourceHolderState with uniqueName=jdbc/order_ds1 XAResource=org.postgresql.xa.PGXAConnection@74626b21 (started) with XID a Bitronix XID [737072696E672D62746D000001452C10CF730000002F : 737072696E672D62746D000001452C10CF7C00000030] with NOFLAGS
17:27:50.396 [Test worker] DEBUG b.t.r.c.AbstractXAResourceHolder - putting XAResourceHolderState [an XAResourceHolderState with uniqueName=jdbc/order_ds1 XAResource=org.postgresql.xa.PGXAConnection@74626b21 (started) with XID a Bitronix XID [737072696E672D62746D000001452C10CF730000002F : 737072696E672D62746D000001452C10CF7C00000030]] on a JdbcPooledConnection from datasource jdbc/order_ds1 in state ACCESSIBLE with usage count 1 wrapping org.postgresql.xa.PGXAConnection@74626b21
17:27:50.396 [Test worker] DEBUG b.t.r.c.AbstractXAResourceHolder - GTRID [737072696E672D62746D000001452C10CF730000002F] previously unknown to a JdbcPooledConnection from datasource jdbc/order_ds1 in state ACCESSIBLE with usage count 1 wrapping org.postgresql.xa.PGXAConnection@74626b21, adding it to the resource's transactions list
Hibernate: select this_.ORDER_ITEM_ID as ORDER1_4_0_, this_.CREATED_BY as CREATED2_4_0_, this_.CREATED_TIME as CREATED3_4_0_, this_.UPDATED_BY as UPDATED4_4_0_, this_.UPDATED_TIME as UPDATED5_4_0_, this_.IS_DELETED as IS6_4_0_, this_.FEDERATED_ID as FEDERATED7_4_0_, this_.HONOR_UNTIL_TIME as HONOR8_4_0_, this_.HONORED_TIME as HONORED9_4_0_, this_.IS_TAX_EXEMPTED as IS10_4_0_, this_.ORDER_ID as ORDER11_4_0_, this_.ORDER_ITEM_TYPE as ORDER12_4_0_, this_.PRODUCT_ITEM_ID as PRODUCT13_4_0_, this_.PROPERTIES as PROPERTIES4_0_, this_.QUANTITY as QUANTITY4_0_, this_.SHIPPING_ADDRESS_ID as SHIPPING16_4_0_, this_.SHIPPING_METHOD_ID as SHIPPING17_4_0_, this_.TOTAL_AMOUNT as TOTAL18_4_0_, this_.TOTAL_DISCOUNT as TOTAL19_4_0_, this_.TOTAL_PREORDER_AMOUNT as TOTAL20_4_0_, this_.TOTAL_PREORDER_TAX as TOTAL21_4_0_, this_.TOTAL_TAX as TOTAL22_4_0_, this_.UNIT_PRICE as UNIT23_4_0_ from ORDER_ITEM this_ where this_.ORDER_ID=? and this_.IS_DELETED=?
17:27:50.405 [Test worker] DEBUG b.t.r.jdbc.proxy.ConnectionJavaProxy - closing a ConnectionJavaProxy of a JdbcPooledConnection from datasource jdbc/order_ds1 in state ACCESSIBLE with usage count 1 wrapping org.postgresql.xa.PGXAConnection@74626b21 on Pooled connection wrapping physical connection org.postgresql.jdbc4.Jdbc4Connection@19368db4
17:27:50.405 [Test worker] DEBUG b.t.r.jdbc.JdbcPooledConnection - releasing to pool a JdbcPooledConnection from datasource jdbc/order_ds1 in state ACCESSIBLE with usage count 1 wrapping org.postgresql.xa.PGXAConnection@74626b21
17:27:50.405 [Test worker] DEBUG b.t.r.c.TransactionContextHelper - delisting a JdbcPooledConnection from datasource jdbc/order_ds1 in state ACCESSIBLE with usage count 0 wrapping org.postgresql.xa.PGXAConnection@74626b21 from a Bitronix Transaction with GTRID [737072696E672D62746D000001452C10CF730000002F], status=ACTIVE, 1 resource(s) enlisted (started Fri Apr 04 17:27:50 CST 2014)
17:27:50.405 [Test worker] DEBUG b.t.r.c.TransactionContextHelper - resource is in enlisting global transaction context: a JdbcPooledConnection from datasource jdbc/order_ds1 in state ACCESSIBLE with usage count 0 wrapping org.postgresql.xa.PGXAConnection@74626b21
17:27:50.405 [Test worker] DEBUG b.t.r.c.TransactionContextHelper - requeuing a JdbcPooledConnection from datasource jdbc/order_ds1 in state ACCESSIBLE with usage count 0 wrapping org.postgresql.xa.PGXAConnection@74626b21 from a Bitronix Transaction with GTRID [737072696E672D62746D000001452C10CF730000002F], status=ACTIVE, 1 resource(s) enlisted (started Fri Apr 04 17:27:50 CST 2014)
17:27:50.405 [Test worker] DEBUG b.t.r.c.TransactionContextHelper - resource is in enlisting global transaction context: a JdbcPooledConnection from datasource jdbc/order_ds1 in state ACCESSIBLE with usage count 0 wrapping org.postgresql.xa.PGXAConnection@74626b21
17:27:50.405 [Test worker] DEBUG b.t.r.c.TransactionContextHelper - deferring release to pool of a JdbcPooledConnection from datasource jdbc/order_ds1 in state ACCESSIBLE with usage count 0 wrapping org.postgresql.xa.PGXAConnection@74626b21
17:27:50.405 [Test worker] DEBUG b.t.r.c.TransactionContextHelper - a JdbcPooledConnection from datasource jdbc/order_ds1 in state ACCESSIBLE with usage count 0 wrapping org.postgresql.xa.PGXAConnection@74626b21 is not already registered for deferred release in a Bitronix Transaction with GTRID [737072696E672D62746D000001452C10CF730000002F], status=ACTIVE, 1 resource(s) enlisted (started Fri Apr 04 17:27:50 CST 2014)
17:27:50.405 [Test worker] DEBUG b.t.r.c.TransactionContextHelper - registering DeferredReleaseSynchronization for a JdbcPooledConnection from datasource jdbc/order_ds1 in state ACCESSIBLE with usage count 0 wrapping org.postgresql.xa.PGXAConnection@74626b21
17:27:50.405 [Test worker] DEBUG b.t.r.c.AbstractXAStatefulHolder - notifying 2 stateChangeEventListener(s) about state changing from ACCESSIBLE to NOT_ACCESSIBLE in a JdbcPooledConnection from datasource jdbc/order_ds1 in state ACCESSIBLE with usage count 0 wrapping org.postgresql.xa.PGXAConnection@74626b21
17:27:50.405 [Test worker] DEBUG b.t.r.jdbc.JdbcPooledConnection - closing 0 dangling uncached statement(s)
17:27:50.405 [Test worker] DEBUG bitronix.tm.resource.common.XAPool - removed a JdbcPooledConnection from datasource jdbc/order_ds1 in state ACCESSIBLE with usage count 0 wrapping org.postgresql.xa.PGXAConnection@74626b21 from the accessible pool
17:27:50.405 [Test worker] DEBUG b.t.r.c.AbstractXAStatefulHolder - state changing from ACCESSIBLE to NOT_ACCESSIBLE in a JdbcPooledConnection from datasource jdbc/order_ds1 in state ACCESSIBLE with usage count 0 wrapping org.postgresql.xa.PGXAConnection@74626b21
17:27:50.405 [Test worker] DEBUG b.t.r.c.AbstractXAStatefulHolder - notifying 2 stateChangeEventListener(s) about state changed from ACCESSIBLE to NOT_ACCESSIBLE in a JdbcPooledConnection from datasource jdbc/order_ds1 in state NOT_ACCESSIBLE with usage count 0 wrapping org.postgresql.xa.PGXAConnection@74626b21
17:27:50.405 [Test worker] DEBUG bitronix.tm.resource.common.XAPool - added a JdbcPooledConnection from datasource jdbc/order_ds1 in state NOT_ACCESSIBLE with usage count 0 wrapping org.postgresql.xa.PGXAConnection@74626b21 to the inaccessible pool
17:27:50.405 [Test worker] DEBUG b.t.r.jdbc.JdbcPooledConnection - released to pool a JdbcPooledConnection from datasource jdbc/order_ds1 in state NOT_ACCESSIBLE with usage count 0 wrapping org.postgresql.xa.PGXAConnection@74626b21
17:27:50.408 [Test worker] DEBUG b.tm.resource.jdbc.PoolingDataSource - acquiring connection from a PoolingDataSource containing an XAPool of resource jdbc/order_ds1 with 3 connection(s) (2 still available)
17:27:50.408 [Test worker] DEBUG bitronix.tm.resource.common.XAPool - trying to recycle a NOT_ACCESSIBLE connection of an XAPool of resource jdbc/order_ds1 with 3 connection(s) (2 still available)
17:27:50.408 [Test worker] DEBUG bitronix.tm.resource.common.XAPool - current transaction GTRID is [737072696E672D62746D000001452C10CF730000002F]
17:27:50.408 [Test worker] DEBUG bitronix.tm.resource.common.XAPool - found a connection in NOT_ACCESSIBLE state: a JdbcPooledConnection from datasource jdbc/order_ds1 in state NOT_ACCESSIBLE with usage count 0 wrapping org.postgresql.xa.PGXAConnection@74626b21
17:27:50.408 [Test worker] DEBUG bitronix.tm.resource.common.XAPool - 1 xa resource(s) created by connection in NOT_ACCESSIBLE state: a JdbcPooledConnection from datasource jdbc/order_ds1 in state NOT_ACCESSIBLE with usage count 0 wrapping org.postgresql.xa.PGXAConnection@74626b21
17:27:50.408 [Test worker] DEBUG bitronix.tm.resource.common.XAPool - NOT_ACCESSIBLE xa resource GTRID: 737072696E672D62746D000001452C10CF730000002F
17:27:50.408 [Test worker] DEBUG bitronix.tm.resource.common.XAPool - NOT_ACCESSIBLE xa resource's GTRID matched this transaction's GTRID, recycling it
17:27:50.408 [Test worker] DEBUG bitronix.tm.resource.common.XAPool - found NOT_ACCESSIBLE connection a JdbcPooledConnection from datasource jdbc/order_ds1 in state NOT_ACCESSIBLE with usage count 0 wrapping org.postgresql.xa.PGXAConnection@74626b21 from an XAPool of resource jdbc/order_ds1 with 3 connection(s) (2 still available)
17:27:50.408 [Test worker] DEBUG b.t.r.jdbc.JdbcPooledConnection - getting connection handle from a JdbcPooledConnection from datasource jdbc/order_ds1 in state NOT_ACCESSIBLE with usage count 0 wrapping org.postgresql.xa.PGXAConnection@74626b21
17:27:50.408 [Test worker] DEBUG b.t.r.c.AbstractXAStatefulHolder - notifying 2 stateChangeEventListener(s) about state changing from NOT_ACCESSIBLE to ACCESSIBLE in a JdbcPooledConnection from datasource jdbc/order_ds1 in state NOT_ACCESSIBLE with usage count 1 wrapping org.postgresql.xa.PGXAConnection@74626b21
17:27:50.408 [Test worker] DEBUG bitronix.tm.resource.common.XAPool - removed a JdbcPooledConnection from datasource jdbc/order_ds1 in state NOT_ACCESSIBLE with usage count 1 wrapping org.postgresql.xa.PGXAConnection@74626b21 from the inaccessible pool
17:27:50.409 [Test worker] DEBUG b.t.r.c.AbstractXAStatefulHolder - state changing from NOT_ACCESSIBLE to ACCESSIBLE in a JdbcPooledConnection from datasource jdbc/order_ds1 in state NOT_ACCESSIBLE with usage count 1 wrapping org.postgresql.xa.PGXAConnection@74626b21
17:27:50.409 [Test worker] DEBUG b.t.r.c.AbstractXAStatefulHolder - notifying 2 stateChangeEventListener(s) about state changed from NOT_ACCESSIBLE to ACCESSIBLE in a JdbcPooledConnection from datasource jdbc/order_ds1 in state ACCESSIBLE with usage count 1 wrapping org.postgresql.xa.PGXAConnection@74626b21
17:27:50.409 [Test worker] DEBUG b.t.r.c.TransactionContextHelper - marking a JdbcPooledConnection from datasource jdbc/order_ds1 in state ACCESSIBLE with usage count 1 wrapping org.postgresql.xa.PGXAConnection@74626b21 as recycled in a Bitronix Transaction with GTRID [737072696E672D62746D000001452C10CF730000002F], status=ACTIVE, 1 resource(s) enlisted (started Fri Apr 04 17:27:50 CST 2014)
17:27:50.409 [Test worker] DEBUG b.t.r.c.TransactionContextHelper - a JdbcPooledConnection from datasource jdbc/order_ds1 in state ACCESSIBLE with usage count 1 wrapping org.postgresql.xa.PGXAConnection@74626b21 has been recycled, unregistering deferred release from a Bitronix Transaction with GTRID [737072696E672D62746D000001452C10CF730000002F], status=ACTIVE, 1 resource(s) enlisted (started Fri Apr 04 17:27:50 CST 2014)
17:27:50.409 [Test worker] DEBUG bitronix.tm.resource.common.XAPool - added a JdbcPooledConnection from datasource jdbc/order_ds1 in state ACCESSIBLE with usage count 1 wrapping org.postgresql.xa.PGXAConnection@74626b21 to the accessible pool
17:27:50.409 [Test worker] DEBUG b.t.r.jdbc.JdbcPooledConnection - connection org.postgresql.xa.PGXAConnection@74626b21 was in state NOT_ACCESSIBLE, no need to test it
17:27:50.409 [Test worker] DEBUG b.t.r.jdbc.JdbcPooledConnection - got connection handle from a JdbcPooledConnection from datasource jdbc/order_ds1 in state ACCESSIBLE with usage count 1 wrapping org.postgresql.xa.PGXAConnection@74626b21
17:27:50.409 [Test worker] DEBUG b.tm.resource.jdbc.PoolingDataSource - acquired connection from a PoolingDataSource containing an XAPool of resource jdbc/order_ds1 with 3 connection(s) (2 still available)
17:27:50.409 [Test worker] DEBUG b.t.r.c.TransactionContextHelper - enlisting a JdbcPooledConnection from datasource jdbc/order_ds1 in state ACCESSIBLE with usage count 1 wrapping org.postgresql.xa.PGXAConnection@74626b21 into a Bitronix Transaction with GTRID [737072696E672D62746D000001452C10CF730000002F], status=ACTIVE, 1 resource(s) enlisted (started Fri Apr 04 17:27:50 CST 2014)
17:27:50.409 [Test worker] DEBUG b.t.r.c.TransactionContextHelper - avoiding re-enlistment of already enlisted but not ended resource an XAResourceHolderState with uniqueName=jdbc/order_ds1 XAResource=org.postgresql.xa.PGXAConnection@74626b21 (started) with XID a Bitronix XID [737072696E672D62746D000001452C10CF730000002F : 737072696E672D62746D000001452C10CF7C00000030]
Hibernate: insert into ORDER_ITEM (CREATED_BY, CREATED_TIME, UPDATED_BY, UPDATED_TIME, IS_DELETED, FEDERATED_ID, HONOR_UNTIL_TIME, HONORED_TIME, IS_TAX_EXEMPTED, ORDER_ID, ORDER_ITEM_TYPE, PRODUCT_ITEM_ID, PROPERTIES, QUANTITY, SHIPPING_ADDRESS_ID, SHIPPING_METHOD_ID, TOTAL_AMOUNT, TOTAL_DISCOUNT, TOTAL_PREORDER_AMOUNT, TOTAL_PREORDER_TAX, TOTAL_TAX, UNIT_PRICE, ORDER_ITEM_ID) values (?, ?, ?, ?, ?, ?, ?, ?, ?, ?, ?, ?, ?, ?, ?, ?, ?, ?, ?, ?, ?, ?, ?)
17:27:50.421 [Test worker] DEBUG b.t.r.jdbc.proxy.ConnectionJavaProxy - closing a ConnectionJavaProxy of a JdbcPooledConnection from datasource jdbc/order_ds1 in state ACCESSIBLE with usage count 1 wrapping org.postgresql.xa.PGXAConnection@74626b21 on Pooled connection wrapping physical connection org.postgresql.jdbc4.Jdbc4Connection@19368db4
17:27:50.421 [Test worker] DEBUG b.t.r.jdbc.JdbcPooledConnection - releasing to pool a JdbcPooledConnection from datasource jdbc/order_ds1 in state ACCESSIBLE with usage count 1 wrapping org.postgresql.xa.PGXAConnection@74626b21
17:27:50.421 [Test worker] DEBUG b.t.r.c.TransactionContextHelper - delisting a JdbcPooledConnection from datasource jdbc/order_ds1 in state ACCESSIBLE with usage count 0 wrapping org.postgresql.xa.PGXAConnection@74626b21 from a Bitronix Transaction with GTRID [737072696E672D62746D000001452C10CF730000002F], status=ACTIVE, 1 resource(s) enlisted (started Fri Apr 04 17:27:50 CST 2014)
17:27:50.422 [Test worker] DEBUG b.t.r.c.TransactionContextHelper - resource is in enlisting global transaction context: a JdbcPooledConnection from datasource jdbc/order_ds1 in state ACCESSIBLE with usage count 0 wrapping org.postgresql.xa.PGXAConnection@74626b21
17:27:50.422 [Test worker] DEBUG b.t.r.c.TransactionContextHelper - requeuing a JdbcPooledConnection from datasource jdbc/order_ds1 in state ACCESSIBLE with usage count 0 wrapping org.postgresql.xa.PGXAConnection@74626b21 from a Bitronix Transaction with GTRID [737072696E672D62746D000001452C10CF730000002F], status=ACTIVE, 1 resource(s) enlisted (started Fri Apr 04 17:27:50 CST 2014)
17:27:50.422 [Test worker] DEBUG b.t.r.c.TransactionContextHelper - resource is in enlisting global transaction context: a JdbcPooledConnection from datasource jdbc/order_ds1 in state ACCESSIBLE with usage count 0 wrapping org.postgresql.xa.PGXAConnection@74626b21
17:27:50.422 [Test worker] DEBUG b.t.r.c.TransactionContextHelper - deferring release to pool of a JdbcPooledConnection from datasource jdbc/order_ds1 in state ACCESSIBLE with usage count 0 wrapping org.postgresql.xa.PGXAConnection@74626b21
17:27:50.422 [Test worker] DEBUG b.t.r.c.TransactionContextHelper - a JdbcPooledConnection from datasource jdbc/order_ds1 in state ACCESSIBLE with usage count 0 wrapping org.postgresql.xa.PGXAConnection@74626b21 is not already registered for deferred release in a Bitronix Transaction with GTRID [737072696E672D62746D000001452C10CF730000002F], status=ACTIVE, 1 resource(s) enlisted (started Fri Apr 04 17:27:50 CST 2014)
17:27:50.422 [Test worker] DEBUG b.t.r.c.TransactionContextHelper - registering DeferredReleaseSynchronization for a JdbcPooledConnection from datasource jdbc/order_ds1 in state ACCESSIBLE with usage count 0 wrapping org.postgresql.xa.PGXAConnection@74626b21
17:27:50.422 [Test worker] DEBUG b.t.r.c.AbstractXAStatefulHolder - notifying 2 stateChangeEventListener(s) about state changing from ACCESSIBLE to NOT_ACCESSIBLE in a JdbcPooledConnection from datasource jdbc/order_ds1 in state ACCESSIBLE with usage count 0 wrapping org.postgresql.xa.PGXAConnection@74626b21
17:27:50.422 [Test worker] DEBUG b.t.r.jdbc.JdbcPooledConnection - closing 0 dangling uncached statement(s)
17:27:50.422 [Test worker] DEBUG bitronix.tm.resource.common.XAPool - removed a JdbcPooledConnection from datasource jdbc/order_ds1 in state ACCESSIBLE with usage count 0 wrapping org.postgresql.xa.PGXAConnection@74626b21 from the accessible pool
17:27:50.422 [Test worker] DEBUG b.t.r.c.AbstractXAStatefulHolder - state changing from ACCESSIBLE to NOT_ACCESSIBLE in a JdbcPooledConnection from datasource jdbc/order_ds1 in state ACCESSIBLE with usage count 0 wrapping org.postgresql.xa.PGXAConnection@74626b21
17:27:50.422 [Test worker] DEBUG b.t.r.c.AbstractXAStatefulHolder - notifying 2 stateChangeEventListener(s) about state changed from ACCESSIBLE to NOT_ACCESSIBLE in a JdbcPooledConnection from datasource jdbc/order_ds1 in state NOT_ACCESSIBLE with usage count 0 wrapping org.postgresql.xa.PGXAConnection@74626b21
17:27:50.422 [Test worker] DEBUG bitronix.tm.resource.common.XAPool - added a JdbcPooledConnection from datasource jdbc/order_ds1 in state NOT_ACCESSIBLE with usage count 0 wrapping org.postgresql.xa.PGXAConnection@74626b21 to the inaccessible pool
17:27:50.422 [Test worker] DEBUG b.t.r.jdbc.JdbcPooledConnection - released to pool a JdbcPooledConnection from datasource jdbc/order_ds1 in state NOT_ACCESSIBLE with usage count 0 wrapping org.postgresql.xa.PGXAConnection@74626b21
17:27:50.426 [Test worker] DEBUG b.tm.resource.jdbc.PoolingDataSource - acquiring connection from a PoolingDataSource containing an XAPool of resource jdbc/order_ds1 with 3 connection(s) (2 still available)
17:27:50.426 [Test worker] DEBUG bitronix.tm.resource.common.XAPool - trying to recycle a NOT_ACCESSIBLE connection of an XAPool of resource jdbc/order_ds1 with 3 connection(s) (2 still available)
17:27:50.426 [Test worker] DEBUG bitronix.tm.resource.common.XAPool - current transaction GTRID is [737072696E672D62746D000001452C10CF730000002F]
17:27:50.426 [Test worker] DEBUG bitronix.tm.resource.common.XAPool - found a connection in NOT_ACCESSIBLE state: a JdbcPooledConnection from datasource jdbc/order_ds1 in state NOT_ACCESSIBLE with usage count 0 wrapping org.postgresql.xa.PGXAConnection@74626b21
17:27:50.426 [Test worker] DEBUG bitronix.tm.resource.common.XAPool - 1 xa resource(s) created by connection in NOT_ACCESSIBLE state: a JdbcPooledConnection from datasource jdbc/order_ds1 in state NOT_ACCESSIBLE with usage count 0 wrapping org.postgresql.xa.PGXAConnection@74626b21
17:27:50.426 [Test worker] DEBUG bitronix.tm.resource.common.XAPool - NOT_ACCESSIBLE xa resource GTRID: 737072696E672D62746D000001452C10CF730000002F
17:27:50.426 [Test worker] DEBUG bitronix.tm.resource.common.XAPool - NOT_ACCESSIBLE xa resource's GTRID matched this transaction's GTRID, recycling it
17:27:50.426 [Test worker] DEBUG bitronix.tm.resource.common.XAPool - found NOT_ACCESSIBLE connection a JdbcPooledConnection from datasource jdbc/order_ds1 in state NOT_ACCESSIBLE with usage count 0 wrapping org.postgresql.xa.PGXAConnection@74626b21 from an XAPool of resource jdbc/order_ds1 with 3 connection(s) (2 still available)
17:27:50.426 [Test worker] DEBUG b.t.r.jdbc.JdbcPooledConnection - getting connection handle from a JdbcPooledConnection from datasource jdbc/order_ds1 in state NOT_ACCESSIBLE with usage count 0 wrapping org.postgresql.xa.PGXAConnection@74626b21
17:27:50.426 [Test worker] DEBUG b.t.r.c.AbstractXAStatefulHolder - notifying 2 stateChangeEventListener(s) about state changing from NOT_ACCESSIBLE to ACCESSIBLE in a JdbcPooledConnection from datasource jdbc/order_ds1 in state NOT_ACCESSIBLE with usage count 1 wrapping org.postgresql.xa.PGXAConnection@74626b21
17:27:50.426 [Test worker] DEBUG bitronix.tm.resource.common.XAPool - removed a JdbcPooledConnection from datasource jdbc/order_ds1 in state NOT_ACCESSIBLE with usage count 1 wrapping org.postgresql.xa.PGXAConnection@74626b21 from the inaccessible pool
17:27:50.426 [Test worker] DEBUG b.t.r.c.AbstractXAStatefulHolder - state changing from NOT_ACCESSIBLE to ACCESSIBLE in a JdbcPooledConnection from datasource jdbc/order_ds1 in state NOT_ACCESSIBLE with usage count 1 wrapping org.postgresql.xa.PGXAConnection@74626b21
17:27:50.426 [Test worker] DEBUG b.t.r.c.AbstractXAStatefulHolder - notifying 2 stateChangeEventListener(s) about state changed from NOT_ACCESSIBLE to ACCESSIBLE in a JdbcPooledConnection from datasource jdbc/order_ds1 in state ACCESSIBLE with usage count 1 wrapping org.postgresql.xa.PGXAConnection@74626b21
17:27:50.426 [Test worker] DEBUG b.t.r.c.TransactionContextHelper - marking a JdbcPooledConnection from datasource jdbc/order_ds1 in state ACCESSIBLE with usage count 1 wrapping org.postgresql.xa.PGXAConnection@74626b21 as recycled in a Bitronix Transaction with GTRID [737072696E672D62746D000001452C10CF730000002F], status=ACTIVE, 1 resource(s) enlisted (started Fri Apr 04 17:27:50 CST 2014)
17:27:50.426 [Test worker] DEBUG b.t.r.c.TransactionContextHelper - a JdbcPooledConnection from datasource jdbc/order_ds1 in state ACCESSIBLE with usage count 1 wrapping org.postgresql.xa.PGXAConnection@74626b21 has been recycled, unregistering deferred release from a Bitronix Transaction with GTRID [737072696E672D62746D000001452C10CF730000002F], status=ACTIVE, 1 resource(s) enlisted (started Fri Apr 04 17:27:50 CST 2014)
17:27:50.427 [Test worker] DEBUG bitronix.tm.resource.common.XAPool - added a JdbcPooledConnection from datasource jdbc/order_ds1 in state ACCESSIBLE with usage count 1 wrapping org.postgresql.xa.PGXAConnection@74626b21 to the accessible pool
17:27:50.427 [Test worker] DEBUG b.t.r.jdbc.JdbcPooledConnection - connection org.postgresql.xa.PGXAConnection@74626b21 was in state NOT_ACCESSIBLE, no need to test it
17:27:50.427 [Test worker] DEBUG b.t.r.jdbc.JdbcPooledConnection - got connection handle from a JdbcPooledConnection from datasource jdbc/order_ds1 in state ACCESSIBLE with usage count 1 wrapping org.postgresql.xa.PGXAConnection@74626b21
17:27:50.427 [Test worker] DEBUG b.tm.resource.jdbc.PoolingDataSource - acquired connection from a PoolingDataSource containing an XAPool of resource jdbc/order_ds1 with 3 connection(s) (2 still available)
17:27:50.427 [Test worker] DEBUG b.t.r.c.TransactionContextHelper - enlisting a JdbcPooledConnection from datasource jdbc/order_ds1 in state ACCESSIBLE with usage count 1 wrapping org.postgresql.xa.PGXAConnection@74626b21 into a Bitronix Transaction with GTRID [737072696E672D62746D000001452C10CF730000002F], status=ACTIVE, 1 resource(s) enlisted (started Fri Apr 04 17:27:50 CST 2014)
17:27:50.427 [Test worker] DEBUG b.t.r.c.TransactionContextHelper - avoiding re-enlistment of already enlisted but not ended resource an XAResourceHolderState with uniqueName=jdbc/order_ds1 XAResource=org.postgresql.xa.PGXAConnection@74626b21 (started) with XID a Bitronix XID [737072696E672D62746D000001452C10CF730000002F : 737072696E672D62746D000001452C10CF7C00000030]
Hibernate: select this_.ORDER_ITEM_ID as ORDER1_4_0_, this_.CREATED_BY as CREATED2_4_0_, this_.CREATED_TIME as CREATED3_4_0_, this_.UPDATED_BY as UPDATED4_4_0_, this_.UPDATED_TIME as UPDATED5_4_0_, this_.IS_DELETED as IS6_4_0_, this_.FEDERATED_ID as FEDERATED7_4_0_, this_.HONOR_UNTIL_TIME as HONOR8_4_0_, this_.HONORED_TIME as HONORED9_4_0_, this_.IS_TAX_EXEMPTED as IS10_4_0_, this_.ORDER_ID as ORDER11_4_0_, this_.ORDER_ITEM_TYPE as ORDER12_4_0_, this_.PRODUCT_ITEM_ID as PRODUCT13_4_0_, this_.PROPERTIES as PROPERTIES4_0_, this_.QUANTITY as QUANTITY4_0_, this_.SHIPPING_ADDRESS_ID as SHIPPING16_4_0_, this_.SHIPPING_METHOD_ID as SHIPPING17_4_0_, this_.TOTAL_AMOUNT as TOTAL18_4_0_, this_.TOTAL_DISCOUNT as TOTAL19_4_0_, this_.TOTAL_PREORDER_AMOUNT as TOTAL20_4_0_, this_.TOTAL_PREORDER_TAX as TOTAL21_4_0_, this_.TOTAL_TAX as TOTAL22_4_0_, this_.UNIT_PRICE as UNIT23_4_0_ from ORDER_ITEM this_ where this_.ORDER_ID=? and this_.IS_DELETED=?
17:27:50.429 [Test worker] DEBUG b.t.r.jdbc.proxy.ConnectionJavaProxy - closing a ConnectionJavaProxy of a JdbcPooledConnection from datasource jdbc/order_ds1 in state ACCESSIBLE with usage count 1 wrapping org.postgresql.xa.PGXAConnection@74626b21 on Pooled connection wrapping physical connection org.postgresql.jdbc4.Jdbc4Connection@19368db4
17:27:50.429 [Test worker] DEBUG b.t.r.jdbc.JdbcPooledConnection - releasing to pool a JdbcPooledConnection from datasource jdbc/order_ds1 in state ACCESSIBLE with usage count 1 wrapping org.postgresql.xa.PGXAConnection@74626b21
17:27:50.429 [Test worker] DEBUG b.t.r.c.TransactionContextHelper - delisting a JdbcPooledConnection from datasource jdbc/order_ds1 in state ACCESSIBLE with usage count 0 wrapping org.postgresql.xa.PGXAConnection@74626b21 from a Bitronix Transaction with GTRID [737072696E672D62746D000001452C10CF730000002F], status=ACTIVE, 1 resource(s) enlisted (started Fri Apr 04 17:27:50 CST 2014)
17:27:50.429 [Test worker] DEBUG b.t.r.c.TransactionContextHelper - resource is in enlisting global transaction context: a JdbcPooledConnection from datasource jdbc/order_ds1 in state ACCESSIBLE with usage count 0 wrapping org.postgresql.xa.PGXAConnection@74626b21
17:27:50.429 [Test worker] DEBUG b.t.r.c.TransactionContextHelper - requeuing a JdbcPooledConnection from datasource jdbc/order_ds1 in state ACCESSIBLE with usage count 0 wrapping org.postgresql.xa.PGXAConnection@74626b21 from a Bitronix Transaction with GTRID [737072696E672D62746D000001452C10CF730000002F], status=ACTIVE, 1 resource(s) enlisted (started Fri Apr 04 17:27:50 CST 2014)
17:27:50.429 [Test worker] DEBUG b.t.r.c.TransactionContextHelper - resource is in enlisting global transaction context: a JdbcPooledConnection from datasource jdbc/order_ds1 in state ACCESSIBLE with usage count 0 wrapping org.postgresql.xa.PGXAConnection@74626b21
17:27:50.429 [Test worker] DEBUG b.t.r.c.TransactionContextHelper - deferring release to pool of a JdbcPooledConnection from datasource jdbc/order_ds1 in state ACCESSIBLE with usage count 0 wrapping org.postgresql.xa.PGXAConnection@74626b21
17:27:50.429 [Test worker] DEBUG b.t.r.c.TransactionContextHelper - a JdbcPooledConnection from datasource jdbc/order_ds1 in state ACCESSIBLE with usage count 0 wrapping org.postgresql.xa.PGXAConnection@74626b21 is not already registered for deferred release in a Bitronix Transaction with GTRID [737072696E672D62746D000001452C10CF730000002F], status=ACTIVE, 1 resource(s) enlisted (started Fri Apr 04 17:27:50 CST 2014)
17:27:50.429 [Test worker] DEBUG b.t.r.c.TransactionContextHelper - registering DeferredReleaseSynchronization for a JdbcPooledConnection from datasource jdbc/order_ds1 in state ACCESSIBLE with usage count 0 wrapping org.postgresql.xa.PGXAConnection@74626b21
17:27:50.430 [Test worker] DEBUG b.t.r.c.AbstractXAStatefulHolder - notifying 2 stateChangeEventListener(s) about state changing from ACCESSIBLE to NOT_ACCESSIBLE in a JdbcPooledConnection from datasource jdbc/order_ds1 in state ACCESSIBLE with usage count 0 wrapping org.postgresql.xa.PGXAConnection@74626b21
17:27:50.430 [Test worker] DEBUG b.t.r.jdbc.JdbcPooledConnection - closing 0 dangling uncached statement(s)
17:27:50.430 [Test worker] DEBUG bitronix.tm.resource.common.XAPool - removed a JdbcPooledConnection from datasource jdbc/order_ds1 in state ACCESSIBLE with usage count 0 wrapping org.postgresql.xa.PGXAConnection@74626b21 from the accessible pool
17:27:50.430 [Test worker] DEBUG b.t.r.c.AbstractXAStatefulHolder - state changing from ACCESSIBLE to NOT_ACCESSIBLE in a JdbcPooledConnection from datasource jdbc/order_ds1 in state ACCESSIBLE with usage count 0 wrapping org.postgresql.xa.PGXAConnection@74626b21
17:27:50.430 [Test worker] DEBUG b.t.r.c.AbstractXAStatefulHolder - notifying 2 stateChangeEventListener(s) about state changed from ACCESSIBLE to NOT_ACCESSIBLE in a JdbcPooledConnection from datasource jdbc/order_ds1 in state NOT_ACCESSIBLE with usage count 0 wrapping org.postgresql.xa.PGXAConnection@74626b21
17:27:50.430 [Test worker] DEBUG bitronix.tm.resource.common.XAPool - added a JdbcPooledConnection from datasource jdbc/order_ds1 in state NOT_ACCESSIBLE with usage count 0 wrapping org.postgresql.xa.PGXAConnection@74626b21 to the inaccessible pool
17:27:50.430 [Test worker] DEBUG b.t.r.jdbc.JdbcPooledConnection - released to pool a JdbcPooledConnection from datasource jdbc/order_ds1 in state NOT_ACCESSIBLE with usage count 0 wrapping org.postgresql.xa.PGXAConnection@74626b21
17:27:50.453 [Test worker] DEBUG bitronix.tm.BitronixTransaction - registering synchronization org.hibernate.engine.transaction.synchronization.internal.RegisteredSynchronization@76afaac
17:27:50.454 [Test worker] DEBUG bitronix.tm.BitronixTransaction - registering synchronization org.hibernate.context.internal.JTASessionContext$CleanupSynch@6f3602
17:27:50.458 [Test worker] DEBUG b.tm.resource.jdbc.PoolingDataSource - acquiring connection from a PoolingDataSource containing an XAPool of resource jdbc/order_ds1 with 3 connection(s) (3 still available)
17:27:50.458 [Test worker] DEBUG bitronix.tm.resource.common.XAPool - trying to recycle a NOT_ACCESSIBLE connection of an XAPool of resource jdbc/order_ds1 with 3 connection(s) (3 still available)
17:27:50.458 [Test worker] DEBUG bitronix.tm.resource.common.XAPool - current transaction GTRID is [737072696E672D62746D000001452C10CFAA00000031]
17:27:50.458 [Test worker] DEBUG bitronix.tm.resource.common.XAPool - no NOT_ACCESSIBLE connection enlisted in this transaction
17:27:50.458 [Test worker] DEBUG bitronix.tm.resource.common.XAPool - getting IN_POOL connection from an XAPool of resource jdbc/order_ds1 with 3 connection(s) (3 still available), waiting if necessary
17:27:50.458 [Test worker] DEBUG bitronix.tm.resource.common.XAPool - checking if connection can be closed: a JdbcPooledConnection from datasource jdbc/order_ds1 in state IN_POOL with usage count 0 wrapping org.postgresql.xa.PGXAConnection@4b6498ed - closing time: 1396603730328, now time: 1396603670458
17:27:50.458 [Test worker] DEBUG bitronix.tm.resource.common.XAPool - found IN_POOL connection a JdbcPooledConnection from datasource jdbc/order_ds1 in state IN_POOL with usage count 0 wrapping org.postgresql.xa.PGXAConnection@4b6498ed from an XAPool of resource jdbc/order_ds1 with 3 connection(s) (2 still available)
17:27:50.458 [Test worker] DEBUG b.t.r.jdbc.JdbcPooledConnection - getting connection handle from a JdbcPooledConnection from datasource jdbc/order_ds1 in state IN_POOL with usage count 0 wrapping org.postgresql.xa.PGXAConnection@4b6498ed
17:27:50.458 [Test worker] DEBUG b.t.r.c.AbstractXAStatefulHolder - notifying 2 stateChangeEventListener(s) about state changing from IN_POOL to ACCESSIBLE in a JdbcPooledConnection from datasource jdbc/order_ds1 in state IN_POOL with usage count 1 wrapping org.postgresql.xa.PGXAConnection@4b6498ed
17:27:50.458 [Test worker] DEBUG b.t.r.c.AbstractXAStatefulHolder - state changing from IN_POOL to ACCESSIBLE in a JdbcPooledConnection from datasource jdbc/order_ds1 in state IN_POOL with usage count 1 wrapping org.postgresql.xa.PGXAConnection@4b6498ed
17:27:50.458 [Test worker] DEBUG b.t.r.c.AbstractXAStatefulHolder - notifying 2 stateChangeEventListener(s) about state changed from IN_POOL to ACCESSIBLE in a JdbcPooledConnection from datasource jdbc/order_ds1 in state ACCESSIBLE with usage count 1 wrapping org.postgresql.xa.PGXAConnection@4b6498ed
17:27:50.458 [Test worker] DEBUG bitronix.tm.resource.common.XAPool - added a JdbcPooledConnection from datasource jdbc/order_ds1 in state ACCESSIBLE with usage count 1 wrapping org.postgresql.xa.PGXAConnection@4b6498ed to the accessible pool
17:27:50.458 [Test worker] DEBUG b.t.r.jdbc.JdbcPooledConnection - connection org.postgresql.xa.PGXAConnection@4b6498ed was in state IN_POOL, testing it
17:27:50.458 [Test worker] DEBUG b.t.r.jdbc.JdbcPooledConnection - no query to test connection of a JdbcPooledConnection from datasource jdbc/order_ds1 in state ACCESSIBLE with usage count 1 wrapping org.postgresql.xa.PGXAConnection@4b6498ed, skipping test
17:27:50.458 [Test worker] DEBUG b.t.r.jdbc.JdbcPooledConnection - got connection handle from a JdbcPooledConnection from datasource jdbc/order_ds1 in state ACCESSIBLE with usage count 1 wrapping org.postgresql.xa.PGXAConnection@4b6498ed
17:27:50.458 [Test worker] DEBUG b.tm.resource.jdbc.PoolingDataSource - acquired connection from a PoolingDataSource containing an XAPool of resource jdbc/order_ds1 with 3 connection(s) (2 still available)
17:27:50.458 [Test worker] DEBUG b.t.r.c.TransactionContextHelper - enlisting a JdbcPooledConnection from datasource jdbc/order_ds1 in state ACCESSIBLE with usage count 1 wrapping org.postgresql.xa.PGXAConnection@4b6498ed into a Bitronix Transaction with GTRID [737072696E672D62746D000001452C10CFAA00000031], status=ACTIVE, 0 resource(s) enlisted (started Fri Apr 04 17:27:50 CST 2014)
17:27:50.459 [Test worker] DEBUG b.tm.resource.ResourceRegistrar - XAResource org.postgresql.xa.PGXAConnection@4b6498ed belongs to a JdbcPooledConnection from datasource jdbc/order_ds1 in state ACCESSIBLE with usage count 1 wrapping org.postgresql.xa.PGXAConnection@4b6498ed that itself belongs to a PoolingDataSource containing an XAPool of resource jdbc/order_ds1 with 3 connection(s) (2 still available)
17:27:50.459 [Test worker] DEBUG b.tm.internal.XAResourceManager - creating new branch with a Bitronix XID [737072696E672D62746D000001452C10CFAA00000031 : 737072696E672D62746D000001452C10CFBB00000032]
17:27:50.459 [Test worker] DEBUG b.tm.internal.XAResourceHolderState - assigning <a Bitronix XID [737072696E672D62746D000001452C10CFAA00000031 : 737072696E672D62746D000001452C10CFBB00000032]> to <an XAResourceHolderState with uniqueName=jdbc/order_ds1 XAResource=org.postgresql.xa.PGXAConnection@4b6498ed with XID null>
17:27:50.459 [Test worker] DEBUG b.tm.internal.XAResourceHolderState - starting an XAResourceHolderState with uniqueName=jdbc/order_ds1 XAResource=org.postgresql.xa.PGXAConnection@4b6498ed with XID a Bitronix XID [737072696E672D62746D000001452C10CFAA00000031 : 737072696E672D62746D000001452C10CFBB00000032] with NOFLAGS
17:27:50.459 [Test worker] DEBUG b.tm.internal.XAResourceHolderState - started an XAResourceHolderState with uniqueName=jdbc/order_ds1 XAResource=org.postgresql.xa.PGXAConnection@4b6498ed (started) with XID a Bitronix XID [737072696E672D62746D000001452C10CFAA00000031 : 737072696E672D62746D000001452C10CFBB00000032] with NOFLAGS
17:27:50.459 [Test worker] DEBUG b.t.r.c.AbstractXAResourceHolder - putting XAResourceHolderState [an XAResourceHolderState with uniqueName=jdbc/order_ds1 XAResource=org.postgresql.xa.PGXAConnection@4b6498ed (started) with XID a Bitronix XID [737072696E672D62746D000001452C10CFAA00000031 : 737072696E672D62746D000001452C10CFBB00000032]] on a JdbcPooledConnection from datasource jdbc/order_ds1 in state ACCESSIBLE with usage count 1 wrapping org.postgresql.xa.PGXAConnection@4b6498ed
17:27:50.459 [Test worker] DEBUG b.t.r.c.AbstractXAResourceHolder - GTRID [737072696E672D62746D000001452C10CFAA00000031] previously unknown to a JdbcPooledConnection from datasource jdbc/order_ds1 in state ACCESSIBLE with usage count 1 wrapping org.postgresql.xa.PGXAConnection@4b6498ed, adding it to the resource's transactions list
Hibernate: insert into ORDER_ITEM (CREATED_BY, CREATED_TIME, UPDATED_BY, UPDATED_TIME, IS_DELETED, FEDERATED_ID, HONOR_UNTIL_TIME, HONORED_TIME, IS_TAX_EXEMPTED, ORDER_ID, ORDER_ITEM_TYPE, PRODUCT_ITEM_ID, PROPERTIES, QUANTITY, SHIPPING_ADDRESS_ID, SHIPPING_METHOD_ID, TOTAL_AMOUNT, TOTAL_DISCOUNT, TOTAL_PREORDER_AMOUNT, TOTAL_PREORDER_TAX, TOTAL_TAX, UNIT_PRICE, ORDER_ITEM_ID) values (?, ?, ?, ?, ?, ?, ?, ?, ?, ?, ?, ?, ?, ?, ?, ?, ?, ?, ?, ?, ?, ?, ?)
17:27:50.466 [Test worker] DEBUG b.t.r.jdbc.proxy.ConnectionJavaProxy - closing a ConnectionJavaProxy of a JdbcPooledConnection from datasource jdbc/order_ds1 in state ACCESSIBLE with usage count 1 wrapping org.postgresql.xa.PGXAConnection@4b6498ed on Pooled connection wrapping physical connection org.postgresql.jdbc4.Jdbc4Connection@27b170a3
17:27:50.466 [Test worker] DEBUG b.t.r.jdbc.JdbcPooledConnection - releasing to pool a JdbcPooledConnection from datasource jdbc/order_ds1 in state ACCESSIBLE with usage count 1 wrapping org.postgresql.xa.PGXAConnection@4b6498ed
17:27:50.466 [Test worker] DEBUG b.t.r.c.TransactionContextHelper - delisting a JdbcPooledConnection from datasource jdbc/order_ds1 in state ACCESSIBLE with usage count 0 wrapping org.postgresql.xa.PGXAConnection@4b6498ed from a Bitronix Transaction with GTRID [737072696E672D62746D000001452C10CFAA00000031], status=ACTIVE, 1 resource(s) enlisted (started Fri Apr 04 17:27:50 CST 2014)
17:27:50.466 [Test worker] DEBUG b.t.r.c.TransactionContextHelper - resource is in enlisting global transaction context: a JdbcPooledConnection from datasource jdbc/order_ds1 in state ACCESSIBLE with usage count 0 wrapping org.postgresql.xa.PGXAConnection@4b6498ed
17:27:50.466 [Test worker] DEBUG b.t.r.c.TransactionContextHelper - requeuing a JdbcPooledConnection from datasource jdbc/order_ds1 in state ACCESSIBLE with usage count 0 wrapping org.postgresql.xa.PGXAConnection@4b6498ed from a Bitronix Transaction with GTRID [737072696E672D62746D000001452C10CFAA00000031], status=ACTIVE, 1 resource(s) enlisted (started Fri Apr 04 17:27:50 CST 2014)
17:27:50.466 [Test worker] DEBUG b.t.r.c.TransactionContextHelper - resource is in enlisting global transaction context: a JdbcPooledConnection from datasource jdbc/order_ds1 in state ACCESSIBLE with usage count 0 wrapping org.postgresql.xa.PGXAConnection@4b6498ed
17:27:50.466 [Test worker] DEBUG b.t.r.c.TransactionContextHelper - deferring release to pool of a JdbcPooledConnection from datasource jdbc/order_ds1 in state ACCESSIBLE with usage count 0 wrapping org.postgresql.xa.PGXAConnection@4b6498ed
17:27:50.466 [Test worker] DEBUG b.t.r.c.TransactionContextHelper - a JdbcPooledConnection from datasource jdbc/order_ds1 in state ACCESSIBLE with usage count 0 wrapping org.postgresql.xa.PGXAConnection@4b6498ed is not already registered for deferred release in a Bitronix Transaction with GTRID [737072696E672D62746D000001452C10CFAA00000031], status=ACTIVE, 1 resource(s) enlisted (started Fri Apr 04 17:27:50 CST 2014)
17:27:50.466 [Test worker] DEBUG b.t.r.c.TransactionContextHelper - registering DeferredReleaseSynchronization for a JdbcPooledConnection from datasource jdbc/order_ds1 in state ACCESSIBLE with usage count 0 wrapping org.postgresql.xa.PGXAConnection@4b6498ed
17:27:50.466 [Test worker] DEBUG b.t.r.c.AbstractXAStatefulHolder - notifying 2 stateChangeEventListener(s) about state changing from ACCESSIBLE to NOT_ACCESSIBLE in a JdbcPooledConnection from datasource jdbc/order_ds1 in state ACCESSIBLE with usage count 0 wrapping org.postgresql.xa.PGXAConnection@4b6498ed
17:27:50.466 [Test worker] DEBUG b.t.r.jdbc.JdbcPooledConnection - closing 0 dangling uncached statement(s)
17:27:50.466 [Test worker] DEBUG bitronix.tm.resource.common.XAPool - removed a JdbcPooledConnection from datasource jdbc/order_ds1 in state ACCESSIBLE with usage count 0 wrapping org.postgresql.xa.PGXAConnection@4b6498ed from the accessible pool
17:27:50.466 [Test worker] DEBUG b.t.r.c.AbstractXAStatefulHolder - state changing from ACCESSIBLE to NOT_ACCESSIBLE in a JdbcPooledConnection from datasource jdbc/order_ds1 in state ACCESSIBLE with usage count 0 wrapping org.postgresql.xa.PGXAConnection@4b6498ed
17:27:50.466 [Test worker] DEBUG b.t.r.c.AbstractXAStatefulHolder - notifying 2 stateChangeEventListener(s) about state changed from ACCESSIBLE to NOT_ACCESSIBLE in a JdbcPooledConnection from datasource jdbc/order_ds1 in state NOT_ACCESSIBLE with usage count 0 wrapping org.postgresql.xa.PGXAConnection@4b6498ed
17:27:50.466 [Test worker] DEBUG bitronix.tm.resource.common.XAPool - added a JdbcPooledConnection from datasource jdbc/order_ds1 in state NOT_ACCESSIBLE with usage count 0 wrapping org.postgresql.xa.PGXAConnection@4b6498ed to the inaccessible pool
17:27:50.466 [Test worker] DEBUG b.t.r.jdbc.JdbcPooledConnection - released to pool a JdbcPooledConnection from datasource jdbc/order_ds1 in state NOT_ACCESSIBLE with usage count 0 wrapping org.postgresql.xa.PGXAConnection@4b6498ed
17:27:50.469 [Test worker] DEBUG b.tm.resource.jdbc.PoolingDataSource - acquiring connection from a PoolingDataSource containing an XAPool of resource jdbc/order_ds1 with 3 connection(s) (2 still available)
17:27:50.469 [Test worker] DEBUG bitronix.tm.resource.common.XAPool - trying to recycle a NOT_ACCESSIBLE connection of an XAPool of resource jdbc/order_ds1 with 3 connection(s) (2 still available)
17:27:50.469 [Test worker] DEBUG bitronix.tm.resource.common.XAPool - current transaction GTRID is [737072696E672D62746D000001452C10CFAA00000031]
17:27:50.469 [Test worker] DEBUG bitronix.tm.resource.common.XAPool - found a connection in NOT_ACCESSIBLE state: a JdbcPooledConnection from datasource jdbc/order_ds1 in state NOT_ACCESSIBLE with usage count 0 wrapping org.postgresql.xa.PGXAConnection@4b6498ed
17:27:50.469 [Test worker] DEBUG bitronix.tm.resource.common.XAPool - 1 xa resource(s) created by connection in NOT_ACCESSIBLE state: a JdbcPooledConnection from datasource jdbc/order_ds1 in state NOT_ACCESSIBLE with usage count 0 wrapping org.postgresql.xa.PGXAConnection@4b6498ed
17:27:50.469 [Test worker] DEBUG bitronix.tm.resource.common.XAPool - NOT_ACCESSIBLE xa resource GTRID: 737072696E672D62746D000001452C10CFAA00000031
17:27:50.469 [Test worker] DEBUG bitronix.tm.resource.common.XAPool - NOT_ACCESSIBLE xa resource's GTRID matched this transaction's GTRID, recycling it
17:27:50.469 [Test worker] DEBUG bitronix.tm.resource.common.XAPool - found NOT_ACCESSIBLE connection a JdbcPooledConnection from datasource jdbc/order_ds1 in state NOT_ACCESSIBLE with usage count 0 wrapping org.postgresql.xa.PGXAConnection@4b6498ed from an XAPool of resource jdbc/order_ds1 with 3 connection(s) (2 still available)
17:27:50.469 [Test worker] DEBUG b.t.r.jdbc.JdbcPooledConnection - getting connection handle from a JdbcPooledConnection from datasource jdbc/order_ds1 in state NOT_ACCESSIBLE with usage count 0 wrapping org.postgresql.xa.PGXAConnection@4b6498ed
17:27:50.469 [Test worker] DEBUG b.t.r.c.AbstractXAStatefulHolder - notifying 2 stateChangeEventListener(s) about state changing from NOT_ACCESSIBLE to ACCESSIBLE in a JdbcPooledConnection from datasource jdbc/order_ds1 in state NOT_ACCESSIBLE with usage count 1 wrapping org.postgresql.xa.PGXAConnection@4b6498ed
17:27:50.469 [Test worker] DEBUG bitronix.tm.resource.common.XAPool - removed a JdbcPooledConnection from datasource jdbc/order_ds1 in state NOT_ACCESSIBLE with usage count 1 wrapping org.postgresql.xa.PGXAConnection@4b6498ed from the inaccessible pool
17:27:50.469 [Test worker] DEBUG b.t.r.c.AbstractXAStatefulHolder - state changing from NOT_ACCESSIBLE to ACCESSIBLE in a JdbcPooledConnection from datasource jdbc/order_ds1 in state NOT_ACCESSIBLE with usage count 1 wrapping org.postgresql.xa.PGXAConnection@4b6498ed
17:27:50.469 [Test worker] DEBUG b.t.r.c.AbstractXAStatefulHolder - notifying 2 stateChangeEventListener(s) about state changed from NOT_ACCESSIBLE to ACCESSIBLE in a JdbcPooledConnection from datasource jdbc/order_ds1 in state ACCESSIBLE with usage count 1 wrapping org.postgresql.xa.PGXAConnection@4b6498ed
17:27:50.469 [Test worker] DEBUG b.t.r.c.TransactionContextHelper - marking a JdbcPooledConnection from datasource jdbc/order_ds1 in state ACCESSIBLE with usage count 1 wrapping org.postgresql.xa.PGXAConnection@4b6498ed as recycled in a Bitronix Transaction with GTRID [737072696E672D62746D000001452C10CFAA00000031], status=ACTIVE, 1 resource(s) enlisted (started Fri Apr 04 17:27:50 CST 2014)
17:27:50.469 [Test worker] DEBUG b.t.r.c.TransactionContextHelper - a JdbcPooledConnection from datasource jdbc/order_ds1 in state ACCESSIBLE with usage count 1 wrapping org.postgresql.xa.PGXAConnection@4b6498ed has been recycled, unregistering deferred release from a Bitronix Transaction with GTRID [737072696E672D62746D000001452C10CFAA00000031], status=ACTIVE, 1 resource(s) enlisted (started Fri Apr 04 17:27:50 CST 2014)
17:27:50.469 [Test worker] DEBUG bitronix.tm.resource.common.XAPool - added a JdbcPooledConnection from datasource jdbc/order_ds1 in state ACCESSIBLE with usage count 1 wrapping org.postgresql.xa.PGXAConnection@4b6498ed to the accessible pool
17:27:50.469 [Test worker] DEBUG b.t.r.jdbc.JdbcPooledConnection - connection org.postgresql.xa.PGXAConnection@4b6498ed was in state NOT_ACCESSIBLE, no need to test it
17:27:50.469 [Test worker] DEBUG b.t.r.jdbc.JdbcPooledConnection - got connection handle from a JdbcPooledConnection from datasource jdbc/order_ds1 in state ACCESSIBLE with usage count 1 wrapping org.postgresql.xa.PGXAConnection@4b6498ed
17:27:50.469 [Test worker] DEBUG b.tm.resource.jdbc.PoolingDataSource - acquired connection from a PoolingDataSource containing an XAPool of resource jdbc/order_ds1 with 3 connection(s) (2 still available)
17:27:50.470 [Test worker] DEBUG b.t.r.c.TransactionContextHelper - enlisting a JdbcPooledConnection from datasource jdbc/order_ds1 in state ACCESSIBLE with usage count 1 wrapping org.postgresql.xa.PGXAConnection@4b6498ed into a Bitronix Transaction with GTRID [737072696E672D62746D000001452C10CFAA00000031], status=ACTIVE, 1 resource(s) enlisted (started Fri Apr 04 17:27:50 CST 2014)
17:27:50.470 [Test worker] DEBUG b.t.r.c.TransactionContextHelper - avoiding re-enlistment of already enlisted but not ended resource an XAResourceHolderState with uniqueName=jdbc/order_ds1 XAResource=org.postgresql.xa.PGXAConnection@4b6498ed (started) with XID a Bitronix XID [737072696E672D62746D000001452C10CFAA00000031 : 737072696E672D62746D000001452C10CFBB00000032]
Hibernate: update ORDER_ITEM set CREATED_BY=?, CREATED_TIME=?, UPDATED_BY=?, UPDATED_TIME=?, IS_DELETED=?, FEDERATED_ID=?, HONOR_UNTIL_TIME=?, HONORED_TIME=?, IS_TAX_EXEMPTED=?, ORDER_ID=?, ORDER_ITEM_TYPE=?, PRODUCT_ITEM_ID=?, PROPERTIES=?, QUANTITY=?, SHIPPING_ADDRESS_ID=?, SHIPPING_METHOD_ID=?, TOTAL_AMOUNT=?, TOTAL_DISCOUNT=?, TOTAL_PREORDER_AMOUNT=?, TOTAL_PREORDER_TAX=?, TOTAL_TAX=?, UNIT_PRICE=? where ORDER_ITEM_ID=?
17:27:50.480 [Test worker] DEBUG b.t.r.jdbc.proxy.ConnectionJavaProxy - closing a ConnectionJavaProxy of a JdbcPooledConnection from datasource jdbc/order_ds1 in state ACCESSIBLE with usage count 1 wrapping org.postgresql.xa.PGXAConnection@4b6498ed on Pooled connection wrapping physical connection org.postgresql.jdbc4.Jdbc4Connection@27b170a3
17:27:50.480 [Test worker] DEBUG b.t.r.jdbc.JdbcPooledConnection - releasing to pool a JdbcPooledConnection from datasource jdbc/order_ds1 in state ACCESSIBLE with usage count 1 wrapping org.postgresql.xa.PGXAConnection@4b6498ed
17:27:50.480 [Test worker] DEBUG b.t.r.c.TransactionContextHelper - delisting a JdbcPooledConnection from datasource jdbc/order_ds1 in state ACCESSIBLE with usage count 0 wrapping org.postgresql.xa.PGXAConnection@4b6498ed from a Bitronix Transaction with GTRID [737072696E672D62746D000001452C10CFAA00000031], status=ACTIVE, 1 resource(s) enlisted (started Fri Apr 04 17:27:50 CST 2014)
17:27:50.480 [Test worker] DEBUG b.t.r.c.TransactionContextHelper - resource is in enlisting global transaction context: a JdbcPooledConnection from datasource jdbc/order_ds1 in state ACCESSIBLE with usage count 0 wrapping org.postgresql.xa.PGXAConnection@4b6498ed
17:27:50.480 [Test worker] DEBUG b.t.r.c.TransactionContextHelper - requeuing a JdbcPooledConnection from datasource jdbc/order_ds1 in state ACCESSIBLE with usage count 0 wrapping org.postgresql.xa.PGXAConnection@4b6498ed from a Bitronix Transaction with GTRID [737072696E672D62746D000001452C10CFAA00000031], status=ACTIVE, 1 resource(s) enlisted (started Fri Apr 04 17:27:50 CST 2014)
17:27:50.480 [Test worker] DEBUG b.t.r.c.TransactionContextHelper - resource is in enlisting global transaction context: a JdbcPooledConnection from datasource jdbc/order_ds1 in state ACCESSIBLE with usage count 0 wrapping org.postgresql.xa.PGXAConnection@4b6498ed
17:27:50.480 [Test worker] DEBUG b.t.r.c.TransactionContextHelper - deferring release to pool of a JdbcPooledConnection from datasource jdbc/order_ds1 in state ACCESSIBLE with usage count 0 wrapping org.postgresql.xa.PGXAConnection@4b6498ed
17:27:50.480 [Test worker] DEBUG b.t.r.c.TransactionContextHelper - a JdbcPooledConnection from datasource jdbc/order_ds1 in state ACCESSIBLE with usage count 0 wrapping org.postgresql.xa.PGXAConnection@4b6498ed is not already registered for deferred release in a Bitronix Transaction with GTRID [737072696E672D62746D000001452C10CFAA00000031], status=ACTIVE, 1 resource(s) enlisted (started Fri Apr 04 17:27:50 CST 2014)
17:27:50.480 [Test worker] DEBUG b.t.r.c.TransactionContextHelper - registering DeferredReleaseSynchronization for a JdbcPooledConnection from datasource jdbc/order_ds1 in state ACCESSIBLE with usage count 0 wrapping org.postgresql.xa.PGXAConnection@4b6498ed
17:27:50.481 [Test worker] DEBUG b.t.r.c.AbstractXAStatefulHolder - notifying 2 stateChangeEventListener(s) about state changing from ACCESSIBLE to NOT_ACCESSIBLE in a JdbcPooledConnection from datasource jdbc/order_ds1 in state ACCESSIBLE with usage count 0 wrapping org.postgresql.xa.PGXAConnection@4b6498ed
17:27:50.481 [Test worker] DEBUG b.t.r.jdbc.JdbcPooledConnection - closing 0 dangling uncached statement(s)
17:27:50.481 [Test worker] DEBUG bitronix.tm.resource.common.XAPool - removed a JdbcPooledConnection from datasource jdbc/order_ds1 in state ACCESSIBLE with usage count 0 wrapping org.postgresql.xa.PGXAConnection@4b6498ed from the accessible pool
17:27:50.481 [Test worker] DEBUG b.t.r.c.AbstractXAStatefulHolder - state changing from ACCESSIBLE to NOT_ACCESSIBLE in a JdbcPooledConnection from datasource jdbc/order_ds1 in state ACCESSIBLE with usage count 0 wrapping org.postgresql.xa.PGXAConnection@4b6498ed
17:27:50.481 [Test worker] DEBUG b.t.r.c.AbstractXAStatefulHolder - notifying 2 stateChangeEventListener(s) about state changed from ACCESSIBLE to NOT_ACCESSIBLE in a JdbcPooledConnection from datasource jdbc/order_ds1 in state NOT_ACCESSIBLE with usage count 0 wrapping org.postgresql.xa.PGXAConnection@4b6498ed
17:27:50.481 [Test worker] DEBUG bitronix.tm.resource.common.XAPool - added a JdbcPooledConnection from datasource jdbc/order_ds1 in state NOT_ACCESSIBLE with usage count 0 wrapping org.postgresql.xa.PGXAConnection@4b6498ed to the inaccessible pool
17:27:50.481 [Test worker] DEBUG b.t.r.jdbc.JdbcPooledConnection - released to pool a JdbcPooledConnection from datasource jdbc/order_ds1 in state NOT_ACCESSIBLE with usage count 0 wrapping org.postgresql.xa.PGXAConnection@4b6498ed
]]></system-out>
  <system-err><![CDATA[]]></system-err>
</testsuite>
