<?xml version="1.1" encoding="UTF-8"?>
<testsuite name="com.junbo.order.db.OrderItemPreorderUpdateHistoryDaoTest" tests="2" failures="0" errors="0" timestamp="2014-04-04T09:27:50" hostname="XumengChendeMacBook-Pro.local" time="0.092">
  <properties/>
  <testcase name="testCreateAndRead" classname="com.junbo.order.db.OrderItemPreorderUpdateHistoryDaoTest" time="0.062"/>
  <testcase name="testUpdate" classname="com.junbo.order.db.OrderItemPreorderUpdateHistoryDaoTest" time="0.023"/>
  <system-out><![CDATA[17:27:50.793 [Test worker] DEBUG bitronix.tm.BitronixTransaction - registering synchronization org.hibernate.engine.transaction.synchronization.internal.RegisteredSynchronization@175cb17e
17:27:50.793 [Test worker] DEBUG bitronix.tm.BitronixTransaction - registering synchronization org.hibernate.context.internal.JTASessionContext$CleanupSynch@4688d32d
17:27:50.804 [Test worker] DEBUG b.tm.resource.jdbc.PoolingDataSource - acquiring connection from a PoolingDataSource containing an XAPool of resource jdbc/order_ds1 with 3 connection(s) (3 still available)
17:27:50.804 [Test worker] DEBUG bitronix.tm.resource.common.XAPool - trying to recycle a NOT_ACCESSIBLE connection of an XAPool of resource jdbc/order_ds1 with 3 connection(s) (3 still available)
17:27:50.804 [Test worker] DEBUG bitronix.tm.resource.common.XAPool - current transaction GTRID is [737072696E672D62746D000001452C10D10600000041]
17:27:50.804 [Test worker] DEBUG bitronix.tm.resource.common.XAPool - no NOT_ACCESSIBLE connection enlisted in this transaction
17:27:50.804 [Test worker] DEBUG bitronix.tm.resource.common.XAPool - getting IN_POOL connection from an XAPool of resource jdbc/order_ds1 with 3 connection(s) (3 still available), waiting if necessary
17:27:50.804 [Test worker] DEBUG bitronix.tm.resource.common.XAPool - checking if connection can be closed: a JdbcPooledConnection from datasource jdbc/order_ds1 in state IN_POOL with usage count 0 wrapping org.postgresql.xa.PGXAConnection@74626b21 - closing time: 1396603730702, now time: 1396603670804
17:27:50.804 [Test worker] DEBUG bitronix.tm.resource.common.XAPool - found IN_POOL connection a JdbcPooledConnection from datasource jdbc/order_ds1 in state IN_POOL with usage count 0 wrapping org.postgresql.xa.PGXAConnection@74626b21 from an XAPool of resource jdbc/order_ds1 with 3 connection(s) (2 still available)
17:27:50.804 [Test worker] DEBUG b.t.r.jdbc.JdbcPooledConnection - getting connection handle from a JdbcPooledConnection from datasource jdbc/order_ds1 in state IN_POOL with usage count 0 wrapping org.postgresql.xa.PGXAConnection@74626b21
17:27:50.804 [Test worker] DEBUG b.t.r.c.AbstractXAStatefulHolder - notifying 2 stateChangeEventListener(s) about state changing from IN_POOL to ACCESSIBLE in a JdbcPooledConnection from datasource jdbc/order_ds1 in state IN_POOL with usage count 1 wrapping org.postgresql.xa.PGXAConnection@74626b21
17:27:50.804 [Test worker] DEBUG b.t.r.c.AbstractXAStatefulHolder - state changing from IN_POOL to ACCESSIBLE in a JdbcPooledConnection from datasource jdbc/order_ds1 in state IN_POOL with usage count 1 wrapping org.postgresql.xa.PGXAConnection@74626b21
17:27:50.804 [Test worker] DEBUG b.t.r.c.AbstractXAStatefulHolder - notifying 2 stateChangeEventListener(s) about state changed from IN_POOL to ACCESSIBLE in a JdbcPooledConnection from datasource jdbc/order_ds1 in state ACCESSIBLE with usage count 1 wrapping org.postgresql.xa.PGXAConnection@74626b21
17:27:50.804 [Test worker] DEBUG bitronix.tm.resource.common.XAPool - added a JdbcPooledConnection from datasource jdbc/order_ds1 in state ACCESSIBLE with usage count 1 wrapping org.postgresql.xa.PGXAConnection@74626b21 to the accessible pool
17:27:50.804 [Test worker] DEBUG b.t.r.jdbc.JdbcPooledConnection - connection org.postgresql.xa.PGXAConnection@74626b21 was in state IN_POOL, testing it
17:27:50.804 [Test worker] DEBUG b.t.r.jdbc.JdbcPooledConnection - no query to test connection of a JdbcPooledConnection from datasource jdbc/order_ds1 in state ACCESSIBLE with usage count 1 wrapping org.postgresql.xa.PGXAConnection@74626b21, skipping test
17:27:50.804 [Test worker] DEBUG b.t.r.jdbc.JdbcPooledConnection - got connection handle from a JdbcPooledConnection from datasource jdbc/order_ds1 in state ACCESSIBLE with usage count 1 wrapping org.postgresql.xa.PGXAConnection@74626b21
17:27:50.804 [Test worker] DEBUG b.tm.resource.jdbc.PoolingDataSource - acquired connection from a PoolingDataSource containing an XAPool of resource jdbc/order_ds1 with 3 connection(s) (2 still available)
17:27:50.804 [Test worker] DEBUG b.t.r.c.TransactionContextHelper - enlisting a JdbcPooledConnection from datasource jdbc/order_ds1 in state ACCESSIBLE with usage count 1 wrapping org.postgresql.xa.PGXAConnection@74626b21 into a Bitronix Transaction with GTRID [737072696E672D62746D000001452C10D10600000041], status=ACTIVE, 0 resource(s) enlisted (started Fri Apr 04 17:27:50 CST 2014)
17:27:50.804 [Test worker] DEBUG b.tm.resource.ResourceRegistrar - XAResource org.postgresql.xa.PGXAConnection@74626b21 belongs to a JdbcPooledConnection from datasource jdbc/order_ds1 in state ACCESSIBLE with usage count 1 wrapping org.postgresql.xa.PGXAConnection@74626b21 that itself belongs to a PoolingDataSource containing an XAPool of resource jdbc/order_ds1 with 3 connection(s) (2 still available)
17:27:50.804 [Test worker] DEBUG b.tm.internal.XAResourceManager - creating new branch with a Bitronix XID [737072696E672D62746D000001452C10D10600000041 : 737072696E672D62746D000001452C10D11400000042]
17:27:50.804 [Test worker] DEBUG b.tm.internal.XAResourceHolderState - assigning <a Bitronix XID [737072696E672D62746D000001452C10D10600000041 : 737072696E672D62746D000001452C10D11400000042]> to <an XAResourceHolderState with uniqueName=jdbc/order_ds1 XAResource=org.postgresql.xa.PGXAConnection@74626b21 with XID null>
17:27:50.804 [Test worker] DEBUG b.tm.internal.XAResourceHolderState - starting an XAResourceHolderState with uniqueName=jdbc/order_ds1 XAResource=org.postgresql.xa.PGXAConnection@74626b21 with XID a Bitronix XID [737072696E672D62746D000001452C10D10600000041 : 737072696E672D62746D000001452C10D11400000042] with NOFLAGS
17:27:50.804 [Test worker] DEBUG b.tm.internal.XAResourceHolderState - started an XAResourceHolderState with uniqueName=jdbc/order_ds1 XAResource=org.postgresql.xa.PGXAConnection@74626b21 (started) with XID a Bitronix XID [737072696E672D62746D000001452C10D10600000041 : 737072696E672D62746D000001452C10D11400000042] with NOFLAGS
17:27:50.804 [Test worker] DEBUG b.t.r.c.AbstractXAResourceHolder - putting XAResourceHolderState [an XAResourceHolderState with uniqueName=jdbc/order_ds1 XAResource=org.postgresql.xa.PGXAConnection@74626b21 (started) with XID a Bitronix XID [737072696E672D62746D000001452C10D10600000041 : 737072696E672D62746D000001452C10D11400000042]] on a JdbcPooledConnection from datasource jdbc/order_ds1 in state ACCESSIBLE with usage count 1 wrapping org.postgresql.xa.PGXAConnection@74626b21
17:27:50.805 [Test worker] DEBUG b.t.r.c.AbstractXAResourceHolder - GTRID [737072696E672D62746D000001452C10D10600000041] previously unknown to a JdbcPooledConnection from datasource jdbc/order_ds1 in state ACCESSIBLE with usage count 1 wrapping org.postgresql.xa.PGXAConnection@74626b21, adding it to the resource's transactions list
Hibernate: insert into ORDER_ITEM_PREORDER_UPDATE_HISTORY (ORDER_ITEM_ID, UPDATE_AFTER_VALUE, UPDATE_BEFORE_VALUE, UPDATE_COLUMN, UPDATE_TYPE_ID, UPDATED_BY, UPDATED_TIME, ORDER_ITEM_PREORDER_UPDATE_HISTORY_ID) values (?, ?, ?, ?, ?, ?, ?, ?)
17:27:50.852 [Test worker] DEBUG b.t.r.jdbc.proxy.ConnectionJavaProxy - closing a ConnectionJavaProxy of a JdbcPooledConnection from datasource jdbc/order_ds1 in state ACCESSIBLE with usage count 1 wrapping org.postgresql.xa.PGXAConnection@74626b21 on Pooled connection wrapping physical connection org.postgresql.jdbc4.Jdbc4Connection@19368db4
17:27:50.852 [Test worker] DEBUG b.t.r.jdbc.JdbcPooledConnection - releasing to pool a JdbcPooledConnection from datasource jdbc/order_ds1 in state ACCESSIBLE with usage count 1 wrapping org.postgresql.xa.PGXAConnection@74626b21
17:27:50.852 [Test worker] DEBUG b.t.r.c.TransactionContextHelper - delisting a JdbcPooledConnection from datasource jdbc/order_ds1 in state ACCESSIBLE with usage count 0 wrapping org.postgresql.xa.PGXAConnection@74626b21 from a Bitronix Transaction with GTRID [737072696E672D62746D000001452C10D10600000041], status=ACTIVE, 1 resource(s) enlisted (started Fri Apr 04 17:27:50 CST 2014)
17:27:50.853 [Test worker] DEBUG b.t.r.c.TransactionContextHelper - resource is in enlisting global transaction context: a JdbcPooledConnection from datasource jdbc/order_ds1 in state ACCESSIBLE with usage count 0 wrapping org.postgresql.xa.PGXAConnection@74626b21
17:27:50.853 [Test worker] DEBUG b.t.r.c.TransactionContextHelper - requeuing a JdbcPooledConnection from datasource jdbc/order_ds1 in state ACCESSIBLE with usage count 0 wrapping org.postgresql.xa.PGXAConnection@74626b21 from a Bitronix Transaction with GTRID [737072696E672D62746D000001452C10D10600000041], status=ACTIVE, 1 resource(s) enlisted (started Fri Apr 04 17:27:50 CST 2014)
17:27:50.853 [Test worker] DEBUG b.t.r.c.TransactionContextHelper - resource is in enlisting global transaction context: a JdbcPooledConnection from datasource jdbc/order_ds1 in state ACCESSIBLE with usage count 0 wrapping org.postgresql.xa.PGXAConnection@74626b21
17:27:50.853 [Test worker] DEBUG b.t.r.c.TransactionContextHelper - deferring release to pool of a JdbcPooledConnection from datasource jdbc/order_ds1 in state ACCESSIBLE with usage count 0 wrapping org.postgresql.xa.PGXAConnection@74626b21
17:27:50.853 [Test worker] DEBUG b.t.r.c.TransactionContextHelper - a JdbcPooledConnection from datasource jdbc/order_ds1 in state ACCESSIBLE with usage count 0 wrapping org.postgresql.xa.PGXAConnection@74626b21 is not already registered for deferred release in a Bitronix Transaction with GTRID [737072696E672D62746D000001452C10D10600000041], status=ACTIVE, 1 resource(s) enlisted (started Fri Apr 04 17:27:50 CST 2014)
17:27:50.853 [Test worker] DEBUG b.t.r.c.TransactionContextHelper - registering DeferredReleaseSynchronization for a JdbcPooledConnection from datasource jdbc/order_ds1 in state ACCESSIBLE with usage count 0 wrapping org.postgresql.xa.PGXAConnection@74626b21
17:27:50.853 [Test worker] DEBUG b.t.r.c.AbstractXAStatefulHolder - notifying 2 stateChangeEventListener(s) about state changing from ACCESSIBLE to NOT_ACCESSIBLE in a JdbcPooledConnection from datasource jdbc/order_ds1 in state ACCESSIBLE with usage count 0 wrapping org.postgresql.xa.PGXAConnection@74626b21
17:27:50.853 [Test worker] DEBUG b.t.r.jdbc.JdbcPooledConnection - closing 0 dangling uncached statement(s)
17:27:50.853 [Test worker] DEBUG bitronix.tm.resource.common.XAPool - removed a JdbcPooledConnection from datasource jdbc/order_ds1 in state ACCESSIBLE with usage count 0 wrapping org.postgresql.xa.PGXAConnection@74626b21 from the accessible pool
17:27:50.853 [Test worker] DEBUG b.t.r.c.AbstractXAStatefulHolder - state changing from ACCESSIBLE to NOT_ACCESSIBLE in a JdbcPooledConnection from datasource jdbc/order_ds1 in state ACCESSIBLE with usage count 0 wrapping org.postgresql.xa.PGXAConnection@74626b21
17:27:50.853 [Test worker] DEBUG b.t.r.c.AbstractXAStatefulHolder - notifying 2 stateChangeEventListener(s) about state changed from ACCESSIBLE to NOT_ACCESSIBLE in a JdbcPooledConnection from datasource jdbc/order_ds1 in state NOT_ACCESSIBLE with usage count 0 wrapping org.postgresql.xa.PGXAConnection@74626b21
17:27:50.853 [Test worker] DEBUG bitronix.tm.resource.common.XAPool - added a JdbcPooledConnection from datasource jdbc/order_ds1 in state NOT_ACCESSIBLE with usage count 0 wrapping org.postgresql.xa.PGXAConnection@74626b21 to the inaccessible pool
17:27:50.853 [Test worker] DEBUG b.t.r.jdbc.JdbcPooledConnection - released to pool a JdbcPooledConnection from datasource jdbc/order_ds1 in state NOT_ACCESSIBLE with usage count 0 wrapping org.postgresql.xa.PGXAConnection@74626b21
17:27:50.868 [Test worker] DEBUG bitronix.tm.BitronixTransaction - registering synchronization org.hibernate.engine.transaction.synchronization.internal.RegisteredSynchronization@6b61dd06
17:27:50.868 [Test worker] DEBUG bitronix.tm.BitronixTransaction - registering synchronization org.hibernate.context.internal.JTASessionContext$CleanupSynch@3b786afb
17:27:50.870 [Test worker] DEBUG b.tm.resource.jdbc.PoolingDataSource - acquiring connection from a PoolingDataSource containing an XAPool of resource jdbc/order_ds1 with 3 connection(s) (3 still available)
17:27:50.871 [Test worker] DEBUG bitronix.tm.resource.common.XAPool - trying to recycle a NOT_ACCESSIBLE connection of an XAPool of resource jdbc/order_ds1 with 3 connection(s) (3 still available)
17:27:50.871 [Test worker] DEBUG bitronix.tm.resource.common.XAPool - current transaction GTRID is [737072696E672D62746D000001452C10D14B00000043]
17:27:50.871 [Test worker] DEBUG bitronix.tm.resource.common.XAPool - no NOT_ACCESSIBLE connection enlisted in this transaction
17:27:50.871 [Test worker] DEBUG bitronix.tm.resource.common.XAPool - getting IN_POOL connection from an XAPool of resource jdbc/order_ds1 with 3 connection(s) (3 still available), waiting if necessary
17:27:50.871 [Test worker] DEBUG bitronix.tm.resource.common.XAPool - checking if connection can be closed: a JdbcPooledConnection from datasource jdbc/order_ds1 in state IN_POOL with usage count 0 wrapping org.postgresql.xa.PGXAConnection@4b6498ed - closing time: 1396603730744, now time: 1396603670871
17:27:50.871 [Test worker] DEBUG bitronix.tm.resource.common.XAPool - found IN_POOL connection a JdbcPooledConnection from datasource jdbc/order_ds1 in state IN_POOL with usage count 0 wrapping org.postgresql.xa.PGXAConnection@4b6498ed from an XAPool of resource jdbc/order_ds1 with 3 connection(s) (2 still available)
17:27:50.871 [Test worker] DEBUG b.t.r.jdbc.JdbcPooledConnection - getting connection handle from a JdbcPooledConnection from datasource jdbc/order_ds1 in state IN_POOL with usage count 0 wrapping org.postgresql.xa.PGXAConnection@4b6498ed
17:27:50.871 [Test worker] DEBUG b.t.r.c.AbstractXAStatefulHolder - notifying 2 stateChangeEventListener(s) about state changing from IN_POOL to ACCESSIBLE in a JdbcPooledConnection from datasource jdbc/order_ds1 in state IN_POOL with usage count 1 wrapping org.postgresql.xa.PGXAConnection@4b6498ed
17:27:50.871 [Test worker] DEBUG b.t.r.c.AbstractXAStatefulHolder - state changing from IN_POOL to ACCESSIBLE in a JdbcPooledConnection from datasource jdbc/order_ds1 in state IN_POOL with usage count 1 wrapping org.postgresql.xa.PGXAConnection@4b6498ed
17:27:50.871 [Test worker] DEBUG b.t.r.c.AbstractXAStatefulHolder - notifying 2 stateChangeEventListener(s) about state changed from IN_POOL to ACCESSIBLE in a JdbcPooledConnection from datasource jdbc/order_ds1 in state ACCESSIBLE with usage count 1 wrapping org.postgresql.xa.PGXAConnection@4b6498ed
17:27:50.871 [Test worker] DEBUG bitronix.tm.resource.common.XAPool - added a JdbcPooledConnection from datasource jdbc/order_ds1 in state ACCESSIBLE with usage count 1 wrapping org.postgresql.xa.PGXAConnection@4b6498ed to the accessible pool
17:27:50.871 [Test worker] DEBUG b.t.r.jdbc.JdbcPooledConnection - connection org.postgresql.xa.PGXAConnection@4b6498ed was in state IN_POOL, testing it
17:27:50.871 [Test worker] DEBUG b.t.r.jdbc.JdbcPooledConnection - no query to test connection of a JdbcPooledConnection from datasource jdbc/order_ds1 in state ACCESSIBLE with usage count 1 wrapping org.postgresql.xa.PGXAConnection@4b6498ed, skipping test
17:27:50.871 [Test worker] DEBUG b.t.r.jdbc.JdbcPooledConnection - got connection handle from a JdbcPooledConnection from datasource jdbc/order_ds1 in state ACCESSIBLE with usage count 1 wrapping org.postgresql.xa.PGXAConnection@4b6498ed
17:27:50.871 [Test worker] DEBUG b.tm.resource.jdbc.PoolingDataSource - acquired connection from a PoolingDataSource containing an XAPool of resource jdbc/order_ds1 with 3 connection(s) (2 still available)
17:27:50.871 [Test worker] DEBUG b.t.r.c.TransactionContextHelper - enlisting a JdbcPooledConnection from datasource jdbc/order_ds1 in state ACCESSIBLE with usage count 1 wrapping org.postgresql.xa.PGXAConnection@4b6498ed into a Bitronix Transaction with GTRID [737072696E672D62746D000001452C10D14B00000043], status=ACTIVE, 0 resource(s) enlisted (started Fri Apr 04 17:27:50 CST 2014)
17:27:50.871 [Test worker] DEBUG b.tm.resource.ResourceRegistrar - XAResource org.postgresql.xa.PGXAConnection@4b6498ed belongs to a JdbcPooledConnection from datasource jdbc/order_ds1 in state ACCESSIBLE with usage count 1 wrapping org.postgresql.xa.PGXAConnection@4b6498ed that itself belongs to a PoolingDataSource containing an XAPool of resource jdbc/order_ds1 with 3 connection(s) (2 still available)
17:27:50.871 [Test worker] DEBUG b.tm.internal.XAResourceManager - creating new branch with a Bitronix XID [737072696E672D62746D000001452C10D14B00000043 : 737072696E672D62746D000001452C10D15700000044]
17:27:50.871 [Test worker] DEBUG b.tm.internal.XAResourceHolderState - assigning <a Bitronix XID [737072696E672D62746D000001452C10D14B00000043 : 737072696E672D62746D000001452C10D15700000044]> to <an XAResourceHolderState with uniqueName=jdbc/order_ds1 XAResource=org.postgresql.xa.PGXAConnection@4b6498ed with XID null>
17:27:50.871 [Test worker] DEBUG b.tm.internal.XAResourceHolderState - starting an XAResourceHolderState with uniqueName=jdbc/order_ds1 XAResource=org.postgresql.xa.PGXAConnection@4b6498ed with XID a Bitronix XID [737072696E672D62746D000001452C10D14B00000043 : 737072696E672D62746D000001452C10D15700000044] with NOFLAGS
17:27:50.871 [Test worker] DEBUG b.tm.internal.XAResourceHolderState - started an XAResourceHolderState with uniqueName=jdbc/order_ds1 XAResource=org.postgresql.xa.PGXAConnection@4b6498ed (started) with XID a Bitronix XID [737072696E672D62746D000001452C10D14B00000043 : 737072696E672D62746D000001452C10D15700000044] with NOFLAGS
17:27:50.871 [Test worker] DEBUG b.t.r.c.AbstractXAResourceHolder - putting XAResourceHolderState [an XAResourceHolderState with uniqueName=jdbc/order_ds1 XAResource=org.postgresql.xa.PGXAConnection@4b6498ed (started) with XID a Bitronix XID [737072696E672D62746D000001452C10D14B00000043 : 737072696E672D62746D000001452C10D15700000044]] on a JdbcPooledConnection from datasource jdbc/order_ds1 in state ACCESSIBLE with usage count 1 wrapping org.postgresql.xa.PGXAConnection@4b6498ed
17:27:50.871 [Test worker] DEBUG b.t.r.c.AbstractXAResourceHolder - GTRID [737072696E672D62746D000001452C10D14B00000043] previously unknown to a JdbcPooledConnection from datasource jdbc/order_ds1 in state ACCESSIBLE with usage count 1 wrapping org.postgresql.xa.PGXAConnection@4b6498ed, adding it to the resource's transactions list
Hibernate: insert into ORDER_ITEM_PREORDER_UPDATE_HISTORY (ORDER_ITEM_ID, UPDATE_AFTER_VALUE, UPDATE_BEFORE_VALUE, UPDATE_COLUMN, UPDATE_TYPE_ID, UPDATED_BY, UPDATED_TIME, ORDER_ITEM_PREORDER_UPDATE_HISTORY_ID) values (?, ?, ?, ?, ?, ?, ?, ?)
17:27:50.876 [Test worker] DEBUG b.t.r.jdbc.proxy.ConnectionJavaProxy - closing a ConnectionJavaProxy of a JdbcPooledConnection from datasource jdbc/order_ds1 in state ACCESSIBLE with usage count 1 wrapping org.postgresql.xa.PGXAConnection@4b6498ed on Pooled connection wrapping physical connection org.postgresql.jdbc4.Jdbc4Connection@27b170a3
17:27:50.876 [Test worker] DEBUG b.t.r.jdbc.JdbcPooledConnection - releasing to pool a JdbcPooledConnection from datasource jdbc/order_ds1 in state ACCESSIBLE with usage count 1 wrapping org.postgresql.xa.PGXAConnection@4b6498ed
17:27:50.877 [Test worker] DEBUG b.t.r.c.TransactionContextHelper - delisting a JdbcPooledConnection from datasource jdbc/order_ds1 in state ACCESSIBLE with usage count 0 wrapping org.postgresql.xa.PGXAConnection@4b6498ed from a Bitronix Transaction with GTRID [737072696E672D62746D000001452C10D14B00000043], status=ACTIVE, 1 resource(s) enlisted (started Fri Apr 04 17:27:50 CST 2014)
17:27:50.877 [Test worker] DEBUG b.t.r.c.TransactionContextHelper - resource is in enlisting global transaction context: a JdbcPooledConnection from datasource jdbc/order_ds1 in state ACCESSIBLE with usage count 0 wrapping org.postgresql.xa.PGXAConnection@4b6498ed
17:27:50.877 [Test worker] DEBUG b.t.r.c.TransactionContextHelper - requeuing a JdbcPooledConnection from datasource jdbc/order_ds1 in state ACCESSIBLE with usage count 0 wrapping org.postgresql.xa.PGXAConnection@4b6498ed from a Bitronix Transaction with GTRID [737072696E672D62746D000001452C10D14B00000043], status=ACTIVE, 1 resource(s) enlisted (started Fri Apr 04 17:27:50 CST 2014)
17:27:50.877 [Test worker] DEBUG b.t.r.c.TransactionContextHelper - resource is in enlisting global transaction context: a JdbcPooledConnection from datasource jdbc/order_ds1 in state ACCESSIBLE with usage count 0 wrapping org.postgresql.xa.PGXAConnection@4b6498ed
17:27:50.877 [Test worker] DEBUG b.t.r.c.TransactionContextHelper - deferring release to pool of a JdbcPooledConnection from datasource jdbc/order_ds1 in state ACCESSIBLE with usage count 0 wrapping org.postgresql.xa.PGXAConnection@4b6498ed
17:27:50.877 [Test worker] DEBUG b.t.r.c.TransactionContextHelper - a JdbcPooledConnection from datasource jdbc/order_ds1 in state ACCESSIBLE with usage count 0 wrapping org.postgresql.xa.PGXAConnection@4b6498ed is not already registered for deferred release in a Bitronix Transaction with GTRID [737072696E672D62746D000001452C10D14B00000043], status=ACTIVE, 1 resource(s) enlisted (started Fri Apr 04 17:27:50 CST 2014)
17:27:50.877 [Test worker] DEBUG b.t.r.c.TransactionContextHelper - registering DeferredReleaseSynchronization for a JdbcPooledConnection from datasource jdbc/order_ds1 in state ACCESSIBLE with usage count 0 wrapping org.postgresql.xa.PGXAConnection@4b6498ed
17:27:50.877 [Test worker] DEBUG b.t.r.c.AbstractXAStatefulHolder - notifying 2 stateChangeEventListener(s) about state changing from ACCESSIBLE to NOT_ACCESSIBLE in a JdbcPooledConnection from datasource jdbc/order_ds1 in state ACCESSIBLE with usage count 0 wrapping org.postgresql.xa.PGXAConnection@4b6498ed
17:27:50.877 [Test worker] DEBUG b.t.r.jdbc.JdbcPooledConnection - closing 0 dangling uncached statement(s)
17:27:50.877 [Test worker] DEBUG bitronix.tm.resource.common.XAPool - removed a JdbcPooledConnection from datasource jdbc/order_ds1 in state ACCESSIBLE with usage count 0 wrapping org.postgresql.xa.PGXAConnection@4b6498ed from the accessible pool
17:27:50.877 [Test worker] DEBUG b.t.r.c.AbstractXAStatefulHolder - state changing from ACCESSIBLE to NOT_ACCESSIBLE in a JdbcPooledConnection from datasource jdbc/order_ds1 in state ACCESSIBLE with usage count 0 wrapping org.postgresql.xa.PGXAConnection@4b6498ed
17:27:50.877 [Test worker] DEBUG b.t.r.c.AbstractXAStatefulHolder - notifying 2 stateChangeEventListener(s) about state changed from ACCESSIBLE to NOT_ACCESSIBLE in a JdbcPooledConnection from datasource jdbc/order_ds1 in state NOT_ACCESSIBLE with usage count 0 wrapping org.postgresql.xa.PGXAConnection@4b6498ed
17:27:50.877 [Test worker] DEBUG bitronix.tm.resource.common.XAPool - added a JdbcPooledConnection from datasource jdbc/order_ds1 in state NOT_ACCESSIBLE with usage count 0 wrapping org.postgresql.xa.PGXAConnection@4b6498ed to the inaccessible pool
17:27:50.877 [Test worker] DEBUG b.t.r.jdbc.JdbcPooledConnection - released to pool a JdbcPooledConnection from datasource jdbc/order_ds1 in state NOT_ACCESSIBLE with usage count 0 wrapping org.postgresql.xa.PGXAConnection@4b6498ed
17:27:50.879 [Test worker] DEBUG b.tm.resource.jdbc.PoolingDataSource - acquiring connection from a PoolingDataSource containing an XAPool of resource jdbc/order_ds1 with 3 connection(s) (2 still available)
17:27:50.879 [Test worker] DEBUG bitronix.tm.resource.common.XAPool - trying to recycle a NOT_ACCESSIBLE connection of an XAPool of resource jdbc/order_ds1 with 3 connection(s) (2 still available)
17:27:50.879 [Test worker] DEBUG bitronix.tm.resource.common.XAPool - current transaction GTRID is [737072696E672D62746D000001452C10D14B00000043]
17:27:50.879 [Test worker] DEBUG bitronix.tm.resource.common.XAPool - found a connection in NOT_ACCESSIBLE state: a JdbcPooledConnection from datasource jdbc/order_ds1 in state NOT_ACCESSIBLE with usage count 0 wrapping org.postgresql.xa.PGXAConnection@4b6498ed
17:27:50.879 [Test worker] DEBUG bitronix.tm.resource.common.XAPool - 1 xa resource(s) created by connection in NOT_ACCESSIBLE state: a JdbcPooledConnection from datasource jdbc/order_ds1 in state NOT_ACCESSIBLE with usage count 0 wrapping org.postgresql.xa.PGXAConnection@4b6498ed
17:27:50.879 [Test worker] DEBUG bitronix.tm.resource.common.XAPool - NOT_ACCESSIBLE xa resource GTRID: 737072696E672D62746D000001452C10D14B00000043
17:27:50.879 [Test worker] DEBUG bitronix.tm.resource.common.XAPool - NOT_ACCESSIBLE xa resource's GTRID matched this transaction's GTRID, recycling it
17:27:50.879 [Test worker] DEBUG bitronix.tm.resource.common.XAPool - found NOT_ACCESSIBLE connection a JdbcPooledConnection from datasource jdbc/order_ds1 in state NOT_ACCESSIBLE with usage count 0 wrapping org.postgresql.xa.PGXAConnection@4b6498ed from an XAPool of resource jdbc/order_ds1 with 3 connection(s) (2 still available)
17:27:50.879 [Test worker] DEBUG b.t.r.jdbc.JdbcPooledConnection - getting connection handle from a JdbcPooledConnection from datasource jdbc/order_ds1 in state NOT_ACCESSIBLE with usage count 0 wrapping org.postgresql.xa.PGXAConnection@4b6498ed
17:27:50.879 [Test worker] DEBUG b.t.r.c.AbstractXAStatefulHolder - notifying 2 stateChangeEventListener(s) about state changing from NOT_ACCESSIBLE to ACCESSIBLE in a JdbcPooledConnection from datasource jdbc/order_ds1 in state NOT_ACCESSIBLE with usage count 1 wrapping org.postgresql.xa.PGXAConnection@4b6498ed
17:27:50.880 [Test worker] DEBUG bitronix.tm.resource.common.XAPool - removed a JdbcPooledConnection from datasource jdbc/order_ds1 in state NOT_ACCESSIBLE with usage count 1 wrapping org.postgresql.xa.PGXAConnection@4b6498ed from the inaccessible pool
17:27:50.880 [Test worker] DEBUG b.t.r.c.AbstractXAStatefulHolder - state changing from NOT_ACCESSIBLE to ACCESSIBLE in a JdbcPooledConnection from datasource jdbc/order_ds1 in state NOT_ACCESSIBLE with usage count 1 wrapping org.postgresql.xa.PGXAConnection@4b6498ed
17:27:50.880 [Test worker] DEBUG b.t.r.c.AbstractXAStatefulHolder - notifying 2 stateChangeEventListener(s) about state changed from NOT_ACCESSIBLE to ACCESSIBLE in a JdbcPooledConnection from datasource jdbc/order_ds1 in state ACCESSIBLE with usage count 1 wrapping org.postgresql.xa.PGXAConnection@4b6498ed
17:27:50.880 [Test worker] DEBUG b.t.r.c.TransactionContextHelper - marking a JdbcPooledConnection from datasource jdbc/order_ds1 in state ACCESSIBLE with usage count 1 wrapping org.postgresql.xa.PGXAConnection@4b6498ed as recycled in a Bitronix Transaction with GTRID [737072696E672D62746D000001452C10D14B00000043], status=ACTIVE, 1 resource(s) enlisted (started Fri Apr 04 17:27:50 CST 2014)
17:27:50.880 [Test worker] DEBUG b.t.r.c.TransactionContextHelper - a JdbcPooledConnection from datasource jdbc/order_ds1 in state ACCESSIBLE with usage count 1 wrapping org.postgresql.xa.PGXAConnection@4b6498ed has been recycled, unregistering deferred release from a Bitronix Transaction with GTRID [737072696E672D62746D000001452C10D14B00000043], status=ACTIVE, 1 resource(s) enlisted (started Fri Apr 04 17:27:50 CST 2014)
17:27:50.880 [Test worker] DEBUG bitronix.tm.resource.common.XAPool - added a JdbcPooledConnection from datasource jdbc/order_ds1 in state ACCESSIBLE with usage count 1 wrapping org.postgresql.xa.PGXAConnection@4b6498ed to the accessible pool
17:27:50.880 [Test worker] DEBUG b.t.r.jdbc.JdbcPooledConnection - connection org.postgresql.xa.PGXAConnection@4b6498ed was in state NOT_ACCESSIBLE, no need to test it
17:27:50.880 [Test worker] DEBUG b.t.r.jdbc.JdbcPooledConnection - got connection handle from a JdbcPooledConnection from datasource jdbc/order_ds1 in state ACCESSIBLE with usage count 1 wrapping org.postgresql.xa.PGXAConnection@4b6498ed
17:27:50.880 [Test worker] DEBUG b.tm.resource.jdbc.PoolingDataSource - acquired connection from a PoolingDataSource containing an XAPool of resource jdbc/order_ds1 with 3 connection(s) (2 still available)
17:27:50.880 [Test worker] DEBUG b.t.r.c.TransactionContextHelper - enlisting a JdbcPooledConnection from datasource jdbc/order_ds1 in state ACCESSIBLE with usage count 1 wrapping org.postgresql.xa.PGXAConnection@4b6498ed into a Bitronix Transaction with GTRID [737072696E672D62746D000001452C10D14B00000043], status=ACTIVE, 1 resource(s) enlisted (started Fri Apr 04 17:27:50 CST 2014)
17:27:50.880 [Test worker] DEBUG b.t.r.c.TransactionContextHelper - avoiding re-enlistment of already enlisted but not ended resource an XAResourceHolderState with uniqueName=jdbc/order_ds1 XAResource=org.postgresql.xa.PGXAConnection@4b6498ed (started) with XID a Bitronix XID [737072696E672D62746D000001452C10D14B00000043 : 737072696E672D62746D000001452C10D15700000044]
Hibernate: update ORDER_ITEM_PREORDER_UPDATE_HISTORY set ORDER_ITEM_ID=?, UPDATE_AFTER_VALUE=?, UPDATE_BEFORE_VALUE=?, UPDATE_COLUMN=?, UPDATE_TYPE_ID=?, UPDATED_BY=?, UPDATED_TIME=? where ORDER_ITEM_PREORDER_UPDATE_HISTORY_ID=?
17:27:50.882 [Test worker] DEBUG b.t.r.jdbc.proxy.ConnectionJavaProxy - closing a ConnectionJavaProxy of a JdbcPooledConnection from datasource jdbc/order_ds1 in state ACCESSIBLE with usage count 1 wrapping org.postgresql.xa.PGXAConnection@4b6498ed on Pooled connection wrapping physical connection org.postgresql.jdbc4.Jdbc4Connection@27b170a3
17:27:50.882 [Test worker] DEBUG b.t.r.jdbc.JdbcPooledConnection - releasing to pool a JdbcPooledConnection from datasource jdbc/order_ds1 in state ACCESSIBLE with usage count 1 wrapping org.postgresql.xa.PGXAConnection@4b6498ed
17:27:50.882 [Test worker] DEBUG b.t.r.c.TransactionContextHelper - delisting a JdbcPooledConnection from datasource jdbc/order_ds1 in state ACCESSIBLE with usage count 0 wrapping org.postgresql.xa.PGXAConnection@4b6498ed from a Bitronix Transaction with GTRID [737072696E672D62746D000001452C10D14B00000043], status=ACTIVE, 1 resource(s) enlisted (started Fri Apr 04 17:27:50 CST 2014)
17:27:50.882 [Test worker] DEBUG b.t.r.c.TransactionContextHelper - resource is in enlisting global transaction context: a JdbcPooledConnection from datasource jdbc/order_ds1 in state ACCESSIBLE with usage count 0 wrapping org.postgresql.xa.PGXAConnection@4b6498ed
17:27:50.882 [Test worker] DEBUG b.t.r.c.TransactionContextHelper - requeuing a JdbcPooledConnection from datasource jdbc/order_ds1 in state ACCESSIBLE with usage count 0 wrapping org.postgresql.xa.PGXAConnection@4b6498ed from a Bitronix Transaction with GTRID [737072696E672D62746D000001452C10D14B00000043], status=ACTIVE, 1 resource(s) enlisted (started Fri Apr 04 17:27:50 CST 2014)
17:27:50.882 [Test worker] DEBUG b.t.r.c.TransactionContextHelper - resource is in enlisting global transaction context: a JdbcPooledConnection from datasource jdbc/order_ds1 in state ACCESSIBLE with usage count 0 wrapping org.postgresql.xa.PGXAConnection@4b6498ed
17:27:50.882 [Test worker] DEBUG b.t.r.c.TransactionContextHelper - deferring release to pool of a JdbcPooledConnection from datasource jdbc/order_ds1 in state ACCESSIBLE with usage count 0 wrapping org.postgresql.xa.PGXAConnection@4b6498ed
17:27:50.882 [Test worker] DEBUG b.t.r.c.TransactionContextHelper - a JdbcPooledConnection from datasource jdbc/order_ds1 in state ACCESSIBLE with usage count 0 wrapping org.postgresql.xa.PGXAConnection@4b6498ed is not already registered for deferred release in a Bitronix Transaction with GTRID [737072696E672D62746D000001452C10D14B00000043], status=ACTIVE, 1 resource(s) enlisted (started Fri Apr 04 17:27:50 CST 2014)
17:27:50.882 [Test worker] DEBUG b.t.r.c.TransactionContextHelper - registering DeferredReleaseSynchronization for a JdbcPooledConnection from datasource jdbc/order_ds1 in state ACCESSIBLE with usage count 0 wrapping org.postgresql.xa.PGXAConnection@4b6498ed
17:27:50.882 [Test worker] DEBUG b.t.r.c.AbstractXAStatefulHolder - notifying 2 stateChangeEventListener(s) about state changing from ACCESSIBLE to NOT_ACCESSIBLE in a JdbcPooledConnection from datasource jdbc/order_ds1 in state ACCESSIBLE with usage count 0 wrapping org.postgresql.xa.PGXAConnection@4b6498ed
17:27:50.882 [Test worker] DEBUG b.t.r.jdbc.JdbcPooledConnection - closing 0 dangling uncached statement(s)
17:27:50.882 [Test worker] DEBUG bitronix.tm.resource.common.XAPool - removed a JdbcPooledConnection from datasource jdbc/order_ds1 in state ACCESSIBLE with usage count 0 wrapping org.postgresql.xa.PGXAConnection@4b6498ed from the accessible pool
17:27:50.883 [Test worker] DEBUG b.t.r.c.AbstractXAStatefulHolder - state changing from ACCESSIBLE to NOT_ACCESSIBLE in a JdbcPooledConnection from datasource jdbc/order_ds1 in state ACCESSIBLE with usage count 0 wrapping org.postgresql.xa.PGXAConnection@4b6498ed
17:27:50.883 [Test worker] DEBUG b.t.r.c.AbstractXAStatefulHolder - notifying 2 stateChangeEventListener(s) about state changed from ACCESSIBLE to NOT_ACCESSIBLE in a JdbcPooledConnection from datasource jdbc/order_ds1 in state NOT_ACCESSIBLE with usage count 0 wrapping org.postgresql.xa.PGXAConnection@4b6498ed
17:27:50.883 [Test worker] DEBUG bitronix.tm.resource.common.XAPool - added a JdbcPooledConnection from datasource jdbc/order_ds1 in state NOT_ACCESSIBLE with usage count 0 wrapping org.postgresql.xa.PGXAConnection@4b6498ed to the inaccessible pool
17:27:50.883 [Test worker] DEBUG b.t.r.jdbc.JdbcPooledConnection - released to pool a JdbcPooledConnection from datasource jdbc/order_ds1 in state NOT_ACCESSIBLE with usage count 0 wrapping org.postgresql.xa.PGXAConnection@4b6498ed
]]></system-out>
  <system-err><![CDATA[]]></system-err>
</testsuite>
