<?xml version="1.1" encoding="UTF-8"?>
<testsuite name="com.junbo.order.db.OrderItemFulfillmentEventDaoTest" tests="3" failures="0" errors="0" timestamp="2014-04-04T09:27:50" hostname="XumengChendeMacBook-Pro.local" time="0.109">
  <properties/>
  <testcase name="testCreateAndRead" classname="com.junbo.order.db.OrderItemFulfillmentEventDaoTest" time="0.026"/>
  <testcase name="testReadByOrderItemId" classname="com.junbo.order.db.OrderItemFulfillmentEventDaoTest" time="0.032"/>
  <testcase name="testUpdate" classname="com.junbo.order.db.OrderItemFulfillmentEventDaoTest" time="0.025"/>
  <system-out><![CDATA[17:27:50.505 [Test worker] DEBUG bitronix.tm.BitronixTransaction - registering synchronization org.hibernate.engine.transaction.synchronization.internal.RegisteredSynchronization@65e143de
17:27:50.505 [Test worker] DEBUG bitronix.tm.BitronixTransaction - registering synchronization org.hibernate.context.internal.JTASessionContext$CleanupSynch@282ed813
17:27:50.516 [Test worker] DEBUG b.tm.resource.jdbc.PoolingDataSource - acquiring connection from a PoolingDataSource containing an XAPool of resource jdbc/order_ds1 with 3 connection(s) (3 still available)
17:27:50.516 [Test worker] DEBUG bitronix.tm.resource.common.XAPool - trying to recycle a NOT_ACCESSIBLE connection of an XAPool of resource jdbc/order_ds1 with 3 connection(s) (3 still available)
17:27:50.516 [Test worker] DEBUG bitronix.tm.resource.common.XAPool - current transaction GTRID is [737072696E672D62746D000001452C10CFE300000033]
17:27:50.516 [Test worker] DEBUG bitronix.tm.resource.common.XAPool - no NOT_ACCESSIBLE connection enlisted in this transaction
17:27:50.516 [Test worker] DEBUG bitronix.tm.resource.common.XAPool - getting IN_POOL connection from an XAPool of resource jdbc/order_ds1 with 3 connection(s) (3 still available), waiting if necessary
17:27:50.516 [Test worker] DEBUG bitronix.tm.resource.common.XAPool - checking if connection can be closed: a JdbcPooledConnection from datasource jdbc/order_ds1 in state IN_POOL with usage count 0 wrapping org.postgresql.xa.PGXAConnection@39741646 - closing time: 1396603730384, now time: 1396603670516
17:27:50.516 [Test worker] DEBUG bitronix.tm.resource.common.XAPool - found IN_POOL connection a JdbcPooledConnection from datasource jdbc/order_ds1 in state IN_POOL with usage count 0 wrapping org.postgresql.xa.PGXAConnection@39741646 from an XAPool of resource jdbc/order_ds1 with 3 connection(s) (2 still available)
17:27:50.516 [Test worker] DEBUG b.t.r.jdbc.JdbcPooledConnection - getting connection handle from a JdbcPooledConnection from datasource jdbc/order_ds1 in state IN_POOL with usage count 0 wrapping org.postgresql.xa.PGXAConnection@39741646
17:27:50.516 [Test worker] DEBUG b.t.r.c.AbstractXAStatefulHolder - notifying 2 stateChangeEventListener(s) about state changing from IN_POOL to ACCESSIBLE in a JdbcPooledConnection from datasource jdbc/order_ds1 in state IN_POOL with usage count 1 wrapping org.postgresql.xa.PGXAConnection@39741646
17:27:50.516 [Test worker] DEBUG b.t.r.c.AbstractXAStatefulHolder - state changing from IN_POOL to ACCESSIBLE in a JdbcPooledConnection from datasource jdbc/order_ds1 in state IN_POOL with usage count 1 wrapping org.postgresql.xa.PGXAConnection@39741646
17:27:50.516 [Test worker] DEBUG b.t.r.c.AbstractXAStatefulHolder - notifying 2 stateChangeEventListener(s) about state changed from IN_POOL to ACCESSIBLE in a JdbcPooledConnection from datasource jdbc/order_ds1 in state ACCESSIBLE with usage count 1 wrapping org.postgresql.xa.PGXAConnection@39741646
17:27:50.516 [Test worker] DEBUG bitronix.tm.resource.common.XAPool - added a JdbcPooledConnection from datasource jdbc/order_ds1 in state ACCESSIBLE with usage count 1 wrapping org.postgresql.xa.PGXAConnection@39741646 to the accessible pool
17:27:50.516 [Test worker] DEBUG b.t.r.jdbc.JdbcPooledConnection - connection org.postgresql.xa.PGXAConnection@39741646 was in state IN_POOL, testing it
17:27:50.516 [Test worker] DEBUG b.t.r.jdbc.JdbcPooledConnection - no query to test connection of a JdbcPooledConnection from datasource jdbc/order_ds1 in state ACCESSIBLE with usage count 1 wrapping org.postgresql.xa.PGXAConnection@39741646, skipping test
17:27:50.516 [Test worker] DEBUG b.t.r.jdbc.JdbcPooledConnection - got connection handle from a JdbcPooledConnection from datasource jdbc/order_ds1 in state ACCESSIBLE with usage count 1 wrapping org.postgresql.xa.PGXAConnection@39741646
17:27:50.516 [Test worker] DEBUG b.tm.resource.jdbc.PoolingDataSource - acquired connection from a PoolingDataSource containing an XAPool of resource jdbc/order_ds1 with 3 connection(s) (2 still available)
17:27:50.517 [Test worker] DEBUG b.t.r.c.TransactionContextHelper - enlisting a JdbcPooledConnection from datasource jdbc/order_ds1 in state ACCESSIBLE with usage count 1 wrapping org.postgresql.xa.PGXAConnection@39741646 into a Bitronix Transaction with GTRID [737072696E672D62746D000001452C10CFE300000033], status=ACTIVE, 0 resource(s) enlisted (started Fri Apr 04 17:27:50 CST 2014)
17:27:50.517 [Test worker] DEBUG b.tm.resource.ResourceRegistrar - XAResource org.postgresql.xa.PGXAConnection@39741646 belongs to a JdbcPooledConnection from datasource jdbc/order_ds1 in state ACCESSIBLE with usage count 1 wrapping org.postgresql.xa.PGXAConnection@39741646 that itself belongs to a PoolingDataSource containing an XAPool of resource jdbc/order_ds1 with 3 connection(s) (2 still available)
17:27:50.517 [Test worker] DEBUG b.tm.internal.XAResourceManager - creating new branch with a Bitronix XID [737072696E672D62746D000001452C10CFE300000033 : 737072696E672D62746D000001452C10CFF500000034]
17:27:50.517 [Test worker] DEBUG b.tm.internal.XAResourceHolderState - assigning <a Bitronix XID [737072696E672D62746D000001452C10CFE300000033 : 737072696E672D62746D000001452C10CFF500000034]> to <an XAResourceHolderState with uniqueName=jdbc/order_ds1 XAResource=org.postgresql.xa.PGXAConnection@39741646 with XID null>
17:27:50.517 [Test worker] DEBUG b.tm.internal.XAResourceHolderState - starting an XAResourceHolderState with uniqueName=jdbc/order_ds1 XAResource=org.postgresql.xa.PGXAConnection@39741646 with XID a Bitronix XID [737072696E672D62746D000001452C10CFE300000033 : 737072696E672D62746D000001452C10CFF500000034] with NOFLAGS
17:27:50.517 [Test worker] DEBUG b.tm.internal.XAResourceHolderState - started an XAResourceHolderState with uniqueName=jdbc/order_ds1 XAResource=org.postgresql.xa.PGXAConnection@39741646 (started) with XID a Bitronix XID [737072696E672D62746D000001452C10CFE300000033 : 737072696E672D62746D000001452C10CFF500000034] with NOFLAGS
17:27:50.517 [Test worker] DEBUG b.t.r.c.AbstractXAResourceHolder - putting XAResourceHolderState [an XAResourceHolderState with uniqueName=jdbc/order_ds1 XAResource=org.postgresql.xa.PGXAConnection@39741646 (started) with XID a Bitronix XID [737072696E672D62746D000001452C10CFE300000033 : 737072696E672D62746D000001452C10CFF500000034]] on a JdbcPooledConnection from datasource jdbc/order_ds1 in state ACCESSIBLE with usage count 1 wrapping org.postgresql.xa.PGXAConnection@39741646
17:27:50.517 [Test worker] DEBUG b.t.r.c.AbstractXAResourceHolder - GTRID [737072696E672D62746D000001452C10CFE300000033] previously unknown to a JdbcPooledConnection from datasource jdbc/order_ds1 in state ACCESSIBLE with usage count 1 wrapping org.postgresql.xa.PGXAConnection@39741646, adding it to the resource's transactions list
Hibernate: insert into ORDER_ITEM_FULFILLMENT_EVENT (CREATED_BY, CREATED_TIME, UPDATED_BY, UPDATED_TIME, ACTION_ID, FULFILLMENT_ID, ORDER_ID, ORDER_ITEM_ID, STATUS_ID, TRACKING_UUID, EVENT_ID) values (?, ?, ?, ?, ?, ?, ?, ?, ?, ?, ?)
17:27:50.524 [Test worker] DEBUG b.t.r.jdbc.proxy.ConnectionJavaProxy - closing a ConnectionJavaProxy of a JdbcPooledConnection from datasource jdbc/order_ds1 in state ACCESSIBLE with usage count 1 wrapping org.postgresql.xa.PGXAConnection@39741646 on Pooled connection wrapping physical connection org.postgresql.jdbc4.Jdbc4Connection@3e8efac6
17:27:50.524 [Test worker] DEBUG b.t.r.jdbc.JdbcPooledConnection - releasing to pool a JdbcPooledConnection from datasource jdbc/order_ds1 in state ACCESSIBLE with usage count 1 wrapping org.postgresql.xa.PGXAConnection@39741646
17:27:50.524 [Test worker] DEBUG b.t.r.c.TransactionContextHelper - delisting a JdbcPooledConnection from datasource jdbc/order_ds1 in state ACCESSIBLE with usage count 0 wrapping org.postgresql.xa.PGXAConnection@39741646 from a Bitronix Transaction with GTRID [737072696E672D62746D000001452C10CFE300000033], status=ACTIVE, 1 resource(s) enlisted (started Fri Apr 04 17:27:50 CST 2014)
17:27:50.524 [Test worker] DEBUG b.t.r.c.TransactionContextHelper - resource is in enlisting global transaction context: a JdbcPooledConnection from datasource jdbc/order_ds1 in state ACCESSIBLE with usage count 0 wrapping org.postgresql.xa.PGXAConnection@39741646
17:27:50.524 [Test worker] DEBUG b.t.r.c.TransactionContextHelper - requeuing a JdbcPooledConnection from datasource jdbc/order_ds1 in state ACCESSIBLE with usage count 0 wrapping org.postgresql.xa.PGXAConnection@39741646 from a Bitronix Transaction with GTRID [737072696E672D62746D000001452C10CFE300000033], status=ACTIVE, 1 resource(s) enlisted (started Fri Apr 04 17:27:50 CST 2014)
17:27:50.524 [Test worker] DEBUG b.t.r.c.TransactionContextHelper - resource is in enlisting global transaction context: a JdbcPooledConnection from datasource jdbc/order_ds1 in state ACCESSIBLE with usage count 0 wrapping org.postgresql.xa.PGXAConnection@39741646
17:27:50.524 [Test worker] DEBUG b.t.r.c.TransactionContextHelper - deferring release to pool of a JdbcPooledConnection from datasource jdbc/order_ds1 in state ACCESSIBLE with usage count 0 wrapping org.postgresql.xa.PGXAConnection@39741646
17:27:50.524 [Test worker] DEBUG b.t.r.c.TransactionContextHelper - a JdbcPooledConnection from datasource jdbc/order_ds1 in state ACCESSIBLE with usage count 0 wrapping org.postgresql.xa.PGXAConnection@39741646 is not already registered for deferred release in a Bitronix Transaction with GTRID [737072696E672D62746D000001452C10CFE300000033], status=ACTIVE, 1 resource(s) enlisted (started Fri Apr 04 17:27:50 CST 2014)
17:27:50.524 [Test worker] DEBUG b.t.r.c.TransactionContextHelper - registering DeferredReleaseSynchronization for a JdbcPooledConnection from datasource jdbc/order_ds1 in state ACCESSIBLE with usage count 0 wrapping org.postgresql.xa.PGXAConnection@39741646
17:27:50.524 [Test worker] DEBUG b.t.r.c.AbstractXAStatefulHolder - notifying 2 stateChangeEventListener(s) about state changing from ACCESSIBLE to NOT_ACCESSIBLE in a JdbcPooledConnection from datasource jdbc/order_ds1 in state ACCESSIBLE with usage count 0 wrapping org.postgresql.xa.PGXAConnection@39741646
17:27:50.524 [Test worker] DEBUG b.t.r.jdbc.JdbcPooledConnection - closing 0 dangling uncached statement(s)
17:27:50.524 [Test worker] DEBUG bitronix.tm.resource.common.XAPool - removed a JdbcPooledConnection from datasource jdbc/order_ds1 in state ACCESSIBLE with usage count 0 wrapping org.postgresql.xa.PGXAConnection@39741646 from the accessible pool
17:27:50.524 [Test worker] DEBUG b.t.r.c.AbstractXAStatefulHolder - state changing from ACCESSIBLE to NOT_ACCESSIBLE in a JdbcPooledConnection from datasource jdbc/order_ds1 in state ACCESSIBLE with usage count 0 wrapping org.postgresql.xa.PGXAConnection@39741646
17:27:50.524 [Test worker] DEBUG b.t.r.c.AbstractXAStatefulHolder - notifying 2 stateChangeEventListener(s) about state changed from ACCESSIBLE to NOT_ACCESSIBLE in a JdbcPooledConnection from datasource jdbc/order_ds1 in state NOT_ACCESSIBLE with usage count 0 wrapping org.postgresql.xa.PGXAConnection@39741646
17:27:50.524 [Test worker] DEBUG bitronix.tm.resource.common.XAPool - added a JdbcPooledConnection from datasource jdbc/order_ds1 in state NOT_ACCESSIBLE with usage count 0 wrapping org.postgresql.xa.PGXAConnection@39741646 to the inaccessible pool
17:27:50.524 [Test worker] DEBUG b.t.r.jdbc.JdbcPooledConnection - released to pool a JdbcPooledConnection from datasource jdbc/order_ds1 in state NOT_ACCESSIBLE with usage count 0 wrapping org.postgresql.xa.PGXAConnection@39741646
17:27:50.544 [Test worker] DEBUG bitronix.tm.BitronixTransaction - registering synchronization org.hibernate.engine.transaction.synchronization.internal.RegisteredSynchronization@66f60280
17:27:50.544 [Test worker] DEBUG bitronix.tm.BitronixTransaction - registering synchronization org.hibernate.context.internal.JTASessionContext$CleanupSynch@211e564f
17:27:50.547 [Test worker] DEBUG b.tm.resource.jdbc.PoolingDataSource - acquiring connection from a PoolingDataSource containing an XAPool of resource jdbc/order_ds1 with 3 connection(s) (3 still available)
17:27:50.547 [Test worker] DEBUG bitronix.tm.resource.common.XAPool - trying to recycle a NOT_ACCESSIBLE connection of an XAPool of resource jdbc/order_ds1 with 3 connection(s) (3 still available)
17:27:50.547 [Test worker] DEBUG bitronix.tm.resource.common.XAPool - current transaction GTRID is [737072696E672D62746D000001452C10D00300000035]
17:27:50.548 [Test worker] DEBUG bitronix.tm.resource.common.XAPool - no NOT_ACCESSIBLE connection enlisted in this transaction
17:27:50.548 [Test worker] DEBUG bitronix.tm.resource.common.XAPool - getting IN_POOL connection from an XAPool of resource jdbc/order_ds1 with 3 connection(s) (3 still available), waiting if necessary
17:27:50.548 [Test worker] DEBUG bitronix.tm.resource.common.XAPool - checking if connection can be closed: a JdbcPooledConnection from datasource jdbc/order_ds1 in state IN_POOL with usage count 0 wrapping org.postgresql.xa.PGXAConnection@74626b21 - closing time: 1396603730439, now time: 1396603670548
17:27:50.548 [Test worker] DEBUG bitronix.tm.resource.common.XAPool - found IN_POOL connection a JdbcPooledConnection from datasource jdbc/order_ds1 in state IN_POOL with usage count 0 wrapping org.postgresql.xa.PGXAConnection@74626b21 from an XAPool of resource jdbc/order_ds1 with 3 connection(s) (2 still available)
17:27:50.548 [Test worker] DEBUG b.t.r.jdbc.JdbcPooledConnection - getting connection handle from a JdbcPooledConnection from datasource jdbc/order_ds1 in state IN_POOL with usage count 0 wrapping org.postgresql.xa.PGXAConnection@74626b21
17:27:50.548 [Test worker] DEBUG b.t.r.c.AbstractXAStatefulHolder - notifying 2 stateChangeEventListener(s) about state changing from IN_POOL to ACCESSIBLE in a JdbcPooledConnection from datasource jdbc/order_ds1 in state IN_POOL with usage count 1 wrapping org.postgresql.xa.PGXAConnection@74626b21
17:27:50.548 [Test worker] DEBUG b.t.r.c.AbstractXAStatefulHolder - state changing from IN_POOL to ACCESSIBLE in a JdbcPooledConnection from datasource jdbc/order_ds1 in state IN_POOL with usage count 1 wrapping org.postgresql.xa.PGXAConnection@74626b21
17:27:50.548 [Test worker] DEBUG b.t.r.c.AbstractXAStatefulHolder - notifying 2 stateChangeEventListener(s) about state changed from IN_POOL to ACCESSIBLE in a JdbcPooledConnection from datasource jdbc/order_ds1 in state ACCESSIBLE with usage count 1 wrapping org.postgresql.xa.PGXAConnection@74626b21
17:27:50.548 [Test worker] DEBUG bitronix.tm.resource.common.XAPool - added a JdbcPooledConnection from datasource jdbc/order_ds1 in state ACCESSIBLE with usage count 1 wrapping org.postgresql.xa.PGXAConnection@74626b21 to the accessible pool
17:27:50.548 [Test worker] DEBUG b.t.r.jdbc.JdbcPooledConnection - connection org.postgresql.xa.PGXAConnection@74626b21 was in state IN_POOL, testing it
17:27:50.548 [Test worker] DEBUG b.t.r.jdbc.JdbcPooledConnection - no query to test connection of a JdbcPooledConnection from datasource jdbc/order_ds1 in state ACCESSIBLE with usage count 1 wrapping org.postgresql.xa.PGXAConnection@74626b21, skipping test
17:27:50.548 [Test worker] DEBUG b.t.r.jdbc.JdbcPooledConnection - got connection handle from a JdbcPooledConnection from datasource jdbc/order_ds1 in state ACCESSIBLE with usage count 1 wrapping org.postgresql.xa.PGXAConnection@74626b21
17:27:50.548 [Test worker] DEBUG b.tm.resource.jdbc.PoolingDataSource - acquired connection from a PoolingDataSource containing an XAPool of resource jdbc/order_ds1 with 3 connection(s) (2 still available)
17:27:50.548 [Test worker] DEBUG b.t.r.c.TransactionContextHelper - enlisting a JdbcPooledConnection from datasource jdbc/order_ds1 in state ACCESSIBLE with usage count 1 wrapping org.postgresql.xa.PGXAConnection@74626b21 into a Bitronix Transaction with GTRID [737072696E672D62746D000001452C10D00300000035], status=ACTIVE, 0 resource(s) enlisted (started Fri Apr 04 17:27:50 CST 2014)
17:27:50.548 [Test worker] DEBUG b.tm.resource.ResourceRegistrar - XAResource org.postgresql.xa.PGXAConnection@74626b21 belongs to a JdbcPooledConnection from datasource jdbc/order_ds1 in state ACCESSIBLE with usage count 1 wrapping org.postgresql.xa.PGXAConnection@74626b21 that itself belongs to a PoolingDataSource containing an XAPool of resource jdbc/order_ds1 with 3 connection(s) (2 still available)
17:27:50.548 [Test worker] DEBUG b.tm.internal.XAResourceManager - creating new branch with a Bitronix XID [737072696E672D62746D000001452C10D00300000035 : 737072696E672D62746D000001452C10D01400000036]
17:27:50.548 [Test worker] DEBUG b.tm.internal.XAResourceHolderState - assigning <a Bitronix XID [737072696E672D62746D000001452C10D00300000035 : 737072696E672D62746D000001452C10D01400000036]> to <an XAResourceHolderState with uniqueName=jdbc/order_ds1 XAResource=org.postgresql.xa.PGXAConnection@74626b21 with XID null>
17:27:50.549 [Test worker] DEBUG b.tm.internal.XAResourceHolderState - starting an XAResourceHolderState with uniqueName=jdbc/order_ds1 XAResource=org.postgresql.xa.PGXAConnection@74626b21 with XID a Bitronix XID [737072696E672D62746D000001452C10D00300000035 : 737072696E672D62746D000001452C10D01400000036] with NOFLAGS
17:27:50.549 [Test worker] DEBUG b.tm.internal.XAResourceHolderState - started an XAResourceHolderState with uniqueName=jdbc/order_ds1 XAResource=org.postgresql.xa.PGXAConnection@74626b21 (started) with XID a Bitronix XID [737072696E672D62746D000001452C10D00300000035 : 737072696E672D62746D000001452C10D01400000036] with NOFLAGS
17:27:50.549 [Test worker] DEBUG b.t.r.c.AbstractXAResourceHolder - putting XAResourceHolderState [an XAResourceHolderState with uniqueName=jdbc/order_ds1 XAResource=org.postgresql.xa.PGXAConnection@74626b21 (started) with XID a Bitronix XID [737072696E672D62746D000001452C10D00300000035 : 737072696E672D62746D000001452C10D01400000036]] on a JdbcPooledConnection from datasource jdbc/order_ds1 in state ACCESSIBLE with usage count 1 wrapping org.postgresql.xa.PGXAConnection@74626b21
17:27:50.549 [Test worker] DEBUG b.t.r.c.AbstractXAResourceHolder - GTRID [737072696E672D62746D000001452C10D00300000035] previously unknown to a JdbcPooledConnection from datasource jdbc/order_ds1 in state ACCESSIBLE with usage count 1 wrapping org.postgresql.xa.PGXAConnection@74626b21, adding it to the resource's transactions list
Hibernate: select this_.EVENT_ID as EVENT1_5_0_, this_.CREATED_BY as CREATED2_5_0_, this_.CREATED_TIME as CREATED3_5_0_, this_.UPDATED_BY as UPDATED4_5_0_, this_.UPDATED_TIME as UPDATED5_5_0_, this_.ACTION_ID as ACTION6_5_0_, this_.FULFILLMENT_ID as FULFILLM7_5_0_, this_.ORDER_ID as ORDER8_5_0_, this_.ORDER_ITEM_ID as ORDER9_5_0_, this_.STATUS_ID as STATUS10_5_0_, this_.TRACKING_UUID as TRACKING11_5_0_ from ORDER_ITEM_FULFILLMENT_EVENT this_ where this_.ORDER_ID=? and this_.ORDER_ITEM_ID=?
17:27:50.551 [Test worker] DEBUG b.t.r.jdbc.proxy.ConnectionJavaProxy - closing a ConnectionJavaProxy of a JdbcPooledConnection from datasource jdbc/order_ds1 in state ACCESSIBLE with usage count 1 wrapping org.postgresql.xa.PGXAConnection@74626b21 on Pooled connection wrapping physical connection org.postgresql.jdbc4.Jdbc4Connection@19368db4
17:27:50.551 [Test worker] DEBUG b.t.r.jdbc.JdbcPooledConnection - releasing to pool a JdbcPooledConnection from datasource jdbc/order_ds1 in state ACCESSIBLE with usage count 1 wrapping org.postgresql.xa.PGXAConnection@74626b21
17:27:50.551 [Test worker] DEBUG b.t.r.c.TransactionContextHelper - delisting a JdbcPooledConnection from datasource jdbc/order_ds1 in state ACCESSIBLE with usage count 0 wrapping org.postgresql.xa.PGXAConnection@74626b21 from a Bitronix Transaction with GTRID [737072696E672D62746D000001452C10D00300000035], status=ACTIVE, 1 resource(s) enlisted (started Fri Apr 04 17:27:50 CST 2014)
17:27:50.551 [Test worker] DEBUG b.t.r.c.TransactionContextHelper - resource is in enlisting global transaction context: a JdbcPooledConnection from datasource jdbc/order_ds1 in state ACCESSIBLE with usage count 0 wrapping org.postgresql.xa.PGXAConnection@74626b21
17:27:50.551 [Test worker] DEBUG b.t.r.c.TransactionContextHelper - requeuing a JdbcPooledConnection from datasource jdbc/order_ds1 in state ACCESSIBLE with usage count 0 wrapping org.postgresql.xa.PGXAConnection@74626b21 from a Bitronix Transaction with GTRID [737072696E672D62746D000001452C10D00300000035], status=ACTIVE, 1 resource(s) enlisted (started Fri Apr 04 17:27:50 CST 2014)
17:27:50.551 [Test worker] DEBUG b.t.r.c.TransactionContextHelper - resource is in enlisting global transaction context: a JdbcPooledConnection from datasource jdbc/order_ds1 in state ACCESSIBLE with usage count 0 wrapping org.postgresql.xa.PGXAConnection@74626b21
17:27:50.551 [Test worker] DEBUG b.t.r.c.TransactionContextHelper - deferring release to pool of a JdbcPooledConnection from datasource jdbc/order_ds1 in state ACCESSIBLE with usage count 0 wrapping org.postgresql.xa.PGXAConnection@74626b21
17:27:50.552 [Test worker] DEBUG b.t.r.c.TransactionContextHelper - a JdbcPooledConnection from datasource jdbc/order_ds1 in state ACCESSIBLE with usage count 0 wrapping org.postgresql.xa.PGXAConnection@74626b21 is not already registered for deferred release in a Bitronix Transaction with GTRID [737072696E672D62746D000001452C10D00300000035], status=ACTIVE, 1 resource(s) enlisted (started Fri Apr 04 17:27:50 CST 2014)
17:27:50.552 [Test worker] DEBUG b.t.r.c.TransactionContextHelper - registering DeferredReleaseSynchronization for a JdbcPooledConnection from datasource jdbc/order_ds1 in state ACCESSIBLE with usage count 0 wrapping org.postgresql.xa.PGXAConnection@74626b21
17:27:50.552 [Test worker] DEBUG b.t.r.c.AbstractXAStatefulHolder - notifying 2 stateChangeEventListener(s) about state changing from ACCESSIBLE to NOT_ACCESSIBLE in a JdbcPooledConnection from datasource jdbc/order_ds1 in state ACCESSIBLE with usage count 0 wrapping org.postgresql.xa.PGXAConnection@74626b21
17:27:50.552 [Test worker] DEBUG b.t.r.jdbc.JdbcPooledConnection - closing 0 dangling uncached statement(s)
17:27:50.552 [Test worker] DEBUG bitronix.tm.resource.common.XAPool - removed a JdbcPooledConnection from datasource jdbc/order_ds1 in state ACCESSIBLE with usage count 0 wrapping org.postgresql.xa.PGXAConnection@74626b21 from the accessible pool
17:27:50.552 [Test worker] DEBUG b.t.r.c.AbstractXAStatefulHolder - state changing from ACCESSIBLE to NOT_ACCESSIBLE in a JdbcPooledConnection from datasource jdbc/order_ds1 in state ACCESSIBLE with usage count 0 wrapping org.postgresql.xa.PGXAConnection@74626b21
17:27:50.552 [Test worker] DEBUG b.t.r.c.AbstractXAStatefulHolder - notifying 2 stateChangeEventListener(s) about state changed from ACCESSIBLE to NOT_ACCESSIBLE in a JdbcPooledConnection from datasource jdbc/order_ds1 in state NOT_ACCESSIBLE with usage count 0 wrapping org.postgresql.xa.PGXAConnection@74626b21
17:27:50.552 [Test worker] DEBUG bitronix.tm.resource.common.XAPool - added a JdbcPooledConnection from datasource jdbc/order_ds1 in state NOT_ACCESSIBLE with usage count 0 wrapping org.postgresql.xa.PGXAConnection@74626b21 to the inaccessible pool
17:27:50.552 [Test worker] DEBUG b.t.r.jdbc.JdbcPooledConnection - released to pool a JdbcPooledConnection from datasource jdbc/order_ds1 in state NOT_ACCESSIBLE with usage count 0 wrapping org.postgresql.xa.PGXAConnection@74626b21
17:27:50.554 [Test worker] DEBUG b.tm.resource.jdbc.PoolingDataSource - acquiring connection from a PoolingDataSource containing an XAPool of resource jdbc/order_ds1 with 3 connection(s) (2 still available)
17:27:50.554 [Test worker] DEBUG bitronix.tm.resource.common.XAPool - trying to recycle a NOT_ACCESSIBLE connection of an XAPool of resource jdbc/order_ds1 with 3 connection(s) (2 still available)
17:27:50.554 [Test worker] DEBUG bitronix.tm.resource.common.XAPool - current transaction GTRID is [737072696E672D62746D000001452C10D00300000035]
17:27:50.554 [Test worker] DEBUG bitronix.tm.resource.common.XAPool - found a connection in NOT_ACCESSIBLE state: a JdbcPooledConnection from datasource jdbc/order_ds1 in state NOT_ACCESSIBLE with usage count 0 wrapping org.postgresql.xa.PGXAConnection@74626b21
17:27:50.555 [Test worker] DEBUG bitronix.tm.resource.common.XAPool - 1 xa resource(s) created by connection in NOT_ACCESSIBLE state: a JdbcPooledConnection from datasource jdbc/order_ds1 in state NOT_ACCESSIBLE with usage count 0 wrapping org.postgresql.xa.PGXAConnection@74626b21
17:27:50.555 [Test worker] DEBUG bitronix.tm.resource.common.XAPool - NOT_ACCESSIBLE xa resource GTRID: 737072696E672D62746D000001452C10D00300000035
17:27:50.555 [Test worker] DEBUG bitronix.tm.resource.common.XAPool - NOT_ACCESSIBLE xa resource's GTRID matched this transaction's GTRID, recycling it
17:27:50.555 [Test worker] DEBUG bitronix.tm.resource.common.XAPool - found NOT_ACCESSIBLE connection a JdbcPooledConnection from datasource jdbc/order_ds1 in state NOT_ACCESSIBLE with usage count 0 wrapping org.postgresql.xa.PGXAConnection@74626b21 from an XAPool of resource jdbc/order_ds1 with 3 connection(s) (2 still available)
17:27:50.555 [Test worker] DEBUG b.t.r.jdbc.JdbcPooledConnection - getting connection handle from a JdbcPooledConnection from datasource jdbc/order_ds1 in state NOT_ACCESSIBLE with usage count 0 wrapping org.postgresql.xa.PGXAConnection@74626b21
17:27:50.555 [Test worker] DEBUG b.t.r.c.AbstractXAStatefulHolder - notifying 2 stateChangeEventListener(s) about state changing from NOT_ACCESSIBLE to ACCESSIBLE in a JdbcPooledConnection from datasource jdbc/order_ds1 in state NOT_ACCESSIBLE with usage count 1 wrapping org.postgresql.xa.PGXAConnection@74626b21
17:27:50.555 [Test worker] DEBUG bitronix.tm.resource.common.XAPool - removed a JdbcPooledConnection from datasource jdbc/order_ds1 in state NOT_ACCESSIBLE with usage count 1 wrapping org.postgresql.xa.PGXAConnection@74626b21 from the inaccessible pool
17:27:50.555 [Test worker] DEBUG b.t.r.c.AbstractXAStatefulHolder - state changing from NOT_ACCESSIBLE to ACCESSIBLE in a JdbcPooledConnection from datasource jdbc/order_ds1 in state NOT_ACCESSIBLE with usage count 1 wrapping org.postgresql.xa.PGXAConnection@74626b21
17:27:50.555 [Test worker] DEBUG b.t.r.c.AbstractXAStatefulHolder - notifying 2 stateChangeEventListener(s) about state changed from NOT_ACCESSIBLE to ACCESSIBLE in a JdbcPooledConnection from datasource jdbc/order_ds1 in state ACCESSIBLE with usage count 1 wrapping org.postgresql.xa.PGXAConnection@74626b21
17:27:50.555 [Test worker] DEBUG b.t.r.c.TransactionContextHelper - marking a JdbcPooledConnection from datasource jdbc/order_ds1 in state ACCESSIBLE with usage count 1 wrapping org.postgresql.xa.PGXAConnection@74626b21 as recycled in a Bitronix Transaction with GTRID [737072696E672D62746D000001452C10D00300000035], status=ACTIVE, 1 resource(s) enlisted (started Fri Apr 04 17:27:50 CST 2014)
17:27:50.555 [Test worker] DEBUG b.t.r.c.TransactionContextHelper - a JdbcPooledConnection from datasource jdbc/order_ds1 in state ACCESSIBLE with usage count 1 wrapping org.postgresql.xa.PGXAConnection@74626b21 has been recycled, unregistering deferred release from a Bitronix Transaction with GTRID [737072696E672D62746D000001452C10D00300000035], status=ACTIVE, 1 resource(s) enlisted (started Fri Apr 04 17:27:50 CST 2014)
17:27:50.555 [Test worker] DEBUG bitronix.tm.resource.common.XAPool - added a JdbcPooledConnection from datasource jdbc/order_ds1 in state ACCESSIBLE with usage count 1 wrapping org.postgresql.xa.PGXAConnection@74626b21 to the accessible pool
17:27:50.555 [Test worker] DEBUG b.t.r.jdbc.JdbcPooledConnection - connection org.postgresql.xa.PGXAConnection@74626b21 was in state NOT_ACCESSIBLE, no need to test it
17:27:50.555 [Test worker] DEBUG b.t.r.jdbc.JdbcPooledConnection - got connection handle from a JdbcPooledConnection from datasource jdbc/order_ds1 in state ACCESSIBLE with usage count 1 wrapping org.postgresql.xa.PGXAConnection@74626b21
17:27:50.555 [Test worker] DEBUG b.tm.resource.jdbc.PoolingDataSource - acquired connection from a PoolingDataSource containing an XAPool of resource jdbc/order_ds1 with 3 connection(s) (2 still available)
17:27:50.556 [Test worker] DEBUG b.t.r.c.TransactionContextHelper - enlisting a JdbcPooledConnection from datasource jdbc/order_ds1 in state ACCESSIBLE with usage count 1 wrapping org.postgresql.xa.PGXAConnection@74626b21 into a Bitronix Transaction with GTRID [737072696E672D62746D000001452C10D00300000035], status=ACTIVE, 1 resource(s) enlisted (started Fri Apr 04 17:27:50 CST 2014)
17:27:50.556 [Test worker] DEBUG b.t.r.c.TransactionContextHelper - avoiding re-enlistment of already enlisted but not ended resource an XAResourceHolderState with uniqueName=jdbc/order_ds1 XAResource=org.postgresql.xa.PGXAConnection@74626b21 (started) with XID a Bitronix XID [737072696E672D62746D000001452C10D00300000035 : 737072696E672D62746D000001452C10D01400000036]
Hibernate: insert into ORDER_ITEM_FULFILLMENT_EVENT (CREATED_BY, CREATED_TIME, UPDATED_BY, UPDATED_TIME, ACTION_ID, FULFILLMENT_ID, ORDER_ID, ORDER_ITEM_ID, STATUS_ID, TRACKING_UUID, EVENT_ID) values (?, ?, ?, ?, ?, ?, ?, ?, ?, ?, ?)
17:27:50.557 [Test worker] DEBUG b.t.r.jdbc.proxy.ConnectionJavaProxy - closing a ConnectionJavaProxy of a JdbcPooledConnection from datasource jdbc/order_ds1 in state ACCESSIBLE with usage count 1 wrapping org.postgresql.xa.PGXAConnection@74626b21 on Pooled connection wrapping physical connection org.postgresql.jdbc4.Jdbc4Connection@19368db4
17:27:50.558 [Test worker] DEBUG b.t.r.jdbc.JdbcPooledConnection - releasing to pool a JdbcPooledConnection from datasource jdbc/order_ds1 in state ACCESSIBLE with usage count 1 wrapping org.postgresql.xa.PGXAConnection@74626b21
17:27:50.558 [Test worker] DEBUG b.t.r.c.TransactionContextHelper - delisting a JdbcPooledConnection from datasource jdbc/order_ds1 in state ACCESSIBLE with usage count 0 wrapping org.postgresql.xa.PGXAConnection@74626b21 from a Bitronix Transaction with GTRID [737072696E672D62746D000001452C10D00300000035], status=ACTIVE, 1 resource(s) enlisted (started Fri Apr 04 17:27:50 CST 2014)
17:27:50.558 [Test worker] DEBUG b.t.r.c.TransactionContextHelper - resource is in enlisting global transaction context: a JdbcPooledConnection from datasource jdbc/order_ds1 in state ACCESSIBLE with usage count 0 wrapping org.postgresql.xa.PGXAConnection@74626b21
17:27:50.558 [Test worker] DEBUG b.t.r.c.TransactionContextHelper - requeuing a JdbcPooledConnection from datasource jdbc/order_ds1 in state ACCESSIBLE with usage count 0 wrapping org.postgresql.xa.PGXAConnection@74626b21 from a Bitronix Transaction with GTRID [737072696E672D62746D000001452C10D00300000035], status=ACTIVE, 1 resource(s) enlisted (started Fri Apr 04 17:27:50 CST 2014)
17:27:50.558 [Test worker] DEBUG b.t.r.c.TransactionContextHelper - resource is in enlisting global transaction context: a JdbcPooledConnection from datasource jdbc/order_ds1 in state ACCESSIBLE with usage count 0 wrapping org.postgresql.xa.PGXAConnection@74626b21
17:27:50.558 [Test worker] DEBUG b.t.r.c.TransactionContextHelper - deferring release to pool of a JdbcPooledConnection from datasource jdbc/order_ds1 in state ACCESSIBLE with usage count 0 wrapping org.postgresql.xa.PGXAConnection@74626b21
17:27:50.558 [Test worker] DEBUG b.t.r.c.TransactionContextHelper - a JdbcPooledConnection from datasource jdbc/order_ds1 in state ACCESSIBLE with usage count 0 wrapping org.postgresql.xa.PGXAConnection@74626b21 is not already registered for deferred release in a Bitronix Transaction with GTRID [737072696E672D62746D000001452C10D00300000035], status=ACTIVE, 1 resource(s) enlisted (started Fri Apr 04 17:27:50 CST 2014)
17:27:50.558 [Test worker] DEBUG b.t.r.c.TransactionContextHelper - registering DeferredReleaseSynchronization for a JdbcPooledConnection from datasource jdbc/order_ds1 in state ACCESSIBLE with usage count 0 wrapping org.postgresql.xa.PGXAConnection@74626b21
17:27:50.558 [Test worker] DEBUG b.t.r.c.AbstractXAStatefulHolder - notifying 2 stateChangeEventListener(s) about state changing from ACCESSIBLE to NOT_ACCESSIBLE in a JdbcPooledConnection from datasource jdbc/order_ds1 in state ACCESSIBLE with usage count 0 wrapping org.postgresql.xa.PGXAConnection@74626b21
17:27:50.558 [Test worker] DEBUG b.t.r.jdbc.JdbcPooledConnection - closing 0 dangling uncached statement(s)
17:27:50.558 [Test worker] DEBUG bitronix.tm.resource.common.XAPool - removed a JdbcPooledConnection from datasource jdbc/order_ds1 in state ACCESSIBLE with usage count 0 wrapping org.postgresql.xa.PGXAConnection@74626b21 from the accessible pool
17:27:50.558 [Test worker] DEBUG b.t.r.c.AbstractXAStatefulHolder - state changing from ACCESSIBLE to NOT_ACCESSIBLE in a JdbcPooledConnection from datasource jdbc/order_ds1 in state ACCESSIBLE with usage count 0 wrapping org.postgresql.xa.PGXAConnection@74626b21
17:27:50.558 [Test worker] DEBUG b.t.r.c.AbstractXAStatefulHolder - notifying 2 stateChangeEventListener(s) about state changed from ACCESSIBLE to NOT_ACCESSIBLE in a JdbcPooledConnection from datasource jdbc/order_ds1 in state NOT_ACCESSIBLE with usage count 0 wrapping org.postgresql.xa.PGXAConnection@74626b21
17:27:50.558 [Test worker] DEBUG bitronix.tm.resource.common.XAPool - added a JdbcPooledConnection from datasource jdbc/order_ds1 in state NOT_ACCESSIBLE with usage count 0 wrapping org.postgresql.xa.PGXAConnection@74626b21 to the inaccessible pool
17:27:50.558 [Test worker] DEBUG b.t.r.jdbc.JdbcPooledConnection - released to pool a JdbcPooledConnection from datasource jdbc/order_ds1 in state NOT_ACCESSIBLE with usage count 0 wrapping org.postgresql.xa.PGXAConnection@74626b21
17:27:50.559 [Test worker] DEBUG b.tm.resource.jdbc.PoolingDataSource - acquiring connection from a PoolingDataSource containing an XAPool of resource jdbc/order_ds1 with 3 connection(s) (2 still available)
17:27:50.559 [Test worker] DEBUG bitronix.tm.resource.common.XAPool - trying to recycle a NOT_ACCESSIBLE connection of an XAPool of resource jdbc/order_ds1 with 3 connection(s) (2 still available)
17:27:50.559 [Test worker] DEBUG bitronix.tm.resource.common.XAPool - current transaction GTRID is [737072696E672D62746D000001452C10D00300000035]
17:27:50.560 [Test worker] DEBUG bitronix.tm.resource.common.XAPool - found a connection in NOT_ACCESSIBLE state: a JdbcPooledConnection from datasource jdbc/order_ds1 in state NOT_ACCESSIBLE with usage count 0 wrapping org.postgresql.xa.PGXAConnection@74626b21
17:27:50.560 [Test worker] DEBUG bitronix.tm.resource.common.XAPool - 1 xa resource(s) created by connection in NOT_ACCESSIBLE state: a JdbcPooledConnection from datasource jdbc/order_ds1 in state NOT_ACCESSIBLE with usage count 0 wrapping org.postgresql.xa.PGXAConnection@74626b21
17:27:50.560 [Test worker] DEBUG bitronix.tm.resource.common.XAPool - NOT_ACCESSIBLE xa resource GTRID: 737072696E672D62746D000001452C10D00300000035
17:27:50.560 [Test worker] DEBUG bitronix.tm.resource.common.XAPool - NOT_ACCESSIBLE xa resource's GTRID matched this transaction's GTRID, recycling it
17:27:50.560 [Test worker] DEBUG bitronix.tm.resource.common.XAPool - found NOT_ACCESSIBLE connection a JdbcPooledConnection from datasource jdbc/order_ds1 in state NOT_ACCESSIBLE with usage count 0 wrapping org.postgresql.xa.PGXAConnection@74626b21 from an XAPool of resource jdbc/order_ds1 with 3 connection(s) (2 still available)
17:27:50.560 [Test worker] DEBUG b.t.r.jdbc.JdbcPooledConnection - getting connection handle from a JdbcPooledConnection from datasource jdbc/order_ds1 in state NOT_ACCESSIBLE with usage count 0 wrapping org.postgresql.xa.PGXAConnection@74626b21
17:27:50.560 [Test worker] DEBUG b.t.r.c.AbstractXAStatefulHolder - notifying 2 stateChangeEventListener(s) about state changing from NOT_ACCESSIBLE to ACCESSIBLE in a JdbcPooledConnection from datasource jdbc/order_ds1 in state NOT_ACCESSIBLE with usage count 1 wrapping org.postgresql.xa.PGXAConnection@74626b21
17:27:50.560 [Test worker] DEBUG bitronix.tm.resource.common.XAPool - removed a JdbcPooledConnection from datasource jdbc/order_ds1 in state NOT_ACCESSIBLE with usage count 1 wrapping org.postgresql.xa.PGXAConnection@74626b21 from the inaccessible pool
17:27:50.560 [Test worker] DEBUG b.t.r.c.AbstractXAStatefulHolder - state changing from NOT_ACCESSIBLE to ACCESSIBLE in a JdbcPooledConnection from datasource jdbc/order_ds1 in state NOT_ACCESSIBLE with usage count 1 wrapping org.postgresql.xa.PGXAConnection@74626b21
17:27:50.560 [Test worker] DEBUG b.t.r.c.AbstractXAStatefulHolder - notifying 2 stateChangeEventListener(s) about state changed from NOT_ACCESSIBLE to ACCESSIBLE in a JdbcPooledConnection from datasource jdbc/order_ds1 in state ACCESSIBLE with usage count 1 wrapping org.postgresql.xa.PGXAConnection@74626b21
17:27:50.560 [Test worker] DEBUG b.t.r.c.TransactionContextHelper - marking a JdbcPooledConnection from datasource jdbc/order_ds1 in state ACCESSIBLE with usage count 1 wrapping org.postgresql.xa.PGXAConnection@74626b21 as recycled in a Bitronix Transaction with GTRID [737072696E672D62746D000001452C10D00300000035], status=ACTIVE, 1 resource(s) enlisted (started Fri Apr 04 17:27:50 CST 2014)
17:27:50.560 [Test worker] DEBUG b.t.r.c.TransactionContextHelper - a JdbcPooledConnection from datasource jdbc/order_ds1 in state ACCESSIBLE with usage count 1 wrapping org.postgresql.xa.PGXAConnection@74626b21 has been recycled, unregistering deferred release from a Bitronix Transaction with GTRID [737072696E672D62746D000001452C10D00300000035], status=ACTIVE, 1 resource(s) enlisted (started Fri Apr 04 17:27:50 CST 2014)
17:27:50.560 [Test worker] DEBUG bitronix.tm.resource.common.XAPool - added a JdbcPooledConnection from datasource jdbc/order_ds1 in state ACCESSIBLE with usage count 1 wrapping org.postgresql.xa.PGXAConnection@74626b21 to the accessible pool
17:27:50.560 [Test worker] DEBUG b.t.r.jdbc.JdbcPooledConnection - connection org.postgresql.xa.PGXAConnection@74626b21 was in state NOT_ACCESSIBLE, no need to test it
17:27:50.560 [Test worker] DEBUG b.t.r.jdbc.JdbcPooledConnection - got connection handle from a JdbcPooledConnection from datasource jdbc/order_ds1 in state ACCESSIBLE with usage count 1 wrapping org.postgresql.xa.PGXAConnection@74626b21
17:27:50.560 [Test worker] DEBUG b.tm.resource.jdbc.PoolingDataSource - acquired connection from a PoolingDataSource containing an XAPool of resource jdbc/order_ds1 with 3 connection(s) (2 still available)
17:27:50.560 [Test worker] DEBUG b.t.r.c.TransactionContextHelper - enlisting a JdbcPooledConnection from datasource jdbc/order_ds1 in state ACCESSIBLE with usage count 1 wrapping org.postgresql.xa.PGXAConnection@74626b21 into a Bitronix Transaction with GTRID [737072696E672D62746D000001452C10D00300000035], status=ACTIVE, 1 resource(s) enlisted (started Fri Apr 04 17:27:50 CST 2014)
17:27:50.560 [Test worker] DEBUG b.t.r.c.TransactionContextHelper - avoiding re-enlistment of already enlisted but not ended resource an XAResourceHolderState with uniqueName=jdbc/order_ds1 XAResource=org.postgresql.xa.PGXAConnection@74626b21 (started) with XID a Bitronix XID [737072696E672D62746D000001452C10D00300000035 : 737072696E672D62746D000001452C10D01400000036]
Hibernate: select this_.EVENT_ID as EVENT1_5_0_, this_.CREATED_BY as CREATED2_5_0_, this_.CREATED_TIME as CREATED3_5_0_, this_.UPDATED_BY as UPDATED4_5_0_, this_.UPDATED_TIME as UPDATED5_5_0_, this_.ACTION_ID as ACTION6_5_0_, this_.FULFILLMENT_ID as FULFILLM7_5_0_, this_.ORDER_ID as ORDER8_5_0_, this_.ORDER_ITEM_ID as ORDER9_5_0_, this_.STATUS_ID as STATUS10_5_0_, this_.TRACKING_UUID as TRACKING11_5_0_ from ORDER_ITEM_FULFILLMENT_EVENT this_ where this_.ORDER_ID=? and this_.ORDER_ITEM_ID=?
17:27:50.563 [Test worker] DEBUG b.t.r.jdbc.proxy.ConnectionJavaProxy - closing a ConnectionJavaProxy of a JdbcPooledConnection from datasource jdbc/order_ds1 in state ACCESSIBLE with usage count 1 wrapping org.postgresql.xa.PGXAConnection@74626b21 on Pooled connection wrapping physical connection org.postgresql.jdbc4.Jdbc4Connection@19368db4
17:27:50.563 [Test worker] DEBUG b.t.r.jdbc.JdbcPooledConnection - releasing to pool a JdbcPooledConnection from datasource jdbc/order_ds1 in state ACCESSIBLE with usage count 1 wrapping org.postgresql.xa.PGXAConnection@74626b21
17:27:50.563 [Test worker] DEBUG b.t.r.c.TransactionContextHelper - delisting a JdbcPooledConnection from datasource jdbc/order_ds1 in state ACCESSIBLE with usage count 0 wrapping org.postgresql.xa.PGXAConnection@74626b21 from a Bitronix Transaction with GTRID [737072696E672D62746D000001452C10D00300000035], status=ACTIVE, 1 resource(s) enlisted (started Fri Apr 04 17:27:50 CST 2014)
17:27:50.563 [Test worker] DEBUG b.t.r.c.TransactionContextHelper - resource is in enlisting global transaction context: a JdbcPooledConnection from datasource jdbc/order_ds1 in state ACCESSIBLE with usage count 0 wrapping org.postgresql.xa.PGXAConnection@74626b21
17:27:50.564 [Test worker] DEBUG b.t.r.c.TransactionContextHelper - requeuing a JdbcPooledConnection from datasource jdbc/order_ds1 in state ACCESSIBLE with usage count 0 wrapping org.postgresql.xa.PGXAConnection@74626b21 from a Bitronix Transaction with GTRID [737072696E672D62746D000001452C10D00300000035], status=ACTIVE, 1 resource(s) enlisted (started Fri Apr 04 17:27:50 CST 2014)
17:27:50.564 [Test worker] DEBUG b.t.r.c.TransactionContextHelper - resource is in enlisting global transaction context: a JdbcPooledConnection from datasource jdbc/order_ds1 in state ACCESSIBLE with usage count 0 wrapping org.postgresql.xa.PGXAConnection@74626b21
17:27:50.564 [Test worker] DEBUG b.t.r.c.TransactionContextHelper - deferring release to pool of a JdbcPooledConnection from datasource jdbc/order_ds1 in state ACCESSIBLE with usage count 0 wrapping org.postgresql.xa.PGXAConnection@74626b21
17:27:50.564 [Test worker] DEBUG b.t.r.c.TransactionContextHelper - a JdbcPooledConnection from datasource jdbc/order_ds1 in state ACCESSIBLE with usage count 0 wrapping org.postgresql.xa.PGXAConnection@74626b21 is not already registered for deferred release in a Bitronix Transaction with GTRID [737072696E672D62746D000001452C10D00300000035], status=ACTIVE, 1 resource(s) enlisted (started Fri Apr 04 17:27:50 CST 2014)
17:27:50.564 [Test worker] DEBUG b.t.r.c.TransactionContextHelper - registering DeferredReleaseSynchronization for a JdbcPooledConnection from datasource jdbc/order_ds1 in state ACCESSIBLE with usage count 0 wrapping org.postgresql.xa.PGXAConnection@74626b21
17:27:50.564 [Test worker] DEBUG b.t.r.c.AbstractXAStatefulHolder - notifying 2 stateChangeEventListener(s) about state changing from ACCESSIBLE to NOT_ACCESSIBLE in a JdbcPooledConnection from datasource jdbc/order_ds1 in state ACCESSIBLE with usage count 0 wrapping org.postgresql.xa.PGXAConnection@74626b21
17:27:50.564 [Test worker] DEBUG b.t.r.jdbc.JdbcPooledConnection - closing 0 dangling uncached statement(s)
17:27:50.564 [Test worker] DEBUG bitronix.tm.resource.common.XAPool - removed a JdbcPooledConnection from datasource jdbc/order_ds1 in state ACCESSIBLE with usage count 0 wrapping org.postgresql.xa.PGXAConnection@74626b21 from the accessible pool
17:27:50.564 [Test worker] DEBUG b.t.r.c.AbstractXAStatefulHolder - state changing from ACCESSIBLE to NOT_ACCESSIBLE in a JdbcPooledConnection from datasource jdbc/order_ds1 in state ACCESSIBLE with usage count 0 wrapping org.postgresql.xa.PGXAConnection@74626b21
17:27:50.564 [Test worker] DEBUG b.t.r.c.AbstractXAStatefulHolder - notifying 2 stateChangeEventListener(s) about state changed from ACCESSIBLE to NOT_ACCESSIBLE in a JdbcPooledConnection from datasource jdbc/order_ds1 in state NOT_ACCESSIBLE with usage count 0 wrapping org.postgresql.xa.PGXAConnection@74626b21
17:27:50.564 [Test worker] DEBUG bitronix.tm.resource.common.XAPool - added a JdbcPooledConnection from datasource jdbc/order_ds1 in state NOT_ACCESSIBLE with usage count 0 wrapping org.postgresql.xa.PGXAConnection@74626b21 to the inaccessible pool
17:27:50.564 [Test worker] DEBUG b.t.r.jdbc.JdbcPooledConnection - released to pool a JdbcPooledConnection from datasource jdbc/order_ds1 in state NOT_ACCESSIBLE with usage count 0 wrapping org.postgresql.xa.PGXAConnection@74626b21
17:27:50.586 [Test worker] DEBUG bitronix.tm.BitronixTransaction - registering synchronization org.hibernate.engine.transaction.synchronization.internal.RegisteredSynchronization@2165c08a
17:27:50.586 [Test worker] DEBUG bitronix.tm.BitronixTransaction - registering synchronization org.hibernate.context.internal.JTASessionContext$CleanupSynch@1f43b527
17:27:50.589 [Test worker] DEBUG b.tm.resource.jdbc.PoolingDataSource - acquiring connection from a PoolingDataSource containing an XAPool of resource jdbc/order_ds1 with 3 connection(s) (3 still available)
17:27:50.589 [Test worker] DEBUG bitronix.tm.resource.common.XAPool - trying to recycle a NOT_ACCESSIBLE connection of an XAPool of resource jdbc/order_ds1 with 3 connection(s) (3 still available)
17:27:50.589 [Test worker] DEBUG bitronix.tm.resource.common.XAPool - current transaction GTRID is [737072696E672D62746D000001452C10D03600000037]
17:27:50.589 [Test worker] DEBUG bitronix.tm.resource.common.XAPool - no NOT_ACCESSIBLE connection enlisted in this transaction
17:27:50.589 [Test worker] DEBUG bitronix.tm.resource.common.XAPool - getting IN_POOL connection from an XAPool of resource jdbc/order_ds1 with 3 connection(s) (3 still available), waiting if necessary
17:27:50.589 [Test worker] DEBUG bitronix.tm.resource.common.XAPool - checking if connection can be closed: a JdbcPooledConnection from datasource jdbc/order_ds1 in state IN_POOL with usage count 0 wrapping org.postgresql.xa.PGXAConnection@4b6498ed - closing time: 1396603730484, now time: 1396603670589
17:27:50.589 [Test worker] DEBUG bitronix.tm.resource.common.XAPool - found IN_POOL connection a JdbcPooledConnection from datasource jdbc/order_ds1 in state IN_POOL with usage count 0 wrapping org.postgresql.xa.PGXAConnection@4b6498ed from an XAPool of resource jdbc/order_ds1 with 3 connection(s) (2 still available)
17:27:50.589 [Test worker] DEBUG b.t.r.jdbc.JdbcPooledConnection - getting connection handle from a JdbcPooledConnection from datasource jdbc/order_ds1 in state IN_POOL with usage count 0 wrapping org.postgresql.xa.PGXAConnection@4b6498ed
17:27:50.589 [Test worker] DEBUG b.t.r.c.AbstractXAStatefulHolder - notifying 2 stateChangeEventListener(s) about state changing from IN_POOL to ACCESSIBLE in a JdbcPooledConnection from datasource jdbc/order_ds1 in state IN_POOL with usage count 1 wrapping org.postgresql.xa.PGXAConnection@4b6498ed
17:27:50.590 [Test worker] DEBUG b.t.r.c.AbstractXAStatefulHolder - state changing from IN_POOL to ACCESSIBLE in a JdbcPooledConnection from datasource jdbc/order_ds1 in state IN_POOL with usage count 1 wrapping org.postgresql.xa.PGXAConnection@4b6498ed
17:27:50.590 [Test worker] DEBUG b.t.r.c.AbstractXAStatefulHolder - notifying 2 stateChangeEventListener(s) about state changed from IN_POOL to ACCESSIBLE in a JdbcPooledConnection from datasource jdbc/order_ds1 in state ACCESSIBLE with usage count 1 wrapping org.postgresql.xa.PGXAConnection@4b6498ed
17:27:50.590 [Test worker] DEBUG bitronix.tm.resource.common.XAPool - added a JdbcPooledConnection from datasource jdbc/order_ds1 in state ACCESSIBLE with usage count 1 wrapping org.postgresql.xa.PGXAConnection@4b6498ed to the accessible pool
17:27:50.590 [Test worker] DEBUG b.t.r.jdbc.JdbcPooledConnection - connection org.postgresql.xa.PGXAConnection@4b6498ed was in state IN_POOL, testing it
17:27:50.590 [Test worker] DEBUG b.t.r.jdbc.JdbcPooledConnection - no query to test connection of a JdbcPooledConnection from datasource jdbc/order_ds1 in state ACCESSIBLE with usage count 1 wrapping org.postgresql.xa.PGXAConnection@4b6498ed, skipping test
17:27:50.590 [Test worker] DEBUG b.t.r.jdbc.JdbcPooledConnection - got connection handle from a JdbcPooledConnection from datasource jdbc/order_ds1 in state ACCESSIBLE with usage count 1 wrapping org.postgresql.xa.PGXAConnection@4b6498ed
17:27:50.590 [Test worker] DEBUG b.tm.resource.jdbc.PoolingDataSource - acquired connection from a PoolingDataSource containing an XAPool of resource jdbc/order_ds1 with 3 connection(s) (2 still available)
17:27:50.590 [Test worker] DEBUG b.t.r.c.TransactionContextHelper - enlisting a JdbcPooledConnection from datasource jdbc/order_ds1 in state ACCESSIBLE with usage count 1 wrapping org.postgresql.xa.PGXAConnection@4b6498ed into a Bitronix Transaction with GTRID [737072696E672D62746D000001452C10D03600000037], status=ACTIVE, 0 resource(s) enlisted (started Fri Apr 04 17:27:50 CST 2014)
17:27:50.590 [Test worker] DEBUG b.tm.resource.ResourceRegistrar - XAResource org.postgresql.xa.PGXAConnection@4b6498ed belongs to a JdbcPooledConnection from datasource jdbc/order_ds1 in state ACCESSIBLE with usage count 1 wrapping org.postgresql.xa.PGXAConnection@4b6498ed that itself belongs to a PoolingDataSource containing an XAPool of resource jdbc/order_ds1 with 3 connection(s) (2 still available)
17:27:50.590 [Test worker] DEBUG b.tm.internal.XAResourceManager - creating new branch with a Bitronix XID [737072696E672D62746D000001452C10D03600000037 : 737072696E672D62746D000001452C10D03E00000038]
17:27:50.590 [Test worker] DEBUG b.tm.internal.XAResourceHolderState - assigning <a Bitronix XID [737072696E672D62746D000001452C10D03600000037 : 737072696E672D62746D000001452C10D03E00000038]> to <an XAResourceHolderState with uniqueName=jdbc/order_ds1 XAResource=org.postgresql.xa.PGXAConnection@4b6498ed with XID null>
17:27:50.590 [Test worker] DEBUG b.tm.internal.XAResourceHolderState - starting an XAResourceHolderState with uniqueName=jdbc/order_ds1 XAResource=org.postgresql.xa.PGXAConnection@4b6498ed with XID a Bitronix XID [737072696E672D62746D000001452C10D03600000037 : 737072696E672D62746D000001452C10D03E00000038] with NOFLAGS
17:27:50.590 [Test worker] DEBUG b.tm.internal.XAResourceHolderState - started an XAResourceHolderState with uniqueName=jdbc/order_ds1 XAResource=org.postgresql.xa.PGXAConnection@4b6498ed (started) with XID a Bitronix XID [737072696E672D62746D000001452C10D03600000037 : 737072696E672D62746D000001452C10D03E00000038] with NOFLAGS
17:27:50.590 [Test worker] DEBUG b.t.r.c.AbstractXAResourceHolder - putting XAResourceHolderState [an XAResourceHolderState with uniqueName=jdbc/order_ds1 XAResource=org.postgresql.xa.PGXAConnection@4b6498ed (started) with XID a Bitronix XID [737072696E672D62746D000001452C10D03600000037 : 737072696E672D62746D000001452C10D03E00000038]] on a JdbcPooledConnection from datasource jdbc/order_ds1 in state ACCESSIBLE with usage count 1 wrapping org.postgresql.xa.PGXAConnection@4b6498ed
17:27:50.590 [Test worker] DEBUG b.t.r.c.AbstractXAResourceHolder - GTRID [737072696E672D62746D000001452C10D03600000037] previously unknown to a JdbcPooledConnection from datasource jdbc/order_ds1 in state ACCESSIBLE with usage count 1 wrapping org.postgresql.xa.PGXAConnection@4b6498ed, adding it to the resource's transactions list
Hibernate: insert into ORDER_ITEM_FULFILLMENT_EVENT (CREATED_BY, CREATED_TIME, UPDATED_BY, UPDATED_TIME, ACTION_ID, FULFILLMENT_ID, ORDER_ID, ORDER_ITEM_ID, STATUS_ID, TRACKING_UUID, EVENT_ID) values (?, ?, ?, ?, ?, ?, ?, ?, ?, ?, ?)
17:27:50.596 [Test worker] DEBUG b.t.r.jdbc.proxy.ConnectionJavaProxy - closing a ConnectionJavaProxy of a JdbcPooledConnection from datasource jdbc/order_ds1 in state ACCESSIBLE with usage count 1 wrapping org.postgresql.xa.PGXAConnection@4b6498ed on Pooled connection wrapping physical connection org.postgresql.jdbc4.Jdbc4Connection@27b170a3
17:27:50.596 [Test worker] DEBUG b.t.r.jdbc.JdbcPooledConnection - releasing to pool a JdbcPooledConnection from datasource jdbc/order_ds1 in state ACCESSIBLE with usage count 1 wrapping org.postgresql.xa.PGXAConnection@4b6498ed
17:27:50.596 [Test worker] DEBUG b.t.r.c.TransactionContextHelper - delisting a JdbcPooledConnection from datasource jdbc/order_ds1 in state ACCESSIBLE with usage count 0 wrapping org.postgresql.xa.PGXAConnection@4b6498ed from a Bitronix Transaction with GTRID [737072696E672D62746D000001452C10D03600000037], status=ACTIVE, 1 resource(s) enlisted (started Fri Apr 04 17:27:50 CST 2014)
17:27:50.596 [Test worker] DEBUG b.t.r.c.TransactionContextHelper - resource is in enlisting global transaction context: a JdbcPooledConnection from datasource jdbc/order_ds1 in state ACCESSIBLE with usage count 0 wrapping org.postgresql.xa.PGXAConnection@4b6498ed
17:27:50.596 [Test worker] DEBUG b.t.r.c.TransactionContextHelper - requeuing a JdbcPooledConnection from datasource jdbc/order_ds1 in state ACCESSIBLE with usage count 0 wrapping org.postgresql.xa.PGXAConnection@4b6498ed from a Bitronix Transaction with GTRID [737072696E672D62746D000001452C10D03600000037], status=ACTIVE, 1 resource(s) enlisted (started Fri Apr 04 17:27:50 CST 2014)
17:27:50.597 [Test worker] DEBUG b.t.r.c.TransactionContextHelper - resource is in enlisting global transaction context: a JdbcPooledConnection from datasource jdbc/order_ds1 in state ACCESSIBLE with usage count 0 wrapping org.postgresql.xa.PGXAConnection@4b6498ed
17:27:50.597 [Test worker] DEBUG b.t.r.c.TransactionContextHelper - deferring release to pool of a JdbcPooledConnection from datasource jdbc/order_ds1 in state ACCESSIBLE with usage count 0 wrapping org.postgresql.xa.PGXAConnection@4b6498ed
17:27:50.597 [Test worker] DEBUG b.t.r.c.TransactionContextHelper - a JdbcPooledConnection from datasource jdbc/order_ds1 in state ACCESSIBLE with usage count 0 wrapping org.postgresql.xa.PGXAConnection@4b6498ed is not already registered for deferred release in a Bitronix Transaction with GTRID [737072696E672D62746D000001452C10D03600000037], status=ACTIVE, 1 resource(s) enlisted (started Fri Apr 04 17:27:50 CST 2014)
17:27:50.597 [Test worker] DEBUG b.t.r.c.TransactionContextHelper - registering DeferredReleaseSynchronization for a JdbcPooledConnection from datasource jdbc/order_ds1 in state ACCESSIBLE with usage count 0 wrapping org.postgresql.xa.PGXAConnection@4b6498ed
17:27:50.597 [Test worker] DEBUG b.t.r.c.AbstractXAStatefulHolder - notifying 2 stateChangeEventListener(s) about state changing from ACCESSIBLE to NOT_ACCESSIBLE in a JdbcPooledConnection from datasource jdbc/order_ds1 in state ACCESSIBLE with usage count 0 wrapping org.postgresql.xa.PGXAConnection@4b6498ed
17:27:50.597 [Test worker] DEBUG b.t.r.jdbc.JdbcPooledConnection - closing 0 dangling uncached statement(s)
17:27:50.597 [Test worker] DEBUG bitronix.tm.resource.common.XAPool - removed a JdbcPooledConnection from datasource jdbc/order_ds1 in state ACCESSIBLE with usage count 0 wrapping org.postgresql.xa.PGXAConnection@4b6498ed from the accessible pool
17:27:50.597 [Test worker] DEBUG b.t.r.c.AbstractXAStatefulHolder - state changing from ACCESSIBLE to NOT_ACCESSIBLE in a JdbcPooledConnection from datasource jdbc/order_ds1 in state ACCESSIBLE with usage count 0 wrapping org.postgresql.xa.PGXAConnection@4b6498ed
17:27:50.597 [Test worker] DEBUG b.t.r.c.AbstractXAStatefulHolder - notifying 2 stateChangeEventListener(s) about state changed from ACCESSIBLE to NOT_ACCESSIBLE in a JdbcPooledConnection from datasource jdbc/order_ds1 in state NOT_ACCESSIBLE with usage count 0 wrapping org.postgresql.xa.PGXAConnection@4b6498ed
17:27:50.597 [Test worker] DEBUG bitronix.tm.resource.common.XAPool - added a JdbcPooledConnection from datasource jdbc/order_ds1 in state NOT_ACCESSIBLE with usage count 0 wrapping org.postgresql.xa.PGXAConnection@4b6498ed to the inaccessible pool
17:27:50.597 [Test worker] DEBUG b.t.r.jdbc.JdbcPooledConnection - released to pool a JdbcPooledConnection from datasource jdbc/order_ds1 in state NOT_ACCESSIBLE with usage count 0 wrapping org.postgresql.xa.PGXAConnection@4b6498ed
17:27:50.600 [Test worker] DEBUG b.tm.resource.jdbc.PoolingDataSource - acquiring connection from a PoolingDataSource containing an XAPool of resource jdbc/order_ds1 with 3 connection(s) (2 still available)
17:27:50.600 [Test worker] DEBUG bitronix.tm.resource.common.XAPool - trying to recycle a NOT_ACCESSIBLE connection of an XAPool of resource jdbc/order_ds1 with 3 connection(s) (2 still available)
17:27:50.600 [Test worker] DEBUG bitronix.tm.resource.common.XAPool - current transaction GTRID is [737072696E672D62746D000001452C10D03600000037]
17:27:50.600 [Test worker] DEBUG bitronix.tm.resource.common.XAPool - found a connection in NOT_ACCESSIBLE state: a JdbcPooledConnection from datasource jdbc/order_ds1 in state NOT_ACCESSIBLE with usage count 0 wrapping org.postgresql.xa.PGXAConnection@4b6498ed
17:27:50.600 [Test worker] DEBUG bitronix.tm.resource.common.XAPool - 1 xa resource(s) created by connection in NOT_ACCESSIBLE state: a JdbcPooledConnection from datasource jdbc/order_ds1 in state NOT_ACCESSIBLE with usage count 0 wrapping org.postgresql.xa.PGXAConnection@4b6498ed
17:27:50.600 [Test worker] DEBUG bitronix.tm.resource.common.XAPool - NOT_ACCESSIBLE xa resource GTRID: 737072696E672D62746D000001452C10D03600000037
17:27:50.600 [Test worker] DEBUG bitronix.tm.resource.common.XAPool - NOT_ACCESSIBLE xa resource's GTRID matched this transaction's GTRID, recycling it
17:27:50.600 [Test worker] DEBUG bitronix.tm.resource.common.XAPool - found NOT_ACCESSIBLE connection a JdbcPooledConnection from datasource jdbc/order_ds1 in state NOT_ACCESSIBLE with usage count 0 wrapping org.postgresql.xa.PGXAConnection@4b6498ed from an XAPool of resource jdbc/order_ds1 with 3 connection(s) (2 still available)
17:27:50.602 [Test worker] DEBUG b.t.r.jdbc.JdbcPooledConnection - getting connection handle from a JdbcPooledConnection from datasource jdbc/order_ds1 in state NOT_ACCESSIBLE with usage count 0 wrapping org.postgresql.xa.PGXAConnection@4b6498ed
17:27:50.602 [Test worker] DEBUG b.t.r.c.AbstractXAStatefulHolder - notifying 2 stateChangeEventListener(s) about state changing from NOT_ACCESSIBLE to ACCESSIBLE in a JdbcPooledConnection from datasource jdbc/order_ds1 in state NOT_ACCESSIBLE with usage count 1 wrapping org.postgresql.xa.PGXAConnection@4b6498ed
17:27:50.602 [Test worker] DEBUG bitronix.tm.resource.common.XAPool - removed a JdbcPooledConnection from datasource jdbc/order_ds1 in state NOT_ACCESSIBLE with usage count 1 wrapping org.postgresql.xa.PGXAConnection@4b6498ed from the inaccessible pool
17:27:50.602 [Test worker] DEBUG b.t.r.c.AbstractXAStatefulHolder - state changing from NOT_ACCESSIBLE to ACCESSIBLE in a JdbcPooledConnection from datasource jdbc/order_ds1 in state NOT_ACCESSIBLE with usage count 1 wrapping org.postgresql.xa.PGXAConnection@4b6498ed
17:27:50.602 [Test worker] DEBUG b.t.r.c.AbstractXAStatefulHolder - notifying 2 stateChangeEventListener(s) about state changed from NOT_ACCESSIBLE to ACCESSIBLE in a JdbcPooledConnection from datasource jdbc/order_ds1 in state ACCESSIBLE with usage count 1 wrapping org.postgresql.xa.PGXAConnection@4b6498ed
17:27:50.602 [Test worker] DEBUG b.t.r.c.TransactionContextHelper - marking a JdbcPooledConnection from datasource jdbc/order_ds1 in state ACCESSIBLE with usage count 1 wrapping org.postgresql.xa.PGXAConnection@4b6498ed as recycled in a Bitronix Transaction with GTRID [737072696E672D62746D000001452C10D03600000037], status=ACTIVE, 1 resource(s) enlisted (started Fri Apr 04 17:27:50 CST 2014)
17:27:50.603 [Test worker] DEBUG b.t.r.c.TransactionContextHelper - a JdbcPooledConnection from datasource jdbc/order_ds1 in state ACCESSIBLE with usage count 1 wrapping org.postgresql.xa.PGXAConnection@4b6498ed has been recycled, unregistering deferred release from a Bitronix Transaction with GTRID [737072696E672D62746D000001452C10D03600000037], status=ACTIVE, 1 resource(s) enlisted (started Fri Apr 04 17:27:50 CST 2014)
17:27:50.603 [Test worker] DEBUG bitronix.tm.resource.common.XAPool - added a JdbcPooledConnection from datasource jdbc/order_ds1 in state ACCESSIBLE with usage count 1 wrapping org.postgresql.xa.PGXAConnection@4b6498ed to the accessible pool
17:27:50.603 [Test worker] DEBUG b.t.r.jdbc.JdbcPooledConnection - connection org.postgresql.xa.PGXAConnection@4b6498ed was in state NOT_ACCESSIBLE, no need to test it
17:27:50.603 [Test worker] DEBUG b.t.r.jdbc.JdbcPooledConnection - got connection handle from a JdbcPooledConnection from datasource jdbc/order_ds1 in state ACCESSIBLE with usage count 1 wrapping org.postgresql.xa.PGXAConnection@4b6498ed
17:27:50.603 [Test worker] DEBUG b.tm.resource.jdbc.PoolingDataSource - acquired connection from a PoolingDataSource containing an XAPool of resource jdbc/order_ds1 with 3 connection(s) (2 still available)
17:27:50.603 [Test worker] DEBUG b.t.r.c.TransactionContextHelper - enlisting a JdbcPooledConnection from datasource jdbc/order_ds1 in state ACCESSIBLE with usage count 1 wrapping org.postgresql.xa.PGXAConnection@4b6498ed into a Bitronix Transaction with GTRID [737072696E672D62746D000001452C10D03600000037], status=ACTIVE, 1 resource(s) enlisted (started Fri Apr 04 17:27:50 CST 2014)
17:27:50.603 [Test worker] DEBUG b.t.r.c.TransactionContextHelper - avoiding re-enlistment of already enlisted but not ended resource an XAResourceHolderState with uniqueName=jdbc/order_ds1 XAResource=org.postgresql.xa.PGXAConnection@4b6498ed (started) with XID a Bitronix XID [737072696E672D62746D000001452C10D03600000037 : 737072696E672D62746D000001452C10D03E00000038]
Hibernate: update ORDER_ITEM_FULFILLMENT_EVENT set CREATED_BY=?, CREATED_TIME=?, UPDATED_BY=?, UPDATED_TIME=?, ACTION_ID=?, FULFILLMENT_ID=?, ORDER_ID=?, ORDER_ITEM_ID=?, STATUS_ID=?, TRACKING_UUID=? where EVENT_ID=?
17:27:50.608 [Test worker] DEBUG b.t.r.jdbc.proxy.ConnectionJavaProxy - closing a ConnectionJavaProxy of a JdbcPooledConnection from datasource jdbc/order_ds1 in state ACCESSIBLE with usage count 1 wrapping org.postgresql.xa.PGXAConnection@4b6498ed on Pooled connection wrapping physical connection org.postgresql.jdbc4.Jdbc4Connection@27b170a3
17:27:50.608 [Test worker] DEBUG b.t.r.jdbc.JdbcPooledConnection - releasing to pool a JdbcPooledConnection from datasource jdbc/order_ds1 in state ACCESSIBLE with usage count 1 wrapping org.postgresql.xa.PGXAConnection@4b6498ed
17:27:50.608 [Test worker] DEBUG b.t.r.c.TransactionContextHelper - delisting a JdbcPooledConnection from datasource jdbc/order_ds1 in state ACCESSIBLE with usage count 0 wrapping org.postgresql.xa.PGXAConnection@4b6498ed from a Bitronix Transaction with GTRID [737072696E672D62746D000001452C10D03600000037], status=ACTIVE, 1 resource(s) enlisted (started Fri Apr 04 17:27:50 CST 2014)
17:27:50.608 [Test worker] DEBUG b.t.r.c.TransactionContextHelper - resource is in enlisting global transaction context: a JdbcPooledConnection from datasource jdbc/order_ds1 in state ACCESSIBLE with usage count 0 wrapping org.postgresql.xa.PGXAConnection@4b6498ed
17:27:50.608 [Test worker] DEBUG b.t.r.c.TransactionContextHelper - requeuing a JdbcPooledConnection from datasource jdbc/order_ds1 in state ACCESSIBLE with usage count 0 wrapping org.postgresql.xa.PGXAConnection@4b6498ed from a Bitronix Transaction with GTRID [737072696E672D62746D000001452C10D03600000037], status=ACTIVE, 1 resource(s) enlisted (started Fri Apr 04 17:27:50 CST 2014)
17:27:50.608 [Test worker] DEBUG b.t.r.c.TransactionContextHelper - resource is in enlisting global transaction context: a JdbcPooledConnection from datasource jdbc/order_ds1 in state ACCESSIBLE with usage count 0 wrapping org.postgresql.xa.PGXAConnection@4b6498ed
17:27:50.608 [Test worker] DEBUG b.t.r.c.TransactionContextHelper - deferring release to pool of a JdbcPooledConnection from datasource jdbc/order_ds1 in state ACCESSIBLE with usage count 0 wrapping org.postgresql.xa.PGXAConnection@4b6498ed
17:27:50.608 [Test worker] DEBUG b.t.r.c.TransactionContextHelper - a JdbcPooledConnection from datasource jdbc/order_ds1 in state ACCESSIBLE with usage count 0 wrapping org.postgresql.xa.PGXAConnection@4b6498ed is not already registered for deferred release in a Bitronix Transaction with GTRID [737072696E672D62746D000001452C10D03600000037], status=ACTIVE, 1 resource(s) enlisted (started Fri Apr 04 17:27:50 CST 2014)
17:27:50.608 [Test worker] DEBUG b.t.r.c.TransactionContextHelper - registering DeferredReleaseSynchronization for a JdbcPooledConnection from datasource jdbc/order_ds1 in state ACCESSIBLE with usage count 0 wrapping org.postgresql.xa.PGXAConnection@4b6498ed
17:27:50.608 [Test worker] DEBUG b.t.r.c.AbstractXAStatefulHolder - notifying 2 stateChangeEventListener(s) about state changing from ACCESSIBLE to NOT_ACCESSIBLE in a JdbcPooledConnection from datasource jdbc/order_ds1 in state ACCESSIBLE with usage count 0 wrapping org.postgresql.xa.PGXAConnection@4b6498ed
17:27:50.608 [Test worker] DEBUG b.t.r.jdbc.JdbcPooledConnection - closing 0 dangling uncached statement(s)
17:27:50.608 [Test worker] DEBUG bitronix.tm.resource.common.XAPool - removed a JdbcPooledConnection from datasource jdbc/order_ds1 in state ACCESSIBLE with usage count 0 wrapping org.postgresql.xa.PGXAConnection@4b6498ed from the accessible pool
17:27:50.608 [Test worker] DEBUG b.t.r.c.AbstractXAStatefulHolder - state changing from ACCESSIBLE to NOT_ACCESSIBLE in a JdbcPooledConnection from datasource jdbc/order_ds1 in state ACCESSIBLE with usage count 0 wrapping org.postgresql.xa.PGXAConnection@4b6498ed
17:27:50.608 [Test worker] DEBUG b.t.r.c.AbstractXAStatefulHolder - notifying 2 stateChangeEventListener(s) about state changed from ACCESSIBLE to NOT_ACCESSIBLE in a JdbcPooledConnection from datasource jdbc/order_ds1 in state NOT_ACCESSIBLE with usage count 0 wrapping org.postgresql.xa.PGXAConnection@4b6498ed
17:27:50.608 [Test worker] DEBUG bitronix.tm.resource.common.XAPool - added a JdbcPooledConnection from datasource jdbc/order_ds1 in state NOT_ACCESSIBLE with usage count 0 wrapping org.postgresql.xa.PGXAConnection@4b6498ed to the inaccessible pool
17:27:50.608 [Test worker] DEBUG b.t.r.jdbc.JdbcPooledConnection - released to pool a JdbcPooledConnection from datasource jdbc/order_ds1 in state NOT_ACCESSIBLE with usage count 0 wrapping org.postgresql.xa.PGXAConnection@4b6498ed
]]></system-out>
  <system-err><![CDATA[]]></system-err>
</testsuite>
