<?xml version="1.1" encoding="UTF-8"?>
<testsuite name="com.junbo.billing.db.TransactionRepositoryTest" tests="1" failures="0" errors="0" timestamp="1970-01-01T00:00:00" hostname="xumengchendembp" time="1.397134979061E9">
  <properties/>
  <testcase name="testSaveGet" classname="com.junbo.billing.db.TransactionRepositoryTest" time="0.027"/>
  <system-out><![CDATA[21:02:59.059 [Test worker] DEBUG bitronix.tm.BitronixTransaction - registering synchronization org.hibernate.engine.transaction.synchronization.internal.RegisteredSynchronization@1b7941ed
21:02:59.059 [Test worker] DEBUG o.h.e.t.i.TransactionCoordinatorImpl - successfully registered Synchronization
21:02:59.059 [Test worker] DEBUG org.hibernate.internal.SessionImpl - Opened session at timestamp: 13971349790
21:02:59.059 [Test worker] DEBUG bitronix.tm.BitronixTransaction - registering synchronization org.hibernate.context.internal.JTASessionContext$CleanupSynch@c26bad5
21:02:59.059 [Test worker] DEBUG o.h.e.i.AbstractSaveEventListener - Generated identifier: 1610661888, using strategy: org.hibernate.id.Assigned
]]></system-out>
  <system-err><![CDATA[]]></system-err>
</testsuite>
