<?xml version="1.1" encoding="UTF-8"?>
<testsuite name="com.junbo.order.clientproxy.BillingFacadeTest" tests="2" failures="0" errors="0" timestamp="2014-04-04T09:27:00" hostname="XumengChendeMacBook-Pro.local" time="0.133">
  <properties/>
  <testcase name="testCreateBalance" classname="com.junbo.order.clientproxy.BillingFacadeTest" time="0.124"/>
  <testcase name="testGetShippingAddress" classname="com.junbo.order.clientproxy.BillingFacadeTest" time="0.007"/>
  <system-out><![CDATA[]]></system-out>
  <system-err><![CDATA[]]></system-err>
</testsuite>
